2024-04-25 18:07:58,163:INFO:Logging setup complete - logging to: ResNet18/log\2024-04-25-18-07-58.log
2024-04-25 18:07:58,163:INFO:Starting the program
2024-04-25 18:07:58,163:INFO:Arguments: Namespace(dataset='MNIST', algorithm='kruskal', pruning_method='prune_model_filters_by_importance', target_layers=['layer1.1.conv2.weight', 'layer2.1.conv2.weight', 'layer3.1.conv2.weight', 'layer4.1.conv2.weight'], epochs=20)
2024-04-25 18:07:58,215:INFO:Dataset: MNIST
2024-04-25 18:08:17,246:INFO:Epoch 1, Loss: 0.0025845959316939116
2024-04-25 18:08:33,313:INFO:Epoch 2, Loss: 0.0026727686636149883
2024-04-25 18:08:49,724:INFO:Epoch 3, Loss: 0.00061139150056988
2024-04-25 18:09:06,216:INFO:Epoch 4, Loss: 0.00405135378241539
2024-04-25 18:09:22,461:INFO:Epoch 5, Loss: 0.20731998980045319
2024-04-25 18:09:38,347:INFO:Epoch 6, Loss: 0.0046464623883366585
2024-04-25 18:09:54,345:INFO:Epoch 7, Loss: 0.002590309828519821
2024-04-25 18:10:10,279:INFO:Epoch 8, Loss: 0.001511900220066309
2024-04-25 18:10:26,256:INFO:Epoch 9, Loss: 0.0007209591567516327
2024-04-25 18:10:42,634:INFO:Epoch 10, Loss: 0.0030495719984173775
2024-04-25 18:10:58,746:INFO:Epoch 11, Loss: 0.0013275784440338612
2024-04-25 18:11:14,715:INFO:Epoch 12, Loss: 0.00013278727419674397
2024-04-25 18:11:30,469:INFO:Epoch 13, Loss: 0.00037764315493404865
2024-04-25 18:11:46,445:INFO:Epoch 14, Loss: 0.00015407975297421217
2024-04-25 18:12:02,178:INFO:Epoch 15, Loss: 0.0003148999239783734
2024-04-25 18:12:18,318:INFO:Epoch 16, Loss: 0.0003843056911136955
2024-04-25 18:12:34,739:INFO:Epoch 17, Loss: 0.0006268595461733639
2024-04-25 18:12:50,640:INFO:Epoch 18, Loss: 1.7721891708788462e-05
2024-04-25 18:13:06,275:INFO:Epoch 19, Loss: 3.251334055676125e-05
2024-04-25 18:13:22,119:INFO:Epoch 20, Loss: 0.026128122583031654
2024-04-25 18:13:24,590:INFO:Pruning layer: layer1.1.conv2.weight
2024-04-25 18:16:11,263:INFO:Using Kruskal's algorithm for MST filter in layer layer1.1.conv2.weight
2024-04-25 18:16:11,263:INFO:layer1.1.conv2.weight: Pruned 57 filters.
2024-04-25 18:16:11,264:INFO:Pruning layer: layer2.1.conv2.weight
2024-04-25 18:21:42,410:INFO:Using Kruskal's algorithm for MST filter in layer layer2.1.conv2.weight
2024-04-25 18:21:42,411:INFO:layer2.1.conv2.weight: Pruned 96 filters.
2024-04-25 18:21:42,412:INFO:Pruning layer: layer3.1.conv2.weight
2024-04-25 18:32:42,718:INFO:Using Kruskal's algorithm for MST filter in layer layer3.1.conv2.weight
2024-04-25 18:32:42,718:INFO:layer3.1.conv2.weight: Pruned 199 filters.
2024-04-25 18:32:42,721:INFO:Pruning layer: layer4.1.conv2.weight
2024-04-25 18:54:41,561:INFO:Using Kruskal's algorithm for MST filter in layer layer4.1.conv2.weight
2024-04-25 18:54:41,561:INFO:layer4.1.conv2.weight: Pruned 445 filters.
2024-04-25 18:54:41,568:INFO:Total pruned filters in the model: 797
2024-04-25 18:54:44,163:INFO:Epochs: 20
2024-04-25 18:54:44,163:INFO:Target layers: ['layer1.1.conv2.weight', 'layer2.1.conv2.weight', 'layer3.1.conv2.weight', 'layer4.1.conv2.weight']
2024-04-25 18:54:44,164:INFO:Original Model: Accuracy: 99.26, Inference Time: 2.349684715270996, FLOPs: 3316369473536.0, Non-zero Params: 11689512
2024-04-25 18:54:44,164:INFO:Pruned Model (prune_model_filters_by_importance): Accuracy: 79.51, Inference Time: 2.576298713684082, FLOPs: 2487131193344.0, Non-zero Params: 9037032
