2024-04-25 18:54:46,328:INFO:Logging setup complete - logging to: ResNet18/log\2024-04-25-18-54-46.log
2024-04-25 18:54:46,328:INFO:Starting the program
2024-04-25 18:54:46,328:INFO:Arguments: Namespace(dataset='MNIST', algorithm='prim', pruning_method='prune_model_weights', target_layers=['layer1.1.conv2.weight', 'layer2.1.conv2.weight', 'layer3.1.conv2.weight', 'layer4.1.conv2.weight'], epochs=20)
2024-04-25 18:54:46,381:INFO:Dataset: MNIST
2024-04-25 18:55:04,014:INFO:Epoch 1, Loss: 0.006549568846821785
2024-04-25 18:55:19,518:INFO:Epoch 2, Loss: 0.012337767519056797
2024-04-25 18:55:35,047:INFO:Epoch 3, Loss: 0.0009400055860169232
2024-04-25 18:55:50,591:INFO:Epoch 4, Loss: 0.0029729697853326797
2024-04-25 18:56:06,115:INFO:Epoch 5, Loss: 0.2288740873336792
2024-04-25 18:56:21,629:INFO:Epoch 6, Loss: 0.004813758190721273
2024-04-25 18:56:37,184:INFO:Epoch 7, Loss: 6.086857320042327e-05
2024-04-25 18:56:52,720:INFO:Epoch 8, Loss: 0.0022150888107717037
2024-04-25 18:57:08,247:INFO:Epoch 9, Loss: 9.011886868393049e-05
2024-04-25 18:57:23,765:INFO:Epoch 10, Loss: 0.07449928671121597
2024-04-25 18:57:39,255:INFO:Epoch 11, Loss: 0.0006988938548602164
2024-04-25 18:57:54,790:INFO:Epoch 12, Loss: 0.0009429550846107304
2024-04-25 18:58:10,318:INFO:Epoch 13, Loss: 0.00011400460061850026
2024-04-25 18:58:25,833:INFO:Epoch 14, Loss: 0.0008420444210059941
2024-04-25 18:58:41,382:INFO:Epoch 15, Loss: 0.00028150909929536283
2024-04-25 18:58:57,144:INFO:Epoch 16, Loss: 0.0026597764808684587
2024-04-25 18:59:12,710:INFO:Epoch 17, Loss: 9.903924365062267e-05
2024-04-25 18:59:28,257:INFO:Epoch 18, Loss: 8.956307283369824e-05
2024-04-25 18:59:43,772:INFO:Epoch 19, Loss: 2.091168971674051e-05
2024-04-25 18:59:59,333:INFO:Epoch 20, Loss: 0.016461001709103584
2024-04-25 19:00:01,560:INFO:Pruning layer: layer1.1.conv2.weight
2024-04-25 19:00:01,561:INFO:Using Prim's algorithm for MST weight
2024-04-25 19:00:01,561:INFO:Using Prim's algorithm for MST weight
2024-04-25 19:00:01,562:INFO:Using Prim's algorithm for MST weight
2024-04-25 19:00:01,562:INFO:Using Prim's algorithm for MST weight
2024-04-25 19:00:01,562:INFO:Using Prim's algorithm for MST weight
2024-04-25 19:00:01,562:INFO:Using Prim's algorithm for MST weight
2024-04-25 19:00:01,562:INFO:Using Prim's algorithm for MST weight
2024-04-25 19:00:01,563:INFO:Using Prim's algorithm for MST weight
2024-04-25 19:00:01,563:INFO:Using Prim's algorithm for MST weight
2024-04-25 19:00:01,563:INFO:Using Prim's algorithm for MST weight
2024-04-25 19:00:01,563:INFO:Using Prim's algorithm for MST weight
2024-04-25 19:00:01,563:INFO:Using Prim's algorithm for MST weight
2024-04-25 19:00:01,564:INFO:Using Prim's algorithm for MST weight
2024-04-25 19:00:01,564:INFO:Using Prim's algorithm for MST weight
2024-04-25 19:00:01,564:INFO:Using Prim's algorithm for MST weight
2024-04-25 19:00:01,564:INFO:Using Prim's algorithm for MST weight
2024-04-25 19:00:01,564:INFO:Using Prim's algorithm for MST weight
2024-04-25 19:00:01,564:INFO:Using Prim's algorithm for MST weight
2024-04-25 19:00:01,565:INFO:Using Prim's algorithm for MST weight
2024-04-25 19:00:01,565:INFO:Using Prim's algorithm for MST weight
2024-04-25 19:00:01,565:INFO:Using Prim's algorithm for MST weight
2024-04-25 19:00:01,565:INFO:Using Prim's algorithm for MST weight
2024-04-25 19:00:01,565:INFO:Using Prim's algorithm for MST weight
2024-04-25 19:00:01,566:INFO:Using Prim's algorithm for MST weight
2024-04-25 19:00:01,566:INFO:Using Prim's algorithm for MST weight
2024-04-25 19:00:01,566:INFO:Using Prim's algorithm for MST weight
2024-04-25 19:00:01,566:INFO:Using Prim's algorithm for MST weight
2024-04-25 19:00:01,566:INFO:Using Prim's algorithm for MST weight
2024-04-25 19:00:01,567:INFO:Using Prim's algorithm for MST weight
2024-04-25 19:00:01,567:INFO:Using Prim's algorithm for MST weight
2024-04-25 19:00:01,567:INFO:Using Prim's algorithm for MST weight
2024-04-25 19:00:01,567:INFO:Using Prim's algorithm for MST weight
2024-04-25 19:00:01,567:INFO:Using Prim's algorithm for MST weight
2024-04-25 19:00:01,568:INFO:Using Prim's algorithm for MST weight
2024-04-25 19:00:01,568:INFO:Using Prim's algorithm for MST weight
2024-04-25 19:00:01,568:INFO:Using Prim's algorithm for MST weight
2024-04-25 19:00:01,568:INFO:Using Prim's algorithm for MST weight
2024-04-25 19:00:01,568:INFO:Using Prim's algorithm for MST weight
2024-04-25 19:00:01,568:INFO:Using Prim's algorithm for MST weight
2024-04-25 19:00:01,569:INFO:Using Prim's algorithm for MST weight
2024-04-25 19:00:01,569:INFO:Using Prim's algorithm for MST weight
2024-04-25 19:00:01,569:INFO:Using Prim's algorithm for MST weight
2024-04-25 19:00:01,569:INFO:Using Prim's algorithm for MST weight
2024-04-25 19:00:01,569:INFO:Using Prim's algorithm for MST weight
2024-04-25 19:00:01,570:INFO:Using Prim's algorithm for MST weight
2024-04-25 19:00:01,570:INFO:Using Prim's algorithm for MST weight
2024-04-25 19:00:01,570:INFO:Using Prim's algorithm for MST weight
2024-04-25 19:00:01,570:INFO:Using Prim's algorithm for MST weight
2024-04-25 19:00:01,570:INFO:Using Prim's algorithm for MST weight
2024-04-25 19:00:01,571:INFO:Using Prim's algorithm for MST weight
2024-04-25 19:00:01,571:INFO:Using Prim's algorithm for MST weight
2024-04-25 19:00:01,571:INFO:Using Prim's algorithm for MST weight
2024-04-25 19:00:01,571:INFO:Using Prim's algorithm for MST weight
2024-04-25 19:00:01,571:INFO:Using Prim's algorithm for MST weight
2024-04-25 19:00:01,571:INFO:Using Prim's algorithm for MST weight
2024-04-25 19:00:01,572:INFO:Using Prim's algorithm for MST weight
2024-04-25 19:00:01,572:INFO:Using Prim's algorithm for MST weight
2024-04-25 19:00:01,572:INFO:Using Prim's algorithm for MST weight
2024-04-25 19:00:01,572:INFO:Using Prim's algorithm for MST weight
2024-04-25 19:00:01,572:INFO:Using Prim's algorithm for MST weight
2024-04-25 19:00:01,573:INFO:Using Prim's algorithm for MST weight
2024-04-25 19:00:01,573:INFO:Using Prim's algorithm for MST weight
2024-04-25 19:00:01,573:INFO:Using Prim's algorithm for MST weight
2024-04-25 19:00:01,573:INFO:Using Prim's algorithm for MST weight
2024-04-25 19:00:01,573:INFO:layer1.1.conv2.weight: Pruned 273 weights.
2024-04-25 19:00:01,573:INFO:Pruning layer: layer2.1.conv2.weight
2024-04-25 19:00:01,574:INFO:Using Prim's algorithm for MST weight
2024-04-25 19:00:01,574:INFO:Using Prim's algorithm for MST weight
2024-04-25 19:00:01,574:INFO:Using Prim's algorithm for MST weight
2024-04-25 19:00:01,574:INFO:Using Prim's algorithm for MST weight
2024-04-25 19:00:01,575:INFO:Using Prim's algorithm for MST weight
2024-04-25 19:00:01,575:INFO:Using Prim's algorithm for MST weight
2024-04-25 19:00:01,575:INFO:Using Prim's algorithm for MST weight
2024-04-25 19:00:01,575:INFO:Using Prim's algorithm for MST weight
2024-04-25 19:00:01,575:INFO:Using Prim's algorithm for MST weight
2024-04-25 19:00:01,575:INFO:Using Prim's algorithm for MST weight
2024-04-25 19:00:01,576:INFO:Using Prim's algorithm for MST weight
2024-04-25 19:00:01,576:INFO:Using Prim's algorithm for MST weight
2024-04-25 19:00:01,576:INFO:Using Prim's algorithm for MST weight
2024-04-25 19:00:01,576:INFO:Using Prim's algorithm for MST weight
2024-04-25 19:00:01,576:INFO:Using Prim's algorithm for MST weight
2024-04-25 19:00:01,577:INFO:Using Prim's algorithm for MST weight
2024-04-25 19:00:01,577:INFO:Using Prim's algorithm for MST weight
2024-04-25 19:00:01,577:INFO:Using Prim's algorithm for MST weight
2024-04-25 19:00:01,577:INFO:Using Prim's algorithm for MST weight
2024-04-25 19:00:01,577:INFO:Using Prim's algorithm for MST weight
2024-04-25 19:00:01,577:INFO:Using Prim's algorithm for MST weight
2024-04-25 19:00:01,578:INFO:Using Prim's algorithm for MST weight
2024-04-25 19:00:01,578:INFO:Using Prim's algorithm for MST weight
2024-04-25 19:00:01,578:INFO:Using Prim's algorithm for MST weight
2024-04-25 19:00:01,578:INFO:Using Prim's algorithm for MST weight
2024-04-25 19:00:01,579:INFO:Using Prim's algorithm for MST weight
2024-04-25 19:00:01,579:INFO:Using Prim's algorithm for MST weight
2024-04-25 19:00:01,579:INFO:Using Prim's algorithm for MST weight
2024-04-25 19:00:01,579:INFO:Using Prim's algorithm for MST weight
2024-04-25 19:00:01,579:INFO:Using Prim's algorithm for MST weight
2024-04-25 19:00:01,580:INFO:Using Prim's algorithm for MST weight
2024-04-25 19:00:01,580:INFO:Using Prim's algorithm for MST weight
2024-04-25 19:00:01,580:INFO:Using Prim's algorithm for MST weight
2024-04-25 19:00:01,580:INFO:Using Prim's algorithm for MST weight
2024-04-25 19:00:01,580:INFO:Using Prim's algorithm for MST weight
2024-04-25 19:00:01,580:INFO:Using Prim's algorithm for MST weight
2024-04-25 19:00:01,581:INFO:Using Prim's algorithm for MST weight
2024-04-25 19:00:01,581:INFO:Using Prim's algorithm for MST weight
2024-04-25 19:00:01,581:INFO:Using Prim's algorithm for MST weight
2024-04-25 19:00:01,581:INFO:Using Prim's algorithm for MST weight
2024-04-25 19:00:01,581:INFO:Using Prim's algorithm for MST weight
2024-04-25 19:00:01,582:INFO:Using Prim's algorithm for MST weight
2024-04-25 19:00:01,582:INFO:Using Prim's algorithm for MST weight
2024-04-25 19:00:01,582:INFO:Using Prim's algorithm for MST weight
2024-04-25 19:00:01,582:INFO:Using Prim's algorithm for MST weight
2024-04-25 19:00:01,582:INFO:Using Prim's algorithm for MST weight
2024-04-25 19:00:01,583:INFO:Using Prim's algorithm for MST weight
2024-04-25 19:00:01,583:INFO:Using Prim's algorithm for MST weight
2024-04-25 19:00:01,583:INFO:Using Prim's algorithm for MST weight
2024-04-25 19:00:01,583:INFO:Using Prim's algorithm for MST weight
2024-04-25 19:00:01,583:INFO:Using Prim's algorithm for MST weight
2024-04-25 19:00:01,584:INFO:Using Prim's algorithm for MST weight
2024-04-25 19:00:01,584:INFO:Using Prim's algorithm for MST weight
2024-04-25 19:00:01,584:INFO:Using Prim's algorithm for MST weight
2024-04-25 19:00:01,584:INFO:Using Prim's algorithm for MST weight
2024-04-25 19:00:01,584:INFO:Using Prim's algorithm for MST weight
2024-04-25 19:00:01,584:INFO:Using Prim's algorithm for MST weight
2024-04-25 19:00:01,585:INFO:Using Prim's algorithm for MST weight
2024-04-25 19:00:01,585:INFO:Using Prim's algorithm for MST weight
2024-04-25 19:00:01,585:INFO:Using Prim's algorithm for MST weight
2024-04-25 19:00:01,585:INFO:Using Prim's algorithm for MST weight
2024-04-25 19:00:01,585:INFO:Using Prim's algorithm for MST weight
2024-04-25 19:00:01,586:INFO:Using Prim's algorithm for MST weight
2024-04-25 19:00:01,586:INFO:Using Prim's algorithm for MST weight
2024-04-25 19:00:01,586:INFO:Using Prim's algorithm for MST weight
2024-04-25 19:00:01,586:INFO:Using Prim's algorithm for MST weight
2024-04-25 19:00:01,586:INFO:Using Prim's algorithm for MST weight
2024-04-25 19:00:01,587:INFO:Using Prim's algorithm for MST weight
2024-04-25 19:00:01,587:INFO:Using Prim's algorithm for MST weight
2024-04-25 19:00:01,587:INFO:Using Prim's algorithm for MST weight
2024-04-25 19:00:01,587:INFO:Using Prim's algorithm for MST weight
2024-04-25 19:00:01,587:INFO:Using Prim's algorithm for MST weight
2024-04-25 19:00:01,587:INFO:Using Prim's algorithm for MST weight
2024-04-25 19:00:01,588:INFO:Using Prim's algorithm for MST weight
2024-04-25 19:00:01,588:INFO:Using Prim's algorithm for MST weight
2024-04-25 19:00:01,588:INFO:Using Prim's algorithm for MST weight
2024-04-25 19:00:01,588:INFO:Using Prim's algorithm for MST weight
2024-04-25 19:00:01,588:INFO:Using Prim's algorithm for MST weight
2024-04-25 19:00:01,589:INFO:Using Prim's algorithm for MST weight
2024-04-25 19:00:01,589:INFO:Using Prim's algorithm for MST weight
2024-04-25 19:00:01,589:INFO:Using Prim's algorithm for MST weight
2024-04-25 19:00:01,589:INFO:Using Prim's algorithm for MST weight
2024-04-25 19:00:01,589:INFO:Using Prim's algorithm for MST weight
2024-04-25 19:00:01,589:INFO:Using Prim's algorithm for MST weight
2024-04-25 19:00:01,590:INFO:Using Prim's algorithm for MST weight
2024-04-25 19:00:01,590:INFO:Using Prim's algorithm for MST weight
2024-04-25 19:00:01,590:INFO:Using Prim's algorithm for MST weight
2024-04-25 19:00:01,590:INFO:Using Prim's algorithm for MST weight
2024-04-25 19:00:01,590:INFO:Using Prim's algorithm for MST weight
2024-04-25 19:00:01,591:INFO:Using Prim's algorithm for MST weight
2024-04-25 19:00:01,591:INFO:Using Prim's algorithm for MST weight
2024-04-25 19:00:01,591:INFO:Using Prim's algorithm for MST weight
2024-04-25 19:00:01,591:INFO:Using Prim's algorithm for MST weight
2024-04-25 19:00:01,591:INFO:Using Prim's algorithm for MST weight
2024-04-25 19:00:01,592:INFO:Using Prim's algorithm for MST weight
2024-04-25 19:00:01,592:INFO:Using Prim's algorithm for MST weight
2024-04-25 19:00:01,592:INFO:Using Prim's algorithm for MST weight
2024-04-25 19:00:01,592:INFO:Using Prim's algorithm for MST weight
2024-04-25 19:00:01,592:INFO:Using Prim's algorithm for MST weight
2024-04-25 19:00:01,592:INFO:Using Prim's algorithm for MST weight
2024-04-25 19:00:01,593:INFO:Using Prim's algorithm for MST weight
2024-04-25 19:00:01,593:INFO:Using Prim's algorithm for MST weight
2024-04-25 19:00:01,593:INFO:Using Prim's algorithm for MST weight
2024-04-25 19:00:01,593:INFO:Using Prim's algorithm for MST weight
2024-04-25 19:00:01,594:INFO:Using Prim's algorithm for MST weight
2024-04-25 19:00:01,594:INFO:Using Prim's algorithm for MST weight
2024-04-25 19:00:01,594:INFO:Using Prim's algorithm for MST weight
2024-04-25 19:00:01,594:INFO:Using Prim's algorithm for MST weight
2024-04-25 19:00:01,594:INFO:Using Prim's algorithm for MST weight
2024-04-25 19:00:01,594:INFO:Using Prim's algorithm for MST weight
2024-04-25 19:00:01,595:INFO:Using Prim's algorithm for MST weight
2024-04-25 19:00:01,595:INFO:Using Prim's algorithm for MST weight
2024-04-25 19:00:01,595:INFO:Using Prim's algorithm for MST weight
2024-04-25 19:00:01,595:INFO:Using Prim's algorithm for MST weight
2024-04-25 19:00:01,595:INFO:Using Prim's algorithm for MST weight
2024-04-25 19:00:01,596:INFO:Using Prim's algorithm for MST weight
2024-04-25 19:00:01,596:INFO:Using Prim's algorithm for MST weight
2024-04-25 19:00:01,596:INFO:Using Prim's algorithm for MST weight
2024-04-25 19:00:01,596:INFO:Using Prim's algorithm for MST weight
2024-04-25 19:00:01,596:INFO:Using Prim's algorithm for MST weight
2024-04-25 19:00:01,596:INFO:Using Prim's algorithm for MST weight
2024-04-25 19:00:01,597:INFO:Using Prim's algorithm for MST weight
2024-04-25 19:00:01,597:INFO:Using Prim's algorithm for MST weight
2024-04-25 19:00:01,597:INFO:Using Prim's algorithm for MST weight
2024-04-25 19:00:01,597:INFO:Using Prim's algorithm for MST weight
2024-04-25 19:00:01,597:INFO:Using Prim's algorithm for MST weight
2024-04-25 19:00:01,598:INFO:Using Prim's algorithm for MST weight
2024-04-25 19:00:01,598:INFO:Using Prim's algorithm for MST weight
2024-04-25 19:00:01,598:INFO:layer2.1.conv2.weight: Pruned 531 weights.
2024-04-25 19:00:01,598:INFO:Pruning layer: layer3.1.conv2.weight
2024-04-25 19:00:01,599:INFO:Using Prim's algorithm for MST weight
2024-04-25 19:00:01,599:INFO:Using Prim's algorithm for MST weight
2024-04-25 19:00:01,599:INFO:Using Prim's algorithm for MST weight
2024-04-25 19:00:01,599:INFO:Using Prim's algorithm for MST weight
2024-04-25 19:00:01,600:INFO:Using Prim's algorithm for MST weight
2024-04-25 19:00:01,600:INFO:Using Prim's algorithm for MST weight
2024-04-25 19:00:01,600:INFO:Using Prim's algorithm for MST weight
2024-04-25 19:00:01,600:INFO:Using Prim's algorithm for MST weight
2024-04-25 19:00:01,600:INFO:Using Prim's algorithm for MST weight
2024-04-25 19:00:01,601:INFO:Using Prim's algorithm for MST weight
2024-04-25 19:00:01,601:INFO:Using Prim's algorithm for MST weight
2024-04-25 19:00:01,601:INFO:Using Prim's algorithm for MST weight
2024-04-25 19:00:01,601:INFO:Using Prim's algorithm for MST weight
2024-04-25 19:00:01,601:INFO:Using Prim's algorithm for MST weight
2024-04-25 19:00:01,602:INFO:Using Prim's algorithm for MST weight
2024-04-25 19:00:01,602:INFO:Using Prim's algorithm for MST weight
2024-04-25 19:00:01,602:INFO:Using Prim's algorithm for MST weight
2024-04-25 19:00:01,602:INFO:Using Prim's algorithm for MST weight
2024-04-25 19:00:01,602:INFO:Using Prim's algorithm for MST weight
2024-04-25 19:00:01,602:INFO:Using Prim's algorithm for MST weight
2024-04-25 19:00:01,603:INFO:Using Prim's algorithm for MST weight
2024-04-25 19:00:01,603:INFO:Using Prim's algorithm for MST weight
2024-04-25 19:00:01,603:INFO:Using Prim's algorithm for MST weight
2024-04-25 19:00:01,603:INFO:Using Prim's algorithm for MST weight
2024-04-25 19:00:01,603:INFO:Using Prim's algorithm for MST weight
2024-04-25 19:00:01,604:INFO:Using Prim's algorithm for MST weight
2024-04-25 19:00:01,604:INFO:Using Prim's algorithm for MST weight
2024-04-25 19:00:01,604:INFO:Using Prim's algorithm for MST weight
2024-04-25 19:00:01,604:INFO:Using Prim's algorithm for MST weight
2024-04-25 19:00:01,604:INFO:Using Prim's algorithm for MST weight
2024-04-25 19:00:01,605:INFO:Using Prim's algorithm for MST weight
2024-04-25 19:00:01,605:INFO:Using Prim's algorithm for MST weight
2024-04-25 19:00:01,605:INFO:Using Prim's algorithm for MST weight
2024-04-25 19:00:01,605:INFO:Using Prim's algorithm for MST weight
2024-04-25 19:00:01,605:INFO:Using Prim's algorithm for MST weight
2024-04-25 19:00:01,606:INFO:Using Prim's algorithm for MST weight
2024-04-25 19:00:01,606:INFO:Using Prim's algorithm for MST weight
2024-04-25 19:00:01,606:INFO:Using Prim's algorithm for MST weight
2024-04-25 19:00:01,606:INFO:Using Prim's algorithm for MST weight
2024-04-25 19:00:01,606:INFO:Using Prim's algorithm for MST weight
2024-04-25 19:00:01,606:INFO:Using Prim's algorithm for MST weight
2024-04-25 19:00:01,607:INFO:Using Prim's algorithm for MST weight
2024-04-25 19:00:01,607:INFO:Using Prim's algorithm for MST weight
2024-04-25 19:00:01,607:INFO:Using Prim's algorithm for MST weight
2024-04-25 19:00:01,607:INFO:Using Prim's algorithm for MST weight
2024-04-25 19:00:01,607:INFO:Using Prim's algorithm for MST weight
2024-04-25 19:00:01,608:INFO:Using Prim's algorithm for MST weight
2024-04-25 19:00:01,608:INFO:Using Prim's algorithm for MST weight
2024-04-25 19:00:01,608:INFO:Using Prim's algorithm for MST weight
2024-04-25 19:00:01,608:INFO:Using Prim's algorithm for MST weight
2024-04-25 19:00:01,608:INFO:Using Prim's algorithm for MST weight
2024-04-25 19:00:01,608:INFO:Using Prim's algorithm for MST weight
2024-04-25 19:00:01,609:INFO:Using Prim's algorithm for MST weight
2024-04-25 19:00:01,609:INFO:Using Prim's algorithm for MST weight
2024-04-25 19:00:01,609:INFO:Using Prim's algorithm for MST weight
2024-04-25 19:00:01,609:INFO:Using Prim's algorithm for MST weight
2024-04-25 19:00:01,609:INFO:Using Prim's algorithm for MST weight
2024-04-25 19:00:01,610:INFO:Using Prim's algorithm for MST weight
2024-04-25 19:00:01,610:INFO:Using Prim's algorithm for MST weight
2024-04-25 19:00:01,610:INFO:Using Prim's algorithm for MST weight
2024-04-25 19:00:01,610:INFO:Using Prim's algorithm for MST weight
2024-04-25 19:00:01,610:INFO:Using Prim's algorithm for MST weight
2024-04-25 19:00:01,611:INFO:Using Prim's algorithm for MST weight
2024-04-25 19:00:01,611:INFO:Using Prim's algorithm for MST weight
2024-04-25 19:00:01,611:INFO:Using Prim's algorithm for MST weight
2024-04-25 19:00:01,611:INFO:Using Prim's algorithm for MST weight
2024-04-25 19:00:01,611:INFO:Using Prim's algorithm for MST weight
2024-04-25 19:00:01,612:INFO:Using Prim's algorithm for MST weight
2024-04-25 19:00:01,612:INFO:Using Prim's algorithm for MST weight
2024-04-25 19:00:01,612:INFO:Using Prim's algorithm for MST weight
2024-04-25 19:00:01,612:INFO:Using Prim's algorithm for MST weight
2024-04-25 19:00:01,612:INFO:Using Prim's algorithm for MST weight
2024-04-25 19:00:01,612:INFO:Using Prim's algorithm for MST weight
2024-04-25 19:00:01,613:INFO:Using Prim's algorithm for MST weight
2024-04-25 19:00:01,613:INFO:Using Prim's algorithm for MST weight
2024-04-25 19:00:01,613:INFO:Using Prim's algorithm for MST weight
2024-04-25 19:00:01,613:INFO:Using Prim's algorithm for MST weight
2024-04-25 19:00:01,613:INFO:Using Prim's algorithm for MST weight
2024-04-25 19:00:01,614:INFO:Using Prim's algorithm for MST weight
2024-04-25 19:00:01,614:INFO:Using Prim's algorithm for MST weight
2024-04-25 19:00:01,614:INFO:Using Prim's algorithm for MST weight
2024-04-25 19:00:01,614:INFO:Using Prim's algorithm for MST weight
2024-04-25 19:00:01,614:INFO:Using Prim's algorithm for MST weight
2024-04-25 19:00:01,615:INFO:Using Prim's algorithm for MST weight
2024-04-25 19:00:01,615:INFO:Using Prim's algorithm for MST weight
2024-04-25 19:00:01,615:INFO:Using Prim's algorithm for MST weight
2024-04-25 19:00:01,615:INFO:Using Prim's algorithm for MST weight
2024-04-25 19:00:01,615:INFO:Using Prim's algorithm for MST weight
2024-04-25 19:00:01,616:INFO:Using Prim's algorithm for MST weight
2024-04-25 19:00:01,616:INFO:Using Prim's algorithm for MST weight
2024-04-25 19:00:01,616:INFO:Using Prim's algorithm for MST weight
2024-04-25 19:00:01,616:INFO:Using Prim's algorithm for MST weight
2024-04-25 19:00:01,616:INFO:Using Prim's algorithm for MST weight
2024-04-25 19:00:01,617:INFO:Using Prim's algorithm for MST weight
2024-04-25 19:00:01,617:INFO:Using Prim's algorithm for MST weight
2024-04-25 19:00:01,617:INFO:Using Prim's algorithm for MST weight
2024-04-25 19:00:01,617:INFO:Using Prim's algorithm for MST weight
2024-04-25 19:00:01,617:INFO:Using Prim's algorithm for MST weight
2024-04-25 19:00:01,617:INFO:Using Prim's algorithm for MST weight
2024-04-25 19:00:01,618:INFO:Using Prim's algorithm for MST weight
2024-04-25 19:00:01,618:INFO:Using Prim's algorithm for MST weight
2024-04-25 19:00:01,618:INFO:Using Prim's algorithm for MST weight
2024-04-25 19:00:01,618:INFO:Using Prim's algorithm for MST weight
2024-04-25 19:00:01,618:INFO:Using Prim's algorithm for MST weight
2024-04-25 19:00:01,619:INFO:Using Prim's algorithm for MST weight
2024-04-25 19:00:01,619:INFO:Using Prim's algorithm for MST weight
2024-04-25 19:00:01,619:INFO:Using Prim's algorithm for MST weight
2024-04-25 19:00:01,619:INFO:Using Prim's algorithm for MST weight
2024-04-25 19:00:01,619:INFO:Using Prim's algorithm for MST weight
2024-04-25 19:00:01,620:INFO:Using Prim's algorithm for MST weight
2024-04-25 19:00:01,620:INFO:Using Prim's algorithm for MST weight
2024-04-25 19:00:01,620:INFO:Using Prim's algorithm for MST weight
2024-04-25 19:00:01,620:INFO:Using Prim's algorithm for MST weight
2024-04-25 19:00:01,620:INFO:Using Prim's algorithm for MST weight
2024-04-25 19:00:01,621:INFO:Using Prim's algorithm for MST weight
2024-04-25 19:00:01,621:INFO:Using Prim's algorithm for MST weight
2024-04-25 19:00:01,621:INFO:Using Prim's algorithm for MST weight
2024-04-25 19:00:01,621:INFO:Using Prim's algorithm for MST weight
2024-04-25 19:00:01,621:INFO:Using Prim's algorithm for MST weight
2024-04-25 19:00:01,621:INFO:Using Prim's algorithm for MST weight
2024-04-25 19:00:01,622:INFO:Using Prim's algorithm for MST weight
2024-04-25 19:00:01,622:INFO:Using Prim's algorithm for MST weight
2024-04-25 19:00:01,622:INFO:Using Prim's algorithm for MST weight
2024-04-25 19:00:01,622:INFO:Using Prim's algorithm for MST weight
2024-04-25 19:00:01,622:INFO:Using Prim's algorithm for MST weight
2024-04-25 19:00:01,623:INFO:Using Prim's algorithm for MST weight
2024-04-25 19:00:01,623:INFO:Using Prim's algorithm for MST weight
2024-04-25 19:00:01,623:INFO:Using Prim's algorithm for MST weight
2024-04-25 19:00:01,623:INFO:Using Prim's algorithm for MST weight
2024-04-25 19:00:01,623:INFO:Using Prim's algorithm for MST weight
2024-04-25 19:00:01,623:INFO:Using Prim's algorithm for MST weight
2024-04-25 19:00:01,624:INFO:Using Prim's algorithm for MST weight
2024-04-25 19:00:01,624:INFO:Using Prim's algorithm for MST weight
2024-04-25 19:00:01,624:INFO:Using Prim's algorithm for MST weight
2024-04-25 19:00:01,624:INFO:Using Prim's algorithm for MST weight
2024-04-25 19:00:01,624:INFO:Using Prim's algorithm for MST weight
2024-04-25 19:00:01,625:INFO:Using Prim's algorithm for MST weight
2024-04-25 19:00:01,625:INFO:Using Prim's algorithm for MST weight
2024-04-25 19:00:01,625:INFO:Using Prim's algorithm for MST weight
2024-04-25 19:00:01,625:INFO:Using Prim's algorithm for MST weight
2024-04-25 19:00:01,625:INFO:Using Prim's algorithm for MST weight
2024-04-25 19:00:01,626:INFO:Using Prim's algorithm for MST weight
2024-04-25 19:00:01,626:INFO:Using Prim's algorithm for MST weight
2024-04-25 19:00:01,626:INFO:Using Prim's algorithm for MST weight
2024-04-25 19:00:01,626:INFO:Using Prim's algorithm for MST weight
2024-04-25 19:00:01,626:INFO:Using Prim's algorithm for MST weight
2024-04-25 19:00:01,627:INFO:Using Prim's algorithm for MST weight
2024-04-25 19:00:01,627:INFO:Using Prim's algorithm for MST weight
2024-04-25 19:00:01,627:INFO:Using Prim's algorithm for MST weight
2024-04-25 19:00:01,627:INFO:Using Prim's algorithm for MST weight
2024-04-25 19:00:01,627:INFO:Using Prim's algorithm for MST weight
2024-04-25 19:00:01,627:INFO:Using Prim's algorithm for MST weight
2024-04-25 19:00:01,628:INFO:Using Prim's algorithm for MST weight
2024-04-25 19:00:01,628:INFO:Using Prim's algorithm for MST weight
2024-04-25 19:00:01,628:INFO:Using Prim's algorithm for MST weight
2024-04-25 19:00:01,628:INFO:Using Prim's algorithm for MST weight
2024-04-25 19:00:01,628:INFO:Using Prim's algorithm for MST weight
2024-04-25 19:00:01,629:INFO:Using Prim's algorithm for MST weight
2024-04-25 19:00:01,629:INFO:Using Prim's algorithm for MST weight
2024-04-25 19:00:01,629:INFO:Using Prim's algorithm for MST weight
2024-04-25 19:00:01,629:INFO:Using Prim's algorithm for MST weight
2024-04-25 19:00:01,629:INFO:Using Prim's algorithm for MST weight
2024-04-25 19:00:01,630:INFO:Using Prim's algorithm for MST weight
2024-04-25 19:00:01,630:INFO:Using Prim's algorithm for MST weight
2024-04-25 19:00:01,630:INFO:Using Prim's algorithm for MST weight
2024-04-25 19:00:01,630:INFO:Using Prim's algorithm for MST weight
2024-04-25 19:00:01,630:INFO:Using Prim's algorithm for MST weight
2024-04-25 19:00:01,630:INFO:Using Prim's algorithm for MST weight
2024-04-25 19:00:01,631:INFO:Using Prim's algorithm for MST weight
2024-04-25 19:00:01,631:INFO:Using Prim's algorithm for MST weight
2024-04-25 19:00:01,631:INFO:Using Prim's algorithm for MST weight
2024-04-25 19:00:01,631:INFO:Using Prim's algorithm for MST weight
2024-04-25 19:00:01,631:INFO:Using Prim's algorithm for MST weight
2024-04-25 19:00:01,632:INFO:Using Prim's algorithm for MST weight
2024-04-25 19:00:01,632:INFO:Using Prim's algorithm for MST weight
2024-04-25 19:00:01,632:INFO:Using Prim's algorithm for MST weight
2024-04-25 19:00:01,632:INFO:Using Prim's algorithm for MST weight
2024-04-25 19:00:01,632:INFO:Using Prim's algorithm for MST weight
2024-04-25 19:00:01,633:INFO:Using Prim's algorithm for MST weight
2024-04-25 19:00:01,633:INFO:Using Prim's algorithm for MST weight
2024-04-25 19:00:01,633:INFO:Using Prim's algorithm for MST weight
2024-04-25 19:00:01,633:INFO:Using Prim's algorithm for MST weight
2024-04-25 19:00:01,633:INFO:Using Prim's algorithm for MST weight
2024-04-25 19:00:01,634:INFO:Using Prim's algorithm for MST weight
2024-04-25 19:00:01,634:INFO:Using Prim's algorithm for MST weight
2024-04-25 19:00:01,634:INFO:Using Prim's algorithm for MST weight
2024-04-25 19:00:01,634:INFO:Using Prim's algorithm for MST weight
2024-04-25 19:00:01,634:INFO:Using Prim's algorithm for MST weight
2024-04-25 19:00:01,635:INFO:Using Prim's algorithm for MST weight
2024-04-25 19:00:01,635:INFO:Using Prim's algorithm for MST weight
2024-04-25 19:00:01,635:INFO:Using Prim's algorithm for MST weight
2024-04-25 19:00:01,635:INFO:Using Prim's algorithm for MST weight
2024-04-25 19:00:01,635:INFO:Using Prim's algorithm for MST weight
2024-04-25 19:00:01,635:INFO:Using Prim's algorithm for MST weight
2024-04-25 19:00:01,636:INFO:Using Prim's algorithm for MST weight
2024-04-25 19:00:01,636:INFO:Using Prim's algorithm for MST weight
2024-04-25 19:00:01,636:INFO:Using Prim's algorithm for MST weight
2024-04-25 19:00:01,636:INFO:Using Prim's algorithm for MST weight
2024-04-25 19:00:01,636:INFO:Using Prim's algorithm for MST weight
2024-04-25 19:00:01,637:INFO:Using Prim's algorithm for MST weight
2024-04-25 19:00:01,637:INFO:Using Prim's algorithm for MST weight
2024-04-25 19:00:01,637:INFO:Using Prim's algorithm for MST weight
2024-04-25 19:00:01,637:INFO:Using Prim's algorithm for MST weight
2024-04-25 19:00:01,637:INFO:Using Prim's algorithm for MST weight
2024-04-25 19:00:01,638:INFO:Using Prim's algorithm for MST weight
2024-04-25 19:00:01,638:INFO:Using Prim's algorithm for MST weight
2024-04-25 19:00:01,638:INFO:Using Prim's algorithm for MST weight
2024-04-25 19:00:01,638:INFO:Using Prim's algorithm for MST weight
2024-04-25 19:00:01,638:INFO:Using Prim's algorithm for MST weight
2024-04-25 19:00:01,639:INFO:Using Prim's algorithm for MST weight
2024-04-25 19:00:01,639:INFO:Using Prim's algorithm for MST weight
2024-04-25 19:00:01,639:INFO:Using Prim's algorithm for MST weight
2024-04-25 19:00:01,639:INFO:Using Prim's algorithm for MST weight
2024-04-25 19:00:01,639:INFO:Using Prim's algorithm for MST weight
2024-04-25 19:00:01,640:INFO:Using Prim's algorithm for MST weight
2024-04-25 19:00:01,640:INFO:Using Prim's algorithm for MST weight
2024-04-25 19:00:01,640:INFO:Using Prim's algorithm for MST weight
2024-04-25 19:00:01,640:INFO:Using Prim's algorithm for MST weight
2024-04-25 19:00:01,640:INFO:Using Prim's algorithm for MST weight
2024-04-25 19:00:01,641:INFO:Using Prim's algorithm for MST weight
2024-04-25 19:00:01,641:INFO:Using Prim's algorithm for MST weight
2024-04-25 19:00:01,641:INFO:Using Prim's algorithm for MST weight
2024-04-25 19:00:01,641:INFO:Using Prim's algorithm for MST weight
2024-04-25 19:00:01,641:INFO:Using Prim's algorithm for MST weight
2024-04-25 19:00:01,641:INFO:Using Prim's algorithm for MST weight
2024-04-25 19:00:01,642:INFO:Using Prim's algorithm for MST weight
2024-04-25 19:00:01,642:INFO:Using Prim's algorithm for MST weight
2024-04-25 19:00:01,642:INFO:Using Prim's algorithm for MST weight
2024-04-25 19:00:01,642:INFO:Using Prim's algorithm for MST weight
2024-04-25 19:00:01,642:INFO:Using Prim's algorithm for MST weight
2024-04-25 19:00:01,643:INFO:Using Prim's algorithm for MST weight
2024-04-25 19:00:01,643:INFO:Using Prim's algorithm for MST weight
2024-04-25 19:00:01,643:INFO:Using Prim's algorithm for MST weight
2024-04-25 19:00:01,643:INFO:Using Prim's algorithm for MST weight
2024-04-25 19:00:01,643:INFO:Using Prim's algorithm for MST weight
2024-04-25 19:00:01,644:INFO:Using Prim's algorithm for MST weight
2024-04-25 19:00:01,644:INFO:Using Prim's algorithm for MST weight
2024-04-25 19:00:01,644:INFO:Using Prim's algorithm for MST weight
2024-04-25 19:00:01,644:INFO:Using Prim's algorithm for MST weight
2024-04-25 19:00:01,644:INFO:Using Prim's algorithm for MST weight
2024-04-25 19:00:01,645:INFO:Using Prim's algorithm for MST weight
2024-04-25 19:00:01,645:INFO:Using Prim's algorithm for MST weight
2024-04-25 19:00:01,645:INFO:Using Prim's algorithm for MST weight
2024-04-25 19:00:01,645:INFO:Using Prim's algorithm for MST weight
2024-04-25 19:00:01,645:INFO:Using Prim's algorithm for MST weight
2024-04-25 19:00:01,646:INFO:Using Prim's algorithm for MST weight
2024-04-25 19:00:01,646:INFO:Using Prim's algorithm for MST weight
2024-04-25 19:00:01,646:INFO:Using Prim's algorithm for MST weight
2024-04-25 19:00:01,646:INFO:Using Prim's algorithm for MST weight
2024-04-25 19:00:01,646:INFO:Using Prim's algorithm for MST weight
2024-04-25 19:00:01,647:INFO:Using Prim's algorithm for MST weight
2024-04-25 19:00:01,647:INFO:Using Prim's algorithm for MST weight
2024-04-25 19:00:01,647:INFO:Using Prim's algorithm for MST weight
2024-04-25 19:00:01,647:INFO:Using Prim's algorithm for MST weight
2024-04-25 19:00:01,647:INFO:Using Prim's algorithm for MST weight
2024-04-25 19:00:01,648:INFO:Using Prim's algorithm for MST weight
2024-04-25 19:00:01,648:INFO:layer3.1.conv2.weight: Pruned 1078 weights.
2024-04-25 19:00:01,648:INFO:Pruning layer: layer4.1.conv2.weight
2024-04-25 19:00:01,650:INFO:Using Prim's algorithm for MST weight
2024-04-25 19:00:01,650:INFO:Using Prim's algorithm for MST weight
2024-04-25 19:00:01,651:INFO:Using Prim's algorithm for MST weight
2024-04-25 19:00:01,651:INFO:Using Prim's algorithm for MST weight
2024-04-25 19:00:01,651:INFO:Using Prim's algorithm for MST weight
2024-04-25 19:00:01,651:INFO:Using Prim's algorithm for MST weight
2024-04-25 19:00:01,651:INFO:Using Prim's algorithm for MST weight
2024-04-25 19:00:01,652:INFO:Using Prim's algorithm for MST weight
2024-04-25 19:00:01,652:INFO:Using Prim's algorithm for MST weight
2024-04-25 19:00:01,652:INFO:Using Prim's algorithm for MST weight
2024-04-25 19:00:01,652:INFO:Using Prim's algorithm for MST weight
2024-04-25 19:00:01,652:INFO:Using Prim's algorithm for MST weight
2024-04-25 19:00:01,653:INFO:Using Prim's algorithm for MST weight
2024-04-25 19:00:01,653:INFO:Using Prim's algorithm for MST weight
2024-04-25 19:00:01,653:INFO:Using Prim's algorithm for MST weight
2024-04-25 19:00:01,653:INFO:Using Prim's algorithm for MST weight
2024-04-25 19:00:01,653:INFO:Using Prim's algorithm for MST weight
2024-04-25 19:00:01,654:INFO:Using Prim's algorithm for MST weight
2024-04-25 19:00:01,654:INFO:Using Prim's algorithm for MST weight
2024-04-25 19:00:01,654:INFO:Using Prim's algorithm for MST weight
2024-04-25 19:00:01,654:INFO:Using Prim's algorithm for MST weight
2024-04-25 19:00:01,654:INFO:Using Prim's algorithm for MST weight
2024-04-25 19:00:01,655:INFO:Using Prim's algorithm for MST weight
2024-04-25 19:00:01,655:INFO:Using Prim's algorithm for MST weight
2024-04-25 19:00:01,655:INFO:Using Prim's algorithm for MST weight
2024-04-25 19:00:01,655:INFO:Using Prim's algorithm for MST weight
2024-04-25 19:00:01,655:INFO:Using Prim's algorithm for MST weight
2024-04-25 19:00:01,656:INFO:Using Prim's algorithm for MST weight
2024-04-25 19:00:01,656:INFO:Using Prim's algorithm for MST weight
2024-04-25 19:00:01,656:INFO:Using Prim's algorithm for MST weight
2024-04-25 19:00:01,656:INFO:Using Prim's algorithm for MST weight
2024-04-25 19:00:01,656:INFO:Using Prim's algorithm for MST weight
2024-04-25 19:00:01,656:INFO:Using Prim's algorithm for MST weight
2024-04-25 19:00:01,657:INFO:Using Prim's algorithm for MST weight
2024-04-25 19:00:01,657:INFO:Using Prim's algorithm for MST weight
2024-04-25 19:00:01,657:INFO:Using Prim's algorithm for MST weight
2024-04-25 19:00:01,657:INFO:Using Prim's algorithm for MST weight
2024-04-25 19:00:01,657:INFO:Using Prim's algorithm for MST weight
2024-04-25 19:00:01,658:INFO:Using Prim's algorithm for MST weight
2024-04-25 19:00:01,658:INFO:Using Prim's algorithm for MST weight
2024-04-25 19:00:01,658:INFO:Using Prim's algorithm for MST weight
2024-04-25 19:00:01,658:INFO:Using Prim's algorithm for MST weight
2024-04-25 19:00:01,658:INFO:Using Prim's algorithm for MST weight
2024-04-25 19:00:01,659:INFO:Using Prim's algorithm for MST weight
2024-04-25 19:00:01,659:INFO:Using Prim's algorithm for MST weight
2024-04-25 19:00:01,659:INFO:Using Prim's algorithm for MST weight
2024-04-25 19:00:01,659:INFO:Using Prim's algorithm for MST weight
2024-04-25 19:00:01,659:INFO:Using Prim's algorithm for MST weight
2024-04-25 19:00:01,660:INFO:Using Prim's algorithm for MST weight
2024-04-25 19:00:01,660:INFO:Using Prim's algorithm for MST weight
2024-04-25 19:00:01,660:INFO:Using Prim's algorithm for MST weight
2024-04-25 19:00:01,660:INFO:Using Prim's algorithm for MST weight
2024-04-25 19:00:01,660:INFO:Using Prim's algorithm for MST weight
2024-04-25 19:00:01,661:INFO:Using Prim's algorithm for MST weight
2024-04-25 19:00:01,661:INFO:Using Prim's algorithm for MST weight
2024-04-25 19:00:01,661:INFO:Using Prim's algorithm for MST weight
2024-04-25 19:00:01,661:INFO:Using Prim's algorithm for MST weight
2024-04-25 19:00:01,661:INFO:Using Prim's algorithm for MST weight
2024-04-25 19:00:01,662:INFO:Using Prim's algorithm for MST weight
2024-04-25 19:00:01,662:INFO:Using Prim's algorithm for MST weight
2024-04-25 19:00:01,662:INFO:Using Prim's algorithm for MST weight
2024-04-25 19:00:01,662:INFO:Using Prim's algorithm for MST weight
2024-04-25 19:00:01,662:INFO:Using Prim's algorithm for MST weight
2024-04-25 19:00:01,663:INFO:Using Prim's algorithm for MST weight
2024-04-25 19:00:01,663:INFO:Using Prim's algorithm for MST weight
2024-04-25 19:00:01,663:INFO:Using Prim's algorithm for MST weight
2024-04-25 19:00:01,663:INFO:Using Prim's algorithm for MST weight
2024-04-25 19:00:01,663:INFO:Using Prim's algorithm for MST weight
2024-04-25 19:00:01,664:INFO:Using Prim's algorithm for MST weight
2024-04-25 19:00:01,664:INFO:Using Prim's algorithm for MST weight
2024-04-25 19:00:01,664:INFO:Using Prim's algorithm for MST weight
2024-04-25 19:00:01,664:INFO:Using Prim's algorithm for MST weight
2024-04-25 19:00:01,664:INFO:Using Prim's algorithm for MST weight
2024-04-25 19:00:01,665:INFO:Using Prim's algorithm for MST weight
2024-04-25 19:00:01,665:INFO:Using Prim's algorithm for MST weight
2024-04-25 19:00:01,665:INFO:Using Prim's algorithm for MST weight
2024-04-25 19:00:01,665:INFO:Using Prim's algorithm for MST weight
2024-04-25 19:00:01,665:INFO:Using Prim's algorithm for MST weight
2024-04-25 19:00:01,666:INFO:Using Prim's algorithm for MST weight
2024-04-25 19:00:01,666:INFO:Using Prim's algorithm for MST weight
2024-04-25 19:00:01,666:INFO:Using Prim's algorithm for MST weight
2024-04-25 19:00:01,666:INFO:Using Prim's algorithm for MST weight
2024-04-25 19:00:01,666:INFO:Using Prim's algorithm for MST weight
2024-04-25 19:00:01,667:INFO:Using Prim's algorithm for MST weight
2024-04-25 19:00:01,667:INFO:Using Prim's algorithm for MST weight
2024-04-25 19:00:01,667:INFO:Using Prim's algorithm for MST weight
2024-04-25 19:00:01,667:INFO:Using Prim's algorithm for MST weight
2024-04-25 19:00:01,667:INFO:Using Prim's algorithm for MST weight
2024-04-25 19:00:01,668:INFO:Using Prim's algorithm for MST weight
2024-04-25 19:00:01,668:INFO:Using Prim's algorithm for MST weight
2024-04-25 19:00:01,668:INFO:Using Prim's algorithm for MST weight
2024-04-25 19:00:01,668:INFO:Using Prim's algorithm for MST weight
2024-04-25 19:00:01,668:INFO:Using Prim's algorithm for MST weight
2024-04-25 19:00:01,668:INFO:Using Prim's algorithm for MST weight
2024-04-25 19:00:01,669:INFO:Using Prim's algorithm for MST weight
2024-04-25 19:00:01,669:INFO:Using Prim's algorithm for MST weight
2024-04-25 19:00:01,669:INFO:Using Prim's algorithm for MST weight
2024-04-25 19:00:01,669:INFO:Using Prim's algorithm for MST weight
2024-04-25 19:00:01,670:INFO:Using Prim's algorithm for MST weight
2024-04-25 19:00:01,670:INFO:Using Prim's algorithm for MST weight
2024-04-25 19:00:01,670:INFO:Using Prim's algorithm for MST weight
2024-04-25 19:00:01,670:INFO:Using Prim's algorithm for MST weight
2024-04-25 19:00:01,670:INFO:Using Prim's algorithm for MST weight
2024-04-25 19:00:01,670:INFO:Using Prim's algorithm for MST weight
2024-04-25 19:00:01,671:INFO:Using Prim's algorithm for MST weight
2024-04-25 19:00:01,671:INFO:Using Prim's algorithm for MST weight
2024-04-25 19:00:01,671:INFO:Using Prim's algorithm for MST weight
2024-04-25 19:00:01,671:INFO:Using Prim's algorithm for MST weight
2024-04-25 19:00:01,671:INFO:Using Prim's algorithm for MST weight
2024-04-25 19:00:01,672:INFO:Using Prim's algorithm for MST weight
2024-04-25 19:00:01,672:INFO:Using Prim's algorithm for MST weight
2024-04-25 19:00:01,672:INFO:Using Prim's algorithm for MST weight
2024-04-25 19:00:01,672:INFO:Using Prim's algorithm for MST weight
2024-04-25 19:00:01,672:INFO:Using Prim's algorithm for MST weight
2024-04-25 19:00:01,673:INFO:Using Prim's algorithm for MST weight
2024-04-25 19:00:01,673:INFO:Using Prim's algorithm for MST weight
2024-04-25 19:00:01,673:INFO:Using Prim's algorithm for MST weight
2024-04-25 19:00:01,673:INFO:Using Prim's algorithm for MST weight
2024-04-25 19:00:01,673:INFO:Using Prim's algorithm for MST weight
2024-04-25 19:00:01,674:INFO:Using Prim's algorithm for MST weight
2024-04-25 19:00:01,674:INFO:Using Prim's algorithm for MST weight
2024-04-25 19:00:01,674:INFO:Using Prim's algorithm for MST weight
2024-04-25 19:00:01,674:INFO:Using Prim's algorithm for MST weight
2024-04-25 19:00:01,674:INFO:Using Prim's algorithm for MST weight
2024-04-25 19:00:01,675:INFO:Using Prim's algorithm for MST weight
2024-04-25 19:00:01,675:INFO:Using Prim's algorithm for MST weight
2024-04-25 19:00:01,675:INFO:Using Prim's algorithm for MST weight
2024-04-25 19:00:01,675:INFO:Using Prim's algorithm for MST weight
2024-04-25 19:00:01,675:INFO:Using Prim's algorithm for MST weight
2024-04-25 19:00:01,676:INFO:Using Prim's algorithm for MST weight
2024-04-25 19:00:01,676:INFO:Using Prim's algorithm for MST weight
2024-04-25 19:00:01,676:INFO:Using Prim's algorithm for MST weight
2024-04-25 19:00:01,676:INFO:Using Prim's algorithm for MST weight
2024-04-25 19:00:01,676:INFO:Using Prim's algorithm for MST weight
2024-04-25 19:00:01,677:INFO:Using Prim's algorithm for MST weight
2024-04-25 19:00:01,677:INFO:Using Prim's algorithm for MST weight
2024-04-25 19:00:01,677:INFO:Using Prim's algorithm for MST weight
2024-04-25 19:00:01,677:INFO:Using Prim's algorithm for MST weight
2024-04-25 19:00:01,677:INFO:Using Prim's algorithm for MST weight
2024-04-25 19:00:01,678:INFO:Using Prim's algorithm for MST weight
2024-04-25 19:00:01,678:INFO:Using Prim's algorithm for MST weight
2024-04-25 19:00:01,678:INFO:Using Prim's algorithm for MST weight
2024-04-25 19:00:01,678:INFO:Using Prim's algorithm for MST weight
2024-04-25 19:00:01,678:INFO:Using Prim's algorithm for MST weight
2024-04-25 19:00:01,679:INFO:Using Prim's algorithm for MST weight
2024-04-25 19:00:01,679:INFO:Using Prim's algorithm for MST weight
2024-04-25 19:00:01,679:INFO:Using Prim's algorithm for MST weight
2024-04-25 19:00:01,679:INFO:Using Prim's algorithm for MST weight
2024-04-25 19:00:01,679:INFO:Using Prim's algorithm for MST weight
2024-04-25 19:00:01,680:INFO:Using Prim's algorithm for MST weight
2024-04-25 19:00:01,680:INFO:Using Prim's algorithm for MST weight
2024-04-25 19:00:01,680:INFO:Using Prim's algorithm for MST weight
2024-04-25 19:00:01,680:INFO:Using Prim's algorithm for MST weight
2024-04-25 19:00:01,680:INFO:Using Prim's algorithm for MST weight
2024-04-25 19:00:01,681:INFO:Using Prim's algorithm for MST weight
2024-04-25 19:00:01,681:INFO:Using Prim's algorithm for MST weight
2024-04-25 19:00:01,681:INFO:Using Prim's algorithm for MST weight
2024-04-25 19:00:01,681:INFO:Using Prim's algorithm for MST weight
2024-04-25 19:00:01,681:INFO:Using Prim's algorithm for MST weight
2024-04-25 19:00:01,682:INFO:Using Prim's algorithm for MST weight
2024-04-25 19:00:01,682:INFO:Using Prim's algorithm for MST weight
2024-04-25 19:00:01,682:INFO:Using Prim's algorithm for MST weight
2024-04-25 19:00:01,682:INFO:Using Prim's algorithm for MST weight
2024-04-25 19:00:01,682:INFO:Using Prim's algorithm for MST weight
2024-04-25 19:00:01,682:INFO:Using Prim's algorithm for MST weight
2024-04-25 19:00:01,683:INFO:Using Prim's algorithm for MST weight
2024-04-25 19:00:01,683:INFO:Using Prim's algorithm for MST weight
2024-04-25 19:00:01,683:INFO:Using Prim's algorithm for MST weight
2024-04-25 19:00:01,683:INFO:Using Prim's algorithm for MST weight
2024-04-25 19:00:01,683:INFO:Using Prim's algorithm for MST weight
2024-04-25 19:00:01,684:INFO:Using Prim's algorithm for MST weight
2024-04-25 19:00:01,684:INFO:Using Prim's algorithm for MST weight
2024-04-25 19:00:01,684:INFO:Using Prim's algorithm for MST weight
2024-04-25 19:00:01,684:INFO:Using Prim's algorithm for MST weight
2024-04-25 19:00:01,684:INFO:Using Prim's algorithm for MST weight
2024-04-25 19:00:01,685:INFO:Using Prim's algorithm for MST weight
2024-04-25 19:00:01,685:INFO:Using Prim's algorithm for MST weight
2024-04-25 19:00:01,685:INFO:Using Prim's algorithm for MST weight
2024-04-25 19:00:01,685:INFO:Using Prim's algorithm for MST weight
2024-04-25 19:00:01,685:INFO:Using Prim's algorithm for MST weight
2024-04-25 19:00:01,686:INFO:Using Prim's algorithm for MST weight
2024-04-25 19:00:01,686:INFO:Using Prim's algorithm for MST weight
2024-04-25 19:00:01,686:INFO:Using Prim's algorithm for MST weight
2024-04-25 19:00:01,686:INFO:Using Prim's algorithm for MST weight
2024-04-25 19:00:01,686:INFO:Using Prim's algorithm for MST weight
2024-04-25 19:00:01,687:INFO:Using Prim's algorithm for MST weight
2024-04-25 19:00:01,687:INFO:Using Prim's algorithm for MST weight
2024-04-25 19:00:01,687:INFO:Using Prim's algorithm for MST weight
2024-04-25 19:00:01,687:INFO:Using Prim's algorithm for MST weight
2024-04-25 19:00:01,687:INFO:Using Prim's algorithm for MST weight
2024-04-25 19:00:01,688:INFO:Using Prim's algorithm for MST weight
2024-04-25 19:00:01,688:INFO:Using Prim's algorithm for MST weight
2024-04-25 19:00:01,688:INFO:Using Prim's algorithm for MST weight
2024-04-25 19:00:01,688:INFO:Using Prim's algorithm for MST weight
2024-04-25 19:00:01,688:INFO:Using Prim's algorithm for MST weight
2024-04-25 19:00:01,689:INFO:Using Prim's algorithm for MST weight
2024-04-25 19:00:01,689:INFO:Using Prim's algorithm for MST weight
2024-04-25 19:00:01,689:INFO:Using Prim's algorithm for MST weight
2024-04-25 19:00:01,689:INFO:Using Prim's algorithm for MST weight
2024-04-25 19:00:01,689:INFO:Using Prim's algorithm for MST weight
2024-04-25 19:00:01,690:INFO:Using Prim's algorithm for MST weight
2024-04-25 19:00:01,690:INFO:Using Prim's algorithm for MST weight
2024-04-25 19:00:01,690:INFO:Using Prim's algorithm for MST weight
2024-04-25 19:00:01,690:INFO:Using Prim's algorithm for MST weight
2024-04-25 19:00:01,690:INFO:Using Prim's algorithm for MST weight
2024-04-25 19:00:01,691:INFO:Using Prim's algorithm for MST weight
2024-04-25 19:00:01,691:INFO:Using Prim's algorithm for MST weight
2024-04-25 19:00:01,691:INFO:Using Prim's algorithm for MST weight
2024-04-25 19:00:01,691:INFO:Using Prim's algorithm for MST weight
2024-04-25 19:00:01,691:INFO:Using Prim's algorithm for MST weight
2024-04-25 19:00:01,692:INFO:Using Prim's algorithm for MST weight
2024-04-25 19:00:01,692:INFO:Using Prim's algorithm for MST weight
2024-04-25 19:00:01,692:INFO:Using Prim's algorithm for MST weight
2024-04-25 19:00:01,692:INFO:Using Prim's algorithm for MST weight
2024-04-25 19:00:01,692:INFO:Using Prim's algorithm for MST weight
2024-04-25 19:00:01,693:INFO:Using Prim's algorithm for MST weight
2024-04-25 19:00:01,693:INFO:Using Prim's algorithm for MST weight
2024-04-25 19:00:01,693:INFO:Using Prim's algorithm for MST weight
2024-04-25 19:00:01,693:INFO:Using Prim's algorithm for MST weight
2024-04-25 19:00:01,693:INFO:Using Prim's algorithm for MST weight
2024-04-25 19:00:01,694:INFO:Using Prim's algorithm for MST weight
2024-04-25 19:00:01,694:INFO:Using Prim's algorithm for MST weight
2024-04-25 19:00:01,694:INFO:Using Prim's algorithm for MST weight
2024-04-25 19:00:01,694:INFO:Using Prim's algorithm for MST weight
2024-04-25 19:00:01,694:INFO:Using Prim's algorithm for MST weight
2024-04-25 19:00:01,695:INFO:Using Prim's algorithm for MST weight
2024-04-25 19:00:01,695:INFO:Using Prim's algorithm for MST weight
2024-04-25 19:00:01,695:INFO:Using Prim's algorithm for MST weight
2024-04-25 19:00:01,695:INFO:Using Prim's algorithm for MST weight
2024-04-25 19:00:01,695:INFO:Using Prim's algorithm for MST weight
2024-04-25 19:00:01,696:INFO:Using Prim's algorithm for MST weight
2024-04-25 19:00:01,696:INFO:Using Prim's algorithm for MST weight
2024-04-25 19:00:01,696:INFO:Using Prim's algorithm for MST weight
2024-04-25 19:00:01,696:INFO:Using Prim's algorithm for MST weight
2024-04-25 19:00:01,696:INFO:Using Prim's algorithm for MST weight
2024-04-25 19:00:01,696:INFO:Using Prim's algorithm for MST weight
2024-04-25 19:00:01,697:INFO:Using Prim's algorithm for MST weight
2024-04-25 19:00:01,697:INFO:Using Prim's algorithm for MST weight
2024-04-25 19:00:01,697:INFO:Using Prim's algorithm for MST weight
2024-04-25 19:00:01,697:INFO:Using Prim's algorithm for MST weight
2024-04-25 19:00:01,698:INFO:Using Prim's algorithm for MST weight
2024-04-25 19:00:01,698:INFO:Using Prim's algorithm for MST weight
2024-04-25 19:00:01,698:INFO:Using Prim's algorithm for MST weight
2024-04-25 19:00:01,698:INFO:Using Prim's algorithm for MST weight
2024-04-25 19:00:01,698:INFO:Using Prim's algorithm for MST weight
2024-04-25 19:00:01,698:INFO:Using Prim's algorithm for MST weight
2024-04-25 19:00:01,699:INFO:Using Prim's algorithm for MST weight
2024-04-25 19:00:01,699:INFO:Using Prim's algorithm for MST weight
2024-04-25 19:00:01,699:INFO:Using Prim's algorithm for MST weight
2024-04-25 19:00:01,699:INFO:Using Prim's algorithm for MST weight
2024-04-25 19:00:01,699:INFO:Using Prim's algorithm for MST weight
2024-04-25 19:00:01,700:INFO:Using Prim's algorithm for MST weight
2024-04-25 19:00:01,700:INFO:Using Prim's algorithm for MST weight
2024-04-25 19:00:01,700:INFO:Using Prim's algorithm for MST weight
2024-04-25 19:00:01,700:INFO:Using Prim's algorithm for MST weight
2024-04-25 19:00:01,700:INFO:Using Prim's algorithm for MST weight
2024-04-25 19:00:01,701:INFO:Using Prim's algorithm for MST weight
2024-04-25 19:00:01,701:INFO:Using Prim's algorithm for MST weight
2024-04-25 19:00:01,701:INFO:Using Prim's algorithm for MST weight
2024-04-25 19:00:01,701:INFO:Using Prim's algorithm for MST weight
2024-04-25 19:00:01,701:INFO:Using Prim's algorithm for MST weight
2024-04-25 19:00:01,702:INFO:Using Prim's algorithm for MST weight
2024-04-25 19:00:01,702:INFO:Using Prim's algorithm for MST weight
2024-04-25 19:00:01,702:INFO:Using Prim's algorithm for MST weight
2024-04-25 19:00:01,702:INFO:Using Prim's algorithm for MST weight
2024-04-25 19:00:01,702:INFO:Using Prim's algorithm for MST weight
2024-04-25 19:00:01,703:INFO:Using Prim's algorithm for MST weight
2024-04-25 19:00:01,703:INFO:Using Prim's algorithm for MST weight
2024-04-25 19:00:01,703:INFO:Using Prim's algorithm for MST weight
2024-04-25 19:00:01,703:INFO:Using Prim's algorithm for MST weight
2024-04-25 19:00:01,703:INFO:Using Prim's algorithm for MST weight
2024-04-25 19:00:01,704:INFO:Using Prim's algorithm for MST weight
2024-04-25 19:00:01,704:INFO:Using Prim's algorithm for MST weight
2024-04-25 19:00:01,704:INFO:Using Prim's algorithm for MST weight
2024-04-25 19:00:01,704:INFO:Using Prim's algorithm for MST weight
2024-04-25 19:00:01,704:INFO:Using Prim's algorithm for MST weight
2024-04-25 19:00:01,705:INFO:Using Prim's algorithm for MST weight
2024-04-25 19:00:01,705:INFO:Using Prim's algorithm for MST weight
2024-04-25 19:00:01,705:INFO:Using Prim's algorithm for MST weight
2024-04-25 19:00:01,705:INFO:Using Prim's algorithm for MST weight
2024-04-25 19:00:01,705:INFO:Using Prim's algorithm for MST weight
2024-04-25 19:00:01,706:INFO:Using Prim's algorithm for MST weight
2024-04-25 19:00:01,706:INFO:Using Prim's algorithm for MST weight
2024-04-25 19:00:01,706:INFO:Using Prim's algorithm for MST weight
2024-04-25 19:00:01,706:INFO:Using Prim's algorithm for MST weight
2024-04-25 19:00:01,706:INFO:Using Prim's algorithm for MST weight
2024-04-25 19:00:01,707:INFO:Using Prim's algorithm for MST weight
2024-04-25 19:00:01,707:INFO:Using Prim's algorithm for MST weight
2024-04-25 19:00:01,707:INFO:Using Prim's algorithm for MST weight
2024-04-25 19:00:01,707:INFO:Using Prim's algorithm for MST weight
2024-04-25 19:00:01,707:INFO:Using Prim's algorithm for MST weight
2024-04-25 19:00:01,708:INFO:Using Prim's algorithm for MST weight
2024-04-25 19:00:01,708:INFO:Using Prim's algorithm for MST weight
2024-04-25 19:00:01,708:INFO:Using Prim's algorithm for MST weight
2024-04-25 19:00:01,708:INFO:Using Prim's algorithm for MST weight
2024-04-25 19:00:01,708:INFO:Using Prim's algorithm for MST weight
2024-04-25 19:00:01,708:INFO:Using Prim's algorithm for MST weight
2024-04-25 19:00:01,709:INFO:Using Prim's algorithm for MST weight
2024-04-25 19:00:01,709:INFO:Using Prim's algorithm for MST weight
2024-04-25 19:00:01,709:INFO:Using Prim's algorithm for MST weight
2024-04-25 19:00:01,709:INFO:Using Prim's algorithm for MST weight
2024-04-25 19:00:01,710:INFO:Using Prim's algorithm for MST weight
2024-04-25 19:00:01,710:INFO:Using Prim's algorithm for MST weight
2024-04-25 19:00:01,710:INFO:Using Prim's algorithm for MST weight
2024-04-25 19:00:01,710:INFO:Using Prim's algorithm for MST weight
2024-04-25 19:00:01,710:INFO:Using Prim's algorithm for MST weight
2024-04-25 19:00:01,711:INFO:Using Prim's algorithm for MST weight
2024-04-25 19:00:01,711:INFO:Using Prim's algorithm for MST weight
2024-04-25 19:00:01,711:INFO:Using Prim's algorithm for MST weight
2024-04-25 19:00:01,711:INFO:Using Prim's algorithm for MST weight
2024-04-25 19:00:01,711:INFO:Using Prim's algorithm for MST weight
2024-04-25 19:00:01,712:INFO:Using Prim's algorithm for MST weight
2024-04-25 19:00:01,712:INFO:Using Prim's algorithm for MST weight
2024-04-25 19:00:01,712:INFO:Using Prim's algorithm for MST weight
2024-04-25 19:00:01,712:INFO:Using Prim's algorithm for MST weight
2024-04-25 19:00:01,712:INFO:Using Prim's algorithm for MST weight
2024-04-25 19:00:01,713:INFO:Using Prim's algorithm for MST weight
2024-04-25 19:00:01,713:INFO:Using Prim's algorithm for MST weight
2024-04-25 19:00:01,713:INFO:Using Prim's algorithm for MST weight
2024-04-25 19:00:01,713:INFO:Using Prim's algorithm for MST weight
2024-04-25 19:00:01,713:INFO:Using Prim's algorithm for MST weight
2024-04-25 19:00:01,714:INFO:Using Prim's algorithm for MST weight
2024-04-25 19:00:01,714:INFO:Using Prim's algorithm for MST weight
2024-04-25 19:00:01,714:INFO:Using Prim's algorithm for MST weight
2024-04-25 19:00:01,714:INFO:Using Prim's algorithm for MST weight
2024-04-25 19:00:01,714:INFO:Using Prim's algorithm for MST weight
2024-04-25 19:00:01,714:INFO:Using Prim's algorithm for MST weight
2024-04-25 19:00:01,715:INFO:Using Prim's algorithm for MST weight
2024-04-25 19:00:01,715:INFO:Using Prim's algorithm for MST weight
2024-04-25 19:00:01,715:INFO:Using Prim's algorithm for MST weight
2024-04-25 19:00:01,715:INFO:Using Prim's algorithm for MST weight
2024-04-25 19:00:01,715:INFO:Using Prim's algorithm for MST weight
2024-04-25 19:00:01,716:INFO:Using Prim's algorithm for MST weight
2024-04-25 19:00:01,716:INFO:Using Prim's algorithm for MST weight
2024-04-25 19:00:01,716:INFO:Using Prim's algorithm for MST weight
2024-04-25 19:00:01,716:INFO:Using Prim's algorithm for MST weight
2024-04-25 19:00:01,716:INFO:Using Prim's algorithm for MST weight
2024-04-25 19:00:01,717:INFO:Using Prim's algorithm for MST weight
2024-04-25 19:00:01,717:INFO:Using Prim's algorithm for MST weight
2024-04-25 19:00:01,717:INFO:Using Prim's algorithm for MST weight
2024-04-25 19:00:01,717:INFO:Using Prim's algorithm for MST weight
2024-04-25 19:00:01,717:INFO:Using Prim's algorithm for MST weight
2024-04-25 19:00:01,718:INFO:Using Prim's algorithm for MST weight
2024-04-25 19:00:01,718:INFO:Using Prim's algorithm for MST weight
2024-04-25 19:00:01,718:INFO:Using Prim's algorithm for MST weight
2024-04-25 19:00:01,718:INFO:Using Prim's algorithm for MST weight
2024-04-25 19:00:01,718:INFO:Using Prim's algorithm for MST weight
2024-04-25 19:00:01,719:INFO:Using Prim's algorithm for MST weight
2024-04-25 19:00:01,719:INFO:Using Prim's algorithm for MST weight
2024-04-25 19:00:01,719:INFO:Using Prim's algorithm for MST weight
2024-04-25 19:00:01,719:INFO:Using Prim's algorithm for MST weight
2024-04-25 19:00:01,719:INFO:Using Prim's algorithm for MST weight
2024-04-25 19:00:01,720:INFO:Using Prim's algorithm for MST weight
2024-04-25 19:00:01,720:INFO:Using Prim's algorithm for MST weight
2024-04-25 19:00:01,720:INFO:Using Prim's algorithm for MST weight
2024-04-25 19:00:01,720:INFO:Using Prim's algorithm for MST weight
2024-04-25 19:00:01,720:INFO:Using Prim's algorithm for MST weight
2024-04-25 19:00:01,721:INFO:Using Prim's algorithm for MST weight
2024-04-25 19:00:01,721:INFO:Using Prim's algorithm for MST weight
2024-04-25 19:00:01,721:INFO:Using Prim's algorithm for MST weight
2024-04-25 19:00:01,721:INFO:Using Prim's algorithm for MST weight
2024-04-25 19:00:01,721:INFO:Using Prim's algorithm for MST weight
2024-04-25 19:00:01,722:INFO:Using Prim's algorithm for MST weight
2024-04-25 19:00:01,722:INFO:Using Prim's algorithm for MST weight
2024-04-25 19:00:01,722:INFO:Using Prim's algorithm for MST weight
2024-04-25 19:00:01,722:INFO:Using Prim's algorithm for MST weight
2024-04-25 19:00:01,722:INFO:Using Prim's algorithm for MST weight
2024-04-25 19:00:01,723:INFO:Using Prim's algorithm for MST weight
2024-04-25 19:00:01,723:INFO:Using Prim's algorithm for MST weight
2024-04-25 19:00:01,723:INFO:Using Prim's algorithm for MST weight
2024-04-25 19:00:01,723:INFO:Using Prim's algorithm for MST weight
2024-04-25 19:00:01,723:INFO:Using Prim's algorithm for MST weight
2024-04-25 19:00:01,723:INFO:Using Prim's algorithm for MST weight
2024-04-25 19:00:01,724:INFO:Using Prim's algorithm for MST weight
2024-04-25 19:00:01,724:INFO:Using Prim's algorithm for MST weight
2024-04-25 19:00:01,724:INFO:Using Prim's algorithm for MST weight
2024-04-25 19:00:01,724:INFO:Using Prim's algorithm for MST weight
2024-04-25 19:00:01,724:INFO:Using Prim's algorithm for MST weight
2024-04-25 19:00:01,725:INFO:Using Prim's algorithm for MST weight
2024-04-25 19:00:01,725:INFO:Using Prim's algorithm for MST weight
2024-04-25 19:00:01,725:INFO:Using Prim's algorithm for MST weight
2024-04-25 19:00:01,725:INFO:Using Prim's algorithm for MST weight
2024-04-25 19:00:01,725:INFO:Using Prim's algorithm for MST weight
2024-04-25 19:00:01,726:INFO:Using Prim's algorithm for MST weight
2024-04-25 19:00:01,726:INFO:Using Prim's algorithm for MST weight
2024-04-25 19:00:01,726:INFO:Using Prim's algorithm for MST weight
2024-04-25 19:00:01,726:INFO:Using Prim's algorithm for MST weight
2024-04-25 19:00:01,726:INFO:Using Prim's algorithm for MST weight
2024-04-25 19:00:01,727:INFO:Using Prim's algorithm for MST weight
2024-04-25 19:00:01,727:INFO:Using Prim's algorithm for MST weight
2024-04-25 19:00:01,727:INFO:Using Prim's algorithm for MST weight
2024-04-25 19:00:01,727:INFO:Using Prim's algorithm for MST weight
2024-04-25 19:00:01,727:INFO:Using Prim's algorithm for MST weight
2024-04-25 19:00:01,728:INFO:Using Prim's algorithm for MST weight
2024-04-25 19:00:01,728:INFO:Using Prim's algorithm for MST weight
2024-04-25 19:00:01,728:INFO:Using Prim's algorithm for MST weight
2024-04-25 19:00:01,728:INFO:Using Prim's algorithm for MST weight
2024-04-25 19:00:01,728:INFO:Using Prim's algorithm for MST weight
2024-04-25 19:00:01,729:INFO:Using Prim's algorithm for MST weight
2024-04-25 19:00:01,729:INFO:Using Prim's algorithm for MST weight
2024-04-25 19:00:01,729:INFO:Using Prim's algorithm for MST weight
2024-04-25 19:00:01,729:INFO:Using Prim's algorithm for MST weight
2024-04-25 19:00:01,729:INFO:Using Prim's algorithm for MST weight
2024-04-25 19:00:01,730:INFO:Using Prim's algorithm for MST weight
2024-04-25 19:00:01,730:INFO:Using Prim's algorithm for MST weight
2024-04-25 19:00:01,730:INFO:Using Prim's algorithm for MST weight
2024-04-25 19:00:01,730:INFO:Using Prim's algorithm for MST weight
2024-04-25 19:00:01,730:INFO:Using Prim's algorithm for MST weight
2024-04-25 19:00:01,731:INFO:Using Prim's algorithm for MST weight
2024-04-25 19:00:01,731:INFO:Using Prim's algorithm for MST weight
2024-04-25 19:00:01,731:INFO:Using Prim's algorithm for MST weight
2024-04-25 19:00:01,731:INFO:Using Prim's algorithm for MST weight
2024-04-25 19:00:01,731:INFO:Using Prim's algorithm for MST weight
2024-04-25 19:00:01,732:INFO:Using Prim's algorithm for MST weight
2024-04-25 19:00:01,732:INFO:Using Prim's algorithm for MST weight
2024-04-25 19:00:01,732:INFO:Using Prim's algorithm for MST weight
2024-04-25 19:00:01,732:INFO:Using Prim's algorithm for MST weight
2024-04-25 19:00:01,732:INFO:Using Prim's algorithm for MST weight
2024-04-25 19:00:01,733:INFO:Using Prim's algorithm for MST weight
2024-04-25 19:00:01,733:INFO:Using Prim's algorithm for MST weight
2024-04-25 19:00:01,733:INFO:Using Prim's algorithm for MST weight
2024-04-25 19:00:01,733:INFO:Using Prim's algorithm for MST weight
2024-04-25 19:00:01,733:INFO:Using Prim's algorithm for MST weight
2024-04-25 19:00:01,734:INFO:Using Prim's algorithm for MST weight
2024-04-25 19:00:01,734:INFO:Using Prim's algorithm for MST weight
2024-04-25 19:00:01,734:INFO:Using Prim's algorithm for MST weight
2024-04-25 19:00:01,734:INFO:Using Prim's algorithm for MST weight
2024-04-25 19:00:01,734:INFO:Using Prim's algorithm for MST weight
2024-04-25 19:00:01,735:INFO:Using Prim's algorithm for MST weight
2024-04-25 19:00:01,735:INFO:Using Prim's algorithm for MST weight
2024-04-25 19:00:01,735:INFO:Using Prim's algorithm for MST weight
2024-04-25 19:00:01,735:INFO:Using Prim's algorithm for MST weight
2024-04-25 19:00:01,735:INFO:Using Prim's algorithm for MST weight
2024-04-25 19:00:01,736:INFO:Using Prim's algorithm for MST weight
2024-04-25 19:00:01,736:INFO:Using Prim's algorithm for MST weight
2024-04-25 19:00:01,736:INFO:Using Prim's algorithm for MST weight
2024-04-25 19:00:01,736:INFO:Using Prim's algorithm for MST weight
2024-04-25 19:00:01,736:INFO:Using Prim's algorithm for MST weight
2024-04-25 19:00:01,737:INFO:Using Prim's algorithm for MST weight
2024-04-25 19:00:01,737:INFO:Using Prim's algorithm for MST weight
2024-04-25 19:00:01,737:INFO:Using Prim's algorithm for MST weight
2024-04-25 19:00:01,737:INFO:Using Prim's algorithm for MST weight
2024-04-25 19:00:01,737:INFO:Using Prim's algorithm for MST weight
2024-04-25 19:00:01,738:INFO:Using Prim's algorithm for MST weight
2024-04-25 19:00:01,738:INFO:Using Prim's algorithm for MST weight
2024-04-25 19:00:01,738:INFO:Using Prim's algorithm for MST weight
2024-04-25 19:00:01,738:INFO:Using Prim's algorithm for MST weight
2024-04-25 19:00:01,738:INFO:Using Prim's algorithm for MST weight
2024-04-25 19:00:01,739:INFO:Using Prim's algorithm for MST weight
2024-04-25 19:00:01,739:INFO:Using Prim's algorithm for MST weight
2024-04-25 19:00:01,739:INFO:Using Prim's algorithm for MST weight
2024-04-25 19:00:01,739:INFO:Using Prim's algorithm for MST weight
2024-04-25 19:00:01,739:INFO:Using Prim's algorithm for MST weight
2024-04-25 19:00:01,739:INFO:Using Prim's algorithm for MST weight
2024-04-25 19:00:01,740:INFO:Using Prim's algorithm for MST weight
2024-04-25 19:00:01,740:INFO:Using Prim's algorithm for MST weight
2024-04-25 19:00:01,740:INFO:Using Prim's algorithm for MST weight
2024-04-25 19:00:01,740:INFO:Using Prim's algorithm for MST weight
2024-04-25 19:00:01,741:INFO:Using Prim's algorithm for MST weight
2024-04-25 19:00:01,741:INFO:Using Prim's algorithm for MST weight
2024-04-25 19:00:01,741:INFO:Using Prim's algorithm for MST weight
2024-04-25 19:00:01,741:INFO:Using Prim's algorithm for MST weight
2024-04-25 19:00:01,741:INFO:Using Prim's algorithm for MST weight
2024-04-25 19:00:01,742:INFO:Using Prim's algorithm for MST weight
2024-04-25 19:00:01,742:INFO:Using Prim's algorithm for MST weight
2024-04-25 19:00:01,742:INFO:Using Prim's algorithm for MST weight
2024-04-25 19:00:01,742:INFO:Using Prim's algorithm for MST weight
2024-04-25 19:00:01,742:INFO:Using Prim's algorithm for MST weight
2024-04-25 19:00:01,743:INFO:Using Prim's algorithm for MST weight
2024-04-25 19:00:01,743:INFO:Using Prim's algorithm for MST weight
2024-04-25 19:00:01,743:INFO:Using Prim's algorithm for MST weight
2024-04-25 19:00:01,743:INFO:Using Prim's algorithm for MST weight
2024-04-25 19:00:01,743:INFO:Using Prim's algorithm for MST weight
2024-04-25 19:00:01,743:INFO:Using Prim's algorithm for MST weight
2024-04-25 19:00:01,744:INFO:Using Prim's algorithm for MST weight
2024-04-25 19:00:01,744:INFO:Using Prim's algorithm for MST weight
2024-04-25 19:00:01,744:INFO:Using Prim's algorithm for MST weight
2024-04-25 19:00:01,744:INFO:Using Prim's algorithm for MST weight
2024-04-25 19:00:01,744:INFO:Using Prim's algorithm for MST weight
2024-04-25 19:00:01,745:INFO:Using Prim's algorithm for MST weight
2024-04-25 19:00:01,745:INFO:Using Prim's algorithm for MST weight
2024-04-25 19:00:01,745:INFO:Using Prim's algorithm for MST weight
2024-04-25 19:00:01,745:INFO:Using Prim's algorithm for MST weight
2024-04-25 19:00:01,746:INFO:Using Prim's algorithm for MST weight
2024-04-25 19:00:01,746:INFO:Using Prim's algorithm for MST weight
2024-04-25 19:00:01,746:INFO:Using Prim's algorithm for MST weight
2024-04-25 19:00:01,746:INFO:Using Prim's algorithm for MST weight
2024-04-25 19:00:01,746:INFO:Using Prim's algorithm for MST weight
2024-04-25 19:00:01,746:INFO:Using Prim's algorithm for MST weight
2024-04-25 19:00:01,747:INFO:Using Prim's algorithm for MST weight
2024-04-25 19:00:01,747:INFO:Using Prim's algorithm for MST weight
2024-04-25 19:00:01,747:INFO:Using Prim's algorithm for MST weight
2024-04-25 19:00:01,747:INFO:Using Prim's algorithm for MST weight
2024-04-25 19:00:01,747:INFO:Using Prim's algorithm for MST weight
2024-04-25 19:00:01,748:INFO:Using Prim's algorithm for MST weight
2024-04-25 19:00:01,748:INFO:Using Prim's algorithm for MST weight
2024-04-25 19:00:01,748:INFO:Using Prim's algorithm for MST weight
2024-04-25 19:00:01,748:INFO:Using Prim's algorithm for MST weight
2024-04-25 19:00:01,748:INFO:Using Prim's algorithm for MST weight
2024-04-25 19:00:01,749:INFO:Using Prim's algorithm for MST weight
2024-04-25 19:00:01,749:INFO:Using Prim's algorithm for MST weight
2024-04-25 19:00:01,749:INFO:Using Prim's algorithm for MST weight
2024-04-25 19:00:01,749:INFO:Using Prim's algorithm for MST weight
2024-04-25 19:00:01,749:INFO:Using Prim's algorithm for MST weight
2024-04-25 19:00:01,750:INFO:Using Prim's algorithm for MST weight
2024-04-25 19:00:01,750:INFO:Using Prim's algorithm for MST weight
2024-04-25 19:00:01,750:INFO:Using Prim's algorithm for MST weight
2024-04-25 19:00:01,750:INFO:Using Prim's algorithm for MST weight
2024-04-25 19:00:01,750:INFO:Using Prim's algorithm for MST weight
2024-04-25 19:00:01,751:INFO:Using Prim's algorithm for MST weight
2024-04-25 19:00:01,751:INFO:Using Prim's algorithm for MST weight
2024-04-25 19:00:01,751:INFO:Using Prim's algorithm for MST weight
2024-04-25 19:00:01,751:INFO:layer4.1.conv2.weight: Pruned 2098 weights.
2024-04-25 19:00:01,752:INFO:Total pruned weights in the model: 3980
2024-04-25 19:00:04,225:INFO:Epochs: 20
2024-04-25 19:00:04,226:INFO:Target layers: ['layer1.1.conv2.weight', 'layer2.1.conv2.weight', 'layer3.1.conv2.weight', 'layer4.1.conv2.weight']
2024-04-25 19:00:04,227:INFO:Original Model: Accuracy: 99.32, Inference Time: 2.1173675060272217, FLOPs: 3316369473536.0, Non-zero Params: 11689512
2024-04-25 19:00:04,227:INFO:Pruned Model (prune_model_weights): Accuracy: 97.38, Inference Time: 2.4554316997528076, FLOPs: 2856259567616.0, Non-zero Params: 10253928
