2024-04-25 18:02:31,252:INFO:Logging setup complete - logging to: ResNet18/log\2024-04-25-18-02-31.log
2024-04-25 18:02:31,252:INFO:Starting the program
2024-04-25 18:02:31,252:INFO:Arguments: Namespace(dataset='MNIST', algorithm='kruskal', pruning_method='prune_model_weights', target_layers=['layer1.1.conv2.weight', 'layer2.1.conv2.weight', 'layer3.1.conv2.weight', 'layer4.1.conv2.weight'], epochs=20)
2024-04-25 18:02:31,378:INFO:Dataset: MNIST
2024-04-25 18:02:49,402:INFO:Epoch 1, Loss: 0.00111837696749717
2024-04-25 18:03:05,192:INFO:Epoch 2, Loss: 0.002349480288103223
2024-04-25 18:03:20,894:INFO:Epoch 3, Loss: 0.0012350438628345728
2024-04-25 18:03:36,734:INFO:Epoch 4, Loss: 0.0009585085790604353
2024-04-25 18:03:52,672:INFO:Epoch 5, Loss: 0.18705704808235168
2024-04-25 18:04:08,428:INFO:Epoch 6, Loss: 0.0015345864230766892
2024-04-25 18:04:24,236:INFO:Epoch 7, Loss: 0.00011160663416376337
2024-04-25 18:04:39,834:INFO:Epoch 8, Loss: 0.0010987818241119385
2024-04-25 18:04:55,642:INFO:Epoch 9, Loss: 0.000164450888405554
2024-04-25 18:05:11,429:INFO:Epoch 10, Loss: 0.1510784775018692
2024-04-25 18:05:27,254:INFO:Epoch 11, Loss: 0.004621063359081745
2024-04-25 18:05:42,875:INFO:Epoch 12, Loss: 0.0009077339782379568
2024-04-25 18:05:58,783:INFO:Epoch 13, Loss: 2.0253981347195804e-05
2024-04-25 18:06:14,581:INFO:Epoch 14, Loss: 0.0004986317944712937
2024-04-25 18:06:30,706:INFO:Epoch 15, Loss: 0.0006529302336275578
2024-04-25 18:06:46,361:INFO:Epoch 16, Loss: 0.00018975650891661644
2024-04-25 18:07:02,199:INFO:Epoch 17, Loss: 0.004175254143774509
2024-04-25 18:07:18,127:INFO:Epoch 18, Loss: 6.438395212171599e-05
2024-04-25 18:07:34,425:INFO:Epoch 19, Loss: 2.952207978523802e-05
2024-04-25 18:07:51,061:INFO:Epoch 20, Loss: 0.19949838519096375
2024-04-25 18:07:53,462:INFO:Pruning layer: layer1.1.conv2.weight
2024-04-25 18:07:53,463:INFO:Using Kruskal's algorithm for MST weight
2024-04-25 18:07:53,463:INFO:Using Kruskal's algorithm for MST weight
2024-04-25 18:07:53,463:INFO:Using Kruskal's algorithm for MST weight
2024-04-25 18:07:53,464:INFO:Using Kruskal's algorithm for MST weight
2024-04-25 18:07:53,464:INFO:Using Kruskal's algorithm for MST weight
2024-04-25 18:07:53,464:INFO:Using Kruskal's algorithm for MST weight
2024-04-25 18:07:53,464:INFO:Using Kruskal's algorithm for MST weight
2024-04-25 18:07:53,464:INFO:Using Kruskal's algorithm for MST weight
2024-04-25 18:07:53,465:INFO:Using Kruskal's algorithm for MST weight
2024-04-25 18:07:53,465:INFO:Using Kruskal's algorithm for MST weight
2024-04-25 18:07:53,465:INFO:Using Kruskal's algorithm for MST weight
2024-04-25 18:07:53,465:INFO:Using Kruskal's algorithm for MST weight
2024-04-25 18:07:53,466:INFO:Using Kruskal's algorithm for MST weight
2024-04-25 18:07:53,466:INFO:Using Kruskal's algorithm for MST weight
2024-04-25 18:07:53,466:INFO:Using Kruskal's algorithm for MST weight
2024-04-25 18:07:53,466:INFO:Using Kruskal's algorithm for MST weight
2024-04-25 18:07:53,466:INFO:Using Kruskal's algorithm for MST weight
2024-04-25 18:07:53,467:INFO:Using Kruskal's algorithm for MST weight
2024-04-25 18:07:53,467:INFO:Using Kruskal's algorithm for MST weight
2024-04-25 18:07:53,467:INFO:Using Kruskal's algorithm for MST weight
2024-04-25 18:07:53,467:INFO:Using Kruskal's algorithm for MST weight
2024-04-25 18:07:53,467:INFO:Using Kruskal's algorithm for MST weight
2024-04-25 18:07:53,468:INFO:Using Kruskal's algorithm for MST weight
2024-04-25 18:07:53,468:INFO:Using Kruskal's algorithm for MST weight
2024-04-25 18:07:53,468:INFO:Using Kruskal's algorithm for MST weight
2024-04-25 18:07:53,468:INFO:Using Kruskal's algorithm for MST weight
2024-04-25 18:07:53,468:INFO:Using Kruskal's algorithm for MST weight
2024-04-25 18:07:53,469:INFO:Using Kruskal's algorithm for MST weight
2024-04-25 18:07:53,469:INFO:Using Kruskal's algorithm for MST weight
2024-04-25 18:07:53,469:INFO:Using Kruskal's algorithm for MST weight
2024-04-25 18:07:53,469:INFO:Using Kruskal's algorithm for MST weight
2024-04-25 18:07:53,469:INFO:Using Kruskal's algorithm for MST weight
2024-04-25 18:07:53,470:INFO:Using Kruskal's algorithm for MST weight
2024-04-25 18:07:53,470:INFO:Using Kruskal's algorithm for MST weight
2024-04-25 18:07:53,470:INFO:Using Kruskal's algorithm for MST weight
2024-04-25 18:07:53,470:INFO:Using Kruskal's algorithm for MST weight
2024-04-25 18:07:53,470:INFO:Using Kruskal's algorithm for MST weight
2024-04-25 18:07:53,471:INFO:Using Kruskal's algorithm for MST weight
2024-04-25 18:07:53,471:INFO:Using Kruskal's algorithm for MST weight
2024-04-25 18:07:53,471:INFO:Using Kruskal's algorithm for MST weight
2024-04-25 18:07:53,471:INFO:Using Kruskal's algorithm for MST weight
2024-04-25 18:07:53,471:INFO:Using Kruskal's algorithm for MST weight
2024-04-25 18:07:53,472:INFO:Using Kruskal's algorithm for MST weight
2024-04-25 18:07:53,472:INFO:Using Kruskal's algorithm for MST weight
2024-04-25 18:07:53,472:INFO:Using Kruskal's algorithm for MST weight
2024-04-25 18:07:53,472:INFO:Using Kruskal's algorithm for MST weight
2024-04-25 18:07:53,472:INFO:Using Kruskal's algorithm for MST weight
2024-04-25 18:07:53,473:INFO:Using Kruskal's algorithm for MST weight
2024-04-25 18:07:53,473:INFO:Using Kruskal's algorithm for MST weight
2024-04-25 18:07:53,473:INFO:Using Kruskal's algorithm for MST weight
2024-04-25 18:07:53,473:INFO:Using Kruskal's algorithm for MST weight
2024-04-25 18:07:53,474:INFO:Using Kruskal's algorithm for MST weight
2024-04-25 18:07:53,474:INFO:Using Kruskal's algorithm for MST weight
2024-04-25 18:07:53,474:INFO:Using Kruskal's algorithm for MST weight
2024-04-25 18:07:53,474:INFO:Using Kruskal's algorithm for MST weight
2024-04-25 18:07:53,474:INFO:Using Kruskal's algorithm for MST weight
2024-04-25 18:07:53,474:INFO:Using Kruskal's algorithm for MST weight
2024-04-25 18:07:53,475:INFO:Using Kruskal's algorithm for MST weight
2024-04-25 18:07:53,475:INFO:Using Kruskal's algorithm for MST weight
2024-04-25 18:07:53,475:INFO:Using Kruskal's algorithm for MST weight
2024-04-25 18:07:53,475:INFO:Using Kruskal's algorithm for MST weight
2024-04-25 18:07:53,475:INFO:Using Kruskal's algorithm for MST weight
2024-04-25 18:07:53,476:INFO:Using Kruskal's algorithm for MST weight
2024-04-25 18:07:53,476:INFO:Using Kruskal's algorithm for MST weight
2024-04-25 18:07:53,476:INFO:layer1.1.conv2.weight: Pruned 277 weights.
2024-04-25 18:07:53,476:INFO:Pruning layer: layer2.1.conv2.weight
2024-04-25 18:07:53,477:INFO:Using Kruskal's algorithm for MST weight
2024-04-25 18:07:53,477:INFO:Using Kruskal's algorithm for MST weight
2024-04-25 18:07:53,477:INFO:Using Kruskal's algorithm for MST weight
2024-04-25 18:07:53,477:INFO:Using Kruskal's algorithm for MST weight
2024-04-25 18:07:53,477:INFO:Using Kruskal's algorithm for MST weight
2024-04-25 18:07:53,478:INFO:Using Kruskal's algorithm for MST weight
2024-04-25 18:07:53,478:INFO:Using Kruskal's algorithm for MST weight
2024-04-25 18:07:53,478:INFO:Using Kruskal's algorithm for MST weight
2024-04-25 18:07:53,478:INFO:Using Kruskal's algorithm for MST weight
2024-04-25 18:07:53,478:INFO:Using Kruskal's algorithm for MST weight
2024-04-25 18:07:53,479:INFO:Using Kruskal's algorithm for MST weight
2024-04-25 18:07:53,479:INFO:Using Kruskal's algorithm for MST weight
2024-04-25 18:07:53,479:INFO:Using Kruskal's algorithm for MST weight
2024-04-25 18:07:53,479:INFO:Using Kruskal's algorithm for MST weight
2024-04-25 18:07:53,480:INFO:Using Kruskal's algorithm for MST weight
2024-04-25 18:07:53,480:INFO:Using Kruskal's algorithm for MST weight
2024-04-25 18:07:53,480:INFO:Using Kruskal's algorithm for MST weight
2024-04-25 18:07:53,480:INFO:Using Kruskal's algorithm for MST weight
2024-04-25 18:07:53,480:INFO:Using Kruskal's algorithm for MST weight
2024-04-25 18:07:53,481:INFO:Using Kruskal's algorithm for MST weight
2024-04-25 18:07:53,481:INFO:Using Kruskal's algorithm for MST weight
2024-04-25 18:07:53,481:INFO:Using Kruskal's algorithm for MST weight
2024-04-25 18:07:53,481:INFO:Using Kruskal's algorithm for MST weight
2024-04-25 18:07:53,481:INFO:Using Kruskal's algorithm for MST weight
2024-04-25 18:07:53,482:INFO:Using Kruskal's algorithm for MST weight
2024-04-25 18:07:53,482:INFO:Using Kruskal's algorithm for MST weight
2024-04-25 18:07:53,482:INFO:Using Kruskal's algorithm for MST weight
2024-04-25 18:07:53,482:INFO:Using Kruskal's algorithm for MST weight
2024-04-25 18:07:53,483:INFO:Using Kruskal's algorithm for MST weight
2024-04-25 18:07:53,483:INFO:Using Kruskal's algorithm for MST weight
2024-04-25 18:07:53,483:INFO:Using Kruskal's algorithm for MST weight
2024-04-25 18:07:53,483:INFO:Using Kruskal's algorithm for MST weight
2024-04-25 18:07:53,483:INFO:Using Kruskal's algorithm for MST weight
2024-04-25 18:07:53,484:INFO:Using Kruskal's algorithm for MST weight
2024-04-25 18:07:53,484:INFO:Using Kruskal's algorithm for MST weight
2024-04-25 18:07:53,484:INFO:Using Kruskal's algorithm for MST weight
2024-04-25 18:07:53,484:INFO:Using Kruskal's algorithm for MST weight
2024-04-25 18:07:53,484:INFO:Using Kruskal's algorithm for MST weight
2024-04-25 18:07:53,485:INFO:Using Kruskal's algorithm for MST weight
2024-04-25 18:07:53,485:INFO:Using Kruskal's algorithm for MST weight
2024-04-25 18:07:53,485:INFO:Using Kruskal's algorithm for MST weight
2024-04-25 18:07:53,485:INFO:Using Kruskal's algorithm for MST weight
2024-04-25 18:07:53,485:INFO:Using Kruskal's algorithm for MST weight
2024-04-25 18:07:53,486:INFO:Using Kruskal's algorithm for MST weight
2024-04-25 18:07:53,486:INFO:Using Kruskal's algorithm for MST weight
2024-04-25 18:07:53,486:INFO:Using Kruskal's algorithm for MST weight
2024-04-25 18:07:53,486:INFO:Using Kruskal's algorithm for MST weight
2024-04-25 18:07:53,486:INFO:Using Kruskal's algorithm for MST weight
2024-04-25 18:07:53,487:INFO:Using Kruskal's algorithm for MST weight
2024-04-25 18:07:53,487:INFO:Using Kruskal's algorithm for MST weight
2024-04-25 18:07:53,487:INFO:Using Kruskal's algorithm for MST weight
2024-04-25 18:07:53,487:INFO:Using Kruskal's algorithm for MST weight
2024-04-25 18:07:53,487:INFO:Using Kruskal's algorithm for MST weight
2024-04-25 18:07:53,487:INFO:Using Kruskal's algorithm for MST weight
2024-04-25 18:07:53,488:INFO:Using Kruskal's algorithm for MST weight
2024-04-25 18:07:53,488:INFO:Using Kruskal's algorithm for MST weight
2024-04-25 18:07:53,488:INFO:Using Kruskal's algorithm for MST weight
2024-04-25 18:07:53,488:INFO:Using Kruskal's algorithm for MST weight
2024-04-25 18:07:53,489:INFO:Using Kruskal's algorithm for MST weight
2024-04-25 18:07:53,489:INFO:Using Kruskal's algorithm for MST weight
2024-04-25 18:07:53,489:INFO:Using Kruskal's algorithm for MST weight
2024-04-25 18:07:53,489:INFO:Using Kruskal's algorithm for MST weight
2024-04-25 18:07:53,489:INFO:Using Kruskal's algorithm for MST weight
2024-04-25 18:07:53,489:INFO:Using Kruskal's algorithm for MST weight
2024-04-25 18:07:53,490:INFO:Using Kruskal's algorithm for MST weight
2024-04-25 18:07:53,490:INFO:Using Kruskal's algorithm for MST weight
2024-04-25 18:07:53,490:INFO:Using Kruskal's algorithm for MST weight
2024-04-25 18:07:53,490:INFO:Using Kruskal's algorithm for MST weight
2024-04-25 18:07:53,490:INFO:Using Kruskal's algorithm for MST weight
2024-04-25 18:07:53,491:INFO:Using Kruskal's algorithm for MST weight
2024-04-25 18:07:53,491:INFO:Using Kruskal's algorithm for MST weight
2024-04-25 18:07:53,491:INFO:Using Kruskal's algorithm for MST weight
2024-04-25 18:07:53,491:INFO:Using Kruskal's algorithm for MST weight
2024-04-25 18:07:53,491:INFO:Using Kruskal's algorithm for MST weight
2024-04-25 18:07:53,492:INFO:Using Kruskal's algorithm for MST weight
2024-04-25 18:07:53,492:INFO:Using Kruskal's algorithm for MST weight
2024-04-25 18:07:53,492:INFO:Using Kruskal's algorithm for MST weight
2024-04-25 18:07:53,492:INFO:Using Kruskal's algorithm for MST weight
2024-04-25 18:07:53,492:INFO:Using Kruskal's algorithm for MST weight
2024-04-25 18:07:53,493:INFO:Using Kruskal's algorithm for MST weight
2024-04-25 18:07:53,493:INFO:Using Kruskal's algorithm for MST weight
2024-04-25 18:07:53,493:INFO:Using Kruskal's algorithm for MST weight
2024-04-25 18:07:53,493:INFO:Using Kruskal's algorithm for MST weight
2024-04-25 18:07:53,493:INFO:Using Kruskal's algorithm for MST weight
2024-04-25 18:07:53,493:INFO:Using Kruskal's algorithm for MST weight
2024-04-25 18:07:53,494:INFO:Using Kruskal's algorithm for MST weight
2024-04-25 18:07:53,494:INFO:Using Kruskal's algorithm for MST weight
2024-04-25 18:07:53,494:INFO:Using Kruskal's algorithm for MST weight
2024-04-25 18:07:53,494:INFO:Using Kruskal's algorithm for MST weight
2024-04-25 18:07:53,494:INFO:Using Kruskal's algorithm for MST weight
2024-04-25 18:07:53,495:INFO:Using Kruskal's algorithm for MST weight
2024-04-25 18:07:53,495:INFO:Using Kruskal's algorithm for MST weight
2024-04-25 18:07:53,495:INFO:Using Kruskal's algorithm for MST weight
2024-04-25 18:07:53,495:INFO:Using Kruskal's algorithm for MST weight
2024-04-25 18:07:53,495:INFO:Using Kruskal's algorithm for MST weight
2024-04-25 18:07:53,495:INFO:Using Kruskal's algorithm for MST weight
2024-04-25 18:07:53,496:INFO:Using Kruskal's algorithm for MST weight
2024-04-25 18:07:53,496:INFO:Using Kruskal's algorithm for MST weight
2024-04-25 18:07:53,496:INFO:Using Kruskal's algorithm for MST weight
2024-04-25 18:07:53,496:INFO:Using Kruskal's algorithm for MST weight
2024-04-25 18:07:53,496:INFO:Using Kruskal's algorithm for MST weight
2024-04-25 18:07:53,497:INFO:Using Kruskal's algorithm for MST weight
2024-04-25 18:07:53,497:INFO:Using Kruskal's algorithm for MST weight
2024-04-25 18:07:53,497:INFO:Using Kruskal's algorithm for MST weight
2024-04-25 18:07:53,497:INFO:Using Kruskal's algorithm for MST weight
2024-04-25 18:07:53,497:INFO:Using Kruskal's algorithm for MST weight
2024-04-25 18:07:53,498:INFO:Using Kruskal's algorithm for MST weight
2024-04-25 18:07:53,498:INFO:Using Kruskal's algorithm for MST weight
2024-04-25 18:07:53,498:INFO:Using Kruskal's algorithm for MST weight
2024-04-25 18:07:53,498:INFO:Using Kruskal's algorithm for MST weight
2024-04-25 18:07:53,498:INFO:Using Kruskal's algorithm for MST weight
2024-04-25 18:07:53,499:INFO:Using Kruskal's algorithm for MST weight
2024-04-25 18:07:53,499:INFO:Using Kruskal's algorithm for MST weight
2024-04-25 18:07:53,499:INFO:Using Kruskal's algorithm for MST weight
2024-04-25 18:07:53,499:INFO:Using Kruskal's algorithm for MST weight
2024-04-25 18:07:53,500:INFO:Using Kruskal's algorithm for MST weight
2024-04-25 18:07:53,500:INFO:Using Kruskal's algorithm for MST weight
2024-04-25 18:07:53,500:INFO:Using Kruskal's algorithm for MST weight
2024-04-25 18:07:53,500:INFO:Using Kruskal's algorithm for MST weight
2024-04-25 18:07:53,500:INFO:Using Kruskal's algorithm for MST weight
2024-04-25 18:07:53,500:INFO:Using Kruskal's algorithm for MST weight
2024-04-25 18:07:53,501:INFO:Using Kruskal's algorithm for MST weight
2024-04-25 18:07:53,501:INFO:Using Kruskal's algorithm for MST weight
2024-04-25 18:07:53,501:INFO:Using Kruskal's algorithm for MST weight
2024-04-25 18:07:53,501:INFO:Using Kruskal's algorithm for MST weight
2024-04-25 18:07:53,501:INFO:Using Kruskal's algorithm for MST weight
2024-04-25 18:07:53,502:INFO:Using Kruskal's algorithm for MST weight
2024-04-25 18:07:53,502:INFO:Using Kruskal's algorithm for MST weight
2024-04-25 18:07:53,502:INFO:layer2.1.conv2.weight: Pruned 533 weights.
2024-04-25 18:07:53,502:INFO:Pruning layer: layer3.1.conv2.weight
2024-04-25 18:07:53,503:INFO:Using Kruskal's algorithm for MST weight
2024-04-25 18:07:53,503:INFO:Using Kruskal's algorithm for MST weight
2024-04-25 18:07:53,503:INFO:Using Kruskal's algorithm for MST weight
2024-04-25 18:07:53,503:INFO:Using Kruskal's algorithm for MST weight
2024-04-25 18:07:53,504:INFO:Using Kruskal's algorithm for MST weight
2024-04-25 18:07:53,504:INFO:Using Kruskal's algorithm for MST weight
2024-04-25 18:07:53,504:INFO:Using Kruskal's algorithm for MST weight
2024-04-25 18:07:53,504:INFO:Using Kruskal's algorithm for MST weight
2024-04-25 18:07:53,505:INFO:Using Kruskal's algorithm for MST weight
2024-04-25 18:07:53,505:INFO:Using Kruskal's algorithm for MST weight
2024-04-25 18:07:53,505:INFO:Using Kruskal's algorithm for MST weight
2024-04-25 18:07:53,505:INFO:Using Kruskal's algorithm for MST weight
2024-04-25 18:07:53,505:INFO:Using Kruskal's algorithm for MST weight
2024-04-25 18:07:53,506:INFO:Using Kruskal's algorithm for MST weight
2024-04-25 18:07:53,506:INFO:Using Kruskal's algorithm for MST weight
2024-04-25 18:07:53,506:INFO:Using Kruskal's algorithm for MST weight
2024-04-25 18:07:53,506:INFO:Using Kruskal's algorithm for MST weight
2024-04-25 18:07:53,506:INFO:Using Kruskal's algorithm for MST weight
2024-04-25 18:07:53,507:INFO:Using Kruskal's algorithm for MST weight
2024-04-25 18:07:53,507:INFO:Using Kruskal's algorithm for MST weight
2024-04-25 18:07:53,507:INFO:Using Kruskal's algorithm for MST weight
2024-04-25 18:07:53,507:INFO:Using Kruskal's algorithm for MST weight
2024-04-25 18:07:53,507:INFO:Using Kruskal's algorithm for MST weight
2024-04-25 18:07:53,508:INFO:Using Kruskal's algorithm for MST weight
2024-04-25 18:07:53,508:INFO:Using Kruskal's algorithm for MST weight
2024-04-25 18:07:53,508:INFO:Using Kruskal's algorithm for MST weight
2024-04-25 18:07:53,508:INFO:Using Kruskal's algorithm for MST weight
2024-04-25 18:07:53,508:INFO:Using Kruskal's algorithm for MST weight
2024-04-25 18:07:53,509:INFO:Using Kruskal's algorithm for MST weight
2024-04-25 18:07:53,509:INFO:Using Kruskal's algorithm for MST weight
2024-04-25 18:07:53,509:INFO:Using Kruskal's algorithm for MST weight
2024-04-25 18:07:53,509:INFO:Using Kruskal's algorithm for MST weight
2024-04-25 18:07:53,509:INFO:Using Kruskal's algorithm for MST weight
2024-04-25 18:07:53,510:INFO:Using Kruskal's algorithm for MST weight
2024-04-25 18:07:53,510:INFO:Using Kruskal's algorithm for MST weight
2024-04-25 18:07:53,510:INFO:Using Kruskal's algorithm for MST weight
2024-04-25 18:07:53,510:INFO:Using Kruskal's algorithm for MST weight
2024-04-25 18:07:53,510:INFO:Using Kruskal's algorithm for MST weight
2024-04-25 18:07:53,511:INFO:Using Kruskal's algorithm for MST weight
2024-04-25 18:07:53,511:INFO:Using Kruskal's algorithm for MST weight
2024-04-25 18:07:53,511:INFO:Using Kruskal's algorithm for MST weight
2024-04-25 18:07:53,511:INFO:Using Kruskal's algorithm for MST weight
2024-04-25 18:07:53,511:INFO:Using Kruskal's algorithm for MST weight
2024-04-25 18:07:53,512:INFO:Using Kruskal's algorithm for MST weight
2024-04-25 18:07:53,512:INFO:Using Kruskal's algorithm for MST weight
2024-04-25 18:07:53,512:INFO:Using Kruskal's algorithm for MST weight
2024-04-25 18:07:53,512:INFO:Using Kruskal's algorithm for MST weight
2024-04-25 18:07:53,512:INFO:Using Kruskal's algorithm for MST weight
2024-04-25 18:07:53,513:INFO:Using Kruskal's algorithm for MST weight
2024-04-25 18:07:53,513:INFO:Using Kruskal's algorithm for MST weight
2024-04-25 18:07:53,513:INFO:Using Kruskal's algorithm for MST weight
2024-04-25 18:07:53,513:INFO:Using Kruskal's algorithm for MST weight
2024-04-25 18:07:53,514:INFO:Using Kruskal's algorithm for MST weight
2024-04-25 18:07:53,514:INFO:Using Kruskal's algorithm for MST weight
2024-04-25 18:07:53,514:INFO:Using Kruskal's algorithm for MST weight
2024-04-25 18:07:53,514:INFO:Using Kruskal's algorithm for MST weight
2024-04-25 18:07:53,514:INFO:Using Kruskal's algorithm for MST weight
2024-04-25 18:07:53,515:INFO:Using Kruskal's algorithm for MST weight
2024-04-25 18:07:53,515:INFO:Using Kruskal's algorithm for MST weight
2024-04-25 18:07:53,515:INFO:Using Kruskal's algorithm for MST weight
2024-04-25 18:07:53,515:INFO:Using Kruskal's algorithm for MST weight
2024-04-25 18:07:53,515:INFO:Using Kruskal's algorithm for MST weight
2024-04-25 18:07:53,516:INFO:Using Kruskal's algorithm for MST weight
2024-04-25 18:07:53,516:INFO:Using Kruskal's algorithm for MST weight
2024-04-25 18:07:53,516:INFO:Using Kruskal's algorithm for MST weight
2024-04-25 18:07:53,516:INFO:Using Kruskal's algorithm for MST weight
2024-04-25 18:07:53,516:INFO:Using Kruskal's algorithm for MST weight
2024-04-25 18:07:53,517:INFO:Using Kruskal's algorithm for MST weight
2024-04-25 18:07:53,517:INFO:Using Kruskal's algorithm for MST weight
2024-04-25 18:07:53,517:INFO:Using Kruskal's algorithm for MST weight
2024-04-25 18:07:53,517:INFO:Using Kruskal's algorithm for MST weight
2024-04-25 18:07:53,517:INFO:Using Kruskal's algorithm for MST weight
2024-04-25 18:07:53,518:INFO:Using Kruskal's algorithm for MST weight
2024-04-25 18:07:53,518:INFO:Using Kruskal's algorithm for MST weight
2024-04-25 18:07:53,518:INFO:Using Kruskal's algorithm for MST weight
2024-04-25 18:07:53,518:INFO:Using Kruskal's algorithm for MST weight
2024-04-25 18:07:53,518:INFO:Using Kruskal's algorithm for MST weight
2024-04-25 18:07:53,519:INFO:Using Kruskal's algorithm for MST weight
2024-04-25 18:07:53,519:INFO:Using Kruskal's algorithm for MST weight
2024-04-25 18:07:53,519:INFO:Using Kruskal's algorithm for MST weight
2024-04-25 18:07:53,519:INFO:Using Kruskal's algorithm for MST weight
2024-04-25 18:07:53,519:INFO:Using Kruskal's algorithm for MST weight
2024-04-25 18:07:53,520:INFO:Using Kruskal's algorithm for MST weight
2024-04-25 18:07:53,520:INFO:Using Kruskal's algorithm for MST weight
2024-04-25 18:07:53,520:INFO:Using Kruskal's algorithm for MST weight
2024-04-25 18:07:53,520:INFO:Using Kruskal's algorithm for MST weight
2024-04-25 18:07:53,520:INFO:Using Kruskal's algorithm for MST weight
2024-04-25 18:07:53,520:INFO:Using Kruskal's algorithm for MST weight
2024-04-25 18:07:53,521:INFO:Using Kruskal's algorithm for MST weight
2024-04-25 18:07:53,521:INFO:Using Kruskal's algorithm for MST weight
2024-04-25 18:07:53,521:INFO:Using Kruskal's algorithm for MST weight
2024-04-25 18:07:53,521:INFO:Using Kruskal's algorithm for MST weight
2024-04-25 18:07:53,521:INFO:Using Kruskal's algorithm for MST weight
2024-04-25 18:07:53,522:INFO:Using Kruskal's algorithm for MST weight
2024-04-25 18:07:53,522:INFO:Using Kruskal's algorithm for MST weight
2024-04-25 18:07:53,522:INFO:Using Kruskal's algorithm for MST weight
2024-04-25 18:07:53,522:INFO:Using Kruskal's algorithm for MST weight
2024-04-25 18:07:53,522:INFO:Using Kruskal's algorithm for MST weight
2024-04-25 18:07:53,523:INFO:Using Kruskal's algorithm for MST weight
2024-04-25 18:07:53,523:INFO:Using Kruskal's algorithm for MST weight
2024-04-25 18:07:53,523:INFO:Using Kruskal's algorithm for MST weight
2024-04-25 18:07:53,523:INFO:Using Kruskal's algorithm for MST weight
2024-04-25 18:07:53,523:INFO:Using Kruskal's algorithm for MST weight
2024-04-25 18:07:53,523:INFO:Using Kruskal's algorithm for MST weight
2024-04-25 18:07:53,524:INFO:Using Kruskal's algorithm for MST weight
2024-04-25 18:07:53,524:INFO:Using Kruskal's algorithm for MST weight
2024-04-25 18:07:53,524:INFO:Using Kruskal's algorithm for MST weight
2024-04-25 18:07:53,524:INFO:Using Kruskal's algorithm for MST weight
2024-04-25 18:07:53,524:INFO:Using Kruskal's algorithm for MST weight
2024-04-25 18:07:53,525:INFO:Using Kruskal's algorithm for MST weight
2024-04-25 18:07:53,525:INFO:Using Kruskal's algorithm for MST weight
2024-04-25 18:07:53,525:INFO:Using Kruskal's algorithm for MST weight
2024-04-25 18:07:53,525:INFO:Using Kruskal's algorithm for MST weight
2024-04-25 18:07:53,525:INFO:Using Kruskal's algorithm for MST weight
2024-04-25 18:07:53,526:INFO:Using Kruskal's algorithm for MST weight
2024-04-25 18:07:53,526:INFO:Using Kruskal's algorithm for MST weight
2024-04-25 18:07:53,526:INFO:Using Kruskal's algorithm for MST weight
2024-04-25 18:07:53,526:INFO:Using Kruskal's algorithm for MST weight
2024-04-25 18:07:53,526:INFO:Using Kruskal's algorithm for MST weight
2024-04-25 18:07:53,527:INFO:Using Kruskal's algorithm for MST weight
2024-04-25 18:07:53,527:INFO:Using Kruskal's algorithm for MST weight
2024-04-25 18:07:53,527:INFO:Using Kruskal's algorithm for MST weight
2024-04-25 18:07:53,527:INFO:Using Kruskal's algorithm for MST weight
2024-04-25 18:07:53,527:INFO:Using Kruskal's algorithm for MST weight
2024-04-25 18:07:53,528:INFO:Using Kruskal's algorithm for MST weight
2024-04-25 18:07:53,528:INFO:Using Kruskal's algorithm for MST weight
2024-04-25 18:07:53,528:INFO:Using Kruskal's algorithm for MST weight
2024-04-25 18:07:53,528:INFO:Using Kruskal's algorithm for MST weight
2024-04-25 18:07:53,528:INFO:Using Kruskal's algorithm for MST weight
2024-04-25 18:07:53,529:INFO:Using Kruskal's algorithm for MST weight
2024-04-25 18:07:53,529:INFO:Using Kruskal's algorithm for MST weight
2024-04-25 18:07:53,529:INFO:Using Kruskal's algorithm for MST weight
2024-04-25 18:07:53,529:INFO:Using Kruskal's algorithm for MST weight
2024-04-25 18:07:53,529:INFO:Using Kruskal's algorithm for MST weight
2024-04-25 18:07:53,529:INFO:Using Kruskal's algorithm for MST weight
2024-04-25 18:07:53,530:INFO:Using Kruskal's algorithm for MST weight
2024-04-25 18:07:53,530:INFO:Using Kruskal's algorithm for MST weight
2024-04-25 18:07:53,530:INFO:Using Kruskal's algorithm for MST weight
2024-04-25 18:07:53,530:INFO:Using Kruskal's algorithm for MST weight
2024-04-25 18:07:53,530:INFO:Using Kruskal's algorithm for MST weight
2024-04-25 18:07:53,531:INFO:Using Kruskal's algorithm for MST weight
2024-04-25 18:07:53,531:INFO:Using Kruskal's algorithm for MST weight
2024-04-25 18:07:53,531:INFO:Using Kruskal's algorithm for MST weight
2024-04-25 18:07:53,531:INFO:Using Kruskal's algorithm for MST weight
2024-04-25 18:07:53,531:INFO:Using Kruskal's algorithm for MST weight
2024-04-25 18:07:53,532:INFO:Using Kruskal's algorithm for MST weight
2024-04-25 18:07:53,532:INFO:Using Kruskal's algorithm for MST weight
2024-04-25 18:07:53,532:INFO:Using Kruskal's algorithm for MST weight
2024-04-25 18:07:53,532:INFO:Using Kruskal's algorithm for MST weight
2024-04-25 18:07:53,532:INFO:Using Kruskal's algorithm for MST weight
2024-04-25 18:07:53,533:INFO:Using Kruskal's algorithm for MST weight
2024-04-25 18:07:53,533:INFO:Using Kruskal's algorithm for MST weight
2024-04-25 18:07:53,533:INFO:Using Kruskal's algorithm for MST weight
2024-04-25 18:07:53,533:INFO:Using Kruskal's algorithm for MST weight
2024-04-25 18:07:53,533:INFO:Using Kruskal's algorithm for MST weight
2024-04-25 18:07:53,534:INFO:Using Kruskal's algorithm for MST weight
2024-04-25 18:07:53,534:INFO:Using Kruskal's algorithm for MST weight
2024-04-25 18:07:53,534:INFO:Using Kruskal's algorithm for MST weight
2024-04-25 18:07:53,534:INFO:Using Kruskal's algorithm for MST weight
2024-04-25 18:07:53,534:INFO:Using Kruskal's algorithm for MST weight
2024-04-25 18:07:53,535:INFO:Using Kruskal's algorithm for MST weight
2024-04-25 18:07:53,535:INFO:Using Kruskal's algorithm for MST weight
2024-04-25 18:07:53,535:INFO:Using Kruskal's algorithm for MST weight
2024-04-25 18:07:53,535:INFO:Using Kruskal's algorithm for MST weight
2024-04-25 18:07:53,535:INFO:Using Kruskal's algorithm for MST weight
2024-04-25 18:07:53,536:INFO:Using Kruskal's algorithm for MST weight
2024-04-25 18:07:53,536:INFO:Using Kruskal's algorithm for MST weight
2024-04-25 18:07:53,536:INFO:Using Kruskal's algorithm for MST weight
2024-04-25 18:07:53,536:INFO:Using Kruskal's algorithm for MST weight
2024-04-25 18:07:53,536:INFO:Using Kruskal's algorithm for MST weight
2024-04-25 18:07:53,537:INFO:Using Kruskal's algorithm for MST weight
2024-04-25 18:07:53,537:INFO:Using Kruskal's algorithm for MST weight
2024-04-25 18:07:53,537:INFO:Using Kruskal's algorithm for MST weight
2024-04-25 18:07:53,537:INFO:Using Kruskal's algorithm for MST weight
2024-04-25 18:07:53,537:INFO:Using Kruskal's algorithm for MST weight
2024-04-25 18:07:53,537:INFO:Using Kruskal's algorithm for MST weight
2024-04-25 18:07:53,538:INFO:Using Kruskal's algorithm for MST weight
2024-04-25 18:07:53,538:INFO:Using Kruskal's algorithm for MST weight
2024-04-25 18:07:53,538:INFO:Using Kruskal's algorithm for MST weight
2024-04-25 18:07:53,538:INFO:Using Kruskal's algorithm for MST weight
2024-04-25 18:07:53,538:INFO:Using Kruskal's algorithm for MST weight
2024-04-25 18:07:53,539:INFO:Using Kruskal's algorithm for MST weight
2024-04-25 18:07:53,539:INFO:Using Kruskal's algorithm for MST weight
2024-04-25 18:07:53,539:INFO:Using Kruskal's algorithm for MST weight
2024-04-25 18:07:53,539:INFO:Using Kruskal's algorithm for MST weight
2024-04-25 18:07:53,539:INFO:Using Kruskal's algorithm for MST weight
2024-04-25 18:07:53,540:INFO:Using Kruskal's algorithm for MST weight
2024-04-25 18:07:53,540:INFO:Using Kruskal's algorithm for MST weight
2024-04-25 18:07:53,540:INFO:Using Kruskal's algorithm for MST weight
2024-04-25 18:07:53,540:INFO:Using Kruskal's algorithm for MST weight
2024-04-25 18:07:53,540:INFO:Using Kruskal's algorithm for MST weight
2024-04-25 18:07:53,541:INFO:Using Kruskal's algorithm for MST weight
2024-04-25 18:07:53,541:INFO:Using Kruskal's algorithm for MST weight
2024-04-25 18:07:53,541:INFO:Using Kruskal's algorithm for MST weight
2024-04-25 18:07:53,541:INFO:Using Kruskal's algorithm for MST weight
2024-04-25 18:07:53,541:INFO:Using Kruskal's algorithm for MST weight
2024-04-25 18:07:53,542:INFO:Using Kruskal's algorithm for MST weight
2024-04-25 18:07:53,542:INFO:Using Kruskal's algorithm for MST weight
2024-04-25 18:07:53,542:INFO:Using Kruskal's algorithm for MST weight
2024-04-25 18:07:53,542:INFO:Using Kruskal's algorithm for MST weight
2024-04-25 18:07:53,542:INFO:Using Kruskal's algorithm for MST weight
2024-04-25 18:07:53,542:INFO:Using Kruskal's algorithm for MST weight
2024-04-25 18:07:53,543:INFO:Using Kruskal's algorithm for MST weight
2024-04-25 18:07:53,543:INFO:Using Kruskal's algorithm for MST weight
2024-04-25 18:07:53,543:INFO:Using Kruskal's algorithm for MST weight
2024-04-25 18:07:53,543:INFO:Using Kruskal's algorithm for MST weight
2024-04-25 18:07:53,543:INFO:Using Kruskal's algorithm for MST weight
2024-04-25 18:07:53,544:INFO:Using Kruskal's algorithm for MST weight
2024-04-25 18:07:53,544:INFO:Using Kruskal's algorithm for MST weight
2024-04-25 18:07:53,544:INFO:Using Kruskal's algorithm for MST weight
2024-04-25 18:07:53,544:INFO:Using Kruskal's algorithm for MST weight
2024-04-25 18:07:53,544:INFO:Using Kruskal's algorithm for MST weight
2024-04-25 18:07:53,544:INFO:Using Kruskal's algorithm for MST weight
2024-04-25 18:07:53,545:INFO:Using Kruskal's algorithm for MST weight
2024-04-25 18:07:53,545:INFO:Using Kruskal's algorithm for MST weight
2024-04-25 18:07:53,545:INFO:Using Kruskal's algorithm for MST weight
2024-04-25 18:07:53,545:INFO:Using Kruskal's algorithm for MST weight
2024-04-25 18:07:53,545:INFO:Using Kruskal's algorithm for MST weight
2024-04-25 18:07:53,546:INFO:Using Kruskal's algorithm for MST weight
2024-04-25 18:07:53,546:INFO:Using Kruskal's algorithm for MST weight
2024-04-25 18:07:53,546:INFO:Using Kruskal's algorithm for MST weight
2024-04-25 18:07:53,546:INFO:Using Kruskal's algorithm for MST weight
2024-04-25 18:07:53,546:INFO:Using Kruskal's algorithm for MST weight
2024-04-25 18:07:53,547:INFO:Using Kruskal's algorithm for MST weight
2024-04-25 18:07:53,547:INFO:Using Kruskal's algorithm for MST weight
2024-04-25 18:07:53,547:INFO:Using Kruskal's algorithm for MST weight
2024-04-25 18:07:53,547:INFO:Using Kruskal's algorithm for MST weight
2024-04-25 18:07:53,547:INFO:Using Kruskal's algorithm for MST weight
2024-04-25 18:07:53,548:INFO:Using Kruskal's algorithm for MST weight
2024-04-25 18:07:53,548:INFO:Using Kruskal's algorithm for MST weight
2024-04-25 18:07:53,548:INFO:Using Kruskal's algorithm for MST weight
2024-04-25 18:07:53,548:INFO:Using Kruskal's algorithm for MST weight
2024-04-25 18:07:53,548:INFO:Using Kruskal's algorithm for MST weight
2024-04-25 18:07:53,549:INFO:Using Kruskal's algorithm for MST weight
2024-04-25 18:07:53,549:INFO:Using Kruskal's algorithm for MST weight
2024-04-25 18:07:53,549:INFO:Using Kruskal's algorithm for MST weight
2024-04-25 18:07:53,549:INFO:Using Kruskal's algorithm for MST weight
2024-04-25 18:07:53,550:INFO:Using Kruskal's algorithm for MST weight
2024-04-25 18:07:53,550:INFO:Using Kruskal's algorithm for MST weight
2024-04-25 18:07:53,550:INFO:Using Kruskal's algorithm for MST weight
2024-04-25 18:07:53,550:INFO:Using Kruskal's algorithm for MST weight
2024-04-25 18:07:53,550:INFO:Using Kruskal's algorithm for MST weight
2024-04-25 18:07:53,551:INFO:Using Kruskal's algorithm for MST weight
2024-04-25 18:07:53,551:INFO:Using Kruskal's algorithm for MST weight
2024-04-25 18:07:53,551:INFO:Using Kruskal's algorithm for MST weight
2024-04-25 18:07:53,551:INFO:Using Kruskal's algorithm for MST weight
2024-04-25 18:07:53,551:INFO:Using Kruskal's algorithm for MST weight
2024-04-25 18:07:53,551:INFO:Using Kruskal's algorithm for MST weight
2024-04-25 18:07:53,552:INFO:Using Kruskal's algorithm for MST weight
2024-04-25 18:07:53,552:INFO:Using Kruskal's algorithm for MST weight
2024-04-25 18:07:53,552:INFO:Using Kruskal's algorithm for MST weight
2024-04-25 18:07:53,552:INFO:Using Kruskal's algorithm for MST weight
2024-04-25 18:07:53,553:INFO:Using Kruskal's algorithm for MST weight
2024-04-25 18:07:53,553:INFO:Using Kruskal's algorithm for MST weight
2024-04-25 18:07:53,553:INFO:Using Kruskal's algorithm for MST weight
2024-04-25 18:07:53,553:INFO:Using Kruskal's algorithm for MST weight
2024-04-25 18:07:53,553:INFO:layer3.1.conv2.weight: Pruned 1078 weights.
2024-04-25 18:07:53,554:INFO:Pruning layer: layer4.1.conv2.weight
2024-04-25 18:07:53,556:INFO:Using Kruskal's algorithm for MST weight
2024-04-25 18:07:53,556:INFO:Using Kruskal's algorithm for MST weight
2024-04-25 18:07:53,556:INFO:Using Kruskal's algorithm for MST weight
2024-04-25 18:07:53,557:INFO:Using Kruskal's algorithm for MST weight
2024-04-25 18:07:53,557:INFO:Using Kruskal's algorithm for MST weight
2024-04-25 18:07:53,557:INFO:Using Kruskal's algorithm for MST weight
2024-04-25 18:07:53,557:INFO:Using Kruskal's algorithm for MST weight
2024-04-25 18:07:53,557:INFO:Using Kruskal's algorithm for MST weight
2024-04-25 18:07:53,558:INFO:Using Kruskal's algorithm for MST weight
2024-04-25 18:07:53,558:INFO:Using Kruskal's algorithm for MST weight
2024-04-25 18:07:53,558:INFO:Using Kruskal's algorithm for MST weight
2024-04-25 18:07:53,558:INFO:Using Kruskal's algorithm for MST weight
2024-04-25 18:07:53,558:INFO:Using Kruskal's algorithm for MST weight
2024-04-25 18:07:53,559:INFO:Using Kruskal's algorithm for MST weight
2024-04-25 18:07:53,559:INFO:Using Kruskal's algorithm for MST weight
2024-04-25 18:07:53,559:INFO:Using Kruskal's algorithm for MST weight
2024-04-25 18:07:53,559:INFO:Using Kruskal's algorithm for MST weight
2024-04-25 18:07:53,559:INFO:Using Kruskal's algorithm for MST weight
2024-04-25 18:07:53,560:INFO:Using Kruskal's algorithm for MST weight
2024-04-25 18:07:53,560:INFO:Using Kruskal's algorithm for MST weight
2024-04-25 18:07:53,560:INFO:Using Kruskal's algorithm for MST weight
2024-04-25 18:07:53,560:INFO:Using Kruskal's algorithm for MST weight
2024-04-25 18:07:53,560:INFO:Using Kruskal's algorithm for MST weight
2024-04-25 18:07:53,561:INFO:Using Kruskal's algorithm for MST weight
2024-04-25 18:07:53,561:INFO:Using Kruskal's algorithm for MST weight
2024-04-25 18:07:53,561:INFO:Using Kruskal's algorithm for MST weight
2024-04-25 18:07:53,561:INFO:Using Kruskal's algorithm for MST weight
2024-04-25 18:07:53,561:INFO:Using Kruskal's algorithm for MST weight
2024-04-25 18:07:53,562:INFO:Using Kruskal's algorithm for MST weight
2024-04-25 18:07:53,562:INFO:Using Kruskal's algorithm for MST weight
2024-04-25 18:07:53,562:INFO:Using Kruskal's algorithm for MST weight
2024-04-25 18:07:53,562:INFO:Using Kruskal's algorithm for MST weight
2024-04-25 18:07:53,562:INFO:Using Kruskal's algorithm for MST weight
2024-04-25 18:07:53,562:INFO:Using Kruskal's algorithm for MST weight
2024-04-25 18:07:53,563:INFO:Using Kruskal's algorithm for MST weight
2024-04-25 18:07:53,563:INFO:Using Kruskal's algorithm for MST weight
2024-04-25 18:07:53,563:INFO:Using Kruskal's algorithm for MST weight
2024-04-25 18:07:53,563:INFO:Using Kruskal's algorithm for MST weight
2024-04-25 18:07:53,564:INFO:Using Kruskal's algorithm for MST weight
2024-04-25 18:07:53,564:INFO:Using Kruskal's algorithm for MST weight
2024-04-25 18:07:53,564:INFO:Using Kruskal's algorithm for MST weight
2024-04-25 18:07:53,564:INFO:Using Kruskal's algorithm for MST weight
2024-04-25 18:07:53,564:INFO:Using Kruskal's algorithm for MST weight
2024-04-25 18:07:53,565:INFO:Using Kruskal's algorithm for MST weight
2024-04-25 18:07:53,565:INFO:Using Kruskal's algorithm for MST weight
2024-04-25 18:07:53,565:INFO:Using Kruskal's algorithm for MST weight
2024-04-25 18:07:53,565:INFO:Using Kruskal's algorithm for MST weight
2024-04-25 18:07:53,566:INFO:Using Kruskal's algorithm for MST weight
2024-04-25 18:07:53,566:INFO:Using Kruskal's algorithm for MST weight
2024-04-25 18:07:53,566:INFO:Using Kruskal's algorithm for MST weight
2024-04-25 18:07:53,566:INFO:Using Kruskal's algorithm for MST weight
2024-04-25 18:07:53,566:INFO:Using Kruskal's algorithm for MST weight
2024-04-25 18:07:53,567:INFO:Using Kruskal's algorithm for MST weight
2024-04-25 18:07:53,567:INFO:Using Kruskal's algorithm for MST weight
2024-04-25 18:07:53,567:INFO:Using Kruskal's algorithm for MST weight
2024-04-25 18:07:53,567:INFO:Using Kruskal's algorithm for MST weight
2024-04-25 18:07:53,567:INFO:Using Kruskal's algorithm for MST weight
2024-04-25 18:07:53,568:INFO:Using Kruskal's algorithm for MST weight
2024-04-25 18:07:53,568:INFO:Using Kruskal's algorithm for MST weight
2024-04-25 18:07:53,568:INFO:Using Kruskal's algorithm for MST weight
2024-04-25 18:07:53,568:INFO:Using Kruskal's algorithm for MST weight
2024-04-25 18:07:53,569:INFO:Using Kruskal's algorithm for MST weight
2024-04-25 18:07:53,569:INFO:Using Kruskal's algorithm for MST weight
2024-04-25 18:07:53,569:INFO:Using Kruskal's algorithm for MST weight
2024-04-25 18:07:53,569:INFO:Using Kruskal's algorithm for MST weight
2024-04-25 18:07:53,569:INFO:Using Kruskal's algorithm for MST weight
2024-04-25 18:07:53,570:INFO:Using Kruskal's algorithm for MST weight
2024-04-25 18:07:53,570:INFO:Using Kruskal's algorithm for MST weight
2024-04-25 18:07:53,570:INFO:Using Kruskal's algorithm for MST weight
2024-04-25 18:07:53,570:INFO:Using Kruskal's algorithm for MST weight
2024-04-25 18:07:53,570:INFO:Using Kruskal's algorithm for MST weight
2024-04-25 18:07:53,570:INFO:Using Kruskal's algorithm for MST weight
2024-04-25 18:07:53,571:INFO:Using Kruskal's algorithm for MST weight
2024-04-25 18:07:53,571:INFO:Using Kruskal's algorithm for MST weight
2024-04-25 18:07:53,571:INFO:Using Kruskal's algorithm for MST weight
2024-04-25 18:07:53,571:INFO:Using Kruskal's algorithm for MST weight
2024-04-25 18:07:53,571:INFO:Using Kruskal's algorithm for MST weight
2024-04-25 18:07:53,572:INFO:Using Kruskal's algorithm for MST weight
2024-04-25 18:07:53,572:INFO:Using Kruskal's algorithm for MST weight
2024-04-25 18:07:53,572:INFO:Using Kruskal's algorithm for MST weight
2024-04-25 18:07:53,572:INFO:Using Kruskal's algorithm for MST weight
2024-04-25 18:07:53,572:INFO:Using Kruskal's algorithm for MST weight
2024-04-25 18:07:53,573:INFO:Using Kruskal's algorithm for MST weight
2024-04-25 18:07:53,573:INFO:Using Kruskal's algorithm for MST weight
2024-04-25 18:07:53,573:INFO:Using Kruskal's algorithm for MST weight
2024-04-25 18:07:53,573:INFO:Using Kruskal's algorithm for MST weight
2024-04-25 18:07:53,574:INFO:Using Kruskal's algorithm for MST weight
2024-04-25 18:07:53,574:INFO:Using Kruskal's algorithm for MST weight
2024-04-25 18:07:53,574:INFO:Using Kruskal's algorithm for MST weight
2024-04-25 18:07:53,574:INFO:Using Kruskal's algorithm for MST weight
2024-04-25 18:07:53,574:INFO:Using Kruskal's algorithm for MST weight
2024-04-25 18:07:53,574:INFO:Using Kruskal's algorithm for MST weight
2024-04-25 18:07:53,575:INFO:Using Kruskal's algorithm for MST weight
2024-04-25 18:07:53,575:INFO:Using Kruskal's algorithm for MST weight
2024-04-25 18:07:53,575:INFO:Using Kruskal's algorithm for MST weight
2024-04-25 18:07:53,575:INFO:Using Kruskal's algorithm for MST weight
2024-04-25 18:07:53,575:INFO:Using Kruskal's algorithm for MST weight
2024-04-25 18:07:53,576:INFO:Using Kruskal's algorithm for MST weight
2024-04-25 18:07:53,576:INFO:Using Kruskal's algorithm for MST weight
2024-04-25 18:07:53,576:INFO:Using Kruskal's algorithm for MST weight
2024-04-25 18:07:53,576:INFO:Using Kruskal's algorithm for MST weight
2024-04-25 18:07:53,576:INFO:Using Kruskal's algorithm for MST weight
2024-04-25 18:07:53,577:INFO:Using Kruskal's algorithm for MST weight
2024-04-25 18:07:53,577:INFO:Using Kruskal's algorithm for MST weight
2024-04-25 18:07:53,577:INFO:Using Kruskal's algorithm for MST weight
2024-04-25 18:07:53,577:INFO:Using Kruskal's algorithm for MST weight
2024-04-25 18:07:53,577:INFO:Using Kruskal's algorithm for MST weight
2024-04-25 18:07:53,578:INFO:Using Kruskal's algorithm for MST weight
2024-04-25 18:07:53,578:INFO:Using Kruskal's algorithm for MST weight
2024-04-25 18:07:53,578:INFO:Using Kruskal's algorithm for MST weight
2024-04-25 18:07:53,578:INFO:Using Kruskal's algorithm for MST weight
2024-04-25 18:07:53,578:INFO:Using Kruskal's algorithm for MST weight
2024-04-25 18:07:53,579:INFO:Using Kruskal's algorithm for MST weight
2024-04-25 18:07:53,579:INFO:Using Kruskal's algorithm for MST weight
2024-04-25 18:07:53,579:INFO:Using Kruskal's algorithm for MST weight
2024-04-25 18:07:53,579:INFO:Using Kruskal's algorithm for MST weight
2024-04-25 18:07:53,579:INFO:Using Kruskal's algorithm for MST weight
2024-04-25 18:07:53,580:INFO:Using Kruskal's algorithm for MST weight
2024-04-25 18:07:53,580:INFO:Using Kruskal's algorithm for MST weight
2024-04-25 18:07:53,580:INFO:Using Kruskal's algorithm for MST weight
2024-04-25 18:07:53,580:INFO:Using Kruskal's algorithm for MST weight
2024-04-25 18:07:53,580:INFO:Using Kruskal's algorithm for MST weight
2024-04-25 18:07:53,581:INFO:Using Kruskal's algorithm for MST weight
2024-04-25 18:07:53,581:INFO:Using Kruskal's algorithm for MST weight
2024-04-25 18:07:53,581:INFO:Using Kruskal's algorithm for MST weight
2024-04-25 18:07:53,581:INFO:Using Kruskal's algorithm for MST weight
2024-04-25 18:07:53,581:INFO:Using Kruskal's algorithm for MST weight
2024-04-25 18:07:53,582:INFO:Using Kruskal's algorithm for MST weight
2024-04-25 18:07:53,582:INFO:Using Kruskal's algorithm for MST weight
2024-04-25 18:07:53,582:INFO:Using Kruskal's algorithm for MST weight
2024-04-25 18:07:53,582:INFO:Using Kruskal's algorithm for MST weight
2024-04-25 18:07:53,582:INFO:Using Kruskal's algorithm for MST weight
2024-04-25 18:07:53,583:INFO:Using Kruskal's algorithm for MST weight
2024-04-25 18:07:53,583:INFO:Using Kruskal's algorithm for MST weight
2024-04-25 18:07:53,583:INFO:Using Kruskal's algorithm for MST weight
2024-04-25 18:07:53,583:INFO:Using Kruskal's algorithm for MST weight
2024-04-25 18:07:53,584:INFO:Using Kruskal's algorithm for MST weight
2024-04-25 18:07:53,584:INFO:Using Kruskal's algorithm for MST weight
2024-04-25 18:07:53,584:INFO:Using Kruskal's algorithm for MST weight
2024-04-25 18:07:53,584:INFO:Using Kruskal's algorithm for MST weight
2024-04-25 18:07:53,585:INFO:Using Kruskal's algorithm for MST weight
2024-04-25 18:07:53,585:INFO:Using Kruskal's algorithm for MST weight
2024-04-25 18:07:53,585:INFO:Using Kruskal's algorithm for MST weight
2024-04-25 18:07:53,585:INFO:Using Kruskal's algorithm for MST weight
2024-04-25 18:07:53,585:INFO:Using Kruskal's algorithm for MST weight
2024-04-25 18:07:53,586:INFO:Using Kruskal's algorithm for MST weight
2024-04-25 18:07:53,586:INFO:Using Kruskal's algorithm for MST weight
2024-04-25 18:07:53,586:INFO:Using Kruskal's algorithm for MST weight
2024-04-25 18:07:53,586:INFO:Using Kruskal's algorithm for MST weight
2024-04-25 18:07:53,586:INFO:Using Kruskal's algorithm for MST weight
2024-04-25 18:07:53,587:INFO:Using Kruskal's algorithm for MST weight
2024-04-25 18:07:53,587:INFO:Using Kruskal's algorithm for MST weight
2024-04-25 18:07:53,587:INFO:Using Kruskal's algorithm for MST weight
2024-04-25 18:07:53,587:INFO:Using Kruskal's algorithm for MST weight
2024-04-25 18:07:53,587:INFO:Using Kruskal's algorithm for MST weight
2024-04-25 18:07:53,588:INFO:Using Kruskal's algorithm for MST weight
2024-04-25 18:07:53,588:INFO:Using Kruskal's algorithm for MST weight
2024-04-25 18:07:53,588:INFO:Using Kruskal's algorithm for MST weight
2024-04-25 18:07:53,588:INFO:Using Kruskal's algorithm for MST weight
2024-04-25 18:07:53,589:INFO:Using Kruskal's algorithm for MST weight
2024-04-25 18:07:53,589:INFO:Using Kruskal's algorithm for MST weight
2024-04-25 18:07:53,589:INFO:Using Kruskal's algorithm for MST weight
2024-04-25 18:07:53,589:INFO:Using Kruskal's algorithm for MST weight
2024-04-25 18:07:53,589:INFO:Using Kruskal's algorithm for MST weight
2024-04-25 18:07:53,590:INFO:Using Kruskal's algorithm for MST weight
2024-04-25 18:07:53,590:INFO:Using Kruskal's algorithm for MST weight
2024-04-25 18:07:53,590:INFO:Using Kruskal's algorithm for MST weight
2024-04-25 18:07:53,590:INFO:Using Kruskal's algorithm for MST weight
2024-04-25 18:07:53,590:INFO:Using Kruskal's algorithm for MST weight
2024-04-25 18:07:53,591:INFO:Using Kruskal's algorithm for MST weight
2024-04-25 18:07:53,591:INFO:Using Kruskal's algorithm for MST weight
2024-04-25 18:07:53,591:INFO:Using Kruskal's algorithm for MST weight
2024-04-25 18:07:53,591:INFO:Using Kruskal's algorithm for MST weight
2024-04-25 18:07:53,591:INFO:Using Kruskal's algorithm for MST weight
2024-04-25 18:07:53,592:INFO:Using Kruskal's algorithm for MST weight
2024-04-25 18:07:53,592:INFO:Using Kruskal's algorithm for MST weight
2024-04-25 18:07:53,592:INFO:Using Kruskal's algorithm for MST weight
2024-04-25 18:07:53,592:INFO:Using Kruskal's algorithm for MST weight
2024-04-25 18:07:53,592:INFO:Using Kruskal's algorithm for MST weight
2024-04-25 18:07:53,593:INFO:Using Kruskal's algorithm for MST weight
2024-04-25 18:07:53,593:INFO:Using Kruskal's algorithm for MST weight
2024-04-25 18:07:53,593:INFO:Using Kruskal's algorithm for MST weight
2024-04-25 18:07:53,593:INFO:Using Kruskal's algorithm for MST weight
2024-04-25 18:07:53,593:INFO:Using Kruskal's algorithm for MST weight
2024-04-25 18:07:53,594:INFO:Using Kruskal's algorithm for MST weight
2024-04-25 18:07:53,594:INFO:Using Kruskal's algorithm for MST weight
2024-04-25 18:07:53,594:INFO:Using Kruskal's algorithm for MST weight
2024-04-25 18:07:53,594:INFO:Using Kruskal's algorithm for MST weight
2024-04-25 18:07:53,594:INFO:Using Kruskal's algorithm for MST weight
2024-04-25 18:07:53,595:INFO:Using Kruskal's algorithm for MST weight
2024-04-25 18:07:53,595:INFO:Using Kruskal's algorithm for MST weight
2024-04-25 18:07:53,595:INFO:Using Kruskal's algorithm for MST weight
2024-04-25 18:07:53,595:INFO:Using Kruskal's algorithm for MST weight
2024-04-25 18:07:53,595:INFO:Using Kruskal's algorithm for MST weight
2024-04-25 18:07:53,596:INFO:Using Kruskal's algorithm for MST weight
2024-04-25 18:07:53,596:INFO:Using Kruskal's algorithm for MST weight
2024-04-25 18:07:53,596:INFO:Using Kruskal's algorithm for MST weight
2024-04-25 18:07:53,596:INFO:Using Kruskal's algorithm for MST weight
2024-04-25 18:07:53,597:INFO:Using Kruskal's algorithm for MST weight
2024-04-25 18:07:53,597:INFO:Using Kruskal's algorithm for MST weight
2024-04-25 18:07:53,597:INFO:Using Kruskal's algorithm for MST weight
2024-04-25 18:07:53,597:INFO:Using Kruskal's algorithm for MST weight
2024-04-25 18:07:53,597:INFO:Using Kruskal's algorithm for MST weight
2024-04-25 18:07:53,598:INFO:Using Kruskal's algorithm for MST weight
2024-04-25 18:07:53,598:INFO:Using Kruskal's algorithm for MST weight
2024-04-25 18:07:53,598:INFO:Using Kruskal's algorithm for MST weight
2024-04-25 18:07:53,598:INFO:Using Kruskal's algorithm for MST weight
2024-04-25 18:07:53,598:INFO:Using Kruskal's algorithm for MST weight
2024-04-25 18:07:53,599:INFO:Using Kruskal's algorithm for MST weight
2024-04-25 18:07:53,599:INFO:Using Kruskal's algorithm for MST weight
2024-04-25 18:07:53,599:INFO:Using Kruskal's algorithm for MST weight
2024-04-25 18:07:53,599:INFO:Using Kruskal's algorithm for MST weight
2024-04-25 18:07:53,600:INFO:Using Kruskal's algorithm for MST weight
2024-04-25 18:07:53,600:INFO:Using Kruskal's algorithm for MST weight
2024-04-25 18:07:53,600:INFO:Using Kruskal's algorithm for MST weight
2024-04-25 18:07:53,600:INFO:Using Kruskal's algorithm for MST weight
2024-04-25 18:07:53,601:INFO:Using Kruskal's algorithm for MST weight
2024-04-25 18:07:53,601:INFO:Using Kruskal's algorithm for MST weight
2024-04-25 18:07:53,601:INFO:Using Kruskal's algorithm for MST weight
2024-04-25 18:07:53,601:INFO:Using Kruskal's algorithm for MST weight
2024-04-25 18:07:53,601:INFO:Using Kruskal's algorithm for MST weight
2024-04-25 18:07:53,602:INFO:Using Kruskal's algorithm for MST weight
2024-04-25 18:07:53,602:INFO:Using Kruskal's algorithm for MST weight
2024-04-25 18:07:53,602:INFO:Using Kruskal's algorithm for MST weight
2024-04-25 18:07:53,602:INFO:Using Kruskal's algorithm for MST weight
2024-04-25 18:07:53,602:INFO:Using Kruskal's algorithm for MST weight
2024-04-25 18:07:53,603:INFO:Using Kruskal's algorithm for MST weight
2024-04-25 18:07:53,603:INFO:Using Kruskal's algorithm for MST weight
2024-04-25 18:07:53,603:INFO:Using Kruskal's algorithm for MST weight
2024-04-25 18:07:53,603:INFO:Using Kruskal's algorithm for MST weight
2024-04-25 18:07:53,603:INFO:Using Kruskal's algorithm for MST weight
2024-04-25 18:07:53,604:INFO:Using Kruskal's algorithm for MST weight
2024-04-25 18:07:53,604:INFO:Using Kruskal's algorithm for MST weight
2024-04-25 18:07:53,604:INFO:Using Kruskal's algorithm for MST weight
2024-04-25 18:07:53,604:INFO:Using Kruskal's algorithm for MST weight
2024-04-25 18:07:53,604:INFO:Using Kruskal's algorithm for MST weight
2024-04-25 18:07:53,605:INFO:Using Kruskal's algorithm for MST weight
2024-04-25 18:07:53,605:INFO:Using Kruskal's algorithm for MST weight
2024-04-25 18:07:53,605:INFO:Using Kruskal's algorithm for MST weight
2024-04-25 18:07:53,605:INFO:Using Kruskal's algorithm for MST weight
2024-04-25 18:07:53,605:INFO:Using Kruskal's algorithm for MST weight
2024-04-25 18:07:53,606:INFO:Using Kruskal's algorithm for MST weight
2024-04-25 18:07:53,606:INFO:Using Kruskal's algorithm for MST weight
2024-04-25 18:07:53,606:INFO:Using Kruskal's algorithm for MST weight
2024-04-25 18:07:53,606:INFO:Using Kruskal's algorithm for MST weight
2024-04-25 18:07:53,606:INFO:Using Kruskal's algorithm for MST weight
2024-04-25 18:07:53,607:INFO:Using Kruskal's algorithm for MST weight
2024-04-25 18:07:53,607:INFO:Using Kruskal's algorithm for MST weight
2024-04-25 18:07:53,607:INFO:Using Kruskal's algorithm for MST weight
2024-04-25 18:07:53,607:INFO:Using Kruskal's algorithm for MST weight
2024-04-25 18:07:53,607:INFO:Using Kruskal's algorithm for MST weight
2024-04-25 18:07:53,607:INFO:Using Kruskal's algorithm for MST weight
2024-04-25 18:07:53,608:INFO:Using Kruskal's algorithm for MST weight
2024-04-25 18:07:53,608:INFO:Using Kruskal's algorithm for MST weight
2024-04-25 18:07:53,608:INFO:Using Kruskal's algorithm for MST weight
2024-04-25 18:07:53,608:INFO:Using Kruskal's algorithm for MST weight
2024-04-25 18:07:53,608:INFO:Using Kruskal's algorithm for MST weight
2024-04-25 18:07:53,609:INFO:Using Kruskal's algorithm for MST weight
2024-04-25 18:07:53,609:INFO:Using Kruskal's algorithm for MST weight
2024-04-25 18:07:53,609:INFO:Using Kruskal's algorithm for MST weight
2024-04-25 18:07:53,609:INFO:Using Kruskal's algorithm for MST weight
2024-04-25 18:07:53,609:INFO:Using Kruskal's algorithm for MST weight
2024-04-25 18:07:53,610:INFO:Using Kruskal's algorithm for MST weight
2024-04-25 18:07:53,610:INFO:Using Kruskal's algorithm for MST weight
2024-04-25 18:07:53,610:INFO:Using Kruskal's algorithm for MST weight
2024-04-25 18:07:53,610:INFO:Using Kruskal's algorithm for MST weight
2024-04-25 18:07:53,610:INFO:Using Kruskal's algorithm for MST weight
2024-04-25 18:07:53,611:INFO:Using Kruskal's algorithm for MST weight
2024-04-25 18:07:53,611:INFO:Using Kruskal's algorithm for MST weight
2024-04-25 18:07:53,611:INFO:Using Kruskal's algorithm for MST weight
2024-04-25 18:07:53,611:INFO:Using Kruskal's algorithm for MST weight
2024-04-25 18:07:53,612:INFO:Using Kruskal's algorithm for MST weight
2024-04-25 18:07:53,612:INFO:Using Kruskal's algorithm for MST weight
2024-04-25 18:07:53,612:INFO:Using Kruskal's algorithm for MST weight
2024-04-25 18:07:53,612:INFO:Using Kruskal's algorithm for MST weight
2024-04-25 18:07:53,612:INFO:Using Kruskal's algorithm for MST weight
2024-04-25 18:07:53,613:INFO:Using Kruskal's algorithm for MST weight
2024-04-25 18:07:53,613:INFO:Using Kruskal's algorithm for MST weight
2024-04-25 18:07:53,613:INFO:Using Kruskal's algorithm for MST weight
2024-04-25 18:07:53,613:INFO:Using Kruskal's algorithm for MST weight
2024-04-25 18:07:53,613:INFO:Using Kruskal's algorithm for MST weight
2024-04-25 18:07:53,614:INFO:Using Kruskal's algorithm for MST weight
2024-04-25 18:07:53,614:INFO:Using Kruskal's algorithm for MST weight
2024-04-25 18:07:53,614:INFO:Using Kruskal's algorithm for MST weight
2024-04-25 18:07:53,614:INFO:Using Kruskal's algorithm for MST weight
2024-04-25 18:07:53,614:INFO:Using Kruskal's algorithm for MST weight
2024-04-25 18:07:53,615:INFO:Using Kruskal's algorithm for MST weight
2024-04-25 18:07:53,615:INFO:Using Kruskal's algorithm for MST weight
2024-04-25 18:07:53,615:INFO:Using Kruskal's algorithm for MST weight
2024-04-25 18:07:53,615:INFO:Using Kruskal's algorithm for MST weight
2024-04-25 18:07:53,615:INFO:Using Kruskal's algorithm for MST weight
2024-04-25 18:07:53,616:INFO:Using Kruskal's algorithm for MST weight
2024-04-25 18:07:53,616:INFO:Using Kruskal's algorithm for MST weight
2024-04-25 18:07:53,616:INFO:Using Kruskal's algorithm for MST weight
2024-04-25 18:07:53,616:INFO:Using Kruskal's algorithm for MST weight
2024-04-25 18:07:53,617:INFO:Using Kruskal's algorithm for MST weight
2024-04-25 18:07:53,617:INFO:Using Kruskal's algorithm for MST weight
2024-04-25 18:07:53,617:INFO:Using Kruskal's algorithm for MST weight
2024-04-25 18:07:53,617:INFO:Using Kruskal's algorithm for MST weight
2024-04-25 18:07:53,617:INFO:Using Kruskal's algorithm for MST weight
2024-04-25 18:07:53,618:INFO:Using Kruskal's algorithm for MST weight
2024-04-25 18:07:53,618:INFO:Using Kruskal's algorithm for MST weight
2024-04-25 18:07:53,618:INFO:Using Kruskal's algorithm for MST weight
2024-04-25 18:07:53,618:INFO:Using Kruskal's algorithm for MST weight
2024-04-25 18:07:53,618:INFO:Using Kruskal's algorithm for MST weight
2024-04-25 18:07:53,619:INFO:Using Kruskal's algorithm for MST weight
2024-04-25 18:07:53,619:INFO:Using Kruskal's algorithm for MST weight
2024-04-25 18:07:53,619:INFO:Using Kruskal's algorithm for MST weight
2024-04-25 18:07:53,619:INFO:Using Kruskal's algorithm for MST weight
2024-04-25 18:07:53,619:INFO:Using Kruskal's algorithm for MST weight
2024-04-25 18:07:53,620:INFO:Using Kruskal's algorithm for MST weight
2024-04-25 18:07:53,620:INFO:Using Kruskal's algorithm for MST weight
2024-04-25 18:07:53,620:INFO:Using Kruskal's algorithm for MST weight
2024-04-25 18:07:53,620:INFO:Using Kruskal's algorithm for MST weight
2024-04-25 18:07:53,621:INFO:Using Kruskal's algorithm for MST weight
2024-04-25 18:07:53,621:INFO:Using Kruskal's algorithm for MST weight
2024-04-25 18:07:53,621:INFO:Using Kruskal's algorithm for MST weight
2024-04-25 18:07:53,621:INFO:Using Kruskal's algorithm for MST weight
2024-04-25 18:07:53,621:INFO:Using Kruskal's algorithm for MST weight
2024-04-25 18:07:53,621:INFO:Using Kruskal's algorithm for MST weight
2024-04-25 18:07:53,622:INFO:Using Kruskal's algorithm for MST weight
2024-04-25 18:07:53,622:INFO:Using Kruskal's algorithm for MST weight
2024-04-25 18:07:53,622:INFO:Using Kruskal's algorithm for MST weight
2024-04-25 18:07:53,622:INFO:Using Kruskal's algorithm for MST weight
2024-04-25 18:07:53,622:INFO:Using Kruskal's algorithm for MST weight
2024-04-25 18:07:53,623:INFO:Using Kruskal's algorithm for MST weight
2024-04-25 18:07:53,623:INFO:Using Kruskal's algorithm for MST weight
2024-04-25 18:07:53,623:INFO:Using Kruskal's algorithm for MST weight
2024-04-25 18:07:53,623:INFO:Using Kruskal's algorithm for MST weight
2024-04-25 18:07:53,623:INFO:Using Kruskal's algorithm for MST weight
2024-04-25 18:07:53,624:INFO:Using Kruskal's algorithm for MST weight
2024-04-25 18:07:53,624:INFO:Using Kruskal's algorithm for MST weight
2024-04-25 18:07:53,624:INFO:Using Kruskal's algorithm for MST weight
2024-04-25 18:07:53,624:INFO:Using Kruskal's algorithm for MST weight
2024-04-25 18:07:53,624:INFO:Using Kruskal's algorithm for MST weight
2024-04-25 18:07:53,625:INFO:Using Kruskal's algorithm for MST weight
2024-04-25 18:07:53,625:INFO:Using Kruskal's algorithm for MST weight
2024-04-25 18:07:53,625:INFO:Using Kruskal's algorithm for MST weight
2024-04-25 18:07:53,625:INFO:Using Kruskal's algorithm for MST weight
2024-04-25 18:07:53,625:INFO:Using Kruskal's algorithm for MST weight
2024-04-25 18:07:53,626:INFO:Using Kruskal's algorithm for MST weight
2024-04-25 18:07:53,626:INFO:Using Kruskal's algorithm for MST weight
2024-04-25 18:07:53,626:INFO:Using Kruskal's algorithm for MST weight
2024-04-25 18:07:53,626:INFO:Using Kruskal's algorithm for MST weight
2024-04-25 18:07:53,626:INFO:Using Kruskal's algorithm for MST weight
2024-04-25 18:07:53,627:INFO:Using Kruskal's algorithm for MST weight
2024-04-25 18:07:53,627:INFO:Using Kruskal's algorithm for MST weight
2024-04-25 18:07:53,627:INFO:Using Kruskal's algorithm for MST weight
2024-04-25 18:07:53,627:INFO:Using Kruskal's algorithm for MST weight
2024-04-25 18:07:53,627:INFO:Using Kruskal's algorithm for MST weight
2024-04-25 18:07:53,628:INFO:Using Kruskal's algorithm for MST weight
2024-04-25 18:07:53,628:INFO:Using Kruskal's algorithm for MST weight
2024-04-25 18:07:53,628:INFO:Using Kruskal's algorithm for MST weight
2024-04-25 18:07:53,628:INFO:Using Kruskal's algorithm for MST weight
2024-04-25 18:07:53,628:INFO:Using Kruskal's algorithm for MST weight
2024-04-25 18:07:53,629:INFO:Using Kruskal's algorithm for MST weight
2024-04-25 18:07:53,629:INFO:Using Kruskal's algorithm for MST weight
2024-04-25 18:07:53,629:INFO:Using Kruskal's algorithm for MST weight
2024-04-25 18:07:53,629:INFO:Using Kruskal's algorithm for MST weight
2024-04-25 18:07:53,629:INFO:Using Kruskal's algorithm for MST weight
2024-04-25 18:07:53,630:INFO:Using Kruskal's algorithm for MST weight
2024-04-25 18:07:53,630:INFO:Using Kruskal's algorithm for MST weight
2024-04-25 18:07:53,630:INFO:Using Kruskal's algorithm for MST weight
2024-04-25 18:07:53,630:INFO:Using Kruskal's algorithm for MST weight
2024-04-25 18:07:53,630:INFO:Using Kruskal's algorithm for MST weight
2024-04-25 18:07:53,630:INFO:Using Kruskal's algorithm for MST weight
2024-04-25 18:07:53,631:INFO:Using Kruskal's algorithm for MST weight
2024-04-25 18:07:53,631:INFO:Using Kruskal's algorithm for MST weight
2024-04-25 18:07:53,631:INFO:Using Kruskal's algorithm for MST weight
2024-04-25 18:07:53,631:INFO:Using Kruskal's algorithm for MST weight
2024-04-25 18:07:53,632:INFO:Using Kruskal's algorithm for MST weight
2024-04-25 18:07:53,632:INFO:Using Kruskal's algorithm for MST weight
2024-04-25 18:07:53,632:INFO:Using Kruskal's algorithm for MST weight
2024-04-25 18:07:53,632:INFO:Using Kruskal's algorithm for MST weight
2024-04-25 18:07:53,632:INFO:Using Kruskal's algorithm for MST weight
2024-04-25 18:07:53,633:INFO:Using Kruskal's algorithm for MST weight
2024-04-25 18:07:53,633:INFO:Using Kruskal's algorithm for MST weight
2024-04-25 18:07:53,633:INFO:Using Kruskal's algorithm for MST weight
2024-04-25 18:07:53,633:INFO:Using Kruskal's algorithm for MST weight
2024-04-25 18:07:53,634:INFO:Using Kruskal's algorithm for MST weight
2024-04-25 18:07:53,634:INFO:Using Kruskal's algorithm for MST weight
2024-04-25 18:07:53,634:INFO:Using Kruskal's algorithm for MST weight
2024-04-25 18:07:53,634:INFO:Using Kruskal's algorithm for MST weight
2024-04-25 18:07:53,634:INFO:Using Kruskal's algorithm for MST weight
2024-04-25 18:07:53,635:INFO:Using Kruskal's algorithm for MST weight
2024-04-25 18:07:53,635:INFO:Using Kruskal's algorithm for MST weight
2024-04-25 18:07:53,635:INFO:Using Kruskal's algorithm for MST weight
2024-04-25 18:07:53,635:INFO:Using Kruskal's algorithm for MST weight
2024-04-25 18:07:53,635:INFO:Using Kruskal's algorithm for MST weight
2024-04-25 18:07:53,636:INFO:Using Kruskal's algorithm for MST weight
2024-04-25 18:07:53,636:INFO:Using Kruskal's algorithm for MST weight
2024-04-25 18:07:53,636:INFO:Using Kruskal's algorithm for MST weight
2024-04-25 18:07:53,636:INFO:Using Kruskal's algorithm for MST weight
2024-04-25 18:07:53,636:INFO:Using Kruskal's algorithm for MST weight
2024-04-25 18:07:53,637:INFO:Using Kruskal's algorithm for MST weight
2024-04-25 18:07:53,637:INFO:Using Kruskal's algorithm for MST weight
2024-04-25 18:07:53,637:INFO:Using Kruskal's algorithm for MST weight
2024-04-25 18:07:53,637:INFO:Using Kruskal's algorithm for MST weight
2024-04-25 18:07:53,637:INFO:Using Kruskal's algorithm for MST weight
2024-04-25 18:07:53,638:INFO:Using Kruskal's algorithm for MST weight
2024-04-25 18:07:53,638:INFO:Using Kruskal's algorithm for MST weight
2024-04-25 18:07:53,638:INFO:Using Kruskal's algorithm for MST weight
2024-04-25 18:07:53,638:INFO:Using Kruskal's algorithm for MST weight
2024-04-25 18:07:53,638:INFO:Using Kruskal's algorithm for MST weight
2024-04-25 18:07:53,639:INFO:Using Kruskal's algorithm for MST weight
2024-04-25 18:07:53,639:INFO:Using Kruskal's algorithm for MST weight
2024-04-25 18:07:53,639:INFO:Using Kruskal's algorithm for MST weight
2024-04-25 18:07:53,639:INFO:Using Kruskal's algorithm for MST weight
2024-04-25 18:07:53,639:INFO:Using Kruskal's algorithm for MST weight
2024-04-25 18:07:53,640:INFO:Using Kruskal's algorithm for MST weight
2024-04-25 18:07:53,640:INFO:Using Kruskal's algorithm for MST weight
2024-04-25 18:07:53,640:INFO:Using Kruskal's algorithm for MST weight
2024-04-25 18:07:53,640:INFO:Using Kruskal's algorithm for MST weight
2024-04-25 18:07:53,640:INFO:Using Kruskal's algorithm for MST weight
2024-04-25 18:07:53,640:INFO:Using Kruskal's algorithm for MST weight
2024-04-25 18:07:53,641:INFO:Using Kruskal's algorithm for MST weight
2024-04-25 18:07:53,641:INFO:Using Kruskal's algorithm for MST weight
2024-04-25 18:07:53,641:INFO:Using Kruskal's algorithm for MST weight
2024-04-25 18:07:53,641:INFO:Using Kruskal's algorithm for MST weight
2024-04-25 18:07:53,641:INFO:Using Kruskal's algorithm for MST weight
2024-04-25 18:07:53,642:INFO:Using Kruskal's algorithm for MST weight
2024-04-25 18:07:53,642:INFO:Using Kruskal's algorithm for MST weight
2024-04-25 18:07:53,642:INFO:Using Kruskal's algorithm for MST weight
2024-04-25 18:07:53,642:INFO:Using Kruskal's algorithm for MST weight
2024-04-25 18:07:53,642:INFO:Using Kruskal's algorithm for MST weight
2024-04-25 18:07:53,643:INFO:Using Kruskal's algorithm for MST weight
2024-04-25 18:07:53,643:INFO:Using Kruskal's algorithm for MST weight
2024-04-25 18:07:53,643:INFO:Using Kruskal's algorithm for MST weight
2024-04-25 18:07:53,643:INFO:Using Kruskal's algorithm for MST weight
2024-04-25 18:07:53,644:INFO:Using Kruskal's algorithm for MST weight
2024-04-25 18:07:53,644:INFO:Using Kruskal's algorithm for MST weight
2024-04-25 18:07:53,644:INFO:Using Kruskal's algorithm for MST weight
2024-04-25 18:07:53,644:INFO:Using Kruskal's algorithm for MST weight
2024-04-25 18:07:53,644:INFO:Using Kruskal's algorithm for MST weight
2024-04-25 18:07:53,644:INFO:Using Kruskal's algorithm for MST weight
2024-04-25 18:07:53,645:INFO:Using Kruskal's algorithm for MST weight
2024-04-25 18:07:53,645:INFO:Using Kruskal's algorithm for MST weight
2024-04-25 18:07:53,645:INFO:Using Kruskal's algorithm for MST weight
2024-04-25 18:07:53,645:INFO:Using Kruskal's algorithm for MST weight
2024-04-25 18:07:53,646:INFO:Using Kruskal's algorithm for MST weight
2024-04-25 18:07:53,646:INFO:Using Kruskal's algorithm for MST weight
2024-04-25 18:07:53,646:INFO:Using Kruskal's algorithm for MST weight
2024-04-25 18:07:53,646:INFO:Using Kruskal's algorithm for MST weight
2024-04-25 18:07:53,646:INFO:Using Kruskal's algorithm for MST weight
2024-04-25 18:07:53,647:INFO:Using Kruskal's algorithm for MST weight
2024-04-25 18:07:53,647:INFO:Using Kruskal's algorithm for MST weight
2024-04-25 18:07:53,647:INFO:Using Kruskal's algorithm for MST weight
2024-04-25 18:07:53,647:INFO:Using Kruskal's algorithm for MST weight
2024-04-25 18:07:53,647:INFO:Using Kruskal's algorithm for MST weight
2024-04-25 18:07:53,648:INFO:Using Kruskal's algorithm for MST weight
2024-04-25 18:07:53,648:INFO:Using Kruskal's algorithm for MST weight
2024-04-25 18:07:53,648:INFO:Using Kruskal's algorithm for MST weight
2024-04-25 18:07:53,648:INFO:Using Kruskal's algorithm for MST weight
2024-04-25 18:07:53,649:INFO:Using Kruskal's algorithm for MST weight
2024-04-25 18:07:53,649:INFO:Using Kruskal's algorithm for MST weight
2024-04-25 18:07:53,649:INFO:Using Kruskal's algorithm for MST weight
2024-04-25 18:07:53,649:INFO:Using Kruskal's algorithm for MST weight
2024-04-25 18:07:53,649:INFO:Using Kruskal's algorithm for MST weight
2024-04-25 18:07:53,650:INFO:Using Kruskal's algorithm for MST weight
2024-04-25 18:07:53,650:INFO:Using Kruskal's algorithm for MST weight
2024-04-25 18:07:53,650:INFO:Using Kruskal's algorithm for MST weight
2024-04-25 18:07:53,650:INFO:Using Kruskal's algorithm for MST weight
2024-04-25 18:07:53,651:INFO:Using Kruskal's algorithm for MST weight
2024-04-25 18:07:53,651:INFO:Using Kruskal's algorithm for MST weight
2024-04-25 18:07:53,651:INFO:Using Kruskal's algorithm for MST weight
2024-04-25 18:07:53,651:INFO:Using Kruskal's algorithm for MST weight
2024-04-25 18:07:53,651:INFO:Using Kruskal's algorithm for MST weight
2024-04-25 18:07:53,652:INFO:Using Kruskal's algorithm for MST weight
2024-04-25 18:07:53,652:INFO:Using Kruskal's algorithm for MST weight
2024-04-25 18:07:53,652:INFO:Using Kruskal's algorithm for MST weight
2024-04-25 18:07:53,652:INFO:Using Kruskal's algorithm for MST weight
2024-04-25 18:07:53,652:INFO:Using Kruskal's algorithm for MST weight
2024-04-25 18:07:53,653:INFO:Using Kruskal's algorithm for MST weight
2024-04-25 18:07:53,653:INFO:Using Kruskal's algorithm for MST weight
2024-04-25 18:07:53,653:INFO:Using Kruskal's algorithm for MST weight
2024-04-25 18:07:53,653:INFO:Using Kruskal's algorithm for MST weight
2024-04-25 18:07:53,653:INFO:Using Kruskal's algorithm for MST weight
2024-04-25 18:07:53,654:INFO:Using Kruskal's algorithm for MST weight
2024-04-25 18:07:53,654:INFO:Using Kruskal's algorithm for MST weight
2024-04-25 18:07:53,654:INFO:Using Kruskal's algorithm for MST weight
2024-04-25 18:07:53,654:INFO:Using Kruskal's algorithm for MST weight
2024-04-25 18:07:53,654:INFO:Using Kruskal's algorithm for MST weight
2024-04-25 18:07:53,655:INFO:Using Kruskal's algorithm for MST weight
2024-04-25 18:07:53,655:INFO:Using Kruskal's algorithm for MST weight
2024-04-25 18:07:53,655:INFO:Using Kruskal's algorithm for MST weight
2024-04-25 18:07:53,655:INFO:Using Kruskal's algorithm for MST weight
2024-04-25 18:07:53,655:INFO:Using Kruskal's algorithm for MST weight
2024-04-25 18:07:53,656:INFO:Using Kruskal's algorithm for MST weight
2024-04-25 18:07:53,656:INFO:Using Kruskal's algorithm for MST weight
2024-04-25 18:07:53,656:INFO:Using Kruskal's algorithm for MST weight
2024-04-25 18:07:53,656:INFO:Using Kruskal's algorithm for MST weight
2024-04-25 18:07:53,656:INFO:Using Kruskal's algorithm for MST weight
2024-04-25 18:07:53,657:INFO:Using Kruskal's algorithm for MST weight
2024-04-25 18:07:53,657:INFO:Using Kruskal's algorithm for MST weight
2024-04-25 18:07:53,657:INFO:Using Kruskal's algorithm for MST weight
2024-04-25 18:07:53,657:INFO:Using Kruskal's algorithm for MST weight
2024-04-25 18:07:53,657:INFO:Using Kruskal's algorithm for MST weight
2024-04-25 18:07:53,658:INFO:Using Kruskal's algorithm for MST weight
2024-04-25 18:07:53,658:INFO:Using Kruskal's algorithm for MST weight
2024-04-25 18:07:53,658:INFO:Using Kruskal's algorithm for MST weight
2024-04-25 18:07:53,658:INFO:Using Kruskal's algorithm for MST weight
2024-04-25 18:07:53,658:INFO:Using Kruskal's algorithm for MST weight
2024-04-25 18:07:53,659:INFO:Using Kruskal's algorithm for MST weight
2024-04-25 18:07:53,659:INFO:Using Kruskal's algorithm for MST weight
2024-04-25 18:07:53,659:INFO:Using Kruskal's algorithm for MST weight
2024-04-25 18:07:53,659:INFO:Using Kruskal's algorithm for MST weight
2024-04-25 18:07:53,659:INFO:Using Kruskal's algorithm for MST weight
2024-04-25 18:07:53,660:INFO:Using Kruskal's algorithm for MST weight
2024-04-25 18:07:53,660:INFO:Using Kruskal's algorithm for MST weight
2024-04-25 18:07:53,660:INFO:Using Kruskal's algorithm for MST weight
2024-04-25 18:07:53,660:INFO:Using Kruskal's algorithm for MST weight
2024-04-25 18:07:53,660:INFO:Using Kruskal's algorithm for MST weight
2024-04-25 18:07:53,660:INFO:layer4.1.conv2.weight: Pruned 2103 weights.
2024-04-25 18:07:53,662:INFO:Total pruned weights in the model: 3991
2024-04-25 18:07:55,987:INFO:Epochs: 20
2024-04-25 18:07:55,987:INFO:Target layers: ['layer1.1.conv2.weight', 'layer2.1.conv2.weight', 'layer3.1.conv2.weight', 'layer4.1.conv2.weight']
2024-04-25 18:07:55,987:INFO:Original Model: Accuracy: 99.27, Inference Time: 2.2918965816497803, FLOPs: 3316369473536.0, Non-zero Params: 11689512
2024-04-25 18:07:55,989:INFO:Pruned Model (prune_model_weights): Accuracy: 97.29, Inference Time: 2.309835910797119, FLOPs: 2854987907072.0, Non-zero Params: 10250856
