2024-04-25 17:05:56,501:INFO:Logging setup complete - logging to: ResNet18/log\2024-04-25-17-05-56.log
2024-04-25 17:05:56,501:INFO:Starting the program
2024-04-25 17:05:56,501:INFO:Arguments: Namespace(dataset='CIFAR10', algorithm='prim', pruning_method='prune_model_filters_by_importance', target_layers=['layer1.1.conv2.weight', 'layer2.1.conv2.weight', 'layer3.1.conv2.weight', 'layer4.1.conv2.weight'], epochs=100)
2024-04-25 17:05:57,583:INFO:Dataset: CIFAR10
2024-04-25 17:06:11,488:INFO:Epoch 1, Loss: 2.055767774581909
2024-04-25 17:06:23,356:INFO:Epoch 2, Loss: 0.7099255919456482
2024-04-25 17:06:35,424:INFO:Epoch 3, Loss: 0.7068539261817932
2024-04-25 17:06:47,530:INFO:Epoch 4, Loss: 0.9064301252365112
2024-04-25 17:06:59,765:INFO:Epoch 5, Loss: 0.20523890852928162
2024-04-25 17:07:11,755:INFO:Epoch 6, Loss: 0.30868279933929443
2024-04-25 17:07:23,708:INFO:Epoch 7, Loss: 0.7654320001602173
2024-04-25 17:07:35,593:INFO:Epoch 8, Loss: 0.5748438835144043
2024-04-25 17:07:47,529:INFO:Epoch 9, Loss: 0.5337105989456177
2024-04-25 17:07:59,517:INFO:Epoch 10, Loss: 1.2219244241714478
2024-04-25 17:08:11,512:INFO:Epoch 11, Loss: 0.827294111251831
2024-04-25 17:08:23,627:INFO:Epoch 12, Loss: 0.35969823598861694
2024-04-25 17:08:36,202:INFO:Epoch 13, Loss: 0.061957504600286484
2024-04-25 17:08:48,600:INFO:Epoch 14, Loss: 0.528917133808136
2024-04-25 17:09:00,759:INFO:Epoch 15, Loss: 0.05198068916797638
2024-04-25 17:09:13,383:INFO:Epoch 16, Loss: 0.5803164839744568
2024-04-25 17:09:25,671:INFO:Epoch 17, Loss: 0.004413409158587456
2024-04-25 17:09:37,869:INFO:Epoch 18, Loss: 1.4960018396377563
2024-04-25 17:09:49,997:INFO:Epoch 19, Loss: 0.48605379462242126
2024-04-25 17:10:02,264:INFO:Epoch 20, Loss: 0.001886108540929854
2024-04-25 17:10:15,207:INFO:Epoch 21, Loss: 0.02965962514281273
2024-04-25 17:10:27,495:INFO:Epoch 22, Loss: 0.2600630223751068
2024-04-25 17:10:40,001:INFO:Epoch 23, Loss: 0.022118577733635902
2024-04-25 17:10:52,062:INFO:Epoch 24, Loss: 0.016976406797766685
2024-04-25 17:11:04,176:INFO:Epoch 25, Loss: 0.17198528349399567
2024-04-25 17:11:16,377:INFO:Epoch 26, Loss: 0.011598912999033928
2024-04-25 17:11:28,804:INFO:Epoch 27, Loss: 0.023215312510728836
2024-04-25 17:11:40,894:INFO:Epoch 28, Loss: 0.15917474031448364
2024-04-25 17:11:53,325:INFO:Epoch 29, Loss: 0.009788415394723415
2024-04-25 17:12:06,067:INFO:Epoch 30, Loss: 0.014754442498087883
2024-04-25 17:12:18,240:INFO:Epoch 31, Loss: 0.31326526403427124
2024-04-25 17:12:30,468:INFO:Epoch 32, Loss: 0.014445421285927296
2024-04-25 17:12:42,430:INFO:Epoch 33, Loss: 0.04712381586432457
2024-04-25 17:12:54,742:INFO:Epoch 34, Loss: 0.0035202486906200647
2024-04-25 17:13:07,021:INFO:Epoch 35, Loss: 0.027215858921408653
2024-04-25 17:13:19,267:INFO:Epoch 36, Loss: 0.14146144688129425
2024-04-25 17:13:31,395:INFO:Epoch 37, Loss: 0.11703658849000931
2024-04-25 17:13:43,900:INFO:Epoch 38, Loss: 0.32367098331451416
2024-04-25 17:13:56,364:INFO:Epoch 39, Loss: 0.280743271112442
2024-04-25 17:14:08,428:INFO:Epoch 40, Loss: 0.0004800113965757191
2024-04-25 17:14:20,108:INFO:Epoch 41, Loss: 0.0002960850833915174
2024-04-25 17:14:31,837:INFO:Epoch 42, Loss: 0.006815038155764341
2024-04-25 17:14:43,522:INFO:Epoch 43, Loss: 0.03774792328476906
2024-04-25 17:14:55,201:INFO:Epoch 44, Loss: 0.00014467124128714204
2024-04-25 17:15:06,912:INFO:Epoch 45, Loss: 0.034262411296367645
2024-04-25 17:15:18,642:INFO:Epoch 46, Loss: 0.03148578479886055
2024-04-25 17:15:30,291:INFO:Epoch 47, Loss: 0.14101338386535645
2024-04-25 17:15:42,140:INFO:Epoch 48, Loss: 0.032906655222177505
2024-04-25 17:15:54,865:INFO:Epoch 49, Loss: 0.0010573494946584105
2024-04-25 17:16:07,492:INFO:Epoch 50, Loss: 0.0020831392612308264
2024-04-25 17:16:19,720:INFO:Epoch 51, Loss: 0.001015598769299686
2024-04-25 17:16:31,976:INFO:Epoch 52, Loss: 0.008003194816410542
2024-04-25 17:16:44,595:INFO:Epoch 53, Loss: 5.0065675168298185e-05
2024-04-25 17:16:57,203:INFO:Epoch 54, Loss: 2.001130451390054e-05
2024-04-25 17:17:09,816:INFO:Epoch 55, Loss: 6.027292329235934e-06
2024-04-25 17:17:21,927:INFO:Epoch 56, Loss: 0.0008770615677349269
2024-04-25 17:17:34,206:INFO:Epoch 57, Loss: 0.0904129147529602
2024-04-25 17:17:46,409:INFO:Epoch 58, Loss: 0.32115134596824646
2024-04-25 17:17:58,561:INFO:Epoch 59, Loss: 6.027289055055007e-05
2024-04-25 17:18:10,540:INFO:Epoch 60, Loss: 0.16853363811969757
2024-04-25 17:18:22,363:INFO:Epoch 61, Loss: 0.2217065393924713
2024-04-25 17:18:34,114:INFO:Epoch 62, Loss: 0.17366717755794525
2024-04-25 17:18:46,084:INFO:Epoch 63, Loss: 0.00019862451881635934
2024-04-25 17:18:58,070:INFO:Epoch 64, Loss: 0.1858547031879425
2024-04-25 17:19:09,868:INFO:Epoch 65, Loss: 0.21059514582157135
2024-04-25 17:19:21,607:INFO:Epoch 66, Loss: 0.023939821869134903
2024-04-25 17:19:33,356:INFO:Epoch 67, Loss: 0.0024586194194853306
2024-04-25 17:19:45,166:INFO:Epoch 68, Loss: 0.036560166627168655
2024-04-25 17:19:57,053:INFO:Epoch 69, Loss: 0.0015449455240741372
2024-04-25 17:20:08,914:INFO:Epoch 70, Loss: 0.005526029970496893
2024-04-25 17:20:21,076:INFO:Epoch 71, Loss: 0.07307320833206177
2024-04-25 17:20:32,764:INFO:Epoch 72, Loss: 0.020769542083144188
2024-04-25 17:20:44,796:INFO:Epoch 73, Loss: 0.01860128343105316
2024-04-25 17:20:57,157:INFO:Epoch 74, Loss: 0.000592117547057569
2024-04-25 17:21:09,486:INFO:Epoch 75, Loss: 0.00019332030205987394
2024-04-25 17:21:21,965:INFO:Epoch 76, Loss: 0.006788254715502262
2024-04-25 17:21:34,379:INFO:Epoch 77, Loss: 0.00015035868273116648
2024-04-25 17:21:46,387:INFO:Epoch 78, Loss: 9.977979061659425e-05
2024-04-25 17:21:58,514:INFO:Epoch 79, Loss: 0.004707040265202522
2024-04-25 17:22:10,510:INFO:Epoch 80, Loss: 0.003065211698412895
2024-04-25 17:22:22,809:INFO:Epoch 81, Loss: 0.000310343224555254
2024-04-25 17:22:35,057:INFO:Epoch 82, Loss: 0.05367584154009819
2024-04-25 17:22:47,257:INFO:Epoch 83, Loss: 0.0012068692594766617
2024-04-25 17:22:59,635:INFO:Epoch 84, Loss: 0.0012235795147717
2024-04-25 17:23:11,806:INFO:Epoch 85, Loss: 0.003449324518442154
2024-04-25 17:23:24,012:INFO:Epoch 86, Loss: 0.2647268772125244
2024-04-25 17:23:36,109:INFO:Epoch 87, Loss: 0.0007020169869065285
2024-04-25 17:23:48,333:INFO:Epoch 88, Loss: 0.4414192736148834
2024-04-25 17:24:00,375:INFO:Epoch 89, Loss: 0.0011845112312585115
2024-04-25 17:24:12,622:INFO:Epoch 90, Loss: 0.10502433031797409
2024-04-25 17:24:24,631:INFO:Epoch 91, Loss: 0.000387749751098454
2024-04-25 17:24:36,586:INFO:Epoch 92, Loss: 0.020787322893738747
2024-04-25 17:24:48,737:INFO:Epoch 93, Loss: 0.010606076568365097
2024-04-25 17:25:00,520:INFO:Epoch 94, Loss: 0.00046609266428276896
2024-04-25 17:25:12,632:INFO:Epoch 95, Loss: 0.0019257140811532736
2024-04-25 17:25:24,529:INFO:Epoch 96, Loss: 0.011262352578341961
2024-04-25 17:25:36,846:INFO:Epoch 97, Loss: 0.0006601926288567483
2024-04-25 17:25:49,043:INFO:Epoch 98, Loss: 0.0013758353888988495
2024-04-25 17:26:01,126:INFO:Epoch 99, Loss: 0.0406707264482975
2024-04-25 17:26:13,185:INFO:Epoch 100, Loss: 0.00023392122238874435
2024-04-25 17:26:15,120:INFO:Pruning layer: layer1.1.conv2.weight
2024-04-25 17:28:43,227:INFO:Using Prim's algorithm for MST filter in layer layer1.1.conv2.weight
2024-04-25 17:28:43,227:INFO:layer1.1.conv2.weight: Pruned 32 filters.
2024-04-25 17:28:43,227:INFO:Pruning layer: layer2.1.conv2.weight
2024-04-25 17:33:35,407:INFO:Using Prim's algorithm for MST filter in layer layer2.1.conv2.weight
2024-04-25 17:33:35,407:INFO:layer2.1.conv2.weight: Pruned 82 filters.
2024-04-25 17:33:35,408:INFO:Pruning layer: layer3.1.conv2.weight
2024-04-25 17:43:23,042:INFO:Using Prim's algorithm for MST filter in layer layer3.1.conv2.weight
2024-04-25 17:43:23,042:INFO:layer3.1.conv2.weight: Pruned 200 filters.
2024-04-25 17:43:23,045:INFO:Pruning layer: layer4.1.conv2.weight
2024-04-25 18:02:26,796:INFO:Using Prim's algorithm for MST filter in layer layer4.1.conv2.weight
2024-04-25 18:02:26,797:INFO:layer4.1.conv2.weight: Pruned 485 filters.
2024-04-25 18:02:26,803:INFO:Total pruned filters in the model: 799
2024-04-25 18:02:29,020:INFO:Epochs: 100
2024-04-25 18:02:29,020:INFO:Target layers: ['layer1.1.conv2.weight', 'layer2.1.conv2.weight', 'layer3.1.conv2.weight', 'layer4.1.conv2.weight']
2024-04-25 18:02:29,021:INFO:Original Model: Accuracy: 76.04, Inference Time: 1.8281145095825195, FLOPs: 3316369473536.0, Non-zero Params: 11689512
2024-04-25 18:02:29,021:INFO:Pruned Model (prune_model_filters_by_importance): Accuracy: 59.66, Inference Time: 2.190150499343872, FLOPs: 2485050294272.0, Non-zero Params: 8880936
