2024-04-25 15:49:49,230:INFO:Logging setup complete - logging to: ResNet18/log\2024-04-25-15-49-49.log
2024-04-25 15:49:49,230:INFO:Starting the program
2024-04-25 15:49:49,230:INFO:Arguments: Namespace(dataset='CIFAR10', algorithm='kruskal', pruning_method='prune_model_filters_by_importance', target_layers=['layer1.1.conv2.weight', 'layer2.1.conv2.weight', 'layer3.1.conv2.weight', 'layer4.1.conv2.weight'], epochs=100)
2024-04-25 15:49:50,373:INFO:Dataset: CIFAR10
2024-04-25 15:50:04,271:INFO:Epoch 1, Loss: 2.5089871883392334
2024-04-25 15:50:16,489:INFO:Epoch 2, Loss: 0.9347413182258606
2024-04-25 15:50:28,518:INFO:Epoch 3, Loss: 0.6581569910049438
2024-04-25 15:50:40,470:INFO:Epoch 4, Loss: 0.5966606736183167
2024-04-25 15:50:52,555:INFO:Epoch 5, Loss: 0.39959871768951416
2024-04-25 15:51:04,470:INFO:Epoch 6, Loss: 0.37533682584762573
2024-04-25 15:51:16,413:INFO:Epoch 7, Loss: 0.8763421177864075
2024-04-25 15:51:28,324:INFO:Epoch 8, Loss: 0.3068189024925232
2024-04-25 15:51:40,314:INFO:Epoch 9, Loss: 0.543478786945343
2024-04-25 15:51:52,277:INFO:Epoch 10, Loss: 0.6523635387420654
2024-04-25 15:52:04,009:INFO:Epoch 11, Loss: 1.3974727392196655
2024-04-25 15:52:15,716:INFO:Epoch 12, Loss: 0.1080319955945015
2024-04-25 15:52:27,582:INFO:Epoch 13, Loss: 0.31267303228378296
2024-04-25 15:52:39,424:INFO:Epoch 14, Loss: 0.3829975724220276
2024-04-25 15:52:51,149:INFO:Epoch 15, Loss: 0.6192646026611328
2024-04-25 15:53:03,034:INFO:Epoch 16, Loss: 0.10334224998950958
2024-04-25 15:53:15,031:INFO:Epoch 17, Loss: 0.021418355405330658
2024-04-25 15:53:26,791:INFO:Epoch 18, Loss: 0.5963196754455566
2024-04-25 15:53:38,667:INFO:Epoch 19, Loss: 0.025163279846310616
2024-04-25 15:53:50,438:INFO:Epoch 20, Loss: 0.00019904179498553276
2024-04-25 15:54:02,232:INFO:Epoch 21, Loss: 0.17447037994861603
2024-04-25 15:54:14,329:INFO:Epoch 22, Loss: 0.7070344686508179
2024-04-25 15:54:26,315:INFO:Epoch 23, Loss: 0.47503897547721863
2024-04-25 15:54:38,339:INFO:Epoch 24, Loss: 0.013933791778981686
2024-04-25 15:54:50,186:INFO:Epoch 25, Loss: 0.42074671387672424
2024-04-25 15:55:02,048:INFO:Epoch 26, Loss: 0.15214550495147705
2024-04-25 15:55:13,820:INFO:Epoch 27, Loss: 0.06677089631557465
2024-04-25 15:55:25,589:INFO:Epoch 28, Loss: 0.04567230865359306
2024-04-25 15:55:37,350:INFO:Epoch 29, Loss: 0.15000198781490326
2024-04-25 15:55:49,133:INFO:Epoch 30, Loss: 0.1569557934999466
2024-04-25 15:56:00,891:INFO:Epoch 31, Loss: 0.04771864786744118
2024-04-25 15:56:12,678:INFO:Epoch 32, Loss: 0.4766096770763397
2024-04-25 15:56:24,435:INFO:Epoch 33, Loss: 0.06721126288175583
2024-04-25 15:56:36,191:INFO:Epoch 34, Loss: 0.38558852672576904
2024-04-25 15:56:47,935:INFO:Epoch 35, Loss: 0.0015136315487325191
2024-04-25 15:56:59,681:INFO:Epoch 36, Loss: 0.07496802508831024
2024-04-25 15:57:11,427:INFO:Epoch 37, Loss: 0.014139916747808456
2024-04-25 15:57:23,190:INFO:Epoch 38, Loss: 0.0015629034023731947
2024-04-25 15:57:34,936:INFO:Epoch 39, Loss: 0.08817792683839798
2024-04-25 15:57:46,744:INFO:Epoch 40, Loss: 0.04271295294165611
2024-04-25 15:57:58,612:INFO:Epoch 41, Loss: 0.007464902941137552
2024-04-25 15:58:10,432:INFO:Epoch 42, Loss: 0.0008530812337994576
2024-04-25 15:58:22,141:INFO:Epoch 43, Loss: 0.002417790936306119
2024-04-25 15:58:33,823:INFO:Epoch 44, Loss: 0.0005521143320947886
2024-04-25 15:58:45,647:INFO:Epoch 45, Loss: 0.07385911792516708
2024-04-25 15:58:57,499:INFO:Epoch 46, Loss: 0.08494044840335846
2024-04-25 15:59:09,194:INFO:Epoch 47, Loss: 0.029936283826828003
2024-04-25 15:59:20,847:INFO:Epoch 48, Loss: 0.0006089206435717642
2024-04-25 15:59:32,500:INFO:Epoch 49, Loss: 0.00022194781922735274
2024-04-25 15:59:44,195:INFO:Epoch 50, Loss: 0.24800559878349304
2024-04-25 15:59:55,904:INFO:Epoch 51, Loss: 0.12384892255067825
2024-04-25 16:00:07,594:INFO:Epoch 52, Loss: 0.01250810269266367
2024-04-25 16:00:19,296:INFO:Epoch 53, Loss: 0.01627626270055771
2024-04-25 16:00:30,999:INFO:Epoch 54, Loss: 3.354938235133886e-05
2024-04-25 16:00:42,694:INFO:Epoch 55, Loss: 0.0007635626825504005
2024-04-25 16:00:54,385:INFO:Epoch 56, Loss: 0.0002134118985850364
2024-04-25 16:01:06,083:INFO:Epoch 57, Loss: 0.10316988825798035
2024-04-25 16:01:17,774:INFO:Epoch 58, Loss: 0.0005072684143669903
2024-04-25 16:01:29,477:INFO:Epoch 59, Loss: 2.9091474061715417e-05
2024-04-25 16:01:41,175:INFO:Epoch 60, Loss: 0.14501813054084778
2024-04-25 16:01:52,870:INFO:Epoch 61, Loss: 0.04745270684361458
2024-04-25 16:02:04,576:INFO:Epoch 62, Loss: 0.009898701682686806
2024-04-25 16:02:16,253:INFO:Epoch 63, Loss: 0.012015152722597122
2024-04-25 16:02:27,928:INFO:Epoch 64, Loss: 0.00033176521537825465
2024-04-25 16:02:39,607:INFO:Epoch 65, Loss: 0.0003023314056918025
2024-04-25 16:02:51,327:INFO:Epoch 66, Loss: 0.16075405478477478
2024-04-25 16:03:03,033:INFO:Epoch 67, Loss: 3.2369469408877194e-05
2024-04-25 16:03:15,286:INFO:Epoch 68, Loss: 0.13108086585998535
2024-04-25 16:03:27,121:INFO:Epoch 69, Loss: 3.594323425204493e-05
2024-04-25 16:03:38,964:INFO:Epoch 70, Loss: 0.017471592873334885
2024-04-25 16:03:50,958:INFO:Epoch 71, Loss: 0.21289031207561493
2024-04-25 16:04:02,965:INFO:Epoch 72, Loss: 0.010279140435159206
2024-04-25 16:04:15,134:INFO:Epoch 73, Loss: 0.0025646076537668705
2024-04-25 16:04:27,040:INFO:Epoch 74, Loss: 0.00872056931257248
2024-04-25 16:04:38,773:INFO:Epoch 75, Loss: 0.0023362194187939167
2024-04-25 16:04:50,508:INFO:Epoch 76, Loss: 0.002667458960786462
2024-04-25 16:05:02,654:INFO:Epoch 77, Loss: 0.008314698003232479
2024-04-25 16:05:15,026:INFO:Epoch 78, Loss: 7.1374915933120064e-06
2024-04-25 16:05:27,386:INFO:Epoch 79, Loss: 0.0006902868626639247
2024-04-25 16:05:39,447:INFO:Epoch 80, Loss: 0.3117639720439911
2024-04-25 16:05:51,322:INFO:Epoch 81, Loss: 0.1756410002708435
2024-04-25 16:06:03,324:INFO:Epoch 82, Loss: 0.00020443130051717162
2024-04-25 16:06:15,181:INFO:Epoch 83, Loss: 0.004740978591144085
2024-04-25 16:06:27,033:INFO:Epoch 84, Loss: 0.0003192252479493618
2024-04-25 16:06:39,007:INFO:Epoch 85, Loss: 0.1984948217868805
2024-04-25 16:06:51,109:INFO:Epoch 86, Loss: 7.219415419967845e-05
2024-04-25 16:07:03,213:INFO:Epoch 87, Loss: 0.001522533013485372
2024-04-25 16:07:15,204:INFO:Epoch 88, Loss: 1.2037765979766846
2024-04-25 16:07:27,225:INFO:Epoch 89, Loss: 0.5256892442703247
2024-04-25 16:07:39,267:INFO:Epoch 90, Loss: 0.17886808514595032
2024-04-25 16:07:51,185:INFO:Epoch 91, Loss: 0.47804754972457886
2024-04-25 16:08:03,140:INFO:Epoch 92, Loss: 0.030796093866229057
2024-04-25 16:08:15,116:INFO:Epoch 93, Loss: 0.12581737339496613
2024-04-25 16:08:27,126:INFO:Epoch 94, Loss: 0.0001295741240028292
2024-04-25 16:08:39,036:INFO:Epoch 95, Loss: 0.052888453006744385
2024-04-25 16:08:50,959:INFO:Epoch 96, Loss: 0.0006824428564868867
2024-04-25 16:09:02,776:INFO:Epoch 97, Loss: 4.1287403291789815e-05
2024-04-25 16:09:14,653:INFO:Epoch 98, Loss: 0.00024913481320254505
2024-04-25 16:09:26,514:INFO:Epoch 99, Loss: 0.008833760395646095
2024-04-25 16:09:38,320:INFO:Epoch 100, Loss: 0.22000251710414886
2024-04-25 16:09:40,241:INFO:Pruning layer: layer1.1.conv2.weight
2024-04-25 16:12:06,091:INFO:Using Kruskal's algorithm for MST filter in layer layer1.1.conv2.weight
2024-04-25 16:12:06,091:INFO:layer1.1.conv2.weight: Pruned 32 filters.
2024-04-25 16:12:06,092:INFO:Pruning layer: layer2.1.conv2.weight
2024-04-25 16:16:54,636:INFO:Using Kruskal's algorithm for MST filter in layer layer2.1.conv2.weight
2024-04-25 16:16:54,637:INFO:layer2.1.conv2.weight: Pruned 92 filters.
2024-04-25 16:16:54,638:INFO:Pruning layer: layer3.1.conv2.weight
2024-04-25 16:26:34,413:INFO:Using Kruskal's algorithm for MST filter in layer layer3.1.conv2.weight
2024-04-25 16:26:34,413:INFO:layer3.1.conv2.weight: Pruned 211 filters.
2024-04-25 16:26:34,417:INFO:Pruning layer: layer4.1.conv2.weight
2024-04-25 16:45:56,531:INFO:Using Kruskal's algorithm for MST filter in layer layer4.1.conv2.weight
2024-04-25 16:45:56,531:INFO:layer4.1.conv2.weight: Pruned 489 filters.
2024-04-25 16:45:56,537:INFO:Total pruned filters in the model: 824
2024-04-25 16:45:58,727:INFO:Epochs: 100
2024-04-25 16:45:58,727:INFO:Target layers: ['layer1.1.conv2.weight', 'layer2.1.conv2.weight', 'layer3.1.conv2.weight', 'layer4.1.conv2.weight']
2024-04-25 16:45:58,728:INFO:Original Model: Accuracy: 76.98, Inference Time: 1.812157154083252, FLOPs: 3316369473536.0, Non-zero Params: 11689512
2024-04-25 16:45:58,728:INFO:Pruned Model (prune_model_filters_by_importance): Accuracy: 65.69, Inference Time: 2.171165943145752, FLOPs: 2459039055872.0, Non-zero Params: 8825640
