2024-04-25 15:29:33,885:INFO:Logging setup complete - logging to: ResNet18/log\2024-04-25-15-29-33.log
2024-04-25 15:29:33,885:INFO:Starting the program
2024-04-25 15:29:33,885:INFO:Arguments: Namespace(dataset='CIFAR10', algorithm='kruskal', pruning_method='prune_model_weights', target_layers=['layer1.1.conv2.weight', 'layer2.1.conv2.weight', 'layer3.1.conv2.weight', 'layer4.1.conv2.weight'], epochs=100)
2024-04-25 15:29:35,105:INFO:Dataset: CIFAR10
2024-04-25 15:29:49,884:INFO:Epoch 1, Loss: 2.3816349506378174
2024-04-25 15:30:02,593:INFO:Epoch 2, Loss: 0.8836406469345093
2024-04-25 15:30:15,276:INFO:Epoch 3, Loss: 0.7615648508071899
2024-04-25 15:30:28,194:INFO:Epoch 4, Loss: 1.0367411375045776
2024-04-25 15:30:40,652:INFO:Epoch 5, Loss: 0.22395488619804382
2024-04-25 15:30:53,054:INFO:Epoch 6, Loss: 0.3406389355659485
2024-04-25 15:31:05,410:INFO:Epoch 7, Loss: 0.9829127788543701
2024-04-25 15:31:17,744:INFO:Epoch 8, Loss: 0.5307350158691406
2024-04-25 15:31:30,063:INFO:Epoch 9, Loss: 0.20285968482494354
2024-04-25 15:31:42,291:INFO:Epoch 10, Loss: 0.9306542873382568
2024-04-25 15:31:54,184:INFO:Epoch 11, Loss: 0.9488710165023804
2024-04-25 15:32:06,030:INFO:Epoch 12, Loss: 0.29098525643348694
2024-04-25 15:32:17,819:INFO:Epoch 13, Loss: 0.3651837408542633
2024-04-25 15:32:29,511:INFO:Epoch 14, Loss: 0.2466202676296234
2024-04-25 15:32:41,178:INFO:Epoch 15, Loss: 0.05409250408411026
2024-04-25 15:32:52,866:INFO:Epoch 16, Loss: 0.6454454660415649
2024-04-25 15:33:05,479:INFO:Epoch 17, Loss: 0.09874387085437775
2024-04-25 15:33:18,155:INFO:Epoch 18, Loss: 0.48103421926498413
2024-04-25 15:33:30,818:INFO:Epoch 19, Loss: 0.0964837446808815
2024-04-25 15:33:43,399:INFO:Epoch 20, Loss: 0.008444118313491344
2024-04-25 15:33:55,952:INFO:Epoch 21, Loss: 0.31054577231407166
2024-04-25 15:34:08,193:INFO:Epoch 22, Loss: 0.05174168199300766
2024-04-25 15:34:20,380:INFO:Epoch 23, Loss: 0.03484706953167915
2024-04-25 15:34:32,407:INFO:Epoch 24, Loss: 0.025286277756094933
2024-04-25 15:34:44,323:INFO:Epoch 25, Loss: 0.004353243391960859
2024-04-25 15:34:56,074:INFO:Epoch 26, Loss: 0.28117406368255615
2024-04-25 15:35:07,935:INFO:Epoch 27, Loss: 0.04491299018263817
2024-04-25 15:35:20,547:INFO:Epoch 28, Loss: 0.017812486737966537
2024-04-25 15:35:32,679:INFO:Epoch 29, Loss: 0.006966885644942522
2024-04-25 15:35:44,756:INFO:Epoch 30, Loss: 0.1491285115480423
2024-04-25 15:35:56,827:INFO:Epoch 31, Loss: 0.1282031089067459
2024-04-25 15:36:09,222:INFO:Epoch 32, Loss: 0.0010510175488889217
2024-04-25 15:36:21,419:INFO:Epoch 33, Loss: 0.11759363114833832
2024-04-25 15:36:33,643:INFO:Epoch 34, Loss: 0.05885382369160652
2024-04-25 15:36:46,105:INFO:Epoch 35, Loss: 0.1060522273182869
2024-04-25 15:36:58,470:INFO:Epoch 36, Loss: 0.0017019461374729872
2024-04-25 15:37:10,340:INFO:Epoch 37, Loss: 0.005413943901658058
2024-04-25 15:37:22,466:INFO:Epoch 38, Loss: 0.09677779674530029
2024-04-25 15:37:34,803:INFO:Epoch 39, Loss: 0.03363116830587387
2024-04-25 15:37:47,144:INFO:Epoch 40, Loss: 0.058947522193193436
2024-04-25 15:37:58,925:INFO:Epoch 41, Loss: 0.0008483394049108028
2024-04-25 15:38:10,833:INFO:Epoch 42, Loss: 0.0009417881956323981
2024-04-25 15:38:22,721:INFO:Epoch 43, Loss: 0.011444629170000553
2024-04-25 15:38:34,477:INFO:Epoch 44, Loss: 0.0006766527658328414
2024-04-25 15:38:46,238:INFO:Epoch 45, Loss: 0.008207172155380249
2024-04-25 15:38:57,977:INFO:Epoch 46, Loss: 0.0467807911336422
2024-04-25 15:39:09,705:INFO:Epoch 47, Loss: 0.3168705999851227
2024-04-25 15:39:21,452:INFO:Epoch 48, Loss: 0.84396892786026
2024-04-25 15:39:33,421:INFO:Epoch 49, Loss: 0.003175808349624276
2024-04-25 15:39:45,390:INFO:Epoch 50, Loss: 0.0027743009850382805
2024-04-25 15:39:57,224:INFO:Epoch 51, Loss: 0.004903232213109732
2024-04-25 15:40:09,088:INFO:Epoch 52, Loss: 0.0008098186808638275
2024-04-25 15:40:20,926:INFO:Epoch 53, Loss: 6.051505988580175e-05
2024-04-25 15:40:32,809:INFO:Epoch 54, Loss: 0.0018262055236846209
2024-04-25 15:40:44,903:INFO:Epoch 55, Loss: 0.00017972689238376915
2024-04-25 15:40:56,966:INFO:Epoch 56, Loss: 0.03244956582784653
2024-04-25 15:41:09,063:INFO:Epoch 57, Loss: 0.3593768775463104
2024-04-25 15:41:21,178:INFO:Epoch 58, Loss: 0.0002726945385802537
2024-04-25 15:41:33,370:INFO:Epoch 59, Loss: 0.0010266884928569198
2024-04-25 15:41:45,399:INFO:Epoch 60, Loss: 0.05007167160511017
2024-04-25 15:41:57,550:INFO:Epoch 61, Loss: 0.0016070237616077065
2024-04-25 15:42:09,573:INFO:Epoch 62, Loss: 0.021146908402442932
2024-04-25 15:42:21,309:INFO:Epoch 63, Loss: 0.005312633700668812
2024-04-25 15:42:33,055:INFO:Epoch 64, Loss: 0.025294490158557892
2024-04-25 15:42:44,814:INFO:Epoch 65, Loss: 0.11101601272821426
2024-04-25 15:42:56,597:INFO:Epoch 66, Loss: 0.13669808208942413
2024-04-25 15:43:08,404:INFO:Epoch 67, Loss: 0.10295037925243378
2024-04-25 15:43:20,173:INFO:Epoch 68, Loss: 0.01185030210763216
2024-04-25 15:43:31,969:INFO:Epoch 69, Loss: 0.005230383947491646
2024-04-25 15:43:43,720:INFO:Epoch 70, Loss: 0.21753324568271637
2024-04-25 15:43:55,776:INFO:Epoch 71, Loss: 0.2101498544216156
2024-04-25 15:44:07,863:INFO:Epoch 72, Loss: 0.00037970286211930215
2024-04-25 15:44:19,800:INFO:Epoch 73, Loss: 0.05556245520710945
2024-04-25 15:44:31,675:INFO:Epoch 74, Loss: 0.0004892643191851676
2024-04-25 15:44:43,830:INFO:Epoch 75, Loss: 3.32868003170006e-05
2024-04-25 15:44:56,130:INFO:Epoch 76, Loss: 0.007664566859602928
2024-04-25 15:45:08,392:INFO:Epoch 77, Loss: 0.00578954117372632
2024-04-25 15:45:20,620:INFO:Epoch 78, Loss: 0.012783517129719257
2024-04-25 15:45:32,768:INFO:Epoch 79, Loss: 0.0009611676796339452
2024-04-25 15:45:45,024:INFO:Epoch 80, Loss: 3.3710872230585665e-05
2024-04-25 15:45:57,186:INFO:Epoch 81, Loss: 1.2724952284770552e-05
2024-04-25 15:46:09,184:INFO:Epoch 82, Loss: 0.003276942064985633
2024-04-25 15:46:21,072:INFO:Epoch 83, Loss: 0.001206796383485198
2024-04-25 15:46:32,893:INFO:Epoch 84, Loss: 0.0003453836543485522
2024-04-25 15:46:44,720:INFO:Epoch 85, Loss: 0.5984172224998474
2024-04-25 15:46:56,776:INFO:Epoch 86, Loss: 9.456286352360621e-05
2024-04-25 15:47:08,597:INFO:Epoch 87, Loss: 4.7006909881019965e-05
2024-04-25 15:47:20,474:INFO:Epoch 88, Loss: 0.08838581293821335
2024-04-25 15:47:32,235:INFO:Epoch 89, Loss: 0.07707110792398453
2024-04-25 15:47:44,032:INFO:Epoch 90, Loss: 0.335429310798645
2024-04-25 15:47:55,799:INFO:Epoch 91, Loss: 0.004243300762027502
2024-04-25 15:48:07,599:INFO:Epoch 92, Loss: 0.0019657001830637455
2024-04-25 15:48:19,367:INFO:Epoch 93, Loss: 0.0020089882891625166
2024-04-25 15:48:31,130:INFO:Epoch 94, Loss: 0.0020163911394774914
2024-04-25 15:48:42,985:INFO:Epoch 95, Loss: 0.0014519240939989686
2024-04-25 15:48:55,026:INFO:Epoch 96, Loss: 4.902436103293439e-06
2024-04-25 15:49:06,820:INFO:Epoch 97, Loss: 0.000597747100982815
2024-04-25 15:49:18,867:INFO:Epoch 98, Loss: 0.0004724078462459147
2024-04-25 15:49:30,935:INFO:Epoch 99, Loss: 0.06304313242435455
2024-04-25 15:49:42,872:INFO:Epoch 100, Loss: 7.452791032847017e-05
2024-04-25 15:49:44,750:INFO:Pruning layer: layer1.1.conv2.weight
2024-04-25 15:49:44,751:INFO:Using Kruskal's algorithm for MST weight
2024-04-25 15:49:44,751:INFO:Using Kruskal's algorithm for MST weight
2024-04-25 15:49:44,751:INFO:Using Kruskal's algorithm for MST weight
2024-04-25 15:49:44,751:INFO:Using Kruskal's algorithm for MST weight
2024-04-25 15:49:44,752:INFO:Using Kruskal's algorithm for MST weight
2024-04-25 15:49:44,752:INFO:Using Kruskal's algorithm for MST weight
2024-04-25 15:49:44,752:INFO:Using Kruskal's algorithm for MST weight
2024-04-25 15:49:44,752:INFO:Using Kruskal's algorithm for MST weight
2024-04-25 15:49:44,752:INFO:Using Kruskal's algorithm for MST weight
2024-04-25 15:49:44,753:INFO:Using Kruskal's algorithm for MST weight
2024-04-25 15:49:44,753:INFO:Using Kruskal's algorithm for MST weight
2024-04-25 15:49:44,753:INFO:Using Kruskal's algorithm for MST weight
2024-04-25 15:49:44,753:INFO:Using Kruskal's algorithm for MST weight
2024-04-25 15:49:44,754:INFO:Using Kruskal's algorithm for MST weight
2024-04-25 15:49:44,754:INFO:Using Kruskal's algorithm for MST weight
2024-04-25 15:49:44,754:INFO:Using Kruskal's algorithm for MST weight
2024-04-25 15:49:44,754:INFO:Using Kruskal's algorithm for MST weight
2024-04-25 15:49:44,754:INFO:Using Kruskal's algorithm for MST weight
2024-04-25 15:49:44,755:INFO:Using Kruskal's algorithm for MST weight
2024-04-25 15:49:44,755:INFO:Using Kruskal's algorithm for MST weight
2024-04-25 15:49:44,755:INFO:Using Kruskal's algorithm for MST weight
2024-04-25 15:49:44,755:INFO:Using Kruskal's algorithm for MST weight
2024-04-25 15:49:44,755:INFO:Using Kruskal's algorithm for MST weight
2024-04-25 15:49:44,756:INFO:Using Kruskal's algorithm for MST weight
2024-04-25 15:49:44,756:INFO:Using Kruskal's algorithm for MST weight
2024-04-25 15:49:44,756:INFO:Using Kruskal's algorithm for MST weight
2024-04-25 15:49:44,756:INFO:Using Kruskal's algorithm for MST weight
2024-04-25 15:49:44,756:INFO:Using Kruskal's algorithm for MST weight
2024-04-25 15:49:44,756:INFO:Using Kruskal's algorithm for MST weight
2024-04-25 15:49:44,757:INFO:Using Kruskal's algorithm for MST weight
2024-04-25 15:49:44,757:INFO:Using Kruskal's algorithm for MST weight
2024-04-25 15:49:44,757:INFO:Using Kruskal's algorithm for MST weight
2024-04-25 15:49:44,757:INFO:Using Kruskal's algorithm for MST weight
2024-04-25 15:49:44,757:INFO:Using Kruskal's algorithm for MST weight
2024-04-25 15:49:44,758:INFO:Using Kruskal's algorithm for MST weight
2024-04-25 15:49:44,758:INFO:Using Kruskal's algorithm for MST weight
2024-04-25 15:49:44,758:INFO:Using Kruskal's algorithm for MST weight
2024-04-25 15:49:44,758:INFO:Using Kruskal's algorithm for MST weight
2024-04-25 15:49:44,758:INFO:Using Kruskal's algorithm for MST weight
2024-04-25 15:49:44,759:INFO:Using Kruskal's algorithm for MST weight
2024-04-25 15:49:44,759:INFO:Using Kruskal's algorithm for MST weight
2024-04-25 15:49:44,759:INFO:Using Kruskal's algorithm for MST weight
2024-04-25 15:49:44,759:INFO:Using Kruskal's algorithm for MST weight
2024-04-25 15:49:44,759:INFO:Using Kruskal's algorithm for MST weight
2024-04-25 15:49:44,760:INFO:Using Kruskal's algorithm for MST weight
2024-04-25 15:49:44,760:INFO:Using Kruskal's algorithm for MST weight
2024-04-25 15:49:44,760:INFO:Using Kruskal's algorithm for MST weight
2024-04-25 15:49:44,760:INFO:Using Kruskal's algorithm for MST weight
2024-04-25 15:49:44,760:INFO:Using Kruskal's algorithm for MST weight
2024-04-25 15:49:44,760:INFO:Using Kruskal's algorithm for MST weight
2024-04-25 15:49:44,761:INFO:Using Kruskal's algorithm for MST weight
2024-04-25 15:49:44,761:INFO:Using Kruskal's algorithm for MST weight
2024-04-25 15:49:44,761:INFO:Using Kruskal's algorithm for MST weight
2024-04-25 15:49:44,761:INFO:Using Kruskal's algorithm for MST weight
2024-04-25 15:49:44,761:INFO:Using Kruskal's algorithm for MST weight
2024-04-25 15:49:44,762:INFO:Using Kruskal's algorithm for MST weight
2024-04-25 15:49:44,762:INFO:Using Kruskal's algorithm for MST weight
2024-04-25 15:49:44,762:INFO:Using Kruskal's algorithm for MST weight
2024-04-25 15:49:44,762:INFO:Using Kruskal's algorithm for MST weight
2024-04-25 15:49:44,762:INFO:Using Kruskal's algorithm for MST weight
2024-04-25 15:49:44,763:INFO:Using Kruskal's algorithm for MST weight
2024-04-25 15:49:44,763:INFO:Using Kruskal's algorithm for MST weight
2024-04-25 15:49:44,763:INFO:Using Kruskal's algorithm for MST weight
2024-04-25 15:49:44,763:INFO:Using Kruskal's algorithm for MST weight
2024-04-25 15:49:44,763:INFO:layer1.1.conv2.weight: Pruned 229 weights.
2024-04-25 15:49:44,763:INFO:Pruning layer: layer2.1.conv2.weight
2024-04-25 15:49:44,764:INFO:Using Kruskal's algorithm for MST weight
2024-04-25 15:49:44,764:INFO:Using Kruskal's algorithm for MST weight
2024-04-25 15:49:44,764:INFO:Using Kruskal's algorithm for MST weight
2024-04-25 15:49:44,764:INFO:Using Kruskal's algorithm for MST weight
2024-04-25 15:49:44,765:INFO:Using Kruskal's algorithm for MST weight
2024-04-25 15:49:44,765:INFO:Using Kruskal's algorithm for MST weight
2024-04-25 15:49:44,765:INFO:Using Kruskal's algorithm for MST weight
2024-04-25 15:49:44,765:INFO:Using Kruskal's algorithm for MST weight
2024-04-25 15:49:44,765:INFO:Using Kruskal's algorithm for MST weight
2024-04-25 15:49:44,765:INFO:Using Kruskal's algorithm for MST weight
2024-04-25 15:49:44,766:INFO:Using Kruskal's algorithm for MST weight
2024-04-25 15:49:44,766:INFO:Using Kruskal's algorithm for MST weight
2024-04-25 15:49:44,766:INFO:Using Kruskal's algorithm for MST weight
2024-04-25 15:49:44,766:INFO:Using Kruskal's algorithm for MST weight
2024-04-25 15:49:44,766:INFO:Using Kruskal's algorithm for MST weight
2024-04-25 15:49:44,767:INFO:Using Kruskal's algorithm for MST weight
2024-04-25 15:49:44,767:INFO:Using Kruskal's algorithm for MST weight
2024-04-25 15:49:44,767:INFO:Using Kruskal's algorithm for MST weight
2024-04-25 15:49:44,767:INFO:Using Kruskal's algorithm for MST weight
2024-04-25 15:49:44,767:INFO:Using Kruskal's algorithm for MST weight
2024-04-25 15:49:44,768:INFO:Using Kruskal's algorithm for MST weight
2024-04-25 15:49:44,768:INFO:Using Kruskal's algorithm for MST weight
2024-04-25 15:49:44,768:INFO:Using Kruskal's algorithm for MST weight
2024-04-25 15:49:44,768:INFO:Using Kruskal's algorithm for MST weight
2024-04-25 15:49:44,768:INFO:Using Kruskal's algorithm for MST weight
2024-04-25 15:49:44,769:INFO:Using Kruskal's algorithm for MST weight
2024-04-25 15:49:44,769:INFO:Using Kruskal's algorithm for MST weight
2024-04-25 15:49:44,769:INFO:Using Kruskal's algorithm for MST weight
2024-04-25 15:49:44,769:INFO:Using Kruskal's algorithm for MST weight
2024-04-25 15:49:44,769:INFO:Using Kruskal's algorithm for MST weight
2024-04-25 15:49:44,770:INFO:Using Kruskal's algorithm for MST weight
2024-04-25 15:49:44,770:INFO:Using Kruskal's algorithm for MST weight
2024-04-25 15:49:44,770:INFO:Using Kruskal's algorithm for MST weight
2024-04-25 15:49:44,770:INFO:Using Kruskal's algorithm for MST weight
2024-04-25 15:49:44,770:INFO:Using Kruskal's algorithm for MST weight
2024-04-25 15:49:44,770:INFO:Using Kruskal's algorithm for MST weight
2024-04-25 15:49:44,771:INFO:Using Kruskal's algorithm for MST weight
2024-04-25 15:49:44,771:INFO:Using Kruskal's algorithm for MST weight
2024-04-25 15:49:44,771:INFO:Using Kruskal's algorithm for MST weight
2024-04-25 15:49:44,771:INFO:Using Kruskal's algorithm for MST weight
2024-04-25 15:49:44,771:INFO:Using Kruskal's algorithm for MST weight
2024-04-25 15:49:44,772:INFO:Using Kruskal's algorithm for MST weight
2024-04-25 15:49:44,772:INFO:Using Kruskal's algorithm for MST weight
2024-04-25 15:49:44,772:INFO:Using Kruskal's algorithm for MST weight
2024-04-25 15:49:44,772:INFO:Using Kruskal's algorithm for MST weight
2024-04-25 15:49:44,772:INFO:Using Kruskal's algorithm for MST weight
2024-04-25 15:49:44,772:INFO:Using Kruskal's algorithm for MST weight
2024-04-25 15:49:44,773:INFO:Using Kruskal's algorithm for MST weight
2024-04-25 15:49:44,773:INFO:Using Kruskal's algorithm for MST weight
2024-04-25 15:49:44,773:INFO:Using Kruskal's algorithm for MST weight
2024-04-25 15:49:44,773:INFO:Using Kruskal's algorithm for MST weight
2024-04-25 15:49:44,773:INFO:Using Kruskal's algorithm for MST weight
2024-04-25 15:49:44,774:INFO:Using Kruskal's algorithm for MST weight
2024-04-25 15:49:44,774:INFO:Using Kruskal's algorithm for MST weight
2024-04-25 15:49:44,774:INFO:Using Kruskal's algorithm for MST weight
2024-04-25 15:49:44,774:INFO:Using Kruskal's algorithm for MST weight
2024-04-25 15:49:44,774:INFO:Using Kruskal's algorithm for MST weight
2024-04-25 15:49:44,775:INFO:Using Kruskal's algorithm for MST weight
2024-04-25 15:49:44,775:INFO:Using Kruskal's algorithm for MST weight
2024-04-25 15:49:44,775:INFO:Using Kruskal's algorithm for MST weight
2024-04-25 15:49:44,775:INFO:Using Kruskal's algorithm for MST weight
2024-04-25 15:49:44,775:INFO:Using Kruskal's algorithm for MST weight
2024-04-25 15:49:44,776:INFO:Using Kruskal's algorithm for MST weight
2024-04-25 15:49:44,776:INFO:Using Kruskal's algorithm for MST weight
2024-04-25 15:49:44,776:INFO:Using Kruskal's algorithm for MST weight
2024-04-25 15:49:44,776:INFO:Using Kruskal's algorithm for MST weight
2024-04-25 15:49:44,776:INFO:Using Kruskal's algorithm for MST weight
2024-04-25 15:49:44,777:INFO:Using Kruskal's algorithm for MST weight
2024-04-25 15:49:44,777:INFO:Using Kruskal's algorithm for MST weight
2024-04-25 15:49:44,777:INFO:Using Kruskal's algorithm for MST weight
2024-04-25 15:49:44,777:INFO:Using Kruskal's algorithm for MST weight
2024-04-25 15:49:44,777:INFO:Using Kruskal's algorithm for MST weight
2024-04-25 15:49:44,778:INFO:Using Kruskal's algorithm for MST weight
2024-04-25 15:49:44,778:INFO:Using Kruskal's algorithm for MST weight
2024-04-25 15:49:44,778:INFO:Using Kruskal's algorithm for MST weight
2024-04-25 15:49:44,778:INFO:Using Kruskal's algorithm for MST weight
2024-04-25 15:49:44,778:INFO:Using Kruskal's algorithm for MST weight
2024-04-25 15:49:44,779:INFO:Using Kruskal's algorithm for MST weight
2024-04-25 15:49:44,779:INFO:Using Kruskal's algorithm for MST weight
2024-04-25 15:49:44,779:INFO:Using Kruskal's algorithm for MST weight
2024-04-25 15:49:44,779:INFO:Using Kruskal's algorithm for MST weight
2024-04-25 15:49:44,779:INFO:Using Kruskal's algorithm for MST weight
2024-04-25 15:49:44,779:INFO:Using Kruskal's algorithm for MST weight
2024-04-25 15:49:44,780:INFO:Using Kruskal's algorithm for MST weight
2024-04-25 15:49:44,780:INFO:Using Kruskal's algorithm for MST weight
2024-04-25 15:49:44,780:INFO:Using Kruskal's algorithm for MST weight
2024-04-25 15:49:44,780:INFO:Using Kruskal's algorithm for MST weight
2024-04-25 15:49:44,780:INFO:Using Kruskal's algorithm for MST weight
2024-04-25 15:49:44,781:INFO:Using Kruskal's algorithm for MST weight
2024-04-25 15:49:44,781:INFO:Using Kruskal's algorithm for MST weight
2024-04-25 15:49:44,781:INFO:Using Kruskal's algorithm for MST weight
2024-04-25 15:49:44,781:INFO:Using Kruskal's algorithm for MST weight
2024-04-25 15:49:44,781:INFO:Using Kruskal's algorithm for MST weight
2024-04-25 15:49:44,782:INFO:Using Kruskal's algorithm for MST weight
2024-04-25 15:49:44,782:INFO:Using Kruskal's algorithm for MST weight
2024-04-25 15:49:44,782:INFO:Using Kruskal's algorithm for MST weight
2024-04-25 15:49:44,782:INFO:Using Kruskal's algorithm for MST weight
2024-04-25 15:49:44,782:INFO:Using Kruskal's algorithm for MST weight
2024-04-25 15:49:44,782:INFO:Using Kruskal's algorithm for MST weight
2024-04-25 15:49:44,783:INFO:Using Kruskal's algorithm for MST weight
2024-04-25 15:49:44,783:INFO:Using Kruskal's algorithm for MST weight
2024-04-25 15:49:44,783:INFO:Using Kruskal's algorithm for MST weight
2024-04-25 15:49:44,783:INFO:Using Kruskal's algorithm for MST weight
2024-04-25 15:49:44,783:INFO:Using Kruskal's algorithm for MST weight
2024-04-25 15:49:44,784:INFO:Using Kruskal's algorithm for MST weight
2024-04-25 15:49:44,784:INFO:Using Kruskal's algorithm for MST weight
2024-04-25 15:49:44,784:INFO:Using Kruskal's algorithm for MST weight
2024-04-25 15:49:44,784:INFO:Using Kruskal's algorithm for MST weight
2024-04-25 15:49:44,784:INFO:Using Kruskal's algorithm for MST weight
2024-04-25 15:49:44,785:INFO:Using Kruskal's algorithm for MST weight
2024-04-25 15:49:44,785:INFO:Using Kruskal's algorithm for MST weight
2024-04-25 15:49:44,785:INFO:Using Kruskal's algorithm for MST weight
2024-04-25 15:49:44,785:INFO:Using Kruskal's algorithm for MST weight
2024-04-25 15:49:44,785:INFO:Using Kruskal's algorithm for MST weight
2024-04-25 15:49:44,786:INFO:Using Kruskal's algorithm for MST weight
2024-04-25 15:49:44,786:INFO:Using Kruskal's algorithm for MST weight
2024-04-25 15:49:44,786:INFO:Using Kruskal's algorithm for MST weight
2024-04-25 15:49:44,786:INFO:Using Kruskal's algorithm for MST weight
2024-04-25 15:49:44,786:INFO:Using Kruskal's algorithm for MST weight
2024-04-25 15:49:44,786:INFO:Using Kruskal's algorithm for MST weight
2024-04-25 15:49:44,787:INFO:Using Kruskal's algorithm for MST weight
2024-04-25 15:49:44,787:INFO:Using Kruskal's algorithm for MST weight
2024-04-25 15:49:44,787:INFO:Using Kruskal's algorithm for MST weight
2024-04-25 15:49:44,787:INFO:Using Kruskal's algorithm for MST weight
2024-04-25 15:49:44,788:INFO:Using Kruskal's algorithm for MST weight
2024-04-25 15:49:44,788:INFO:Using Kruskal's algorithm for MST weight
2024-04-25 15:49:44,788:INFO:Using Kruskal's algorithm for MST weight
2024-04-25 15:49:44,788:INFO:Using Kruskal's algorithm for MST weight
2024-04-25 15:49:44,788:INFO:layer2.1.conv2.weight: Pruned 496 weights.
2024-04-25 15:49:44,788:INFO:Pruning layer: layer3.1.conv2.weight
2024-04-25 15:49:44,789:INFO:Using Kruskal's algorithm for MST weight
2024-04-25 15:49:44,789:INFO:Using Kruskal's algorithm for MST weight
2024-04-25 15:49:44,789:INFO:Using Kruskal's algorithm for MST weight
2024-04-25 15:49:44,790:INFO:Using Kruskal's algorithm for MST weight
2024-04-25 15:49:44,790:INFO:Using Kruskal's algorithm for MST weight
2024-04-25 15:49:44,790:INFO:Using Kruskal's algorithm for MST weight
2024-04-25 15:49:44,790:INFO:Using Kruskal's algorithm for MST weight
2024-04-25 15:49:44,790:INFO:Using Kruskal's algorithm for MST weight
2024-04-25 15:49:44,791:INFO:Using Kruskal's algorithm for MST weight
2024-04-25 15:49:44,791:INFO:Using Kruskal's algorithm for MST weight
2024-04-25 15:49:44,791:INFO:Using Kruskal's algorithm for MST weight
2024-04-25 15:49:44,791:INFO:Using Kruskal's algorithm for MST weight
2024-04-25 15:49:44,791:INFO:Using Kruskal's algorithm for MST weight
2024-04-25 15:49:44,792:INFO:Using Kruskal's algorithm for MST weight
2024-04-25 15:49:44,792:INFO:Using Kruskal's algorithm for MST weight
2024-04-25 15:49:44,792:INFO:Using Kruskal's algorithm for MST weight
2024-04-25 15:49:44,792:INFO:Using Kruskal's algorithm for MST weight
2024-04-25 15:49:44,792:INFO:Using Kruskal's algorithm for MST weight
2024-04-25 15:49:44,793:INFO:Using Kruskal's algorithm for MST weight
2024-04-25 15:49:44,793:INFO:Using Kruskal's algorithm for MST weight
2024-04-25 15:49:44,793:INFO:Using Kruskal's algorithm for MST weight
2024-04-25 15:49:44,793:INFO:Using Kruskal's algorithm for MST weight
2024-04-25 15:49:44,793:INFO:Using Kruskal's algorithm for MST weight
2024-04-25 15:49:44,794:INFO:Using Kruskal's algorithm for MST weight
2024-04-25 15:49:44,794:INFO:Using Kruskal's algorithm for MST weight
2024-04-25 15:49:44,794:INFO:Using Kruskal's algorithm for MST weight
2024-04-25 15:49:44,794:INFO:Using Kruskal's algorithm for MST weight
2024-04-25 15:49:44,794:INFO:Using Kruskal's algorithm for MST weight
2024-04-25 15:49:44,795:INFO:Using Kruskal's algorithm for MST weight
2024-04-25 15:49:44,795:INFO:Using Kruskal's algorithm for MST weight
2024-04-25 15:49:44,795:INFO:Using Kruskal's algorithm for MST weight
2024-04-25 15:49:44,795:INFO:Using Kruskal's algorithm for MST weight
2024-04-25 15:49:44,795:INFO:Using Kruskal's algorithm for MST weight
2024-04-25 15:49:44,795:INFO:Using Kruskal's algorithm for MST weight
2024-04-25 15:49:44,796:INFO:Using Kruskal's algorithm for MST weight
2024-04-25 15:49:44,796:INFO:Using Kruskal's algorithm for MST weight
2024-04-25 15:49:44,796:INFO:Using Kruskal's algorithm for MST weight
2024-04-25 15:49:44,796:INFO:Using Kruskal's algorithm for MST weight
2024-04-25 15:49:44,796:INFO:Using Kruskal's algorithm for MST weight
2024-04-25 15:49:44,797:INFO:Using Kruskal's algorithm for MST weight
2024-04-25 15:49:44,797:INFO:Using Kruskal's algorithm for MST weight
2024-04-25 15:49:44,797:INFO:Using Kruskal's algorithm for MST weight
2024-04-25 15:49:44,797:INFO:Using Kruskal's algorithm for MST weight
2024-04-25 15:49:44,797:INFO:Using Kruskal's algorithm for MST weight
2024-04-25 15:49:44,798:INFO:Using Kruskal's algorithm for MST weight
2024-04-25 15:49:44,798:INFO:Using Kruskal's algorithm for MST weight
2024-04-25 15:49:44,798:INFO:Using Kruskal's algorithm for MST weight
2024-04-25 15:49:44,798:INFO:Using Kruskal's algorithm for MST weight
2024-04-25 15:49:44,798:INFO:Using Kruskal's algorithm for MST weight
2024-04-25 15:49:44,799:INFO:Using Kruskal's algorithm for MST weight
2024-04-25 15:49:44,799:INFO:Using Kruskal's algorithm for MST weight
2024-04-25 15:49:44,799:INFO:Using Kruskal's algorithm for MST weight
2024-04-25 15:49:44,799:INFO:Using Kruskal's algorithm for MST weight
2024-04-25 15:49:44,800:INFO:Using Kruskal's algorithm for MST weight
2024-04-25 15:49:44,800:INFO:Using Kruskal's algorithm for MST weight
2024-04-25 15:49:44,800:INFO:Using Kruskal's algorithm for MST weight
2024-04-25 15:49:44,800:INFO:Using Kruskal's algorithm for MST weight
2024-04-25 15:49:44,800:INFO:Using Kruskal's algorithm for MST weight
2024-04-25 15:49:44,801:INFO:Using Kruskal's algorithm for MST weight
2024-04-25 15:49:44,801:INFO:Using Kruskal's algorithm for MST weight
2024-04-25 15:49:44,801:INFO:Using Kruskal's algorithm for MST weight
2024-04-25 15:49:44,801:INFO:Using Kruskal's algorithm for MST weight
2024-04-25 15:49:44,801:INFO:Using Kruskal's algorithm for MST weight
2024-04-25 15:49:44,802:INFO:Using Kruskal's algorithm for MST weight
2024-04-25 15:49:44,802:INFO:Using Kruskal's algorithm for MST weight
2024-04-25 15:49:44,802:INFO:Using Kruskal's algorithm for MST weight
2024-04-25 15:49:44,802:INFO:Using Kruskal's algorithm for MST weight
2024-04-25 15:49:44,802:INFO:Using Kruskal's algorithm for MST weight
2024-04-25 15:49:44,802:INFO:Using Kruskal's algorithm for MST weight
2024-04-25 15:49:44,803:INFO:Using Kruskal's algorithm for MST weight
2024-04-25 15:49:44,803:INFO:Using Kruskal's algorithm for MST weight
2024-04-25 15:49:44,803:INFO:Using Kruskal's algorithm for MST weight
2024-04-25 15:49:44,803:INFO:Using Kruskal's algorithm for MST weight
2024-04-25 15:49:44,803:INFO:Using Kruskal's algorithm for MST weight
2024-04-25 15:49:44,804:INFO:Using Kruskal's algorithm for MST weight
2024-04-25 15:49:44,804:INFO:Using Kruskal's algorithm for MST weight
2024-04-25 15:49:44,804:INFO:Using Kruskal's algorithm for MST weight
2024-04-25 15:49:44,804:INFO:Using Kruskal's algorithm for MST weight
2024-04-25 15:49:44,804:INFO:Using Kruskal's algorithm for MST weight
2024-04-25 15:49:44,805:INFO:Using Kruskal's algorithm for MST weight
2024-04-25 15:49:44,805:INFO:Using Kruskal's algorithm for MST weight
2024-04-25 15:49:44,805:INFO:Using Kruskal's algorithm for MST weight
2024-04-25 15:49:44,805:INFO:Using Kruskal's algorithm for MST weight
2024-04-25 15:49:44,805:INFO:Using Kruskal's algorithm for MST weight
2024-04-25 15:49:44,806:INFO:Using Kruskal's algorithm for MST weight
2024-04-25 15:49:44,806:INFO:Using Kruskal's algorithm for MST weight
2024-04-25 15:49:44,806:INFO:Using Kruskal's algorithm for MST weight
2024-04-25 15:49:44,806:INFO:Using Kruskal's algorithm for MST weight
2024-04-25 15:49:44,806:INFO:Using Kruskal's algorithm for MST weight
2024-04-25 15:49:44,806:INFO:Using Kruskal's algorithm for MST weight
2024-04-25 15:49:44,807:INFO:Using Kruskal's algorithm for MST weight
2024-04-25 15:49:44,807:INFO:Using Kruskal's algorithm for MST weight
2024-04-25 15:49:44,807:INFO:Using Kruskal's algorithm for MST weight
2024-04-25 15:49:44,807:INFO:Using Kruskal's algorithm for MST weight
2024-04-25 15:49:44,807:INFO:Using Kruskal's algorithm for MST weight
2024-04-25 15:49:44,808:INFO:Using Kruskal's algorithm for MST weight
2024-04-25 15:49:44,808:INFO:Using Kruskal's algorithm for MST weight
2024-04-25 15:49:44,808:INFO:Using Kruskal's algorithm for MST weight
2024-04-25 15:49:44,808:INFO:Using Kruskal's algorithm for MST weight
2024-04-25 15:49:44,808:INFO:Using Kruskal's algorithm for MST weight
2024-04-25 15:49:44,809:INFO:Using Kruskal's algorithm for MST weight
2024-04-25 15:49:44,809:INFO:Using Kruskal's algorithm for MST weight
2024-04-25 15:49:44,809:INFO:Using Kruskal's algorithm for MST weight
2024-04-25 15:49:44,809:INFO:Using Kruskal's algorithm for MST weight
2024-04-25 15:49:44,809:INFO:Using Kruskal's algorithm for MST weight
2024-04-25 15:49:44,810:INFO:Using Kruskal's algorithm for MST weight
2024-04-25 15:49:44,810:INFO:Using Kruskal's algorithm for MST weight
2024-04-25 15:49:44,810:INFO:Using Kruskal's algorithm for MST weight
2024-04-25 15:49:44,810:INFO:Using Kruskal's algorithm for MST weight
2024-04-25 15:49:44,810:INFO:Using Kruskal's algorithm for MST weight
2024-04-25 15:49:44,811:INFO:Using Kruskal's algorithm for MST weight
2024-04-25 15:49:44,811:INFO:Using Kruskal's algorithm for MST weight
2024-04-25 15:49:44,811:INFO:Using Kruskal's algorithm for MST weight
2024-04-25 15:49:44,811:INFO:Using Kruskal's algorithm for MST weight
2024-04-25 15:49:44,811:INFO:Using Kruskal's algorithm for MST weight
2024-04-25 15:49:44,811:INFO:Using Kruskal's algorithm for MST weight
2024-04-25 15:49:44,812:INFO:Using Kruskal's algorithm for MST weight
2024-04-25 15:49:44,812:INFO:Using Kruskal's algorithm for MST weight
2024-04-25 15:49:44,812:INFO:Using Kruskal's algorithm for MST weight
2024-04-25 15:49:44,812:INFO:Using Kruskal's algorithm for MST weight
2024-04-25 15:49:44,812:INFO:Using Kruskal's algorithm for MST weight
2024-04-25 15:49:44,813:INFO:Using Kruskal's algorithm for MST weight
2024-04-25 15:49:44,813:INFO:Using Kruskal's algorithm for MST weight
2024-04-25 15:49:44,813:INFO:Using Kruskal's algorithm for MST weight
2024-04-25 15:49:44,813:INFO:Using Kruskal's algorithm for MST weight
2024-04-25 15:49:44,813:INFO:Using Kruskal's algorithm for MST weight
2024-04-25 15:49:44,814:INFO:Using Kruskal's algorithm for MST weight
2024-04-25 15:49:44,814:INFO:Using Kruskal's algorithm for MST weight
2024-04-25 15:49:44,814:INFO:Using Kruskal's algorithm for MST weight
2024-04-25 15:49:44,814:INFO:Using Kruskal's algorithm for MST weight
2024-04-25 15:49:44,814:INFO:Using Kruskal's algorithm for MST weight
2024-04-25 15:49:44,815:INFO:Using Kruskal's algorithm for MST weight
2024-04-25 15:49:44,815:INFO:Using Kruskal's algorithm for MST weight
2024-04-25 15:49:44,815:INFO:Using Kruskal's algorithm for MST weight
2024-04-25 15:49:44,815:INFO:Using Kruskal's algorithm for MST weight
2024-04-25 15:49:44,816:INFO:Using Kruskal's algorithm for MST weight
2024-04-25 15:49:44,816:INFO:Using Kruskal's algorithm for MST weight
2024-04-25 15:49:44,816:INFO:Using Kruskal's algorithm for MST weight
2024-04-25 15:49:44,816:INFO:Using Kruskal's algorithm for MST weight
2024-04-25 15:49:44,816:INFO:Using Kruskal's algorithm for MST weight
2024-04-25 15:49:44,817:INFO:Using Kruskal's algorithm for MST weight
2024-04-25 15:49:44,817:INFO:Using Kruskal's algorithm for MST weight
2024-04-25 15:49:44,817:INFO:Using Kruskal's algorithm for MST weight
2024-04-25 15:49:44,817:INFO:Using Kruskal's algorithm for MST weight
2024-04-25 15:49:44,817:INFO:Using Kruskal's algorithm for MST weight
2024-04-25 15:49:44,818:INFO:Using Kruskal's algorithm for MST weight
2024-04-25 15:49:44,818:INFO:Using Kruskal's algorithm for MST weight
2024-04-25 15:49:44,818:INFO:Using Kruskal's algorithm for MST weight
2024-04-25 15:49:44,818:INFO:Using Kruskal's algorithm for MST weight
2024-04-25 15:49:44,818:INFO:Using Kruskal's algorithm for MST weight
2024-04-25 15:49:44,819:INFO:Using Kruskal's algorithm for MST weight
2024-04-25 15:49:44,819:INFO:Using Kruskal's algorithm for MST weight
2024-04-25 15:49:44,819:INFO:Using Kruskal's algorithm for MST weight
2024-04-25 15:49:44,819:INFO:Using Kruskal's algorithm for MST weight
2024-04-25 15:49:44,819:INFO:Using Kruskal's algorithm for MST weight
2024-04-25 15:49:44,819:INFO:Using Kruskal's algorithm for MST weight
2024-04-25 15:49:44,820:INFO:Using Kruskal's algorithm for MST weight
2024-04-25 15:49:44,820:INFO:Using Kruskal's algorithm for MST weight
2024-04-25 15:49:44,820:INFO:Using Kruskal's algorithm for MST weight
2024-04-25 15:49:44,820:INFO:Using Kruskal's algorithm for MST weight
2024-04-25 15:49:44,821:INFO:Using Kruskal's algorithm for MST weight
2024-04-25 15:49:44,821:INFO:Using Kruskal's algorithm for MST weight
2024-04-25 15:49:44,821:INFO:Using Kruskal's algorithm for MST weight
2024-04-25 15:49:44,821:INFO:Using Kruskal's algorithm for MST weight
2024-04-25 15:49:44,821:INFO:Using Kruskal's algorithm for MST weight
2024-04-25 15:49:44,821:INFO:Using Kruskal's algorithm for MST weight
2024-04-25 15:49:44,822:INFO:Using Kruskal's algorithm for MST weight
2024-04-25 15:49:44,822:INFO:Using Kruskal's algorithm for MST weight
2024-04-25 15:49:44,822:INFO:Using Kruskal's algorithm for MST weight
2024-04-25 15:49:44,822:INFO:Using Kruskal's algorithm for MST weight
2024-04-25 15:49:44,822:INFO:Using Kruskal's algorithm for MST weight
2024-04-25 15:49:44,823:INFO:Using Kruskal's algorithm for MST weight
2024-04-25 15:49:44,823:INFO:Using Kruskal's algorithm for MST weight
2024-04-25 15:49:44,823:INFO:Using Kruskal's algorithm for MST weight
2024-04-25 15:49:44,823:INFO:Using Kruskal's algorithm for MST weight
2024-04-25 15:49:44,823:INFO:Using Kruskal's algorithm for MST weight
2024-04-25 15:49:44,824:INFO:Using Kruskal's algorithm for MST weight
2024-04-25 15:49:44,824:INFO:Using Kruskal's algorithm for MST weight
2024-04-25 15:49:44,824:INFO:Using Kruskal's algorithm for MST weight
2024-04-25 15:49:44,824:INFO:Using Kruskal's algorithm for MST weight
2024-04-25 15:49:44,824:INFO:Using Kruskal's algorithm for MST weight
2024-04-25 15:49:44,825:INFO:Using Kruskal's algorithm for MST weight
2024-04-25 15:49:44,825:INFO:Using Kruskal's algorithm for MST weight
2024-04-25 15:49:44,825:INFO:Using Kruskal's algorithm for MST weight
2024-04-25 15:49:44,825:INFO:Using Kruskal's algorithm for MST weight
2024-04-25 15:49:44,825:INFO:Using Kruskal's algorithm for MST weight
2024-04-25 15:49:44,826:INFO:Using Kruskal's algorithm for MST weight
2024-04-25 15:49:44,826:INFO:Using Kruskal's algorithm for MST weight
2024-04-25 15:49:44,826:INFO:Using Kruskal's algorithm for MST weight
2024-04-25 15:49:44,826:INFO:Using Kruskal's algorithm for MST weight
2024-04-25 15:49:44,826:INFO:Using Kruskal's algorithm for MST weight
2024-04-25 15:49:44,826:INFO:Using Kruskal's algorithm for MST weight
2024-04-25 15:49:44,827:INFO:Using Kruskal's algorithm for MST weight
2024-04-25 15:49:44,827:INFO:Using Kruskal's algorithm for MST weight
2024-04-25 15:49:44,827:INFO:Using Kruskal's algorithm for MST weight
2024-04-25 15:49:44,827:INFO:Using Kruskal's algorithm for MST weight
2024-04-25 15:49:44,827:INFO:Using Kruskal's algorithm for MST weight
2024-04-25 15:49:44,828:INFO:Using Kruskal's algorithm for MST weight
2024-04-25 15:49:44,828:INFO:Using Kruskal's algorithm for MST weight
2024-04-25 15:49:44,828:INFO:Using Kruskal's algorithm for MST weight
2024-04-25 15:49:44,828:INFO:Using Kruskal's algorithm for MST weight
2024-04-25 15:49:44,828:INFO:Using Kruskal's algorithm for MST weight
2024-04-25 15:49:44,829:INFO:Using Kruskal's algorithm for MST weight
2024-04-25 15:49:44,829:INFO:Using Kruskal's algorithm for MST weight
2024-04-25 15:49:44,829:INFO:Using Kruskal's algorithm for MST weight
2024-04-25 15:49:44,829:INFO:Using Kruskal's algorithm for MST weight
2024-04-25 15:49:44,829:INFO:Using Kruskal's algorithm for MST weight
2024-04-25 15:49:44,830:INFO:Using Kruskal's algorithm for MST weight
2024-04-25 15:49:44,830:INFO:Using Kruskal's algorithm for MST weight
2024-04-25 15:49:44,830:INFO:Using Kruskal's algorithm for MST weight
2024-04-25 15:49:44,830:INFO:Using Kruskal's algorithm for MST weight
2024-04-25 15:49:44,830:INFO:Using Kruskal's algorithm for MST weight
2024-04-25 15:49:44,831:INFO:Using Kruskal's algorithm for MST weight
2024-04-25 15:49:44,831:INFO:Using Kruskal's algorithm for MST weight
2024-04-25 15:49:44,831:INFO:Using Kruskal's algorithm for MST weight
2024-04-25 15:49:44,831:INFO:Using Kruskal's algorithm for MST weight
2024-04-25 15:49:44,831:INFO:Using Kruskal's algorithm for MST weight
2024-04-25 15:49:44,832:INFO:Using Kruskal's algorithm for MST weight
2024-04-25 15:49:44,832:INFO:Using Kruskal's algorithm for MST weight
2024-04-25 15:49:44,832:INFO:Using Kruskal's algorithm for MST weight
2024-04-25 15:49:44,832:INFO:Using Kruskal's algorithm for MST weight
2024-04-25 15:49:44,832:INFO:Using Kruskal's algorithm for MST weight
2024-04-25 15:49:44,832:INFO:Using Kruskal's algorithm for MST weight
2024-04-25 15:49:44,833:INFO:Using Kruskal's algorithm for MST weight
2024-04-25 15:49:44,833:INFO:Using Kruskal's algorithm for MST weight
2024-04-25 15:49:44,833:INFO:Using Kruskal's algorithm for MST weight
2024-04-25 15:49:44,833:INFO:Using Kruskal's algorithm for MST weight
2024-04-25 15:49:44,833:INFO:Using Kruskal's algorithm for MST weight
2024-04-25 15:49:44,834:INFO:Using Kruskal's algorithm for MST weight
2024-04-25 15:49:44,834:INFO:Using Kruskal's algorithm for MST weight
2024-04-25 15:49:44,834:INFO:Using Kruskal's algorithm for MST weight
2024-04-25 15:49:44,834:INFO:Using Kruskal's algorithm for MST weight
2024-04-25 15:49:44,834:INFO:Using Kruskal's algorithm for MST weight
2024-04-25 15:49:44,835:INFO:Using Kruskal's algorithm for MST weight
2024-04-25 15:49:44,835:INFO:Using Kruskal's algorithm for MST weight
2024-04-25 15:49:44,835:INFO:Using Kruskal's algorithm for MST weight
2024-04-25 15:49:44,835:INFO:Using Kruskal's algorithm for MST weight
2024-04-25 15:49:44,835:INFO:Using Kruskal's algorithm for MST weight
2024-04-25 15:49:44,836:INFO:Using Kruskal's algorithm for MST weight
2024-04-25 15:49:44,836:INFO:Using Kruskal's algorithm for MST weight
2024-04-25 15:49:44,836:INFO:Using Kruskal's algorithm for MST weight
2024-04-25 15:49:44,836:INFO:Using Kruskal's algorithm for MST weight
2024-04-25 15:49:44,836:INFO:Using Kruskal's algorithm for MST weight
2024-04-25 15:49:44,837:INFO:Using Kruskal's algorithm for MST weight
2024-04-25 15:49:44,837:INFO:Using Kruskal's algorithm for MST weight
2024-04-25 15:49:44,837:INFO:Using Kruskal's algorithm for MST weight
2024-04-25 15:49:44,837:INFO:Using Kruskal's algorithm for MST weight
2024-04-25 15:49:44,837:INFO:Using Kruskal's algorithm for MST weight
2024-04-25 15:49:44,838:INFO:Using Kruskal's algorithm for MST weight
2024-04-25 15:49:44,838:INFO:Using Kruskal's algorithm for MST weight
2024-04-25 15:49:44,838:INFO:Using Kruskal's algorithm for MST weight
2024-04-25 15:49:44,838:INFO:Using Kruskal's algorithm for MST weight
2024-04-25 15:49:44,838:INFO:Using Kruskal's algorithm for MST weight
2024-04-25 15:49:44,838:INFO:Using Kruskal's algorithm for MST weight
2024-04-25 15:49:44,839:INFO:Using Kruskal's algorithm for MST weight
2024-04-25 15:49:44,839:INFO:Using Kruskal's algorithm for MST weight
2024-04-25 15:49:44,839:INFO:layer3.1.conv2.weight: Pruned 964 weights.
2024-04-25 15:49:44,839:INFO:Pruning layer: layer4.1.conv2.weight
2024-04-25 15:49:44,842:INFO:Using Kruskal's algorithm for MST weight
2024-04-25 15:49:44,842:INFO:Using Kruskal's algorithm for MST weight
2024-04-25 15:49:44,842:INFO:Using Kruskal's algorithm for MST weight
2024-04-25 15:49:44,842:INFO:Using Kruskal's algorithm for MST weight
2024-04-25 15:49:44,842:INFO:Using Kruskal's algorithm for MST weight
2024-04-25 15:49:44,843:INFO:Using Kruskal's algorithm for MST weight
2024-04-25 15:49:44,843:INFO:Using Kruskal's algorithm for MST weight
2024-04-25 15:49:44,843:INFO:Using Kruskal's algorithm for MST weight
2024-04-25 15:49:44,843:INFO:Using Kruskal's algorithm for MST weight
2024-04-25 15:49:44,843:INFO:Using Kruskal's algorithm for MST weight
2024-04-25 15:49:44,844:INFO:Using Kruskal's algorithm for MST weight
2024-04-25 15:49:44,844:INFO:Using Kruskal's algorithm for MST weight
2024-04-25 15:49:44,844:INFO:Using Kruskal's algorithm for MST weight
2024-04-25 15:49:44,844:INFO:Using Kruskal's algorithm for MST weight
2024-04-25 15:49:44,844:INFO:Using Kruskal's algorithm for MST weight
2024-04-25 15:49:44,845:INFO:Using Kruskal's algorithm for MST weight
2024-04-25 15:49:44,845:INFO:Using Kruskal's algorithm for MST weight
2024-04-25 15:49:44,845:INFO:Using Kruskal's algorithm for MST weight
2024-04-25 15:49:44,845:INFO:Using Kruskal's algorithm for MST weight
2024-04-25 15:49:44,846:INFO:Using Kruskal's algorithm for MST weight
2024-04-25 15:49:44,846:INFO:Using Kruskal's algorithm for MST weight
2024-04-25 15:49:44,846:INFO:Using Kruskal's algorithm for MST weight
2024-04-25 15:49:44,846:INFO:Using Kruskal's algorithm for MST weight
2024-04-25 15:49:44,846:INFO:Using Kruskal's algorithm for MST weight
2024-04-25 15:49:44,847:INFO:Using Kruskal's algorithm for MST weight
2024-04-25 15:49:44,847:INFO:Using Kruskal's algorithm for MST weight
2024-04-25 15:49:44,847:INFO:Using Kruskal's algorithm for MST weight
2024-04-25 15:49:44,847:INFO:Using Kruskal's algorithm for MST weight
2024-04-25 15:49:44,847:INFO:Using Kruskal's algorithm for MST weight
2024-04-25 15:49:44,848:INFO:Using Kruskal's algorithm for MST weight
2024-04-25 15:49:44,848:INFO:Using Kruskal's algorithm for MST weight
2024-04-25 15:49:44,848:INFO:Using Kruskal's algorithm for MST weight
2024-04-25 15:49:44,848:INFO:Using Kruskal's algorithm for MST weight
2024-04-25 15:49:44,848:INFO:Using Kruskal's algorithm for MST weight
2024-04-25 15:49:44,849:INFO:Using Kruskal's algorithm for MST weight
2024-04-25 15:49:44,849:INFO:Using Kruskal's algorithm for MST weight
2024-04-25 15:49:44,849:INFO:Using Kruskal's algorithm for MST weight
2024-04-25 15:49:44,849:INFO:Using Kruskal's algorithm for MST weight
2024-04-25 15:49:44,849:INFO:Using Kruskal's algorithm for MST weight
2024-04-25 15:49:44,850:INFO:Using Kruskal's algorithm for MST weight
2024-04-25 15:49:44,850:INFO:Using Kruskal's algorithm for MST weight
2024-04-25 15:49:44,850:INFO:Using Kruskal's algorithm for MST weight
2024-04-25 15:49:44,850:INFO:Using Kruskal's algorithm for MST weight
2024-04-25 15:49:44,850:INFO:Using Kruskal's algorithm for MST weight
2024-04-25 15:49:44,851:INFO:Using Kruskal's algorithm for MST weight
2024-04-25 15:49:44,851:INFO:Using Kruskal's algorithm for MST weight
2024-04-25 15:49:44,851:INFO:Using Kruskal's algorithm for MST weight
2024-04-25 15:49:44,851:INFO:Using Kruskal's algorithm for MST weight
2024-04-25 15:49:44,851:INFO:Using Kruskal's algorithm for MST weight
2024-04-25 15:49:44,852:INFO:Using Kruskal's algorithm for MST weight
2024-04-25 15:49:44,852:INFO:Using Kruskal's algorithm for MST weight
2024-04-25 15:49:44,852:INFO:Using Kruskal's algorithm for MST weight
2024-04-25 15:49:44,852:INFO:Using Kruskal's algorithm for MST weight
2024-04-25 15:49:44,852:INFO:Using Kruskal's algorithm for MST weight
2024-04-25 15:49:44,853:INFO:Using Kruskal's algorithm for MST weight
2024-04-25 15:49:44,853:INFO:Using Kruskal's algorithm for MST weight
2024-04-25 15:49:44,853:INFO:Using Kruskal's algorithm for MST weight
2024-04-25 15:49:44,853:INFO:Using Kruskal's algorithm for MST weight
2024-04-25 15:49:44,853:INFO:Using Kruskal's algorithm for MST weight
2024-04-25 15:49:44,854:INFO:Using Kruskal's algorithm for MST weight
2024-04-25 15:49:44,854:INFO:Using Kruskal's algorithm for MST weight
2024-04-25 15:49:44,854:INFO:Using Kruskal's algorithm for MST weight
2024-04-25 15:49:44,854:INFO:Using Kruskal's algorithm for MST weight
2024-04-25 15:49:44,854:INFO:Using Kruskal's algorithm for MST weight
2024-04-25 15:49:44,855:INFO:Using Kruskal's algorithm for MST weight
2024-04-25 15:49:44,855:INFO:Using Kruskal's algorithm for MST weight
2024-04-25 15:49:44,855:INFO:Using Kruskal's algorithm for MST weight
2024-04-25 15:49:44,855:INFO:Using Kruskal's algorithm for MST weight
2024-04-25 15:49:44,855:INFO:Using Kruskal's algorithm for MST weight
2024-04-25 15:49:44,856:INFO:Using Kruskal's algorithm for MST weight
2024-04-25 15:49:44,856:INFO:Using Kruskal's algorithm for MST weight
2024-04-25 15:49:44,856:INFO:Using Kruskal's algorithm for MST weight
2024-04-25 15:49:44,856:INFO:Using Kruskal's algorithm for MST weight
2024-04-25 15:49:44,856:INFO:Using Kruskal's algorithm for MST weight
2024-04-25 15:49:44,857:INFO:Using Kruskal's algorithm for MST weight
2024-04-25 15:49:44,857:INFO:Using Kruskal's algorithm for MST weight
2024-04-25 15:49:44,857:INFO:Using Kruskal's algorithm for MST weight
2024-04-25 15:49:44,857:INFO:Using Kruskal's algorithm for MST weight
2024-04-25 15:49:44,857:INFO:Using Kruskal's algorithm for MST weight
2024-04-25 15:49:44,858:INFO:Using Kruskal's algorithm for MST weight
2024-04-25 15:49:44,858:INFO:Using Kruskal's algorithm for MST weight
2024-04-25 15:49:44,858:INFO:Using Kruskal's algorithm for MST weight
2024-04-25 15:49:44,858:INFO:Using Kruskal's algorithm for MST weight
2024-04-25 15:49:44,858:INFO:Using Kruskal's algorithm for MST weight
2024-04-25 15:49:44,859:INFO:Using Kruskal's algorithm for MST weight
2024-04-25 15:49:44,859:INFO:Using Kruskal's algorithm for MST weight
2024-04-25 15:49:44,859:INFO:Using Kruskal's algorithm for MST weight
2024-04-25 15:49:44,859:INFO:Using Kruskal's algorithm for MST weight
2024-04-25 15:49:44,859:INFO:Using Kruskal's algorithm for MST weight
2024-04-25 15:49:44,860:INFO:Using Kruskal's algorithm for MST weight
2024-04-25 15:49:44,860:INFO:Using Kruskal's algorithm for MST weight
2024-04-25 15:49:44,860:INFO:Using Kruskal's algorithm for MST weight
2024-04-25 15:49:44,860:INFO:Using Kruskal's algorithm for MST weight
2024-04-25 15:49:44,860:INFO:Using Kruskal's algorithm for MST weight
2024-04-25 15:49:44,861:INFO:Using Kruskal's algorithm for MST weight
2024-04-25 15:49:44,861:INFO:Using Kruskal's algorithm for MST weight
2024-04-25 15:49:44,861:INFO:Using Kruskal's algorithm for MST weight
2024-04-25 15:49:44,861:INFO:Using Kruskal's algorithm for MST weight
2024-04-25 15:49:44,862:INFO:Using Kruskal's algorithm for MST weight
2024-04-25 15:49:44,862:INFO:Using Kruskal's algorithm for MST weight
2024-04-25 15:49:44,862:INFO:Using Kruskal's algorithm for MST weight
2024-04-25 15:49:44,862:INFO:Using Kruskal's algorithm for MST weight
2024-04-25 15:49:44,863:INFO:Using Kruskal's algorithm for MST weight
2024-04-25 15:49:44,863:INFO:Using Kruskal's algorithm for MST weight
2024-04-25 15:49:44,863:INFO:Using Kruskal's algorithm for MST weight
2024-04-25 15:49:44,863:INFO:Using Kruskal's algorithm for MST weight
2024-04-25 15:49:44,863:INFO:Using Kruskal's algorithm for MST weight
2024-04-25 15:49:44,863:INFO:Using Kruskal's algorithm for MST weight
2024-04-25 15:49:44,864:INFO:Using Kruskal's algorithm for MST weight
2024-04-25 15:49:44,864:INFO:Using Kruskal's algorithm for MST weight
2024-04-25 15:49:44,864:INFO:Using Kruskal's algorithm for MST weight
2024-04-25 15:49:44,864:INFO:Using Kruskal's algorithm for MST weight
2024-04-25 15:49:44,865:INFO:Using Kruskal's algorithm for MST weight
2024-04-25 15:49:44,865:INFO:Using Kruskal's algorithm for MST weight
2024-04-25 15:49:44,865:INFO:Using Kruskal's algorithm for MST weight
2024-04-25 15:49:44,865:INFO:Using Kruskal's algorithm for MST weight
2024-04-25 15:49:44,865:INFO:Using Kruskal's algorithm for MST weight
2024-04-25 15:49:44,865:INFO:Using Kruskal's algorithm for MST weight
2024-04-25 15:49:44,866:INFO:Using Kruskal's algorithm for MST weight
2024-04-25 15:49:44,866:INFO:Using Kruskal's algorithm for MST weight
2024-04-25 15:49:44,866:INFO:Using Kruskal's algorithm for MST weight
2024-04-25 15:49:44,866:INFO:Using Kruskal's algorithm for MST weight
2024-04-25 15:49:44,867:INFO:Using Kruskal's algorithm for MST weight
2024-04-25 15:49:44,867:INFO:Using Kruskal's algorithm for MST weight
2024-04-25 15:49:44,867:INFO:Using Kruskal's algorithm for MST weight
2024-04-25 15:49:44,867:INFO:Using Kruskal's algorithm for MST weight
2024-04-25 15:49:44,867:INFO:Using Kruskal's algorithm for MST weight
2024-04-25 15:49:44,867:INFO:Using Kruskal's algorithm for MST weight
2024-04-25 15:49:44,868:INFO:Using Kruskal's algorithm for MST weight
2024-04-25 15:49:44,868:INFO:Using Kruskal's algorithm for MST weight
2024-04-25 15:49:44,868:INFO:Using Kruskal's algorithm for MST weight
2024-04-25 15:49:44,868:INFO:Using Kruskal's algorithm for MST weight
2024-04-25 15:49:44,869:INFO:Using Kruskal's algorithm for MST weight
2024-04-25 15:49:44,869:INFO:Using Kruskal's algorithm for MST weight
2024-04-25 15:49:44,869:INFO:Using Kruskal's algorithm for MST weight
2024-04-25 15:49:44,869:INFO:Using Kruskal's algorithm for MST weight
2024-04-25 15:49:44,869:INFO:Using Kruskal's algorithm for MST weight
2024-04-25 15:49:44,870:INFO:Using Kruskal's algorithm for MST weight
2024-04-25 15:49:44,870:INFO:Using Kruskal's algorithm for MST weight
2024-04-25 15:49:44,870:INFO:Using Kruskal's algorithm for MST weight
2024-04-25 15:49:44,870:INFO:Using Kruskal's algorithm for MST weight
2024-04-25 15:49:44,870:INFO:Using Kruskal's algorithm for MST weight
2024-04-25 15:49:44,871:INFO:Using Kruskal's algorithm for MST weight
2024-04-25 15:49:44,871:INFO:Using Kruskal's algorithm for MST weight
2024-04-25 15:49:44,871:INFO:Using Kruskal's algorithm for MST weight
2024-04-25 15:49:44,871:INFO:Using Kruskal's algorithm for MST weight
2024-04-25 15:49:44,871:INFO:Using Kruskal's algorithm for MST weight
2024-04-25 15:49:44,872:INFO:Using Kruskal's algorithm for MST weight
2024-04-25 15:49:44,872:INFO:Using Kruskal's algorithm for MST weight
2024-04-25 15:49:44,872:INFO:Using Kruskal's algorithm for MST weight
2024-04-25 15:49:44,872:INFO:Using Kruskal's algorithm for MST weight
2024-04-25 15:49:44,872:INFO:Using Kruskal's algorithm for MST weight
2024-04-25 15:49:44,873:INFO:Using Kruskal's algorithm for MST weight
2024-04-25 15:49:44,873:INFO:Using Kruskal's algorithm for MST weight
2024-04-25 15:49:44,873:INFO:Using Kruskal's algorithm for MST weight
2024-04-25 15:49:44,873:INFO:Using Kruskal's algorithm for MST weight
2024-04-25 15:49:44,873:INFO:Using Kruskal's algorithm for MST weight
2024-04-25 15:49:44,874:INFO:Using Kruskal's algorithm for MST weight
2024-04-25 15:49:44,874:INFO:Using Kruskal's algorithm for MST weight
2024-04-25 15:49:44,874:INFO:Using Kruskal's algorithm for MST weight
2024-04-25 15:49:44,874:INFO:Using Kruskal's algorithm for MST weight
2024-04-25 15:49:44,874:INFO:Using Kruskal's algorithm for MST weight
2024-04-25 15:49:44,875:INFO:Using Kruskal's algorithm for MST weight
2024-04-25 15:49:44,875:INFO:Using Kruskal's algorithm for MST weight
2024-04-25 15:49:44,875:INFO:Using Kruskal's algorithm for MST weight
2024-04-25 15:49:44,875:INFO:Using Kruskal's algorithm for MST weight
2024-04-25 15:49:44,875:INFO:Using Kruskal's algorithm for MST weight
2024-04-25 15:49:44,876:INFO:Using Kruskal's algorithm for MST weight
2024-04-25 15:49:44,876:INFO:Using Kruskal's algorithm for MST weight
2024-04-25 15:49:44,876:INFO:Using Kruskal's algorithm for MST weight
2024-04-25 15:49:44,876:INFO:Using Kruskal's algorithm for MST weight
2024-04-25 15:49:44,876:INFO:Using Kruskal's algorithm for MST weight
2024-04-25 15:49:44,877:INFO:Using Kruskal's algorithm for MST weight
2024-04-25 15:49:44,877:INFO:Using Kruskal's algorithm for MST weight
2024-04-25 15:49:44,877:INFO:Using Kruskal's algorithm for MST weight
2024-04-25 15:49:44,877:INFO:Using Kruskal's algorithm for MST weight
2024-04-25 15:49:44,878:INFO:Using Kruskal's algorithm for MST weight
2024-04-25 15:49:44,878:INFO:Using Kruskal's algorithm for MST weight
2024-04-25 15:49:44,878:INFO:Using Kruskal's algorithm for MST weight
2024-04-25 15:49:44,878:INFO:Using Kruskal's algorithm for MST weight
2024-04-25 15:49:44,878:INFO:Using Kruskal's algorithm for MST weight
2024-04-25 15:49:44,879:INFO:Using Kruskal's algorithm for MST weight
2024-04-25 15:49:44,879:INFO:Using Kruskal's algorithm for MST weight
2024-04-25 15:49:44,879:INFO:Using Kruskal's algorithm for MST weight
2024-04-25 15:49:44,879:INFO:Using Kruskal's algorithm for MST weight
2024-04-25 15:49:44,879:INFO:Using Kruskal's algorithm for MST weight
2024-04-25 15:49:44,880:INFO:Using Kruskal's algorithm for MST weight
2024-04-25 15:49:44,880:INFO:Using Kruskal's algorithm for MST weight
2024-04-25 15:49:44,880:INFO:Using Kruskal's algorithm for MST weight
2024-04-25 15:49:44,880:INFO:Using Kruskal's algorithm for MST weight
2024-04-25 15:49:44,880:INFO:Using Kruskal's algorithm for MST weight
2024-04-25 15:49:44,881:INFO:Using Kruskal's algorithm for MST weight
2024-04-25 15:49:44,881:INFO:Using Kruskal's algorithm for MST weight
2024-04-25 15:49:44,881:INFO:Using Kruskal's algorithm for MST weight
2024-04-25 15:49:44,881:INFO:Using Kruskal's algorithm for MST weight
2024-04-25 15:49:44,881:INFO:Using Kruskal's algorithm for MST weight
2024-04-25 15:49:44,882:INFO:Using Kruskal's algorithm for MST weight
2024-04-25 15:49:44,882:INFO:Using Kruskal's algorithm for MST weight
2024-04-25 15:49:44,882:INFO:Using Kruskal's algorithm for MST weight
2024-04-25 15:49:44,882:INFO:Using Kruskal's algorithm for MST weight
2024-04-25 15:49:44,882:INFO:Using Kruskal's algorithm for MST weight
2024-04-25 15:49:44,883:INFO:Using Kruskal's algorithm for MST weight
2024-04-25 15:49:44,883:INFO:Using Kruskal's algorithm for MST weight
2024-04-25 15:49:44,883:INFO:Using Kruskal's algorithm for MST weight
2024-04-25 15:49:44,883:INFO:Using Kruskal's algorithm for MST weight
2024-04-25 15:49:44,883:INFO:Using Kruskal's algorithm for MST weight
2024-04-25 15:49:44,884:INFO:Using Kruskal's algorithm for MST weight
2024-04-25 15:49:44,884:INFO:Using Kruskal's algorithm for MST weight
2024-04-25 15:49:44,884:INFO:Using Kruskal's algorithm for MST weight
2024-04-25 15:49:44,884:INFO:Using Kruskal's algorithm for MST weight
2024-04-25 15:49:44,884:INFO:Using Kruskal's algorithm for MST weight
2024-04-25 15:49:44,885:INFO:Using Kruskal's algorithm for MST weight
2024-04-25 15:49:44,885:INFO:Using Kruskal's algorithm for MST weight
2024-04-25 15:49:44,885:INFO:Using Kruskal's algorithm for MST weight
2024-04-25 15:49:44,885:INFO:Using Kruskal's algorithm for MST weight
2024-04-25 15:49:44,885:INFO:Using Kruskal's algorithm for MST weight
2024-04-25 15:49:44,886:INFO:Using Kruskal's algorithm for MST weight
2024-04-25 15:49:44,886:INFO:Using Kruskal's algorithm for MST weight
2024-04-25 15:49:44,886:INFO:Using Kruskal's algorithm for MST weight
2024-04-25 15:49:44,886:INFO:Using Kruskal's algorithm for MST weight
2024-04-25 15:49:44,886:INFO:Using Kruskal's algorithm for MST weight
2024-04-25 15:49:44,887:INFO:Using Kruskal's algorithm for MST weight
2024-04-25 15:49:44,887:INFO:Using Kruskal's algorithm for MST weight
2024-04-25 15:49:44,887:INFO:Using Kruskal's algorithm for MST weight
2024-04-25 15:49:44,887:INFO:Using Kruskal's algorithm for MST weight
2024-04-25 15:49:44,887:INFO:Using Kruskal's algorithm for MST weight
2024-04-25 15:49:44,888:INFO:Using Kruskal's algorithm for MST weight
2024-04-25 15:49:44,888:INFO:Using Kruskal's algorithm for MST weight
2024-04-25 15:49:44,888:INFO:Using Kruskal's algorithm for MST weight
2024-04-25 15:49:44,888:INFO:Using Kruskal's algorithm for MST weight
2024-04-25 15:49:44,888:INFO:Using Kruskal's algorithm for MST weight
2024-04-25 15:49:44,889:INFO:Using Kruskal's algorithm for MST weight
2024-04-25 15:49:44,889:INFO:Using Kruskal's algorithm for MST weight
2024-04-25 15:49:44,889:INFO:Using Kruskal's algorithm for MST weight
2024-04-25 15:49:44,889:INFO:Using Kruskal's algorithm for MST weight
2024-04-25 15:49:44,889:INFO:Using Kruskal's algorithm for MST weight
2024-04-25 15:49:44,890:INFO:Using Kruskal's algorithm for MST weight
2024-04-25 15:49:44,890:INFO:Using Kruskal's algorithm for MST weight
2024-04-25 15:49:44,890:INFO:Using Kruskal's algorithm for MST weight
2024-04-25 15:49:44,890:INFO:Using Kruskal's algorithm for MST weight
2024-04-25 15:49:44,890:INFO:Using Kruskal's algorithm for MST weight
2024-04-25 15:49:44,891:INFO:Using Kruskal's algorithm for MST weight
2024-04-25 15:49:44,891:INFO:Using Kruskal's algorithm for MST weight
2024-04-25 15:49:44,891:INFO:Using Kruskal's algorithm for MST weight
2024-04-25 15:49:44,891:INFO:Using Kruskal's algorithm for MST weight
2024-04-25 15:49:44,891:INFO:Using Kruskal's algorithm for MST weight
2024-04-25 15:49:44,892:INFO:Using Kruskal's algorithm for MST weight
2024-04-25 15:49:44,892:INFO:Using Kruskal's algorithm for MST weight
2024-04-25 15:49:44,892:INFO:Using Kruskal's algorithm for MST weight
2024-04-25 15:49:44,892:INFO:Using Kruskal's algorithm for MST weight
2024-04-25 15:49:44,892:INFO:Using Kruskal's algorithm for MST weight
2024-04-25 15:49:44,893:INFO:Using Kruskal's algorithm for MST weight
2024-04-25 15:49:44,893:INFO:Using Kruskal's algorithm for MST weight
2024-04-25 15:49:44,893:INFO:Using Kruskal's algorithm for MST weight
2024-04-25 15:49:44,893:INFO:Using Kruskal's algorithm for MST weight
2024-04-25 15:49:44,894:INFO:Using Kruskal's algorithm for MST weight
2024-04-25 15:49:44,894:INFO:Using Kruskal's algorithm for MST weight
2024-04-25 15:49:44,894:INFO:Using Kruskal's algorithm for MST weight
2024-04-25 15:49:44,894:INFO:Using Kruskal's algorithm for MST weight
2024-04-25 15:49:44,894:INFO:Using Kruskal's algorithm for MST weight
2024-04-25 15:49:44,895:INFO:Using Kruskal's algorithm for MST weight
2024-04-25 15:49:44,895:INFO:Using Kruskal's algorithm for MST weight
2024-04-25 15:49:44,895:INFO:Using Kruskal's algorithm for MST weight
2024-04-25 15:49:44,895:INFO:Using Kruskal's algorithm for MST weight
2024-04-25 15:49:44,895:INFO:Using Kruskal's algorithm for MST weight
2024-04-25 15:49:44,896:INFO:Using Kruskal's algorithm for MST weight
2024-04-25 15:49:44,896:INFO:Using Kruskal's algorithm for MST weight
2024-04-25 15:49:44,896:INFO:Using Kruskal's algorithm for MST weight
2024-04-25 15:49:44,896:INFO:Using Kruskal's algorithm for MST weight
2024-04-25 15:49:44,896:INFO:Using Kruskal's algorithm for MST weight
2024-04-25 15:49:44,897:INFO:Using Kruskal's algorithm for MST weight
2024-04-25 15:49:44,897:INFO:Using Kruskal's algorithm for MST weight
2024-04-25 15:49:44,897:INFO:Using Kruskal's algorithm for MST weight
2024-04-25 15:49:44,897:INFO:Using Kruskal's algorithm for MST weight
2024-04-25 15:49:44,897:INFO:Using Kruskal's algorithm for MST weight
2024-04-25 15:49:44,898:INFO:Using Kruskal's algorithm for MST weight
2024-04-25 15:49:44,898:INFO:Using Kruskal's algorithm for MST weight
2024-04-25 15:49:44,898:INFO:Using Kruskal's algorithm for MST weight
2024-04-25 15:49:44,898:INFO:Using Kruskal's algorithm for MST weight
2024-04-25 15:49:44,898:INFO:Using Kruskal's algorithm for MST weight
2024-04-25 15:49:44,899:INFO:Using Kruskal's algorithm for MST weight
2024-04-25 15:49:44,899:INFO:Using Kruskal's algorithm for MST weight
2024-04-25 15:49:44,899:INFO:Using Kruskal's algorithm for MST weight
2024-04-25 15:49:44,899:INFO:Using Kruskal's algorithm for MST weight
2024-04-25 15:49:44,899:INFO:Using Kruskal's algorithm for MST weight
2024-04-25 15:49:44,900:INFO:Using Kruskal's algorithm for MST weight
2024-04-25 15:49:44,900:INFO:Using Kruskal's algorithm for MST weight
2024-04-25 15:49:44,900:INFO:Using Kruskal's algorithm for MST weight
2024-04-25 15:49:44,900:INFO:Using Kruskal's algorithm for MST weight
2024-04-25 15:49:44,900:INFO:Using Kruskal's algorithm for MST weight
2024-04-25 15:49:44,901:INFO:Using Kruskal's algorithm for MST weight
2024-04-25 15:49:44,901:INFO:Using Kruskal's algorithm for MST weight
2024-04-25 15:49:44,901:INFO:Using Kruskal's algorithm for MST weight
2024-04-25 15:49:44,901:INFO:Using Kruskal's algorithm for MST weight
2024-04-25 15:49:44,901:INFO:Using Kruskal's algorithm for MST weight
2024-04-25 15:49:44,902:INFO:Using Kruskal's algorithm for MST weight
2024-04-25 15:49:44,902:INFO:Using Kruskal's algorithm for MST weight
2024-04-25 15:49:44,902:INFO:Using Kruskal's algorithm for MST weight
2024-04-25 15:49:44,902:INFO:Using Kruskal's algorithm for MST weight
2024-04-25 15:49:44,902:INFO:Using Kruskal's algorithm for MST weight
2024-04-25 15:49:44,903:INFO:Using Kruskal's algorithm for MST weight
2024-04-25 15:49:44,903:INFO:Using Kruskal's algorithm for MST weight
2024-04-25 15:49:44,903:INFO:Using Kruskal's algorithm for MST weight
2024-04-25 15:49:44,903:INFO:Using Kruskal's algorithm for MST weight
2024-04-25 15:49:44,903:INFO:Using Kruskal's algorithm for MST weight
2024-04-25 15:49:44,904:INFO:Using Kruskal's algorithm for MST weight
2024-04-25 15:49:44,904:INFO:Using Kruskal's algorithm for MST weight
2024-04-25 15:49:44,904:INFO:Using Kruskal's algorithm for MST weight
2024-04-25 15:49:44,904:INFO:Using Kruskal's algorithm for MST weight
2024-04-25 15:49:44,904:INFO:Using Kruskal's algorithm for MST weight
2024-04-25 15:49:44,905:INFO:Using Kruskal's algorithm for MST weight
2024-04-25 15:49:44,905:INFO:Using Kruskal's algorithm for MST weight
2024-04-25 15:49:44,905:INFO:Using Kruskal's algorithm for MST weight
2024-04-25 15:49:44,905:INFO:Using Kruskal's algorithm for MST weight
2024-04-25 15:49:44,905:INFO:Using Kruskal's algorithm for MST weight
2024-04-25 15:49:44,906:INFO:Using Kruskal's algorithm for MST weight
2024-04-25 15:49:44,906:INFO:Using Kruskal's algorithm for MST weight
2024-04-25 15:49:44,906:INFO:Using Kruskal's algorithm for MST weight
2024-04-25 15:49:44,906:INFO:Using Kruskal's algorithm for MST weight
2024-04-25 15:49:44,906:INFO:Using Kruskal's algorithm for MST weight
2024-04-25 15:49:44,907:INFO:Using Kruskal's algorithm for MST weight
2024-04-25 15:49:44,907:INFO:Using Kruskal's algorithm for MST weight
2024-04-25 15:49:44,907:INFO:Using Kruskal's algorithm for MST weight
2024-04-25 15:49:44,907:INFO:Using Kruskal's algorithm for MST weight
2024-04-25 15:49:44,907:INFO:Using Kruskal's algorithm for MST weight
2024-04-25 15:49:44,908:INFO:Using Kruskal's algorithm for MST weight
2024-04-25 15:49:44,908:INFO:Using Kruskal's algorithm for MST weight
2024-04-25 15:49:44,908:INFO:Using Kruskal's algorithm for MST weight
2024-04-25 15:49:44,908:INFO:Using Kruskal's algorithm for MST weight
2024-04-25 15:49:44,908:INFO:Using Kruskal's algorithm for MST weight
2024-04-25 15:49:44,909:INFO:Using Kruskal's algorithm for MST weight
2024-04-25 15:49:44,909:INFO:Using Kruskal's algorithm for MST weight
2024-04-25 15:49:44,909:INFO:Using Kruskal's algorithm for MST weight
2024-04-25 15:49:44,909:INFO:Using Kruskal's algorithm for MST weight
2024-04-25 15:49:44,909:INFO:Using Kruskal's algorithm for MST weight
2024-04-25 15:49:44,910:INFO:Using Kruskal's algorithm for MST weight
2024-04-25 15:49:44,910:INFO:Using Kruskal's algorithm for MST weight
2024-04-25 15:49:44,910:INFO:Using Kruskal's algorithm for MST weight
2024-04-25 15:49:44,910:INFO:Using Kruskal's algorithm for MST weight
2024-04-25 15:49:44,910:INFO:Using Kruskal's algorithm for MST weight
2024-04-25 15:49:44,911:INFO:Using Kruskal's algorithm for MST weight
2024-04-25 15:49:44,911:INFO:Using Kruskal's algorithm for MST weight
2024-04-25 15:49:44,911:INFO:Using Kruskal's algorithm for MST weight
2024-04-25 15:49:44,911:INFO:Using Kruskal's algorithm for MST weight
2024-04-25 15:49:44,911:INFO:Using Kruskal's algorithm for MST weight
2024-04-25 15:49:44,912:INFO:Using Kruskal's algorithm for MST weight
2024-04-25 15:49:44,912:INFO:Using Kruskal's algorithm for MST weight
2024-04-25 15:49:44,912:INFO:Using Kruskal's algorithm for MST weight
2024-04-25 15:49:44,912:INFO:Using Kruskal's algorithm for MST weight
2024-04-25 15:49:44,912:INFO:Using Kruskal's algorithm for MST weight
2024-04-25 15:49:44,913:INFO:Using Kruskal's algorithm for MST weight
2024-04-25 15:49:44,913:INFO:Using Kruskal's algorithm for MST weight
2024-04-25 15:49:44,913:INFO:Using Kruskal's algorithm for MST weight
2024-04-25 15:49:44,913:INFO:Using Kruskal's algorithm for MST weight
2024-04-25 15:49:44,913:INFO:Using Kruskal's algorithm for MST weight
2024-04-25 15:49:44,914:INFO:Using Kruskal's algorithm for MST weight
2024-04-25 15:49:44,914:INFO:Using Kruskal's algorithm for MST weight
2024-04-25 15:49:44,914:INFO:Using Kruskal's algorithm for MST weight
2024-04-25 15:49:44,914:INFO:Using Kruskal's algorithm for MST weight
2024-04-25 15:49:44,915:INFO:Using Kruskal's algorithm for MST weight
2024-04-25 15:49:44,915:INFO:Using Kruskal's algorithm for MST weight
2024-04-25 15:49:44,915:INFO:Using Kruskal's algorithm for MST weight
2024-04-25 15:49:44,915:INFO:Using Kruskal's algorithm for MST weight
2024-04-25 15:49:44,915:INFO:Using Kruskal's algorithm for MST weight
2024-04-25 15:49:44,916:INFO:Using Kruskal's algorithm for MST weight
2024-04-25 15:49:44,916:INFO:Using Kruskal's algorithm for MST weight
2024-04-25 15:49:44,916:INFO:Using Kruskal's algorithm for MST weight
2024-04-25 15:49:44,916:INFO:Using Kruskal's algorithm for MST weight
2024-04-25 15:49:44,916:INFO:Using Kruskal's algorithm for MST weight
2024-04-25 15:49:44,917:INFO:Using Kruskal's algorithm for MST weight
2024-04-25 15:49:44,917:INFO:Using Kruskal's algorithm for MST weight
2024-04-25 15:49:44,917:INFO:Using Kruskal's algorithm for MST weight
2024-04-25 15:49:44,917:INFO:Using Kruskal's algorithm for MST weight
2024-04-25 15:49:44,917:INFO:Using Kruskal's algorithm for MST weight
2024-04-25 15:49:44,918:INFO:Using Kruskal's algorithm for MST weight
2024-04-25 15:49:44,918:INFO:Using Kruskal's algorithm for MST weight
2024-04-25 15:49:44,918:INFO:Using Kruskal's algorithm for MST weight
2024-04-25 15:49:44,918:INFO:Using Kruskal's algorithm for MST weight
2024-04-25 15:49:44,918:INFO:Using Kruskal's algorithm for MST weight
2024-04-25 15:49:44,919:INFO:Using Kruskal's algorithm for MST weight
2024-04-25 15:49:44,919:INFO:Using Kruskal's algorithm for MST weight
2024-04-25 15:49:44,919:INFO:Using Kruskal's algorithm for MST weight
2024-04-25 15:49:44,919:INFO:Using Kruskal's algorithm for MST weight
2024-04-25 15:49:44,919:INFO:Using Kruskal's algorithm for MST weight
2024-04-25 15:49:44,920:INFO:Using Kruskal's algorithm for MST weight
2024-04-25 15:49:44,920:INFO:Using Kruskal's algorithm for MST weight
2024-04-25 15:49:44,920:INFO:Using Kruskal's algorithm for MST weight
2024-04-25 15:49:44,920:INFO:Using Kruskal's algorithm for MST weight
2024-04-25 15:49:44,920:INFO:Using Kruskal's algorithm for MST weight
2024-04-25 15:49:44,921:INFO:Using Kruskal's algorithm for MST weight
2024-04-25 15:49:44,921:INFO:Using Kruskal's algorithm for MST weight
2024-04-25 15:49:44,921:INFO:Using Kruskal's algorithm for MST weight
2024-04-25 15:49:44,921:INFO:Using Kruskal's algorithm for MST weight
2024-04-25 15:49:44,921:INFO:Using Kruskal's algorithm for MST weight
2024-04-25 15:49:44,922:INFO:Using Kruskal's algorithm for MST weight
2024-04-25 15:49:44,922:INFO:Using Kruskal's algorithm for MST weight
2024-04-25 15:49:44,922:INFO:Using Kruskal's algorithm for MST weight
2024-04-25 15:49:44,922:INFO:Using Kruskal's algorithm for MST weight
2024-04-25 15:49:44,922:INFO:Using Kruskal's algorithm for MST weight
2024-04-25 15:49:44,923:INFO:Using Kruskal's algorithm for MST weight
2024-04-25 15:49:44,923:INFO:Using Kruskal's algorithm for MST weight
2024-04-25 15:49:44,923:INFO:Using Kruskal's algorithm for MST weight
2024-04-25 15:49:44,923:INFO:Using Kruskal's algorithm for MST weight
2024-04-25 15:49:44,923:INFO:Using Kruskal's algorithm for MST weight
2024-04-25 15:49:44,924:INFO:Using Kruskal's algorithm for MST weight
2024-04-25 15:49:44,924:INFO:Using Kruskal's algorithm for MST weight
2024-04-25 15:49:44,924:INFO:Using Kruskal's algorithm for MST weight
2024-04-25 15:49:44,924:INFO:Using Kruskal's algorithm for MST weight
2024-04-25 15:49:44,924:INFO:Using Kruskal's algorithm for MST weight
2024-04-25 15:49:44,925:INFO:Using Kruskal's algorithm for MST weight
2024-04-25 15:49:44,925:INFO:Using Kruskal's algorithm for MST weight
2024-04-25 15:49:44,925:INFO:Using Kruskal's algorithm for MST weight
2024-04-25 15:49:44,925:INFO:Using Kruskal's algorithm for MST weight
2024-04-25 15:49:44,925:INFO:Using Kruskal's algorithm for MST weight
2024-04-25 15:49:44,926:INFO:Using Kruskal's algorithm for MST weight
2024-04-25 15:49:44,926:INFO:Using Kruskal's algorithm for MST weight
2024-04-25 15:49:44,926:INFO:Using Kruskal's algorithm for MST weight
2024-04-25 15:49:44,926:INFO:Using Kruskal's algorithm for MST weight
2024-04-25 15:49:44,927:INFO:Using Kruskal's algorithm for MST weight
2024-04-25 15:49:44,927:INFO:Using Kruskal's algorithm for MST weight
2024-04-25 15:49:44,927:INFO:Using Kruskal's algorithm for MST weight
2024-04-25 15:49:44,927:INFO:Using Kruskal's algorithm for MST weight
2024-04-25 15:49:44,927:INFO:Using Kruskal's algorithm for MST weight
2024-04-25 15:49:44,928:INFO:Using Kruskal's algorithm for MST weight
2024-04-25 15:49:44,928:INFO:Using Kruskal's algorithm for MST weight
2024-04-25 15:49:44,928:INFO:Using Kruskal's algorithm for MST weight
2024-04-25 15:49:44,928:INFO:Using Kruskal's algorithm for MST weight
2024-04-25 15:49:44,928:INFO:Using Kruskal's algorithm for MST weight
2024-04-25 15:49:44,929:INFO:Using Kruskal's algorithm for MST weight
2024-04-25 15:49:44,929:INFO:Using Kruskal's algorithm for MST weight
2024-04-25 15:49:44,929:INFO:Using Kruskal's algorithm for MST weight
2024-04-25 15:49:44,929:INFO:Using Kruskal's algorithm for MST weight
2024-04-25 15:49:44,929:INFO:Using Kruskal's algorithm for MST weight
2024-04-25 15:49:44,930:INFO:Using Kruskal's algorithm for MST weight
2024-04-25 15:49:44,930:INFO:Using Kruskal's algorithm for MST weight
2024-04-25 15:49:44,930:INFO:Using Kruskal's algorithm for MST weight
2024-04-25 15:49:44,930:INFO:Using Kruskal's algorithm for MST weight
2024-04-25 15:49:44,930:INFO:Using Kruskal's algorithm for MST weight
2024-04-25 15:49:44,931:INFO:Using Kruskal's algorithm for MST weight
2024-04-25 15:49:44,931:INFO:Using Kruskal's algorithm for MST weight
2024-04-25 15:49:44,931:INFO:Using Kruskal's algorithm for MST weight
2024-04-25 15:49:44,931:INFO:Using Kruskal's algorithm for MST weight
2024-04-25 15:49:44,931:INFO:Using Kruskal's algorithm for MST weight
2024-04-25 15:49:44,932:INFO:Using Kruskal's algorithm for MST weight
2024-04-25 15:49:44,932:INFO:Using Kruskal's algorithm for MST weight
2024-04-25 15:49:44,932:INFO:Using Kruskal's algorithm for MST weight
2024-04-25 15:49:44,932:INFO:Using Kruskal's algorithm for MST weight
2024-04-25 15:49:44,933:INFO:Using Kruskal's algorithm for MST weight
2024-04-25 15:49:44,933:INFO:Using Kruskal's algorithm for MST weight
2024-04-25 15:49:44,933:INFO:Using Kruskal's algorithm for MST weight
2024-04-25 15:49:44,933:INFO:Using Kruskal's algorithm for MST weight
2024-04-25 15:49:44,933:INFO:Using Kruskal's algorithm for MST weight
2024-04-25 15:49:44,934:INFO:Using Kruskal's algorithm for MST weight
2024-04-25 15:49:44,934:INFO:Using Kruskal's algorithm for MST weight
2024-04-25 15:49:44,934:INFO:Using Kruskal's algorithm for MST weight
2024-04-25 15:49:44,934:INFO:Using Kruskal's algorithm for MST weight
2024-04-25 15:49:44,934:INFO:Using Kruskal's algorithm for MST weight
2024-04-25 15:49:44,935:INFO:Using Kruskal's algorithm for MST weight
2024-04-25 15:49:44,935:INFO:Using Kruskal's algorithm for MST weight
2024-04-25 15:49:44,935:INFO:Using Kruskal's algorithm for MST weight
2024-04-25 15:49:44,935:INFO:Using Kruskal's algorithm for MST weight
2024-04-25 15:49:44,935:INFO:Using Kruskal's algorithm for MST weight
2024-04-25 15:49:44,936:INFO:Using Kruskal's algorithm for MST weight
2024-04-25 15:49:44,936:INFO:Using Kruskal's algorithm for MST weight
2024-04-25 15:49:44,936:INFO:Using Kruskal's algorithm for MST weight
2024-04-25 15:49:44,936:INFO:Using Kruskal's algorithm for MST weight
2024-04-25 15:49:44,936:INFO:Using Kruskal's algorithm for MST weight
2024-04-25 15:49:44,937:INFO:Using Kruskal's algorithm for MST weight
2024-04-25 15:49:44,937:INFO:Using Kruskal's algorithm for MST weight
2024-04-25 15:49:44,937:INFO:Using Kruskal's algorithm for MST weight
2024-04-25 15:49:44,937:INFO:Using Kruskal's algorithm for MST weight
2024-04-25 15:49:44,937:INFO:Using Kruskal's algorithm for MST weight
2024-04-25 15:49:44,938:INFO:Using Kruskal's algorithm for MST weight
2024-04-25 15:49:44,938:INFO:Using Kruskal's algorithm for MST weight
2024-04-25 15:49:44,938:INFO:Using Kruskal's algorithm for MST weight
2024-04-25 15:49:44,938:INFO:Using Kruskal's algorithm for MST weight
2024-04-25 15:49:44,938:INFO:Using Kruskal's algorithm for MST weight
2024-04-25 15:49:44,939:INFO:Using Kruskal's algorithm for MST weight
2024-04-25 15:49:44,939:INFO:Using Kruskal's algorithm for MST weight
2024-04-25 15:49:44,939:INFO:Using Kruskal's algorithm for MST weight
2024-04-25 15:49:44,939:INFO:Using Kruskal's algorithm for MST weight
2024-04-25 15:49:44,939:INFO:Using Kruskal's algorithm for MST weight
2024-04-25 15:49:44,940:INFO:Using Kruskal's algorithm for MST weight
2024-04-25 15:49:44,940:INFO:Using Kruskal's algorithm for MST weight
2024-04-25 15:49:44,940:INFO:Using Kruskal's algorithm for MST weight
2024-04-25 15:49:44,940:INFO:Using Kruskal's algorithm for MST weight
2024-04-25 15:49:44,941:INFO:Using Kruskal's algorithm for MST weight
2024-04-25 15:49:44,941:INFO:Using Kruskal's algorithm for MST weight
2024-04-25 15:49:44,941:INFO:Using Kruskal's algorithm for MST weight
2024-04-25 15:49:44,941:INFO:Using Kruskal's algorithm for MST weight
2024-04-25 15:49:44,941:INFO:Using Kruskal's algorithm for MST weight
2024-04-25 15:49:44,942:INFO:Using Kruskal's algorithm for MST weight
2024-04-25 15:49:44,942:INFO:Using Kruskal's algorithm for MST weight
2024-04-25 15:49:44,942:INFO:Using Kruskal's algorithm for MST weight
2024-04-25 15:49:44,942:INFO:Using Kruskal's algorithm for MST weight
2024-04-25 15:49:44,942:INFO:Using Kruskal's algorithm for MST weight
2024-04-25 15:49:44,943:INFO:Using Kruskal's algorithm for MST weight
2024-04-25 15:49:44,943:INFO:Using Kruskal's algorithm for MST weight
2024-04-25 15:49:44,943:INFO:Using Kruskal's algorithm for MST weight
2024-04-25 15:49:44,943:INFO:Using Kruskal's algorithm for MST weight
2024-04-25 15:49:44,943:INFO:Using Kruskal's algorithm for MST weight
2024-04-25 15:49:44,944:INFO:Using Kruskal's algorithm for MST weight
2024-04-25 15:49:44,944:INFO:Using Kruskal's algorithm for MST weight
2024-04-25 15:49:44,944:INFO:Using Kruskal's algorithm for MST weight
2024-04-25 15:49:44,944:INFO:Using Kruskal's algorithm for MST weight
2024-04-25 15:49:44,945:INFO:Using Kruskal's algorithm for MST weight
2024-04-25 15:49:44,945:INFO:Using Kruskal's algorithm for MST weight
2024-04-25 15:49:44,945:INFO:Using Kruskal's algorithm for MST weight
2024-04-25 15:49:44,945:INFO:Using Kruskal's algorithm for MST weight
2024-04-25 15:49:44,945:INFO:Using Kruskal's algorithm for MST weight
2024-04-25 15:49:44,945:INFO:Using Kruskal's algorithm for MST weight
2024-04-25 15:49:44,946:INFO:Using Kruskal's algorithm for MST weight
2024-04-25 15:49:44,946:INFO:layer4.1.conv2.weight: Pruned 2007 weights.
2024-04-25 15:49:44,947:INFO:Total pruned weights in the model: 3696
2024-04-25 15:49:47,024:INFO:Epochs: 100
2024-04-25 15:49:47,025:INFO:Target layers: ['layer1.1.conv2.weight', 'layer2.1.conv2.weight', 'layer3.1.conv2.weight', 'layer4.1.conv2.weight']
2024-04-25 15:49:47,025:INFO:Original Model: Accuracy: 75.98, Inference Time: 1.7712640762329102, FLOPs: 3316369473536.0, Non-zero Params: 11689512
2024-04-25 15:49:47,025:INFO:Pruned Model (prune_model_weights): Accuracy: 70.44, Inference Time: 2.0594775676727295, FLOPs: 2889091530752.0, Non-zero Params: 10337000
