2024-05-03 07:58:34,036:INFO:Logging setup complete - logging to: ResNet18/log\2024-05-03-07-58-34.log
2024-05-03 07:58:34,036:INFO:Starting the program
2024-05-03 07:58:34,036:INFO:Arguments: Namespace(dataset='MNIST', algorithm='prim', pruning_method='prune_model_filters_by_importance', target_layers=['conv1.weight', 'layer1.0.conv1.weight', 'layer1.0.conv2.weight', 'layer1.1.conv1.weight', 'layer1.1.conv2.weight', 'layer2.0.conv1.weight', 'layer2.0.conv2.weight', 'layer2.s1.conv1.weight', 'layer2.1.conv2.weight', 'layer3.0.conv1.weight', 'layer3.0.conv2.weight', 'layer3.1.conv1.weight', 'layer3.1.conv2.weight', 'layer4.0.conv1.weight', 'layer4.0.conv2.weight', 'layer4.1.conv1.weight', 'layer4.1.conv2.weight'], epochs=100)
2024-05-03 07:58:34,068:INFO:Dataset: MNIST
2024-05-03 07:58:38,579:INFO:Pruning layer: conv1.weight
2024-05-03 08:01:31,362:INFO:conv1.weight: Pruned 0 filters at 0%.
2024-05-03 08:01:31,363:INFO:Pruning layer: layer1.0.conv1.weight
2024-05-03 08:04:19,862:INFO:layer1.0.conv1.weight: Pruned 3 filters at 5%.
2024-05-03 08:04:19,862:INFO:Pruning layer: layer1.0.conv2.weight
2024-05-03 08:07:08,177:INFO:layer1.0.conv2.weight: Pruned 3 filters at 5%.
2024-05-03 08:07:08,177:INFO:Pruning layer: layer1.1.conv1.weight
2024-05-03 08:09:56,519:INFO:layer1.1.conv1.weight: Pruned 3 filters at 5%.
2024-05-03 08:09:56,519:INFO:Pruning layer: layer1.1.conv2.weight
2024-05-03 08:12:45,595:INFO:layer1.1.conv2.weight: Pruned 3 filters at 5%.
2024-05-03 08:12:45,595:INFO:Pruning layer: layer2.0.conv1.weight
2024-05-03 08:18:20,804:INFO:layer2.0.conv1.weight: Pruned 6 filters at 5%.
2024-05-03 08:18:20,804:INFO:Pruning layer: layer2.0.conv2.weight
2024-05-03 08:23:59,563:INFO:layer2.0.conv2.weight: Pruned 6 filters at 5%.
2024-05-03 08:23:59,563:INFO:Pruning layer: layer2.1.conv2.weight
2024-05-03 08:29:34,638:INFO:layer2.1.conv2.weight: Pruned 12 filters at 10%.
2024-05-03 08:29:34,638:INFO:Pruning layer: layer3.0.conv1.weight
2024-05-03 08:40:41,321:INFO:layer3.0.conv1.weight: Pruned 12 filters at 5%.
2024-05-03 08:40:41,321:INFO:Pruning layer: layer3.0.conv2.weight
2024-05-03 08:51:52,520:INFO:layer3.0.conv2.weight: Pruned 25 filters at 10%.
2024-05-03 08:51:52,520:INFO:Pruning layer: layer3.1.conv1.weight
2024-05-03 09:02:59,909:INFO:layer3.1.conv1.weight: Pruned 76 filters at 30%.
2024-05-03 09:02:59,909:INFO:Pruning layer: layer3.1.conv2.weight
2024-05-03 09:14:08,577:INFO:layer3.1.conv2.weight: Pruned 76 filters at 30%.
2024-05-03 09:14:08,577:INFO:Pruning layer: layer4.0.conv1.weight
2024-05-03 09:36:21,307:INFO:layer4.0.conv1.weight: Pruned 51 filters at 10%.
2024-05-03 09:36:21,307:INFO:Pruning layer: layer4.0.conv2.weight
2024-05-03 09:58:34,808:INFO:layer4.0.conv2.weight: Pruned 51 filters at 10%.
2024-05-03 09:58:34,808:INFO:Pruning layer: layer4.1.conv1.weight
2024-05-03 10:20:49,309:INFO:layer4.1.conv1.weight: Pruned 153 filters at 30%.
2024-05-03 10:20:49,309:INFO:Pruning layer: layer4.1.conv2.weight
2024-05-03 10:43:04,633:INFO:layer4.1.conv2.weight: Pruned 256 filters at 50%.
2024-05-03 10:43:04,633:INFO:Total pruned filters in the model: 736
2024-05-03 10:43:07,257:INFO:Epochs: 100
2024-05-03 10:43:07,258:INFO:Target layers: ['conv1.weight', 'layer1.0.conv1.weight', 'layer1.0.conv2.weight', 'layer1.1.conv1.weight', 'layer1.1.conv2.weight', 'layer2.0.conv1.weight', 'layer2.0.conv2.weight', 'layer2.s1.conv1.weight', 'layer2.1.conv2.weight', 'layer3.0.conv1.weight', 'layer3.0.conv2.weight', 'layer3.1.conv1.weight', 'layer3.1.conv2.weight', 'layer4.0.conv1.weight', 'layer4.0.conv2.weight', 'layer4.1.conv1.weight', 'layer4.1.conv2.weight']
2024-05-03 10:43:07,258:INFO:Original Model: Accuracy: 99.33, Inference Time: 3.3500115871429443, FLOPs: 3316369473536.0, Non-zero Params: 11689512
2024-05-03 10:43:07,259:INFO:Pruned Model (prune_model_filters_by_importance): Accuracy: 98.66, Inference Time: 2.594133138656616, FLOPs: 2604441878528.0, Non-zero Params: 8999592
