2024-04-25 00:41:00,346:INFO:Logging setup complete - logging to: ResNet18/log\2024-04-25-00-41-00.log
2024-04-25 00:41:00,346:INFO:Starting the program
2024-04-25 00:41:00,346:INFO:Arguments: Namespace(dataset='MNIST', algorithm='prim', pruning_method='prune_model_filters_by_importance', target_layers=['layer1.0.conv1.weight', 'layer2.0.conv1.weight', 'layer3.0.conv1.weight', 'layer4.0.conv1.weight'], epochs=20)
2024-04-25 00:41:00,398:INFO:Dataset: MNIST
2024-04-25 00:41:18,518:INFO:Epoch 1, Loss: 0.0005517943063750863
2024-04-25 00:41:34,467:INFO:Epoch 2, Loss: 0.010015467181801796
2024-04-25 00:41:50,530:INFO:Epoch 3, Loss: 0.0014011458260938525
2024-04-25 00:42:06,327:INFO:Epoch 4, Loss: 0.0034527198877185583
2024-04-25 00:42:22,286:INFO:Epoch 5, Loss: 0.2569635808467865
2024-04-25 00:42:38,196:INFO:Epoch 6, Loss: 0.0005201546591706574
2024-04-25 00:42:54,238:INFO:Epoch 7, Loss: 2.4731689336476848e-05
2024-04-25 00:43:09,970:INFO:Epoch 8, Loss: 0.009790786541998386
2024-04-25 00:43:25,902:INFO:Epoch 9, Loss: 9.015660907607526e-05
2024-04-25 00:43:41,616:INFO:Epoch 10, Loss: 0.003080219030380249
2024-04-25 00:43:57,757:INFO:Epoch 11, Loss: 0.0005182494642212987
2024-04-25 00:44:13,478:INFO:Epoch 12, Loss: 6.06594949204009e-05
2024-04-25 00:44:29,426:INFO:Epoch 13, Loss: 4.8990750656230375e-05
2024-04-25 00:44:45,147:INFO:Epoch 14, Loss: 0.0004645692533813417
2024-04-25 00:45:01,112:INFO:Epoch 15, Loss: 0.01603991724550724
2024-04-25 00:45:17,190:INFO:Epoch 16, Loss: 0.00028911136905662715
2024-04-25 00:45:32,983:INFO:Epoch 17, Loss: 0.0006924485205672681
2024-04-25 00:45:48,934:INFO:Epoch 18, Loss: 6.652488082181662e-05
2024-04-25 00:46:04,822:INFO:Epoch 19, Loss: 0.00014334730803966522
2024-04-25 00:46:20,750:INFO:Epoch 20, Loss: 0.036808792501688004
2024-04-25 00:46:23,052:INFO:Pruning layer: layer1.0.conv1.weight
2024-04-25 00:49:11,183:INFO:Using Prim's algorithm for MST filter in layer layer1.0.conv1.weight
2024-04-25 00:49:11,183:INFO:layer1.0.conv1.weight: Pruned 50 filters.
2024-04-25 00:49:11,184:INFO:Pruning layer: layer2.0.conv1.weight
2024-04-25 00:54:43,098:INFO:Using Prim's algorithm for MST filter in layer layer2.0.conv1.weight
2024-04-25 00:54:43,099:INFO:layer2.0.conv1.weight: Pruned 40 filters.
2024-04-25 00:54:43,100:INFO:Pruning layer: layer3.0.conv1.weight
2024-04-25 01:05:51,166:INFO:Using Prim's algorithm for MST filter in layer layer3.0.conv1.weight
2024-04-25 01:05:51,167:INFO:layer3.0.conv1.weight: Pruned 194 filters.
2024-04-25 01:05:51,170:INFO:Pruning layer: layer4.0.conv1.weight
2024-04-25 01:27:53,290:INFO:Using Prim's algorithm for MST filter in layer layer4.0.conv1.weight
2024-04-25 01:27:53,290:INFO:layer4.0.conv1.weight: Pruned 439 filters.
2024-04-25 01:27:53,297:INFO:Total pruned filters in the model: 723
2024-04-25 01:27:55,888:INFO:Epochs: 20
2024-04-25 01:27:55,888:INFO:Target layers: ['layer1.0.conv1.weight', 'layer2.0.conv1.weight', 'layer3.0.conv1.weight', 'layer4.0.conv1.weight']
2024-04-25 01:27:55,889:INFO:Original Model: Accuracy: 99.32, Inference Time: 2.190182685852051, FLOPs: 3316369473536.0, Non-zero Params: 11689512
2024-04-25 01:27:55,889:INFO:Pruned Model (prune_model_filters_by_importance): Accuracy: 45.76, Inference Time: 2.562150001525879, FLOPs: 3089291362304.0, Non-zero Params: 10402728
