2024-04-24 23:42:56,448:INFO:Logging setup complete - logging to: ResNet18/log\2024-04-24-23-42-56.log
2024-04-24 23:42:56,448:INFO:Starting the program
2024-04-24 23:42:56,448:INFO:Arguments: Namespace(dataset='MNIST', algorithm='kruskal', pruning_method='prune_model_weights', target_layers=['layer1.0.conv1.weight', 'layer2.0.conv1.weight', 'layer3.0.conv1.weight', 'layer4.0.conv1.weight'], epochs=20)
2024-04-24 23:42:56,495:INFO:Dataset: MNIST
2024-04-24 23:43:14,589:INFO:Epoch 1, Loss: 0.004144794307649136
2024-04-24 23:43:30,366:INFO:Epoch 2, Loss: 0.00767656322568655
2024-04-24 23:43:46,092:INFO:Epoch 3, Loss: 0.00048012740444391966
2024-04-24 23:44:02,020:INFO:Epoch 4, Loss: 0.008456004783511162
2024-04-24 23:44:17,662:INFO:Epoch 5, Loss: 0.13306790590286255
2024-04-24 23:44:33,526:INFO:Epoch 6, Loss: 0.003254645736888051
2024-04-24 23:44:49,667:INFO:Epoch 7, Loss: 0.0001660575799178332
2024-04-24 23:45:05,407:INFO:Epoch 8, Loss: 0.0073564620688557625
2024-04-24 23:45:21,237:INFO:Epoch 9, Loss: 3.467838541837409e-05
2024-04-24 23:45:37,045:INFO:Epoch 10, Loss: 0.15000151097774506
2024-04-24 23:45:52,907:INFO:Epoch 11, Loss: 0.029969725757837296
2024-04-24 23:46:08,574:INFO:Epoch 12, Loss: 0.0018787175649777055
2024-04-24 23:46:24,391:INFO:Epoch 13, Loss: 8.142340811900795e-05
2024-04-24 23:46:40,061:INFO:Epoch 14, Loss: 0.00022444353089667857
2024-04-24 23:46:55,970:INFO:Epoch 15, Loss: 0.0028032255358994007
2024-04-24 23:47:11,646:INFO:Epoch 16, Loss: 0.0002749226987361908
2024-04-24 23:47:27,476:INFO:Epoch 17, Loss: 0.00017577846301719546
2024-04-24 23:47:43,163:INFO:Epoch 18, Loss: 2.2774311219109222e-05
2024-04-24 23:47:59,041:INFO:Epoch 19, Loss: 4.678835921367863e-06
2024-04-24 23:48:15,541:INFO:Epoch 20, Loss: 0.055379100143909454
2024-04-24 23:48:18,398:INFO:Pruning layer: layer1.0.conv1.weight
2024-04-24 23:48:18,399:INFO:Using Kruskal's algorithm for MST weight
2024-04-24 23:48:18,399:INFO:Using Kruskal's algorithm for MST weight
2024-04-24 23:48:18,399:INFO:Using Kruskal's algorithm for MST weight
2024-04-24 23:48:18,400:INFO:Using Kruskal's algorithm for MST weight
2024-04-24 23:48:18,400:INFO:Using Kruskal's algorithm for MST weight
2024-04-24 23:48:18,400:INFO:Using Kruskal's algorithm for MST weight
2024-04-24 23:48:18,400:INFO:Using Kruskal's algorithm for MST weight
2024-04-24 23:48:18,400:INFO:Using Kruskal's algorithm for MST weight
2024-04-24 23:48:18,401:INFO:Using Kruskal's algorithm for MST weight
2024-04-24 23:48:18,401:INFO:Using Kruskal's algorithm for MST weight
2024-04-24 23:48:18,401:INFO:Using Kruskal's algorithm for MST weight
2024-04-24 23:48:18,401:INFO:Using Kruskal's algorithm for MST weight
2024-04-24 23:48:18,401:INFO:Using Kruskal's algorithm for MST weight
2024-04-24 23:48:18,402:INFO:Using Kruskal's algorithm for MST weight
2024-04-24 23:48:18,402:INFO:Using Kruskal's algorithm for MST weight
2024-04-24 23:48:18,402:INFO:Using Kruskal's algorithm for MST weight
2024-04-24 23:48:18,402:INFO:Using Kruskal's algorithm for MST weight
2024-04-24 23:48:18,402:INFO:Using Kruskal's algorithm for MST weight
2024-04-24 23:48:18,403:INFO:Using Kruskal's algorithm for MST weight
2024-04-24 23:48:18,403:INFO:Using Kruskal's algorithm for MST weight
2024-04-24 23:48:18,403:INFO:Using Kruskal's algorithm for MST weight
2024-04-24 23:48:18,403:INFO:Using Kruskal's algorithm for MST weight
2024-04-24 23:48:18,403:INFO:Using Kruskal's algorithm for MST weight
2024-04-24 23:48:18,404:INFO:Using Kruskal's algorithm for MST weight
2024-04-24 23:48:18,404:INFO:Using Kruskal's algorithm for MST weight
2024-04-24 23:48:18,404:INFO:Using Kruskal's algorithm for MST weight
2024-04-24 23:48:18,404:INFO:Using Kruskal's algorithm for MST weight
2024-04-24 23:48:18,404:INFO:Using Kruskal's algorithm for MST weight
2024-04-24 23:48:18,405:INFO:Using Kruskal's algorithm for MST weight
2024-04-24 23:48:18,405:INFO:Using Kruskal's algorithm for MST weight
2024-04-24 23:48:18,405:INFO:Using Kruskal's algorithm for MST weight
2024-04-24 23:48:18,405:INFO:Using Kruskal's algorithm for MST weight
2024-04-24 23:48:18,406:INFO:Using Kruskal's algorithm for MST weight
2024-04-24 23:48:18,406:INFO:Using Kruskal's algorithm for MST weight
2024-04-24 23:48:18,406:INFO:Using Kruskal's algorithm for MST weight
2024-04-24 23:48:18,406:INFO:Using Kruskal's algorithm for MST weight
2024-04-24 23:48:18,406:INFO:Using Kruskal's algorithm for MST weight
2024-04-24 23:48:18,406:INFO:Using Kruskal's algorithm for MST weight
2024-04-24 23:48:18,407:INFO:Using Kruskal's algorithm for MST weight
2024-04-24 23:48:18,407:INFO:Using Kruskal's algorithm for MST weight
2024-04-24 23:48:18,407:INFO:Using Kruskal's algorithm for MST weight
2024-04-24 23:48:18,407:INFO:Using Kruskal's algorithm for MST weight
2024-04-24 23:48:18,408:INFO:Using Kruskal's algorithm for MST weight
2024-04-24 23:48:18,408:INFO:Using Kruskal's algorithm for MST weight
2024-04-24 23:48:18,408:INFO:Using Kruskal's algorithm for MST weight
2024-04-24 23:48:18,408:INFO:Using Kruskal's algorithm for MST weight
2024-04-24 23:48:18,408:INFO:Using Kruskal's algorithm for MST weight
2024-04-24 23:48:18,408:INFO:Using Kruskal's algorithm for MST weight
2024-04-24 23:48:18,409:INFO:Using Kruskal's algorithm for MST weight
2024-04-24 23:48:18,409:INFO:Using Kruskal's algorithm for MST weight
2024-04-24 23:48:18,409:INFO:Using Kruskal's algorithm for MST weight
2024-04-24 23:48:18,409:INFO:Using Kruskal's algorithm for MST weight
2024-04-24 23:48:18,409:INFO:Using Kruskal's algorithm for MST weight
2024-04-24 23:48:18,410:INFO:Using Kruskal's algorithm for MST weight
2024-04-24 23:48:18,410:INFO:Using Kruskal's algorithm for MST weight
2024-04-24 23:48:18,410:INFO:Using Kruskal's algorithm for MST weight
2024-04-24 23:48:18,410:INFO:Using Kruskal's algorithm for MST weight
2024-04-24 23:48:18,410:INFO:Using Kruskal's algorithm for MST weight
2024-04-24 23:48:18,411:INFO:Using Kruskal's algorithm for MST weight
2024-04-24 23:48:18,411:INFO:Using Kruskal's algorithm for MST weight
2024-04-24 23:48:18,411:INFO:Using Kruskal's algorithm for MST weight
2024-04-24 23:48:18,411:INFO:Using Kruskal's algorithm for MST weight
2024-04-24 23:48:18,411:INFO:Using Kruskal's algorithm for MST weight
2024-04-24 23:48:18,412:INFO:Using Kruskal's algorithm for MST weight
2024-04-24 23:48:18,412:INFO:layer1.0.conv1.weight: Pruned 270 weights.
2024-04-24 23:48:18,412:INFO:Pruning layer: layer2.0.conv1.weight
2024-04-24 23:48:18,412:INFO:Using Kruskal's algorithm for MST weight
2024-04-24 23:48:18,412:INFO:Using Kruskal's algorithm for MST weight
2024-04-24 23:48:18,413:INFO:Using Kruskal's algorithm for MST weight
2024-04-24 23:48:18,413:INFO:Using Kruskal's algorithm for MST weight
2024-04-24 23:48:18,413:INFO:Using Kruskal's algorithm for MST weight
2024-04-24 23:48:18,413:INFO:Using Kruskal's algorithm for MST weight
2024-04-24 23:48:18,413:INFO:Using Kruskal's algorithm for MST weight
2024-04-24 23:48:18,414:INFO:Using Kruskal's algorithm for MST weight
2024-04-24 23:48:18,414:INFO:Using Kruskal's algorithm for MST weight
2024-04-24 23:48:18,414:INFO:Using Kruskal's algorithm for MST weight
2024-04-24 23:48:18,414:INFO:Using Kruskal's algorithm for MST weight
2024-04-24 23:48:18,415:INFO:Using Kruskal's algorithm for MST weight
2024-04-24 23:48:18,415:INFO:Using Kruskal's algorithm for MST weight
2024-04-24 23:48:18,415:INFO:Using Kruskal's algorithm for MST weight
2024-04-24 23:48:18,415:INFO:Using Kruskal's algorithm for MST weight
2024-04-24 23:48:18,415:INFO:Using Kruskal's algorithm for MST weight
2024-04-24 23:48:18,415:INFO:Using Kruskal's algorithm for MST weight
2024-04-24 23:48:18,416:INFO:Using Kruskal's algorithm for MST weight
2024-04-24 23:48:18,416:INFO:Using Kruskal's algorithm for MST weight
2024-04-24 23:48:18,416:INFO:Using Kruskal's algorithm for MST weight
2024-04-24 23:48:18,416:INFO:Using Kruskal's algorithm for MST weight
2024-04-24 23:48:18,416:INFO:Using Kruskal's algorithm for MST weight
2024-04-24 23:48:18,417:INFO:Using Kruskal's algorithm for MST weight
2024-04-24 23:48:18,417:INFO:Using Kruskal's algorithm for MST weight
2024-04-24 23:48:18,417:INFO:Using Kruskal's algorithm for MST weight
2024-04-24 23:48:18,417:INFO:Using Kruskal's algorithm for MST weight
2024-04-24 23:48:18,417:INFO:Using Kruskal's algorithm for MST weight
2024-04-24 23:48:18,418:INFO:Using Kruskal's algorithm for MST weight
2024-04-24 23:48:18,418:INFO:Using Kruskal's algorithm for MST weight
2024-04-24 23:48:18,418:INFO:Using Kruskal's algorithm for MST weight
2024-04-24 23:48:18,418:INFO:Using Kruskal's algorithm for MST weight
2024-04-24 23:48:18,418:INFO:Using Kruskal's algorithm for MST weight
2024-04-24 23:48:18,419:INFO:Using Kruskal's algorithm for MST weight
2024-04-24 23:48:18,419:INFO:Using Kruskal's algorithm for MST weight
2024-04-24 23:48:18,419:INFO:Using Kruskal's algorithm for MST weight
2024-04-24 23:48:18,419:INFO:Using Kruskal's algorithm for MST weight
2024-04-24 23:48:18,419:INFO:Using Kruskal's algorithm for MST weight
2024-04-24 23:48:18,420:INFO:Using Kruskal's algorithm for MST weight
2024-04-24 23:48:18,420:INFO:Using Kruskal's algorithm for MST weight
2024-04-24 23:48:18,420:INFO:Using Kruskal's algorithm for MST weight
2024-04-24 23:48:18,420:INFO:Using Kruskal's algorithm for MST weight
2024-04-24 23:48:18,420:INFO:Using Kruskal's algorithm for MST weight
2024-04-24 23:48:18,420:INFO:Using Kruskal's algorithm for MST weight
2024-04-24 23:48:18,421:INFO:Using Kruskal's algorithm for MST weight
2024-04-24 23:48:18,421:INFO:Using Kruskal's algorithm for MST weight
2024-04-24 23:48:18,421:INFO:Using Kruskal's algorithm for MST weight
2024-04-24 23:48:18,421:INFO:Using Kruskal's algorithm for MST weight
2024-04-24 23:48:18,422:INFO:Using Kruskal's algorithm for MST weight
2024-04-24 23:48:18,422:INFO:Using Kruskal's algorithm for MST weight
2024-04-24 23:48:18,422:INFO:Using Kruskal's algorithm for MST weight
2024-04-24 23:48:18,422:INFO:Using Kruskal's algorithm for MST weight
2024-04-24 23:48:18,422:INFO:Using Kruskal's algorithm for MST weight
2024-04-24 23:48:18,423:INFO:Using Kruskal's algorithm for MST weight
2024-04-24 23:48:18,423:INFO:Using Kruskal's algorithm for MST weight
2024-04-24 23:48:18,423:INFO:Using Kruskal's algorithm for MST weight
2024-04-24 23:48:18,423:INFO:Using Kruskal's algorithm for MST weight
2024-04-24 23:48:18,423:INFO:Using Kruskal's algorithm for MST weight
2024-04-24 23:48:18,424:INFO:Using Kruskal's algorithm for MST weight
2024-04-24 23:48:18,424:INFO:Using Kruskal's algorithm for MST weight
2024-04-24 23:48:18,424:INFO:Using Kruskal's algorithm for MST weight
2024-04-24 23:48:18,424:INFO:Using Kruskal's algorithm for MST weight
2024-04-24 23:48:18,424:INFO:Using Kruskal's algorithm for MST weight
2024-04-24 23:48:18,425:INFO:Using Kruskal's algorithm for MST weight
2024-04-24 23:48:18,425:INFO:Using Kruskal's algorithm for MST weight
2024-04-24 23:48:18,425:INFO:Using Kruskal's algorithm for MST weight
2024-04-24 23:48:18,425:INFO:Using Kruskal's algorithm for MST weight
2024-04-24 23:48:18,425:INFO:Using Kruskal's algorithm for MST weight
2024-04-24 23:48:18,426:INFO:Using Kruskal's algorithm for MST weight
2024-04-24 23:48:18,426:INFO:Using Kruskal's algorithm for MST weight
2024-04-24 23:48:18,426:INFO:Using Kruskal's algorithm for MST weight
2024-04-24 23:48:18,426:INFO:Using Kruskal's algorithm for MST weight
2024-04-24 23:48:18,426:INFO:Using Kruskal's algorithm for MST weight
2024-04-24 23:48:18,426:INFO:Using Kruskal's algorithm for MST weight
2024-04-24 23:48:18,427:INFO:Using Kruskal's algorithm for MST weight
2024-04-24 23:48:18,427:INFO:Using Kruskal's algorithm for MST weight
2024-04-24 23:48:18,427:INFO:Using Kruskal's algorithm for MST weight
2024-04-24 23:48:18,427:INFO:Using Kruskal's algorithm for MST weight
2024-04-24 23:48:18,427:INFO:Using Kruskal's algorithm for MST weight
2024-04-24 23:48:18,428:INFO:Using Kruskal's algorithm for MST weight
2024-04-24 23:48:18,428:INFO:Using Kruskal's algorithm for MST weight
2024-04-24 23:48:18,428:INFO:Using Kruskal's algorithm for MST weight
2024-04-24 23:48:18,428:INFO:Using Kruskal's algorithm for MST weight
2024-04-24 23:48:18,428:INFO:Using Kruskal's algorithm for MST weight
2024-04-24 23:48:18,429:INFO:Using Kruskal's algorithm for MST weight
2024-04-24 23:48:18,429:INFO:Using Kruskal's algorithm for MST weight
2024-04-24 23:48:18,429:INFO:Using Kruskal's algorithm for MST weight
2024-04-24 23:48:18,429:INFO:Using Kruskal's algorithm for MST weight
2024-04-24 23:48:18,429:INFO:Using Kruskal's algorithm for MST weight
2024-04-24 23:48:18,429:INFO:Using Kruskal's algorithm for MST weight
2024-04-24 23:48:18,430:INFO:Using Kruskal's algorithm for MST weight
2024-04-24 23:48:18,430:INFO:Using Kruskal's algorithm for MST weight
2024-04-24 23:48:18,430:INFO:Using Kruskal's algorithm for MST weight
2024-04-24 23:48:18,430:INFO:Using Kruskal's algorithm for MST weight
2024-04-24 23:48:18,430:INFO:Using Kruskal's algorithm for MST weight
2024-04-24 23:48:18,431:INFO:Using Kruskal's algorithm for MST weight
2024-04-24 23:48:18,431:INFO:Using Kruskal's algorithm for MST weight
2024-04-24 23:48:18,431:INFO:Using Kruskal's algorithm for MST weight
2024-04-24 23:48:18,431:INFO:Using Kruskal's algorithm for MST weight
2024-04-24 23:48:18,431:INFO:Using Kruskal's algorithm for MST weight
2024-04-24 23:48:18,432:INFO:Using Kruskal's algorithm for MST weight
2024-04-24 23:48:18,432:INFO:Using Kruskal's algorithm for MST weight
2024-04-24 23:48:18,432:INFO:Using Kruskal's algorithm for MST weight
2024-04-24 23:48:18,432:INFO:Using Kruskal's algorithm for MST weight
2024-04-24 23:48:18,432:INFO:Using Kruskal's algorithm for MST weight
2024-04-24 23:48:18,432:INFO:Using Kruskal's algorithm for MST weight
2024-04-24 23:48:18,433:INFO:Using Kruskal's algorithm for MST weight
2024-04-24 23:48:18,433:INFO:Using Kruskal's algorithm for MST weight
2024-04-24 23:48:18,433:INFO:Using Kruskal's algorithm for MST weight
2024-04-24 23:48:18,433:INFO:Using Kruskal's algorithm for MST weight
2024-04-24 23:48:18,433:INFO:Using Kruskal's algorithm for MST weight
2024-04-24 23:48:18,434:INFO:Using Kruskal's algorithm for MST weight
2024-04-24 23:48:18,434:INFO:Using Kruskal's algorithm for MST weight
2024-04-24 23:48:18,434:INFO:Using Kruskal's algorithm for MST weight
2024-04-24 23:48:18,434:INFO:Using Kruskal's algorithm for MST weight
2024-04-24 23:48:18,434:INFO:Using Kruskal's algorithm for MST weight
2024-04-24 23:48:18,435:INFO:Using Kruskal's algorithm for MST weight
2024-04-24 23:48:18,435:INFO:Using Kruskal's algorithm for MST weight
2024-04-24 23:48:18,435:INFO:Using Kruskal's algorithm for MST weight
2024-04-24 23:48:18,435:INFO:Using Kruskal's algorithm for MST weight
2024-04-24 23:48:18,435:INFO:Using Kruskal's algorithm for MST weight
2024-04-24 23:48:18,436:INFO:Using Kruskal's algorithm for MST weight
2024-04-24 23:48:18,436:INFO:Using Kruskal's algorithm for MST weight
2024-04-24 23:48:18,436:INFO:Using Kruskal's algorithm for MST weight
2024-04-24 23:48:18,436:INFO:Using Kruskal's algorithm for MST weight
2024-04-24 23:48:18,436:INFO:Using Kruskal's algorithm for MST weight
2024-04-24 23:48:18,437:INFO:Using Kruskal's algorithm for MST weight
2024-04-24 23:48:18,437:INFO:Using Kruskal's algorithm for MST weight
2024-04-24 23:48:18,437:INFO:Using Kruskal's algorithm for MST weight
2024-04-24 23:48:18,437:INFO:layer2.0.conv1.weight: Pruned 540 weights.
2024-04-24 23:48:18,437:INFO:Pruning layer: layer3.0.conv1.weight
2024-04-24 23:48:18,438:INFO:Using Kruskal's algorithm for MST weight
2024-04-24 23:48:18,438:INFO:Using Kruskal's algorithm for MST weight
2024-04-24 23:48:18,438:INFO:Using Kruskal's algorithm for MST weight
2024-04-24 23:48:18,438:INFO:Using Kruskal's algorithm for MST weight
2024-04-24 23:48:18,439:INFO:Using Kruskal's algorithm for MST weight
2024-04-24 23:48:18,439:INFO:Using Kruskal's algorithm for MST weight
2024-04-24 23:48:18,439:INFO:Using Kruskal's algorithm for MST weight
2024-04-24 23:48:18,439:INFO:Using Kruskal's algorithm for MST weight
2024-04-24 23:48:18,439:INFO:Using Kruskal's algorithm for MST weight
2024-04-24 23:48:18,440:INFO:Using Kruskal's algorithm for MST weight
2024-04-24 23:48:18,440:INFO:Using Kruskal's algorithm for MST weight
2024-04-24 23:48:18,440:INFO:Using Kruskal's algorithm for MST weight
2024-04-24 23:48:18,440:INFO:Using Kruskal's algorithm for MST weight
2024-04-24 23:48:18,440:INFO:Using Kruskal's algorithm for MST weight
2024-04-24 23:48:18,441:INFO:Using Kruskal's algorithm for MST weight
2024-04-24 23:48:18,441:INFO:Using Kruskal's algorithm for MST weight
2024-04-24 23:48:18,441:INFO:Using Kruskal's algorithm for MST weight
2024-04-24 23:48:18,441:INFO:Using Kruskal's algorithm for MST weight
2024-04-24 23:48:18,441:INFO:Using Kruskal's algorithm for MST weight
2024-04-24 23:48:18,441:INFO:Using Kruskal's algorithm for MST weight
2024-04-24 23:48:18,442:INFO:Using Kruskal's algorithm for MST weight
2024-04-24 23:48:18,442:INFO:Using Kruskal's algorithm for MST weight
2024-04-24 23:48:18,442:INFO:Using Kruskal's algorithm for MST weight
2024-04-24 23:48:18,442:INFO:Using Kruskal's algorithm for MST weight
2024-04-24 23:48:18,442:INFO:Using Kruskal's algorithm for MST weight
2024-04-24 23:48:18,443:INFO:Using Kruskal's algorithm for MST weight
2024-04-24 23:48:18,443:INFO:Using Kruskal's algorithm for MST weight
2024-04-24 23:48:18,443:INFO:Using Kruskal's algorithm for MST weight
2024-04-24 23:48:18,443:INFO:Using Kruskal's algorithm for MST weight
2024-04-24 23:48:18,443:INFO:Using Kruskal's algorithm for MST weight
2024-04-24 23:48:18,444:INFO:Using Kruskal's algorithm for MST weight
2024-04-24 23:48:18,444:INFO:Using Kruskal's algorithm for MST weight
2024-04-24 23:48:18,444:INFO:Using Kruskal's algorithm for MST weight
2024-04-24 23:48:18,444:INFO:Using Kruskal's algorithm for MST weight
2024-04-24 23:48:18,444:INFO:Using Kruskal's algorithm for MST weight
2024-04-24 23:48:18,445:INFO:Using Kruskal's algorithm for MST weight
2024-04-24 23:48:18,445:INFO:Using Kruskal's algorithm for MST weight
2024-04-24 23:48:18,445:INFO:Using Kruskal's algorithm for MST weight
2024-04-24 23:48:18,445:INFO:Using Kruskal's algorithm for MST weight
2024-04-24 23:48:18,445:INFO:Using Kruskal's algorithm for MST weight
2024-04-24 23:48:18,445:INFO:Using Kruskal's algorithm for MST weight
2024-04-24 23:48:18,446:INFO:Using Kruskal's algorithm for MST weight
2024-04-24 23:48:18,446:INFO:Using Kruskal's algorithm for MST weight
2024-04-24 23:48:18,446:INFO:Using Kruskal's algorithm for MST weight
2024-04-24 23:48:18,446:INFO:Using Kruskal's algorithm for MST weight
2024-04-24 23:48:18,446:INFO:Using Kruskal's algorithm for MST weight
2024-04-24 23:48:18,447:INFO:Using Kruskal's algorithm for MST weight
2024-04-24 23:48:18,447:INFO:Using Kruskal's algorithm for MST weight
2024-04-24 23:48:18,447:INFO:Using Kruskal's algorithm for MST weight
2024-04-24 23:48:18,447:INFO:Using Kruskal's algorithm for MST weight
2024-04-24 23:48:18,447:INFO:Using Kruskal's algorithm for MST weight
2024-04-24 23:48:18,447:INFO:Using Kruskal's algorithm for MST weight
2024-04-24 23:48:18,448:INFO:Using Kruskal's algorithm for MST weight
2024-04-24 23:48:18,448:INFO:Using Kruskal's algorithm for MST weight
2024-04-24 23:48:18,448:INFO:Using Kruskal's algorithm for MST weight
2024-04-24 23:48:18,448:INFO:Using Kruskal's algorithm for MST weight
2024-04-24 23:48:18,448:INFO:Using Kruskal's algorithm for MST weight
2024-04-24 23:48:18,449:INFO:Using Kruskal's algorithm for MST weight
2024-04-24 23:48:18,449:INFO:Using Kruskal's algorithm for MST weight
2024-04-24 23:48:18,449:INFO:Using Kruskal's algorithm for MST weight
2024-04-24 23:48:18,449:INFO:Using Kruskal's algorithm for MST weight
2024-04-24 23:48:18,449:INFO:Using Kruskal's algorithm for MST weight
2024-04-24 23:48:18,450:INFO:Using Kruskal's algorithm for MST weight
2024-04-24 23:48:18,450:INFO:Using Kruskal's algorithm for MST weight
2024-04-24 23:48:18,450:INFO:Using Kruskal's algorithm for MST weight
2024-04-24 23:48:18,450:INFO:Using Kruskal's algorithm for MST weight
2024-04-24 23:48:18,450:INFO:Using Kruskal's algorithm for MST weight
2024-04-24 23:48:18,451:INFO:Using Kruskal's algorithm for MST weight
2024-04-24 23:48:18,451:INFO:Using Kruskal's algorithm for MST weight
2024-04-24 23:48:18,451:INFO:Using Kruskal's algorithm for MST weight
2024-04-24 23:48:18,451:INFO:Using Kruskal's algorithm for MST weight
2024-04-24 23:48:18,451:INFO:Using Kruskal's algorithm for MST weight
2024-04-24 23:48:18,452:INFO:Using Kruskal's algorithm for MST weight
2024-04-24 23:48:18,452:INFO:Using Kruskal's algorithm for MST weight
2024-04-24 23:48:18,452:INFO:Using Kruskal's algorithm for MST weight
2024-04-24 23:48:18,452:INFO:Using Kruskal's algorithm for MST weight
2024-04-24 23:48:18,452:INFO:Using Kruskal's algorithm for MST weight
2024-04-24 23:48:18,452:INFO:Using Kruskal's algorithm for MST weight
2024-04-24 23:48:18,453:INFO:Using Kruskal's algorithm for MST weight
2024-04-24 23:48:18,453:INFO:Using Kruskal's algorithm for MST weight
2024-04-24 23:48:18,453:INFO:Using Kruskal's algorithm for MST weight
2024-04-24 23:48:18,453:INFO:Using Kruskal's algorithm for MST weight
2024-04-24 23:48:18,454:INFO:Using Kruskal's algorithm for MST weight
2024-04-24 23:48:18,454:INFO:Using Kruskal's algorithm for MST weight
2024-04-24 23:48:18,454:INFO:Using Kruskal's algorithm for MST weight
2024-04-24 23:48:18,454:INFO:Using Kruskal's algorithm for MST weight
2024-04-24 23:48:18,454:INFO:Using Kruskal's algorithm for MST weight
2024-04-24 23:48:18,454:INFO:Using Kruskal's algorithm for MST weight
2024-04-24 23:48:18,455:INFO:Using Kruskal's algorithm for MST weight
2024-04-24 23:48:18,455:INFO:Using Kruskal's algorithm for MST weight
2024-04-24 23:48:18,455:INFO:Using Kruskal's algorithm for MST weight
2024-04-24 23:48:18,455:INFO:Using Kruskal's algorithm for MST weight
2024-04-24 23:48:18,455:INFO:Using Kruskal's algorithm for MST weight
2024-04-24 23:48:18,456:INFO:Using Kruskal's algorithm for MST weight
2024-04-24 23:48:18,456:INFO:Using Kruskal's algorithm for MST weight
2024-04-24 23:48:18,456:INFO:Using Kruskal's algorithm for MST weight
2024-04-24 23:48:18,456:INFO:Using Kruskal's algorithm for MST weight
2024-04-24 23:48:18,456:INFO:Using Kruskal's algorithm for MST weight
2024-04-24 23:48:18,457:INFO:Using Kruskal's algorithm for MST weight
2024-04-24 23:48:18,457:INFO:Using Kruskal's algorithm for MST weight
2024-04-24 23:48:18,457:INFO:Using Kruskal's algorithm for MST weight
2024-04-24 23:48:18,457:INFO:Using Kruskal's algorithm for MST weight
2024-04-24 23:48:18,457:INFO:Using Kruskal's algorithm for MST weight
2024-04-24 23:48:18,457:INFO:Using Kruskal's algorithm for MST weight
2024-04-24 23:48:18,458:INFO:Using Kruskal's algorithm for MST weight
2024-04-24 23:48:18,458:INFO:Using Kruskal's algorithm for MST weight
2024-04-24 23:48:18,458:INFO:Using Kruskal's algorithm for MST weight
2024-04-24 23:48:18,458:INFO:Using Kruskal's algorithm for MST weight
2024-04-24 23:48:18,458:INFO:Using Kruskal's algorithm for MST weight
2024-04-24 23:48:18,459:INFO:Using Kruskal's algorithm for MST weight
2024-04-24 23:48:18,459:INFO:Using Kruskal's algorithm for MST weight
2024-04-24 23:48:18,459:INFO:Using Kruskal's algorithm for MST weight
2024-04-24 23:48:18,459:INFO:Using Kruskal's algorithm for MST weight
2024-04-24 23:48:18,459:INFO:Using Kruskal's algorithm for MST weight
2024-04-24 23:48:18,460:INFO:Using Kruskal's algorithm for MST weight
2024-04-24 23:48:18,460:INFO:Using Kruskal's algorithm for MST weight
2024-04-24 23:48:18,460:INFO:Using Kruskal's algorithm for MST weight
2024-04-24 23:48:18,460:INFO:Using Kruskal's algorithm for MST weight
2024-04-24 23:48:18,460:INFO:Using Kruskal's algorithm for MST weight
2024-04-24 23:48:18,461:INFO:Using Kruskal's algorithm for MST weight
2024-04-24 23:48:18,461:INFO:Using Kruskal's algorithm for MST weight
2024-04-24 23:48:18,461:INFO:Using Kruskal's algorithm for MST weight
2024-04-24 23:48:18,461:INFO:Using Kruskal's algorithm for MST weight
2024-04-24 23:48:18,461:INFO:Using Kruskal's algorithm for MST weight
2024-04-24 23:48:18,462:INFO:Using Kruskal's algorithm for MST weight
2024-04-24 23:48:18,462:INFO:Using Kruskal's algorithm for MST weight
2024-04-24 23:48:18,462:INFO:Using Kruskal's algorithm for MST weight
2024-04-24 23:48:18,462:INFO:Using Kruskal's algorithm for MST weight
2024-04-24 23:48:18,462:INFO:Using Kruskal's algorithm for MST weight
2024-04-24 23:48:18,462:INFO:Using Kruskal's algorithm for MST weight
2024-04-24 23:48:18,463:INFO:Using Kruskal's algorithm for MST weight
2024-04-24 23:48:18,463:INFO:Using Kruskal's algorithm for MST weight
2024-04-24 23:48:18,463:INFO:Using Kruskal's algorithm for MST weight
2024-04-24 23:48:18,463:INFO:Using Kruskal's algorithm for MST weight
2024-04-24 23:48:18,463:INFO:Using Kruskal's algorithm for MST weight
2024-04-24 23:48:18,464:INFO:Using Kruskal's algorithm for MST weight
2024-04-24 23:48:18,464:INFO:Using Kruskal's algorithm for MST weight
2024-04-24 23:48:18,464:INFO:Using Kruskal's algorithm for MST weight
2024-04-24 23:48:18,464:INFO:Using Kruskal's algorithm for MST weight
2024-04-24 23:48:18,464:INFO:Using Kruskal's algorithm for MST weight
2024-04-24 23:48:18,465:INFO:Using Kruskal's algorithm for MST weight
2024-04-24 23:48:18,465:INFO:Using Kruskal's algorithm for MST weight
2024-04-24 23:48:18,465:INFO:Using Kruskal's algorithm for MST weight
2024-04-24 23:48:18,465:INFO:Using Kruskal's algorithm for MST weight
2024-04-24 23:48:18,465:INFO:Using Kruskal's algorithm for MST weight
2024-04-24 23:48:18,465:INFO:Using Kruskal's algorithm for MST weight
2024-04-24 23:48:18,466:INFO:Using Kruskal's algorithm for MST weight
2024-04-24 23:48:18,466:INFO:Using Kruskal's algorithm for MST weight
2024-04-24 23:48:18,466:INFO:Using Kruskal's algorithm for MST weight
2024-04-24 23:48:18,466:INFO:Using Kruskal's algorithm for MST weight
2024-04-24 23:48:18,466:INFO:Using Kruskal's algorithm for MST weight
2024-04-24 23:48:18,467:INFO:Using Kruskal's algorithm for MST weight
2024-04-24 23:48:18,467:INFO:Using Kruskal's algorithm for MST weight
2024-04-24 23:48:18,467:INFO:Using Kruskal's algorithm for MST weight
2024-04-24 23:48:18,467:INFO:Using Kruskal's algorithm for MST weight
2024-04-24 23:48:18,467:INFO:Using Kruskal's algorithm for MST weight
2024-04-24 23:48:18,468:INFO:Using Kruskal's algorithm for MST weight
2024-04-24 23:48:18,468:INFO:Using Kruskal's algorithm for MST weight
2024-04-24 23:48:18,468:INFO:Using Kruskal's algorithm for MST weight
2024-04-24 23:48:18,468:INFO:Using Kruskal's algorithm for MST weight
2024-04-24 23:48:18,468:INFO:Using Kruskal's algorithm for MST weight
2024-04-24 23:48:18,469:INFO:Using Kruskal's algorithm for MST weight
2024-04-24 23:48:18,469:INFO:Using Kruskal's algorithm for MST weight
2024-04-24 23:48:18,469:INFO:Using Kruskal's algorithm for MST weight
2024-04-24 23:48:18,469:INFO:Using Kruskal's algorithm for MST weight
2024-04-24 23:48:18,469:INFO:Using Kruskal's algorithm for MST weight
2024-04-24 23:48:18,470:INFO:Using Kruskal's algorithm for MST weight
2024-04-24 23:48:18,470:INFO:Using Kruskal's algorithm for MST weight
2024-04-24 23:48:18,470:INFO:Using Kruskal's algorithm for MST weight
2024-04-24 23:48:18,470:INFO:Using Kruskal's algorithm for MST weight
2024-04-24 23:48:18,470:INFO:Using Kruskal's algorithm for MST weight
2024-04-24 23:48:18,471:INFO:Using Kruskal's algorithm for MST weight
2024-04-24 23:48:18,471:INFO:Using Kruskal's algorithm for MST weight
2024-04-24 23:48:18,471:INFO:Using Kruskal's algorithm for MST weight
2024-04-24 23:48:18,471:INFO:Using Kruskal's algorithm for MST weight
2024-04-24 23:48:18,471:INFO:Using Kruskal's algorithm for MST weight
2024-04-24 23:48:18,471:INFO:Using Kruskal's algorithm for MST weight
2024-04-24 23:48:18,472:INFO:Using Kruskal's algorithm for MST weight
2024-04-24 23:48:18,472:INFO:Using Kruskal's algorithm for MST weight
2024-04-24 23:48:18,472:INFO:Using Kruskal's algorithm for MST weight
2024-04-24 23:48:18,472:INFO:Using Kruskal's algorithm for MST weight
2024-04-24 23:48:18,472:INFO:Using Kruskal's algorithm for MST weight
2024-04-24 23:48:18,473:INFO:Using Kruskal's algorithm for MST weight
2024-04-24 23:48:18,473:INFO:Using Kruskal's algorithm for MST weight
2024-04-24 23:48:18,473:INFO:Using Kruskal's algorithm for MST weight
2024-04-24 23:48:18,473:INFO:Using Kruskal's algorithm for MST weight
2024-04-24 23:48:18,473:INFO:Using Kruskal's algorithm for MST weight
2024-04-24 23:48:18,474:INFO:Using Kruskal's algorithm for MST weight
2024-04-24 23:48:18,474:INFO:Using Kruskal's algorithm for MST weight
2024-04-24 23:48:18,474:INFO:Using Kruskal's algorithm for MST weight
2024-04-24 23:48:18,474:INFO:Using Kruskal's algorithm for MST weight
2024-04-24 23:48:18,474:INFO:Using Kruskal's algorithm for MST weight
2024-04-24 23:48:18,474:INFO:Using Kruskal's algorithm for MST weight
2024-04-24 23:48:18,475:INFO:Using Kruskal's algorithm for MST weight
2024-04-24 23:48:18,475:INFO:Using Kruskal's algorithm for MST weight
2024-04-24 23:48:18,475:INFO:Using Kruskal's algorithm for MST weight
2024-04-24 23:48:18,475:INFO:Using Kruskal's algorithm for MST weight
2024-04-24 23:48:18,475:INFO:Using Kruskal's algorithm for MST weight
2024-04-24 23:48:18,476:INFO:Using Kruskal's algorithm for MST weight
2024-04-24 23:48:18,476:INFO:Using Kruskal's algorithm for MST weight
2024-04-24 23:48:18,476:INFO:Using Kruskal's algorithm for MST weight
2024-04-24 23:48:18,476:INFO:Using Kruskal's algorithm for MST weight
2024-04-24 23:48:18,476:INFO:Using Kruskal's algorithm for MST weight
2024-04-24 23:48:18,477:INFO:Using Kruskal's algorithm for MST weight
2024-04-24 23:48:18,477:INFO:Using Kruskal's algorithm for MST weight
2024-04-24 23:48:18,477:INFO:Using Kruskal's algorithm for MST weight
2024-04-24 23:48:18,477:INFO:Using Kruskal's algorithm for MST weight
2024-04-24 23:48:18,477:INFO:Using Kruskal's algorithm for MST weight
2024-04-24 23:48:18,478:INFO:Using Kruskal's algorithm for MST weight
2024-04-24 23:48:18,478:INFO:Using Kruskal's algorithm for MST weight
2024-04-24 23:48:18,478:INFO:Using Kruskal's algorithm for MST weight
2024-04-24 23:48:18,478:INFO:Using Kruskal's algorithm for MST weight
2024-04-24 23:48:18,478:INFO:Using Kruskal's algorithm for MST weight
2024-04-24 23:48:18,478:INFO:Using Kruskal's algorithm for MST weight
2024-04-24 23:48:18,479:INFO:Using Kruskal's algorithm for MST weight
2024-04-24 23:48:18,479:INFO:Using Kruskal's algorithm for MST weight
2024-04-24 23:48:18,479:INFO:Using Kruskal's algorithm for MST weight
2024-04-24 23:48:18,479:INFO:Using Kruskal's algorithm for MST weight
2024-04-24 23:48:18,479:INFO:Using Kruskal's algorithm for MST weight
2024-04-24 23:48:18,480:INFO:Using Kruskal's algorithm for MST weight
2024-04-24 23:48:18,480:INFO:Using Kruskal's algorithm for MST weight
2024-04-24 23:48:18,480:INFO:Using Kruskal's algorithm for MST weight
2024-04-24 23:48:18,480:INFO:Using Kruskal's algorithm for MST weight
2024-04-24 23:48:18,480:INFO:Using Kruskal's algorithm for MST weight
2024-04-24 23:48:18,481:INFO:Using Kruskal's algorithm for MST weight
2024-04-24 23:48:18,481:INFO:Using Kruskal's algorithm for MST weight
2024-04-24 23:48:18,481:INFO:Using Kruskal's algorithm for MST weight
2024-04-24 23:48:18,481:INFO:Using Kruskal's algorithm for MST weight
2024-04-24 23:48:18,481:INFO:Using Kruskal's algorithm for MST weight
2024-04-24 23:48:18,482:INFO:Using Kruskal's algorithm for MST weight
2024-04-24 23:48:18,482:INFO:Using Kruskal's algorithm for MST weight
2024-04-24 23:48:18,482:INFO:Using Kruskal's algorithm for MST weight
2024-04-24 23:48:18,482:INFO:Using Kruskal's algorithm for MST weight
2024-04-24 23:48:18,482:INFO:Using Kruskal's algorithm for MST weight
2024-04-24 23:48:18,483:INFO:Using Kruskal's algorithm for MST weight
2024-04-24 23:48:18,483:INFO:Using Kruskal's algorithm for MST weight
2024-04-24 23:48:18,483:INFO:Using Kruskal's algorithm for MST weight
2024-04-24 23:48:18,483:INFO:Using Kruskal's algorithm for MST weight
2024-04-24 23:48:18,483:INFO:Using Kruskal's algorithm for MST weight
2024-04-24 23:48:18,483:INFO:Using Kruskal's algorithm for MST weight
2024-04-24 23:48:18,484:INFO:Using Kruskal's algorithm for MST weight
2024-04-24 23:48:18,484:INFO:Using Kruskal's algorithm for MST weight
2024-04-24 23:48:18,484:INFO:Using Kruskal's algorithm for MST weight
2024-04-24 23:48:18,484:INFO:Using Kruskal's algorithm for MST weight
2024-04-24 23:48:18,485:INFO:Using Kruskal's algorithm for MST weight
2024-04-24 23:48:18,485:INFO:Using Kruskal's algorithm for MST weight
2024-04-24 23:48:18,485:INFO:Using Kruskal's algorithm for MST weight
2024-04-24 23:48:18,485:INFO:Using Kruskal's algorithm for MST weight
2024-04-24 23:48:18,485:INFO:Using Kruskal's algorithm for MST weight
2024-04-24 23:48:18,486:INFO:Using Kruskal's algorithm for MST weight
2024-04-24 23:48:18,486:INFO:Using Kruskal's algorithm for MST weight
2024-04-24 23:48:18,486:INFO:Using Kruskal's algorithm for MST weight
2024-04-24 23:48:18,486:INFO:Using Kruskal's algorithm for MST weight
2024-04-24 23:48:18,486:INFO:Using Kruskal's algorithm for MST weight
2024-04-24 23:48:18,486:INFO:Using Kruskal's algorithm for MST weight
2024-04-24 23:48:18,487:INFO:Using Kruskal's algorithm for MST weight
2024-04-24 23:48:18,487:INFO:layer3.0.conv1.weight: Pruned 1062 weights.
2024-04-24 23:48:18,487:INFO:Pruning layer: layer4.0.conv1.weight
2024-04-24 23:48:18,488:INFO:Using Kruskal's algorithm for MST weight
2024-04-24 23:48:18,489:INFO:Using Kruskal's algorithm for MST weight
2024-04-24 23:48:18,489:INFO:Using Kruskal's algorithm for MST weight
2024-04-24 23:48:18,489:INFO:Using Kruskal's algorithm for MST weight
2024-04-24 23:48:18,489:INFO:Using Kruskal's algorithm for MST weight
2024-04-24 23:48:18,489:INFO:Using Kruskal's algorithm for MST weight
2024-04-24 23:48:18,490:INFO:Using Kruskal's algorithm for MST weight
2024-04-24 23:48:18,490:INFO:Using Kruskal's algorithm for MST weight
2024-04-24 23:48:18,490:INFO:Using Kruskal's algorithm for MST weight
2024-04-24 23:48:18,490:INFO:Using Kruskal's algorithm for MST weight
2024-04-24 23:48:18,490:INFO:Using Kruskal's algorithm for MST weight
2024-04-24 23:48:18,491:INFO:Using Kruskal's algorithm for MST weight
2024-04-24 23:48:18,491:INFO:Using Kruskal's algorithm for MST weight
2024-04-24 23:48:18,491:INFO:Using Kruskal's algorithm for MST weight
2024-04-24 23:48:18,491:INFO:Using Kruskal's algorithm for MST weight
2024-04-24 23:48:18,491:INFO:Using Kruskal's algorithm for MST weight
2024-04-24 23:48:18,492:INFO:Using Kruskal's algorithm for MST weight
2024-04-24 23:48:18,492:INFO:Using Kruskal's algorithm for MST weight
2024-04-24 23:48:18,492:INFO:Using Kruskal's algorithm for MST weight
2024-04-24 23:48:18,492:INFO:Using Kruskal's algorithm for MST weight
2024-04-24 23:48:18,492:INFO:Using Kruskal's algorithm for MST weight
2024-04-24 23:48:18,492:INFO:Using Kruskal's algorithm for MST weight
2024-04-24 23:48:18,493:INFO:Using Kruskal's algorithm for MST weight
2024-04-24 23:48:18,493:INFO:Using Kruskal's algorithm for MST weight
2024-04-24 23:48:18,493:INFO:Using Kruskal's algorithm for MST weight
2024-04-24 23:48:18,493:INFO:Using Kruskal's algorithm for MST weight
2024-04-24 23:48:18,493:INFO:Using Kruskal's algorithm for MST weight
2024-04-24 23:48:18,494:INFO:Using Kruskal's algorithm for MST weight
2024-04-24 23:48:18,494:INFO:Using Kruskal's algorithm for MST weight
2024-04-24 23:48:18,494:INFO:Using Kruskal's algorithm for MST weight
2024-04-24 23:48:18,494:INFO:Using Kruskal's algorithm for MST weight
2024-04-24 23:48:18,494:INFO:Using Kruskal's algorithm for MST weight
2024-04-24 23:48:18,495:INFO:Using Kruskal's algorithm for MST weight
2024-04-24 23:48:18,495:INFO:Using Kruskal's algorithm for MST weight
2024-04-24 23:48:18,495:INFO:Using Kruskal's algorithm for MST weight
2024-04-24 23:48:18,495:INFO:Using Kruskal's algorithm for MST weight
2024-04-24 23:48:18,495:INFO:Using Kruskal's algorithm for MST weight
2024-04-24 23:48:18,496:INFO:Using Kruskal's algorithm for MST weight
2024-04-24 23:48:18,496:INFO:Using Kruskal's algorithm for MST weight
2024-04-24 23:48:18,496:INFO:Using Kruskal's algorithm for MST weight
2024-04-24 23:48:18,496:INFO:Using Kruskal's algorithm for MST weight
2024-04-24 23:48:18,496:INFO:Using Kruskal's algorithm for MST weight
2024-04-24 23:48:18,497:INFO:Using Kruskal's algorithm for MST weight
2024-04-24 23:48:18,497:INFO:Using Kruskal's algorithm for MST weight
2024-04-24 23:48:18,497:INFO:Using Kruskal's algorithm for MST weight
2024-04-24 23:48:18,497:INFO:Using Kruskal's algorithm for MST weight
2024-04-24 23:48:18,497:INFO:Using Kruskal's algorithm for MST weight
2024-04-24 23:48:18,497:INFO:Using Kruskal's algorithm for MST weight
2024-04-24 23:48:18,498:INFO:Using Kruskal's algorithm for MST weight
2024-04-24 23:48:18,498:INFO:Using Kruskal's algorithm for MST weight
2024-04-24 23:48:18,498:INFO:Using Kruskal's algorithm for MST weight
2024-04-24 23:48:18,498:INFO:Using Kruskal's algorithm for MST weight
2024-04-24 23:48:18,498:INFO:Using Kruskal's algorithm for MST weight
2024-04-24 23:48:18,499:INFO:Using Kruskal's algorithm for MST weight
2024-04-24 23:48:18,499:INFO:Using Kruskal's algorithm for MST weight
2024-04-24 23:48:18,499:INFO:Using Kruskal's algorithm for MST weight
2024-04-24 23:48:18,499:INFO:Using Kruskal's algorithm for MST weight
2024-04-24 23:48:18,499:INFO:Using Kruskal's algorithm for MST weight
2024-04-24 23:48:18,500:INFO:Using Kruskal's algorithm for MST weight
2024-04-24 23:48:18,500:INFO:Using Kruskal's algorithm for MST weight
2024-04-24 23:48:18,500:INFO:Using Kruskal's algorithm for MST weight
2024-04-24 23:48:18,500:INFO:Using Kruskal's algorithm for MST weight
2024-04-24 23:48:18,500:INFO:Using Kruskal's algorithm for MST weight
2024-04-24 23:48:18,501:INFO:Using Kruskal's algorithm for MST weight
2024-04-24 23:48:18,501:INFO:Using Kruskal's algorithm for MST weight
2024-04-24 23:48:18,501:INFO:Using Kruskal's algorithm for MST weight
2024-04-24 23:48:18,501:INFO:Using Kruskal's algorithm for MST weight
2024-04-24 23:48:18,501:INFO:Using Kruskal's algorithm for MST weight
2024-04-24 23:48:18,502:INFO:Using Kruskal's algorithm for MST weight
2024-04-24 23:48:18,502:INFO:Using Kruskal's algorithm for MST weight
2024-04-24 23:48:18,502:INFO:Using Kruskal's algorithm for MST weight
2024-04-24 23:48:18,502:INFO:Using Kruskal's algorithm for MST weight
2024-04-24 23:48:18,502:INFO:Using Kruskal's algorithm for MST weight
2024-04-24 23:48:18,503:INFO:Using Kruskal's algorithm for MST weight
2024-04-24 23:48:18,503:INFO:Using Kruskal's algorithm for MST weight
2024-04-24 23:48:18,503:INFO:Using Kruskal's algorithm for MST weight
2024-04-24 23:48:18,503:INFO:Using Kruskal's algorithm for MST weight
2024-04-24 23:48:18,503:INFO:Using Kruskal's algorithm for MST weight
2024-04-24 23:48:18,504:INFO:Using Kruskal's algorithm for MST weight
2024-04-24 23:48:18,504:INFO:Using Kruskal's algorithm for MST weight
2024-04-24 23:48:18,504:INFO:Using Kruskal's algorithm for MST weight
2024-04-24 23:48:18,504:INFO:Using Kruskal's algorithm for MST weight
2024-04-24 23:48:18,504:INFO:Using Kruskal's algorithm for MST weight
2024-04-24 23:48:18,505:INFO:Using Kruskal's algorithm for MST weight
2024-04-24 23:48:18,505:INFO:Using Kruskal's algorithm for MST weight
2024-04-24 23:48:18,505:INFO:Using Kruskal's algorithm for MST weight
2024-04-24 23:48:18,505:INFO:Using Kruskal's algorithm for MST weight
2024-04-24 23:48:18,505:INFO:Using Kruskal's algorithm for MST weight
2024-04-24 23:48:18,506:INFO:Using Kruskal's algorithm for MST weight
2024-04-24 23:48:18,506:INFO:Using Kruskal's algorithm for MST weight
2024-04-24 23:48:18,506:INFO:Using Kruskal's algorithm for MST weight
2024-04-24 23:48:18,506:INFO:Using Kruskal's algorithm for MST weight
2024-04-24 23:48:18,506:INFO:Using Kruskal's algorithm for MST weight
2024-04-24 23:48:18,507:INFO:Using Kruskal's algorithm for MST weight
2024-04-24 23:48:18,507:INFO:Using Kruskal's algorithm for MST weight
2024-04-24 23:48:18,507:INFO:Using Kruskal's algorithm for MST weight
2024-04-24 23:48:18,507:INFO:Using Kruskal's algorithm for MST weight
2024-04-24 23:48:18,507:INFO:Using Kruskal's algorithm for MST weight
2024-04-24 23:48:18,508:INFO:Using Kruskal's algorithm for MST weight
2024-04-24 23:48:18,508:INFO:Using Kruskal's algorithm for MST weight
2024-04-24 23:48:18,508:INFO:Using Kruskal's algorithm for MST weight
2024-04-24 23:48:18,508:INFO:Using Kruskal's algorithm for MST weight
2024-04-24 23:48:18,508:INFO:Using Kruskal's algorithm for MST weight
2024-04-24 23:48:18,509:INFO:Using Kruskal's algorithm for MST weight
2024-04-24 23:48:18,509:INFO:Using Kruskal's algorithm for MST weight
2024-04-24 23:48:18,509:INFO:Using Kruskal's algorithm for MST weight
2024-04-24 23:48:18,509:INFO:Using Kruskal's algorithm for MST weight
2024-04-24 23:48:18,509:INFO:Using Kruskal's algorithm for MST weight
2024-04-24 23:48:18,509:INFO:Using Kruskal's algorithm for MST weight
2024-04-24 23:48:18,510:INFO:Using Kruskal's algorithm for MST weight
2024-04-24 23:48:18,510:INFO:Using Kruskal's algorithm for MST weight
2024-04-24 23:48:18,510:INFO:Using Kruskal's algorithm for MST weight
2024-04-24 23:48:18,510:INFO:Using Kruskal's algorithm for MST weight
2024-04-24 23:48:18,510:INFO:Using Kruskal's algorithm for MST weight
2024-04-24 23:48:18,511:INFO:Using Kruskal's algorithm for MST weight
2024-04-24 23:48:18,511:INFO:Using Kruskal's algorithm for MST weight
2024-04-24 23:48:18,511:INFO:Using Kruskal's algorithm for MST weight
2024-04-24 23:48:18,511:INFO:Using Kruskal's algorithm for MST weight
2024-04-24 23:48:18,511:INFO:Using Kruskal's algorithm for MST weight
2024-04-24 23:48:18,512:INFO:Using Kruskal's algorithm for MST weight
2024-04-24 23:48:18,512:INFO:Using Kruskal's algorithm for MST weight
2024-04-24 23:48:18,512:INFO:Using Kruskal's algorithm for MST weight
2024-04-24 23:48:18,512:INFO:Using Kruskal's algorithm for MST weight
2024-04-24 23:48:18,512:INFO:Using Kruskal's algorithm for MST weight
2024-04-24 23:48:18,513:INFO:Using Kruskal's algorithm for MST weight
2024-04-24 23:48:18,513:INFO:Using Kruskal's algorithm for MST weight
2024-04-24 23:48:18,513:INFO:Using Kruskal's algorithm for MST weight
2024-04-24 23:48:18,513:INFO:Using Kruskal's algorithm for MST weight
2024-04-24 23:48:18,513:INFO:Using Kruskal's algorithm for MST weight
2024-04-24 23:48:18,514:INFO:Using Kruskal's algorithm for MST weight
2024-04-24 23:48:18,514:INFO:Using Kruskal's algorithm for MST weight
2024-04-24 23:48:18,514:INFO:Using Kruskal's algorithm for MST weight
2024-04-24 23:48:18,514:INFO:Using Kruskal's algorithm for MST weight
2024-04-24 23:48:18,514:INFO:Using Kruskal's algorithm for MST weight
2024-04-24 23:48:18,515:INFO:Using Kruskal's algorithm for MST weight
2024-04-24 23:48:18,515:INFO:Using Kruskal's algorithm for MST weight
2024-04-24 23:48:18,515:INFO:Using Kruskal's algorithm for MST weight
2024-04-24 23:48:18,515:INFO:Using Kruskal's algorithm for MST weight
2024-04-24 23:48:18,515:INFO:Using Kruskal's algorithm for MST weight
2024-04-24 23:48:18,515:INFO:Using Kruskal's algorithm for MST weight
2024-04-24 23:48:18,516:INFO:Using Kruskal's algorithm for MST weight
2024-04-24 23:48:18,516:INFO:Using Kruskal's algorithm for MST weight
2024-04-24 23:48:18,516:INFO:Using Kruskal's algorithm for MST weight
2024-04-24 23:48:18,516:INFO:Using Kruskal's algorithm for MST weight
2024-04-24 23:48:18,517:INFO:Using Kruskal's algorithm for MST weight
2024-04-24 23:48:18,517:INFO:Using Kruskal's algorithm for MST weight
2024-04-24 23:48:18,517:INFO:Using Kruskal's algorithm for MST weight
2024-04-24 23:48:18,517:INFO:Using Kruskal's algorithm for MST weight
2024-04-24 23:48:18,517:INFO:Using Kruskal's algorithm for MST weight
2024-04-24 23:48:18,518:INFO:Using Kruskal's algorithm for MST weight
2024-04-24 23:48:18,518:INFO:Using Kruskal's algorithm for MST weight
2024-04-24 23:48:18,518:INFO:Using Kruskal's algorithm for MST weight
2024-04-24 23:48:18,518:INFO:Using Kruskal's algorithm for MST weight
2024-04-24 23:48:18,518:INFO:Using Kruskal's algorithm for MST weight
2024-04-24 23:48:18,518:INFO:Using Kruskal's algorithm for MST weight
2024-04-24 23:48:18,519:INFO:Using Kruskal's algorithm for MST weight
2024-04-24 23:48:18,519:INFO:Using Kruskal's algorithm for MST weight
2024-04-24 23:48:18,519:INFO:Using Kruskal's algorithm for MST weight
2024-04-24 23:48:18,519:INFO:Using Kruskal's algorithm for MST weight
2024-04-24 23:48:18,520:INFO:Using Kruskal's algorithm for MST weight
2024-04-24 23:48:18,520:INFO:Using Kruskal's algorithm for MST weight
2024-04-24 23:48:18,520:INFO:Using Kruskal's algorithm for MST weight
2024-04-24 23:48:18,520:INFO:Using Kruskal's algorithm for MST weight
2024-04-24 23:48:18,520:INFO:Using Kruskal's algorithm for MST weight
2024-04-24 23:48:18,520:INFO:Using Kruskal's algorithm for MST weight
2024-04-24 23:48:18,521:INFO:Using Kruskal's algorithm for MST weight
2024-04-24 23:48:18,521:INFO:Using Kruskal's algorithm for MST weight
2024-04-24 23:48:18,521:INFO:Using Kruskal's algorithm for MST weight
2024-04-24 23:48:18,521:INFO:Using Kruskal's algorithm for MST weight
2024-04-24 23:48:18,521:INFO:Using Kruskal's algorithm for MST weight
2024-04-24 23:48:18,522:INFO:Using Kruskal's algorithm for MST weight
2024-04-24 23:48:18,522:INFO:Using Kruskal's algorithm for MST weight
2024-04-24 23:48:18,522:INFO:Using Kruskal's algorithm for MST weight
2024-04-24 23:48:18,522:INFO:Using Kruskal's algorithm for MST weight
2024-04-24 23:48:18,522:INFO:Using Kruskal's algorithm for MST weight
2024-04-24 23:48:18,523:INFO:Using Kruskal's algorithm for MST weight
2024-04-24 23:48:18,523:INFO:Using Kruskal's algorithm for MST weight
2024-04-24 23:48:18,523:INFO:Using Kruskal's algorithm for MST weight
2024-04-24 23:48:18,523:INFO:Using Kruskal's algorithm for MST weight
2024-04-24 23:48:18,523:INFO:Using Kruskal's algorithm for MST weight
2024-04-24 23:48:18,524:INFO:Using Kruskal's algorithm for MST weight
2024-04-24 23:48:18,524:INFO:Using Kruskal's algorithm for MST weight
2024-04-24 23:48:18,524:INFO:Using Kruskal's algorithm for MST weight
2024-04-24 23:48:18,524:INFO:Using Kruskal's algorithm for MST weight
2024-04-24 23:48:18,524:INFO:Using Kruskal's algorithm for MST weight
2024-04-24 23:48:18,524:INFO:Using Kruskal's algorithm for MST weight
2024-04-24 23:48:18,525:INFO:Using Kruskal's algorithm for MST weight
2024-04-24 23:48:18,525:INFO:Using Kruskal's algorithm for MST weight
2024-04-24 23:48:18,525:INFO:Using Kruskal's algorithm for MST weight
2024-04-24 23:48:18,525:INFO:Using Kruskal's algorithm for MST weight
2024-04-24 23:48:18,525:INFO:Using Kruskal's algorithm for MST weight
2024-04-24 23:48:18,526:INFO:Using Kruskal's algorithm for MST weight
2024-04-24 23:48:18,526:INFO:Using Kruskal's algorithm for MST weight
2024-04-24 23:48:18,526:INFO:Using Kruskal's algorithm for MST weight
2024-04-24 23:48:18,526:INFO:Using Kruskal's algorithm for MST weight
2024-04-24 23:48:18,526:INFO:Using Kruskal's algorithm for MST weight
2024-04-24 23:48:18,527:INFO:Using Kruskal's algorithm for MST weight
2024-04-24 23:48:18,527:INFO:Using Kruskal's algorithm for MST weight
2024-04-24 23:48:18,527:INFO:Using Kruskal's algorithm for MST weight
2024-04-24 23:48:18,527:INFO:Using Kruskal's algorithm for MST weight
2024-04-24 23:48:18,527:INFO:Using Kruskal's algorithm for MST weight
2024-04-24 23:48:18,528:INFO:Using Kruskal's algorithm for MST weight
2024-04-24 23:48:18,528:INFO:Using Kruskal's algorithm for MST weight
2024-04-24 23:48:18,528:INFO:Using Kruskal's algorithm for MST weight
2024-04-24 23:48:18,528:INFO:Using Kruskal's algorithm for MST weight
2024-04-24 23:48:18,528:INFO:Using Kruskal's algorithm for MST weight
2024-04-24 23:48:18,529:INFO:Using Kruskal's algorithm for MST weight
2024-04-24 23:48:18,529:INFO:Using Kruskal's algorithm for MST weight
2024-04-24 23:48:18,529:INFO:Using Kruskal's algorithm for MST weight
2024-04-24 23:48:18,529:INFO:Using Kruskal's algorithm for MST weight
2024-04-24 23:48:18,529:INFO:Using Kruskal's algorithm for MST weight
2024-04-24 23:48:18,530:INFO:Using Kruskal's algorithm for MST weight
2024-04-24 23:48:18,530:INFO:Using Kruskal's algorithm for MST weight
2024-04-24 23:48:18,530:INFO:Using Kruskal's algorithm for MST weight
2024-04-24 23:48:18,530:INFO:Using Kruskal's algorithm for MST weight
2024-04-24 23:48:18,530:INFO:Using Kruskal's algorithm for MST weight
2024-04-24 23:48:18,531:INFO:Using Kruskal's algorithm for MST weight
2024-04-24 23:48:18,531:INFO:Using Kruskal's algorithm for MST weight
2024-04-24 23:48:18,531:INFO:Using Kruskal's algorithm for MST weight
2024-04-24 23:48:18,531:INFO:Using Kruskal's algorithm for MST weight
2024-04-24 23:48:18,531:INFO:Using Kruskal's algorithm for MST weight
2024-04-24 23:48:18,532:INFO:Using Kruskal's algorithm for MST weight
2024-04-24 23:48:18,532:INFO:Using Kruskal's algorithm for MST weight
2024-04-24 23:48:18,532:INFO:Using Kruskal's algorithm for MST weight
2024-04-24 23:48:18,532:INFO:Using Kruskal's algorithm for MST weight
2024-04-24 23:48:18,532:INFO:Using Kruskal's algorithm for MST weight
2024-04-24 23:48:18,533:INFO:Using Kruskal's algorithm for MST weight
2024-04-24 23:48:18,533:INFO:Using Kruskal's algorithm for MST weight
2024-04-24 23:48:18,533:INFO:Using Kruskal's algorithm for MST weight
2024-04-24 23:48:18,533:INFO:Using Kruskal's algorithm for MST weight
2024-04-24 23:48:18,533:INFO:Using Kruskal's algorithm for MST weight
2024-04-24 23:48:18,534:INFO:Using Kruskal's algorithm for MST weight
2024-04-24 23:48:18,534:INFO:Using Kruskal's algorithm for MST weight
2024-04-24 23:48:18,534:INFO:Using Kruskal's algorithm for MST weight
2024-04-24 23:48:18,534:INFO:Using Kruskal's algorithm for MST weight
2024-04-24 23:48:18,534:INFO:Using Kruskal's algorithm for MST weight
2024-04-24 23:48:18,534:INFO:Using Kruskal's algorithm for MST weight
2024-04-24 23:48:18,535:INFO:Using Kruskal's algorithm for MST weight
2024-04-24 23:48:18,535:INFO:Using Kruskal's algorithm for MST weight
2024-04-24 23:48:18,535:INFO:Using Kruskal's algorithm for MST weight
2024-04-24 23:48:18,535:INFO:Using Kruskal's algorithm for MST weight
2024-04-24 23:48:18,535:INFO:Using Kruskal's algorithm for MST weight
2024-04-24 23:48:18,536:INFO:Using Kruskal's algorithm for MST weight
2024-04-24 23:48:18,536:INFO:Using Kruskal's algorithm for MST weight
2024-04-24 23:48:18,536:INFO:Using Kruskal's algorithm for MST weight
2024-04-24 23:48:18,536:INFO:Using Kruskal's algorithm for MST weight
2024-04-24 23:48:18,536:INFO:Using Kruskal's algorithm for MST weight
2024-04-24 23:48:18,537:INFO:Using Kruskal's algorithm for MST weight
2024-04-24 23:48:18,537:INFO:Using Kruskal's algorithm for MST weight
2024-04-24 23:48:18,537:INFO:Using Kruskal's algorithm for MST weight
2024-04-24 23:48:18,537:INFO:Using Kruskal's algorithm for MST weight
2024-04-24 23:48:18,537:INFO:Using Kruskal's algorithm for MST weight
2024-04-24 23:48:18,538:INFO:Using Kruskal's algorithm for MST weight
2024-04-24 23:48:18,538:INFO:Using Kruskal's algorithm for MST weight
2024-04-24 23:48:18,538:INFO:Using Kruskal's algorithm for MST weight
2024-04-24 23:48:18,538:INFO:Using Kruskal's algorithm for MST weight
2024-04-24 23:48:18,538:INFO:Using Kruskal's algorithm for MST weight
2024-04-24 23:48:18,539:INFO:Using Kruskal's algorithm for MST weight
2024-04-24 23:48:18,539:INFO:Using Kruskal's algorithm for MST weight
2024-04-24 23:48:18,539:INFO:Using Kruskal's algorithm for MST weight
2024-04-24 23:48:18,539:INFO:Using Kruskal's algorithm for MST weight
2024-04-24 23:48:18,539:INFO:Using Kruskal's algorithm for MST weight
2024-04-24 23:48:18,540:INFO:Using Kruskal's algorithm for MST weight
2024-04-24 23:48:18,540:INFO:Using Kruskal's algorithm for MST weight
2024-04-24 23:48:18,540:INFO:Using Kruskal's algorithm for MST weight
2024-04-24 23:48:18,540:INFO:Using Kruskal's algorithm for MST weight
2024-04-24 23:48:18,540:INFO:Using Kruskal's algorithm for MST weight
2024-04-24 23:48:18,541:INFO:Using Kruskal's algorithm for MST weight
2024-04-24 23:48:18,541:INFO:Using Kruskal's algorithm for MST weight
2024-04-24 23:48:18,541:INFO:Using Kruskal's algorithm for MST weight
2024-04-24 23:48:18,541:INFO:Using Kruskal's algorithm for MST weight
2024-04-24 23:48:18,541:INFO:Using Kruskal's algorithm for MST weight
2024-04-24 23:48:18,541:INFO:Using Kruskal's algorithm for MST weight
2024-04-24 23:48:18,542:INFO:Using Kruskal's algorithm for MST weight
2024-04-24 23:48:18,542:INFO:Using Kruskal's algorithm for MST weight
2024-04-24 23:48:18,542:INFO:Using Kruskal's algorithm for MST weight
2024-04-24 23:48:18,542:INFO:Using Kruskal's algorithm for MST weight
2024-04-24 23:48:18,542:INFO:Using Kruskal's algorithm for MST weight
2024-04-24 23:48:18,543:INFO:Using Kruskal's algorithm for MST weight
2024-04-24 23:48:18,543:INFO:Using Kruskal's algorithm for MST weight
2024-04-24 23:48:18,543:INFO:Using Kruskal's algorithm for MST weight
2024-04-24 23:48:18,543:INFO:Using Kruskal's algorithm for MST weight
2024-04-24 23:48:18,543:INFO:Using Kruskal's algorithm for MST weight
2024-04-24 23:48:18,544:INFO:Using Kruskal's algorithm for MST weight
2024-04-24 23:48:18,544:INFO:Using Kruskal's algorithm for MST weight
2024-04-24 23:48:18,544:INFO:Using Kruskal's algorithm for MST weight
2024-04-24 23:48:18,544:INFO:Using Kruskal's algorithm for MST weight
2024-04-24 23:48:18,544:INFO:Using Kruskal's algorithm for MST weight
2024-04-24 23:48:18,545:INFO:Using Kruskal's algorithm for MST weight
2024-04-24 23:48:18,545:INFO:Using Kruskal's algorithm for MST weight
2024-04-24 23:48:18,545:INFO:Using Kruskal's algorithm for MST weight
2024-04-24 23:48:18,545:INFO:Using Kruskal's algorithm for MST weight
2024-04-24 23:48:18,545:INFO:Using Kruskal's algorithm for MST weight
2024-04-24 23:48:18,546:INFO:Using Kruskal's algorithm for MST weight
2024-04-24 23:48:18,546:INFO:Using Kruskal's algorithm for MST weight
2024-04-24 23:48:18,546:INFO:Using Kruskal's algorithm for MST weight
2024-04-24 23:48:18,546:INFO:Using Kruskal's algorithm for MST weight
2024-04-24 23:48:18,546:INFO:Using Kruskal's algorithm for MST weight
2024-04-24 23:48:18,547:INFO:Using Kruskal's algorithm for MST weight
2024-04-24 23:48:18,547:INFO:Using Kruskal's algorithm for MST weight
2024-04-24 23:48:18,547:INFO:Using Kruskal's algorithm for MST weight
2024-04-24 23:48:18,547:INFO:Using Kruskal's algorithm for MST weight
2024-04-24 23:48:18,547:INFO:Using Kruskal's algorithm for MST weight
2024-04-24 23:48:18,548:INFO:Using Kruskal's algorithm for MST weight
2024-04-24 23:48:18,548:INFO:Using Kruskal's algorithm for MST weight
2024-04-24 23:48:18,548:INFO:Using Kruskal's algorithm for MST weight
2024-04-24 23:48:18,548:INFO:Using Kruskal's algorithm for MST weight
2024-04-24 23:48:18,548:INFO:Using Kruskal's algorithm for MST weight
2024-04-24 23:48:18,549:INFO:Using Kruskal's algorithm for MST weight
2024-04-24 23:48:18,549:INFO:Using Kruskal's algorithm for MST weight
2024-04-24 23:48:18,549:INFO:Using Kruskal's algorithm for MST weight
2024-04-24 23:48:18,549:INFO:Using Kruskal's algorithm for MST weight
2024-04-24 23:48:18,549:INFO:Using Kruskal's algorithm for MST weight
2024-04-24 23:48:18,550:INFO:Using Kruskal's algorithm for MST weight
2024-04-24 23:48:18,550:INFO:Using Kruskal's algorithm for MST weight
2024-04-24 23:48:18,550:INFO:Using Kruskal's algorithm for MST weight
2024-04-24 23:48:18,550:INFO:Using Kruskal's algorithm for MST weight
2024-04-24 23:48:18,550:INFO:Using Kruskal's algorithm for MST weight
2024-04-24 23:48:18,551:INFO:Using Kruskal's algorithm for MST weight
2024-04-24 23:48:18,551:INFO:Using Kruskal's algorithm for MST weight
2024-04-24 23:48:18,551:INFO:Using Kruskal's algorithm for MST weight
2024-04-24 23:48:18,551:INFO:Using Kruskal's algorithm for MST weight
2024-04-24 23:48:18,551:INFO:Using Kruskal's algorithm for MST weight
2024-04-24 23:48:18,552:INFO:Using Kruskal's algorithm for MST weight
2024-04-24 23:48:18,552:INFO:Using Kruskal's algorithm for MST weight
2024-04-24 23:48:18,552:INFO:Using Kruskal's algorithm for MST weight
2024-04-24 23:48:18,552:INFO:Using Kruskal's algorithm for MST weight
2024-04-24 23:48:18,552:INFO:Using Kruskal's algorithm for MST weight
2024-04-24 23:48:18,552:INFO:Using Kruskal's algorithm for MST weight
2024-04-24 23:48:18,553:INFO:Using Kruskal's algorithm for MST weight
2024-04-24 23:48:18,553:INFO:Using Kruskal's algorithm for MST weight
2024-04-24 23:48:18,553:INFO:Using Kruskal's algorithm for MST weight
2024-04-24 23:48:18,553:INFO:Using Kruskal's algorithm for MST weight
2024-04-24 23:48:18,553:INFO:Using Kruskal's algorithm for MST weight
2024-04-24 23:48:18,554:INFO:Using Kruskal's algorithm for MST weight
2024-04-24 23:48:18,554:INFO:Using Kruskal's algorithm for MST weight
2024-04-24 23:48:18,554:INFO:Using Kruskal's algorithm for MST weight
2024-04-24 23:48:18,554:INFO:Using Kruskal's algorithm for MST weight
2024-04-24 23:48:18,554:INFO:Using Kruskal's algorithm for MST weight
2024-04-24 23:48:18,555:INFO:Using Kruskal's algorithm for MST weight
2024-04-24 23:48:18,555:INFO:Using Kruskal's algorithm for MST weight
2024-04-24 23:48:18,555:INFO:Using Kruskal's algorithm for MST weight
2024-04-24 23:48:18,555:INFO:Using Kruskal's algorithm for MST weight
2024-04-24 23:48:18,555:INFO:Using Kruskal's algorithm for MST weight
2024-04-24 23:48:18,556:INFO:Using Kruskal's algorithm for MST weight
2024-04-24 23:48:18,556:INFO:Using Kruskal's algorithm for MST weight
2024-04-24 23:48:18,556:INFO:Using Kruskal's algorithm for MST weight
2024-04-24 23:48:18,556:INFO:Using Kruskal's algorithm for MST weight
2024-04-24 23:48:18,556:INFO:Using Kruskal's algorithm for MST weight
2024-04-24 23:48:18,556:INFO:Using Kruskal's algorithm for MST weight
2024-04-24 23:48:18,557:INFO:Using Kruskal's algorithm for MST weight
2024-04-24 23:48:18,557:INFO:Using Kruskal's algorithm for MST weight
2024-04-24 23:48:18,557:INFO:Using Kruskal's algorithm for MST weight
2024-04-24 23:48:18,557:INFO:Using Kruskal's algorithm for MST weight
2024-04-24 23:48:18,557:INFO:Using Kruskal's algorithm for MST weight
2024-04-24 23:48:18,558:INFO:Using Kruskal's algorithm for MST weight
2024-04-24 23:48:18,558:INFO:Using Kruskal's algorithm for MST weight
2024-04-24 23:48:18,558:INFO:Using Kruskal's algorithm for MST weight
2024-04-24 23:48:18,558:INFO:Using Kruskal's algorithm for MST weight
2024-04-24 23:48:18,558:INFO:Using Kruskal's algorithm for MST weight
2024-04-24 23:48:18,559:INFO:Using Kruskal's algorithm for MST weight
2024-04-24 23:48:18,559:INFO:Using Kruskal's algorithm for MST weight
2024-04-24 23:48:18,559:INFO:Using Kruskal's algorithm for MST weight
2024-04-24 23:48:18,559:INFO:Using Kruskal's algorithm for MST weight
2024-04-24 23:48:18,559:INFO:Using Kruskal's algorithm for MST weight
2024-04-24 23:48:18,560:INFO:Using Kruskal's algorithm for MST weight
2024-04-24 23:48:18,560:INFO:Using Kruskal's algorithm for MST weight
2024-04-24 23:48:18,560:INFO:Using Kruskal's algorithm for MST weight
2024-04-24 23:48:18,560:INFO:Using Kruskal's algorithm for MST weight
2024-04-24 23:48:18,560:INFO:Using Kruskal's algorithm for MST weight
2024-04-24 23:48:18,561:INFO:Using Kruskal's algorithm for MST weight
2024-04-24 23:48:18,561:INFO:Using Kruskal's algorithm for MST weight
2024-04-24 23:48:18,561:INFO:Using Kruskal's algorithm for MST weight
2024-04-24 23:48:18,561:INFO:Using Kruskal's algorithm for MST weight
2024-04-24 23:48:18,561:INFO:Using Kruskal's algorithm for MST weight
2024-04-24 23:48:18,561:INFO:Using Kruskal's algorithm for MST weight
2024-04-24 23:48:18,562:INFO:Using Kruskal's algorithm for MST weight
2024-04-24 23:48:18,562:INFO:Using Kruskal's algorithm for MST weight
2024-04-24 23:48:18,562:INFO:Using Kruskal's algorithm for MST weight
2024-04-24 23:48:18,562:INFO:Using Kruskal's algorithm for MST weight
2024-04-24 23:48:18,562:INFO:Using Kruskal's algorithm for MST weight
2024-04-24 23:48:18,563:INFO:Using Kruskal's algorithm for MST weight
2024-04-24 23:48:18,563:INFO:Using Kruskal's algorithm for MST weight
2024-04-24 23:48:18,563:INFO:Using Kruskal's algorithm for MST weight
2024-04-24 23:48:18,563:INFO:Using Kruskal's algorithm for MST weight
2024-04-24 23:48:18,564:INFO:Using Kruskal's algorithm for MST weight
2024-04-24 23:48:18,564:INFO:Using Kruskal's algorithm for MST weight
2024-04-24 23:48:18,564:INFO:Using Kruskal's algorithm for MST weight
2024-04-24 23:48:18,564:INFO:Using Kruskal's algorithm for MST weight
2024-04-24 23:48:18,564:INFO:Using Kruskal's algorithm for MST weight
2024-04-24 23:48:18,565:INFO:Using Kruskal's algorithm for MST weight
2024-04-24 23:48:18,565:INFO:Using Kruskal's algorithm for MST weight
2024-04-24 23:48:18,565:INFO:Using Kruskal's algorithm for MST weight
2024-04-24 23:48:18,565:INFO:Using Kruskal's algorithm for MST weight
2024-04-24 23:48:18,565:INFO:Using Kruskal's algorithm for MST weight
2024-04-24 23:48:18,566:INFO:Using Kruskal's algorithm for MST weight
2024-04-24 23:48:18,566:INFO:Using Kruskal's algorithm for MST weight
2024-04-24 23:48:18,566:INFO:Using Kruskal's algorithm for MST weight
2024-04-24 23:48:18,566:INFO:Using Kruskal's algorithm for MST weight
2024-04-24 23:48:18,566:INFO:Using Kruskal's algorithm for MST weight
2024-04-24 23:48:18,567:INFO:Using Kruskal's algorithm for MST weight
2024-04-24 23:48:18,567:INFO:Using Kruskal's algorithm for MST weight
2024-04-24 23:48:18,567:INFO:Using Kruskal's algorithm for MST weight
2024-04-24 23:48:18,567:INFO:Using Kruskal's algorithm for MST weight
2024-04-24 23:48:18,567:INFO:Using Kruskal's algorithm for MST weight
2024-04-24 23:48:18,568:INFO:Using Kruskal's algorithm for MST weight
2024-04-24 23:48:18,568:INFO:Using Kruskal's algorithm for MST weight
2024-04-24 23:48:18,568:INFO:Using Kruskal's algorithm for MST weight
2024-04-24 23:48:18,568:INFO:Using Kruskal's algorithm for MST weight
2024-04-24 23:48:18,568:INFO:Using Kruskal's algorithm for MST weight
2024-04-24 23:48:18,569:INFO:Using Kruskal's algorithm for MST weight
2024-04-24 23:48:18,569:INFO:Using Kruskal's algorithm for MST weight
2024-04-24 23:48:18,569:INFO:Using Kruskal's algorithm for MST weight
2024-04-24 23:48:18,569:INFO:Using Kruskal's algorithm for MST weight
2024-04-24 23:48:18,569:INFO:Using Kruskal's algorithm for MST weight
2024-04-24 23:48:18,569:INFO:Using Kruskal's algorithm for MST weight
2024-04-24 23:48:18,570:INFO:Using Kruskal's algorithm for MST weight
2024-04-24 23:48:18,570:INFO:Using Kruskal's algorithm for MST weight
2024-04-24 23:48:18,570:INFO:Using Kruskal's algorithm for MST weight
2024-04-24 23:48:18,570:INFO:Using Kruskal's algorithm for MST weight
2024-04-24 23:48:18,570:INFO:Using Kruskal's algorithm for MST weight
2024-04-24 23:48:18,571:INFO:Using Kruskal's algorithm for MST weight
2024-04-24 23:48:18,571:INFO:Using Kruskal's algorithm for MST weight
2024-04-24 23:48:18,571:INFO:Using Kruskal's algorithm for MST weight
2024-04-24 23:48:18,571:INFO:Using Kruskal's algorithm for MST weight
2024-04-24 23:48:18,571:INFO:Using Kruskal's algorithm for MST weight
2024-04-24 23:48:18,572:INFO:Using Kruskal's algorithm for MST weight
2024-04-24 23:48:18,572:INFO:Using Kruskal's algorithm for MST weight
2024-04-24 23:48:18,572:INFO:Using Kruskal's algorithm for MST weight
2024-04-24 23:48:18,572:INFO:Using Kruskal's algorithm for MST weight
2024-04-24 23:48:18,572:INFO:Using Kruskal's algorithm for MST weight
2024-04-24 23:48:18,573:INFO:Using Kruskal's algorithm for MST weight
2024-04-24 23:48:18,573:INFO:Using Kruskal's algorithm for MST weight
2024-04-24 23:48:18,573:INFO:Using Kruskal's algorithm for MST weight
2024-04-24 23:48:18,573:INFO:Using Kruskal's algorithm for MST weight
2024-04-24 23:48:18,573:INFO:Using Kruskal's algorithm for MST weight
2024-04-24 23:48:18,574:INFO:Using Kruskal's algorithm for MST weight
2024-04-24 23:48:18,574:INFO:Using Kruskal's algorithm for MST weight
2024-04-24 23:48:18,574:INFO:Using Kruskal's algorithm for MST weight
2024-04-24 23:48:18,574:INFO:Using Kruskal's algorithm for MST weight
2024-04-24 23:48:18,574:INFO:Using Kruskal's algorithm for MST weight
2024-04-24 23:48:18,575:INFO:Using Kruskal's algorithm for MST weight
2024-04-24 23:48:18,575:INFO:Using Kruskal's algorithm for MST weight
2024-04-24 23:48:18,575:INFO:Using Kruskal's algorithm for MST weight
2024-04-24 23:48:18,575:INFO:Using Kruskal's algorithm for MST weight
2024-04-24 23:48:18,575:INFO:Using Kruskal's algorithm for MST weight
2024-04-24 23:48:18,576:INFO:Using Kruskal's algorithm for MST weight
2024-04-24 23:48:18,576:INFO:Using Kruskal's algorithm for MST weight
2024-04-24 23:48:18,576:INFO:Using Kruskal's algorithm for MST weight
2024-04-24 23:48:18,576:INFO:Using Kruskal's algorithm for MST weight
2024-04-24 23:48:18,576:INFO:Using Kruskal's algorithm for MST weight
2024-04-24 23:48:18,577:INFO:Using Kruskal's algorithm for MST weight
2024-04-24 23:48:18,577:INFO:Using Kruskal's algorithm for MST weight
2024-04-24 23:48:18,577:INFO:Using Kruskal's algorithm for MST weight
2024-04-24 23:48:18,577:INFO:Using Kruskal's algorithm for MST weight
2024-04-24 23:48:18,577:INFO:Using Kruskal's algorithm for MST weight
2024-04-24 23:48:18,578:INFO:Using Kruskal's algorithm for MST weight
2024-04-24 23:48:18,578:INFO:Using Kruskal's algorithm for MST weight
2024-04-24 23:48:18,578:INFO:Using Kruskal's algorithm for MST weight
2024-04-24 23:48:18,578:INFO:Using Kruskal's algorithm for MST weight
2024-04-24 23:48:18,578:INFO:Using Kruskal's algorithm for MST weight
2024-04-24 23:48:18,578:INFO:Using Kruskal's algorithm for MST weight
2024-04-24 23:48:18,579:INFO:Using Kruskal's algorithm for MST weight
2024-04-24 23:48:18,579:INFO:Using Kruskal's algorithm for MST weight
2024-04-24 23:48:18,580:INFO:Using Kruskal's algorithm for MST weight
2024-04-24 23:48:18,580:INFO:Using Kruskal's algorithm for MST weight
2024-04-24 23:48:18,580:INFO:Using Kruskal's algorithm for MST weight
2024-04-24 23:48:18,580:INFO:Using Kruskal's algorithm for MST weight
2024-04-24 23:48:18,581:INFO:Using Kruskal's algorithm for MST weight
2024-04-24 23:48:18,581:INFO:Using Kruskal's algorithm for MST weight
2024-04-24 23:48:18,581:INFO:Using Kruskal's algorithm for MST weight
2024-04-24 23:48:18,582:INFO:Using Kruskal's algorithm for MST weight
2024-04-24 23:48:18,582:INFO:Using Kruskal's algorithm for MST weight
2024-04-24 23:48:18,582:INFO:Using Kruskal's algorithm for MST weight
2024-04-24 23:48:18,582:INFO:Using Kruskal's algorithm for MST weight
2024-04-24 23:48:18,583:INFO:Using Kruskal's algorithm for MST weight
2024-04-24 23:48:18,583:INFO:Using Kruskal's algorithm for MST weight
2024-04-24 23:48:18,583:INFO:Using Kruskal's algorithm for MST weight
2024-04-24 23:48:18,584:INFO:Using Kruskal's algorithm for MST weight
2024-04-24 23:48:18,584:INFO:Using Kruskal's algorithm for MST weight
2024-04-24 23:48:18,584:INFO:Using Kruskal's algorithm for MST weight
2024-04-24 23:48:18,584:INFO:Using Kruskal's algorithm for MST weight
2024-04-24 23:48:18,585:INFO:Using Kruskal's algorithm for MST weight
2024-04-24 23:48:18,585:INFO:Using Kruskal's algorithm for MST weight
2024-04-24 23:48:18,585:INFO:Using Kruskal's algorithm for MST weight
2024-04-24 23:48:18,586:INFO:Using Kruskal's algorithm for MST weight
2024-04-24 23:48:18,586:INFO:Using Kruskal's algorithm for MST weight
2024-04-24 23:48:18,586:INFO:Using Kruskal's algorithm for MST weight
2024-04-24 23:48:18,586:INFO:Using Kruskal's algorithm for MST weight
2024-04-24 23:48:18,587:INFO:Using Kruskal's algorithm for MST weight
2024-04-24 23:48:18,587:INFO:Using Kruskal's algorithm for MST weight
2024-04-24 23:48:18,587:INFO:Using Kruskal's algorithm for MST weight
2024-04-24 23:48:18,587:INFO:Using Kruskal's algorithm for MST weight
2024-04-24 23:48:18,588:INFO:Using Kruskal's algorithm for MST weight
2024-04-24 23:48:18,588:INFO:Using Kruskal's algorithm for MST weight
2024-04-24 23:48:18,588:INFO:Using Kruskal's algorithm for MST weight
2024-04-24 23:48:18,589:INFO:Using Kruskal's algorithm for MST weight
2024-04-24 23:48:18,589:INFO:Using Kruskal's algorithm for MST weight
2024-04-24 23:48:18,589:INFO:Using Kruskal's algorithm for MST weight
2024-04-24 23:48:18,589:INFO:Using Kruskal's algorithm for MST weight
2024-04-24 23:48:18,590:INFO:Using Kruskal's algorithm for MST weight
2024-04-24 23:48:18,590:INFO:Using Kruskal's algorithm for MST weight
2024-04-24 23:48:18,590:INFO:Using Kruskal's algorithm for MST weight
2024-04-24 23:48:18,591:INFO:Using Kruskal's algorithm for MST weight
2024-04-24 23:48:18,591:INFO:Using Kruskal's algorithm for MST weight
2024-04-24 23:48:18,591:INFO:Using Kruskal's algorithm for MST weight
2024-04-24 23:48:18,592:INFO:Using Kruskal's algorithm for MST weight
2024-04-24 23:48:18,592:INFO:Using Kruskal's algorithm for MST weight
2024-04-24 23:48:18,592:INFO:Using Kruskal's algorithm for MST weight
2024-04-24 23:48:18,592:INFO:Using Kruskal's algorithm for MST weight
2024-04-24 23:48:18,593:INFO:Using Kruskal's algorithm for MST weight
2024-04-24 23:48:18,593:INFO:Using Kruskal's algorithm for MST weight
2024-04-24 23:48:18,593:INFO:layer4.0.conv1.weight: Pruned 2153 weights.
2024-04-24 23:48:18,594:INFO:Total pruned weights in the model: 4025
2024-04-24 23:48:21,344:INFO:Epochs: 20
2024-04-24 23:48:21,344:INFO:Target layers: ['layer1.0.conv1.weight', 'layer2.0.conv1.weight', 'layer3.0.conv1.weight', 'layer4.0.conv1.weight']
2024-04-24 23:48:21,344:INFO:Original Model: Accuracy: 99.27, Inference Time: 2.743824005126953, FLOPs: 3316369473536.0, Non-zero Params: 11689512
2024-04-24 23:48:21,345:INFO:Pruned Model (prune_model_weights): Accuracy: 79.08, Inference Time: 2.730705738067627, FLOPs: 3176631320576.0, Non-zero Params: 10950568
