2024-04-25 00:35:21,750:INFO:Logging setup complete - logging to: ResNet18/log\2024-04-25-00-35-21.log
2024-04-25 00:35:21,750:INFO:Starting the program
2024-04-25 00:35:21,750:INFO:Arguments: Namespace(dataset='MNIST', algorithm='prim', pruning_method='prune_model_weights', target_layers=['layer1.0.conv1.weight', 'layer2.0.conv1.weight', 'layer3.0.conv1.weight', 'layer4.0.conv1.weight'], epochs=20)
2024-04-25 00:35:21,806:INFO:Dataset: MNIST
2024-04-25 00:35:39,901:INFO:Epoch 1, Loss: 0.006396932061761618
2024-04-25 00:35:55,681:INFO:Epoch 2, Loss: 0.0016122907400131226
2024-04-25 00:36:11,418:INFO:Epoch 3, Loss: 0.001369285979308188
2024-04-25 00:36:27,942:INFO:Epoch 4, Loss: 0.00593153852969408
2024-04-25 00:36:44,315:INFO:Epoch 5, Loss: 0.24465566873550415
2024-04-25 00:37:01,305:INFO:Epoch 6, Loss: 0.0012272208696231246
2024-04-25 00:37:17,679:INFO:Epoch 7, Loss: 6.0539518017321825e-05
2024-04-25 00:37:34,687:INFO:Epoch 8, Loss: 0.00013502771616913378
2024-04-25 00:37:51,362:INFO:Epoch 9, Loss: 8.728389366297051e-05
2024-04-25 00:38:08,368:INFO:Epoch 10, Loss: 0.0016812172252684832
2024-04-25 00:38:25,415:INFO:Epoch 11, Loss: 0.00022342163720168173
2024-04-25 00:38:42,004:INFO:Epoch 12, Loss: 0.0010118104983121157
2024-04-25 00:38:59,050:INFO:Epoch 13, Loss: 0.0002976230753120035
2024-04-25 00:39:15,405:INFO:Epoch 14, Loss: 0.0009993547573685646
2024-04-25 00:39:32,445:INFO:Epoch 15, Loss: 0.0021344413980841637
2024-04-25 00:39:48,868:INFO:Epoch 16, Loss: 0.02890073135495186
2024-04-25 00:40:05,834:INFO:Epoch 17, Loss: 0.004818103276193142
2024-04-25 00:40:21,504:INFO:Epoch 18, Loss: 8.298943430418149e-05
2024-04-25 00:40:37,476:INFO:Epoch 19, Loss: 9.457916348765139e-06
2024-04-25 00:40:53,172:INFO:Epoch 20, Loss: 0.01825205236673355
2024-04-25 00:40:55,423:INFO:Pruning layer: layer1.0.conv1.weight
2024-04-25 00:40:55,423:INFO:Using Prim's algorithm for MST weight
2024-04-25 00:40:55,424:INFO:Using Prim's algorithm for MST weight
2024-04-25 00:40:55,424:INFO:Using Prim's algorithm for MST weight
2024-04-25 00:40:55,424:INFO:Using Prim's algorithm for MST weight
2024-04-25 00:40:55,424:INFO:Using Prim's algorithm for MST weight
2024-04-25 00:40:55,424:INFO:Using Prim's algorithm for MST weight
2024-04-25 00:40:55,425:INFO:Using Prim's algorithm for MST weight
2024-04-25 00:40:55,425:INFO:Using Prim's algorithm for MST weight
2024-04-25 00:40:55,425:INFO:Using Prim's algorithm for MST weight
2024-04-25 00:40:55,425:INFO:Using Prim's algorithm for MST weight
2024-04-25 00:40:55,425:INFO:Using Prim's algorithm for MST weight
2024-04-25 00:40:55,426:INFO:Using Prim's algorithm for MST weight
2024-04-25 00:40:55,426:INFO:Using Prim's algorithm for MST weight
2024-04-25 00:40:55,426:INFO:Using Prim's algorithm for MST weight
2024-04-25 00:40:55,426:INFO:Using Prim's algorithm for MST weight
2024-04-25 00:40:55,426:INFO:Using Prim's algorithm for MST weight
2024-04-25 00:40:55,426:INFO:Using Prim's algorithm for MST weight
2024-04-25 00:40:55,427:INFO:Using Prim's algorithm for MST weight
2024-04-25 00:40:55,427:INFO:Using Prim's algorithm for MST weight
2024-04-25 00:40:55,427:INFO:Using Prim's algorithm for MST weight
2024-04-25 00:40:55,427:INFO:Using Prim's algorithm for MST weight
2024-04-25 00:40:55,427:INFO:Using Prim's algorithm for MST weight
2024-04-25 00:40:55,428:INFO:Using Prim's algorithm for MST weight
2024-04-25 00:40:55,428:INFO:Using Prim's algorithm for MST weight
2024-04-25 00:40:55,428:INFO:Using Prim's algorithm for MST weight
2024-04-25 00:40:55,428:INFO:Using Prim's algorithm for MST weight
2024-04-25 00:40:55,428:INFO:Using Prim's algorithm for MST weight
2024-04-25 00:40:55,429:INFO:Using Prim's algorithm for MST weight
2024-04-25 00:40:55,429:INFO:Using Prim's algorithm for MST weight
2024-04-25 00:40:55,429:INFO:Using Prim's algorithm for MST weight
2024-04-25 00:40:55,429:INFO:Using Prim's algorithm for MST weight
2024-04-25 00:40:55,429:INFO:Using Prim's algorithm for MST weight
2024-04-25 00:40:55,430:INFO:Using Prim's algorithm for MST weight
2024-04-25 00:40:55,430:INFO:Using Prim's algorithm for MST weight
2024-04-25 00:40:55,430:INFO:Using Prim's algorithm for MST weight
2024-04-25 00:40:55,430:INFO:Using Prim's algorithm for MST weight
2024-04-25 00:40:55,430:INFO:Using Prim's algorithm for MST weight
2024-04-25 00:40:55,430:INFO:Using Prim's algorithm for MST weight
2024-04-25 00:40:55,431:INFO:Using Prim's algorithm for MST weight
2024-04-25 00:40:55,431:INFO:Using Prim's algorithm for MST weight
2024-04-25 00:40:55,431:INFO:Using Prim's algorithm for MST weight
2024-04-25 00:40:55,431:INFO:Using Prim's algorithm for MST weight
2024-04-25 00:40:55,431:INFO:Using Prim's algorithm for MST weight
2024-04-25 00:40:55,432:INFO:Using Prim's algorithm for MST weight
2024-04-25 00:40:55,432:INFO:Using Prim's algorithm for MST weight
2024-04-25 00:40:55,432:INFO:Using Prim's algorithm for MST weight
2024-04-25 00:40:55,432:INFO:Using Prim's algorithm for MST weight
2024-04-25 00:40:55,432:INFO:Using Prim's algorithm for MST weight
2024-04-25 00:40:55,433:INFO:Using Prim's algorithm for MST weight
2024-04-25 00:40:55,433:INFO:Using Prim's algorithm for MST weight
2024-04-25 00:40:55,433:INFO:Using Prim's algorithm for MST weight
2024-04-25 00:40:55,433:INFO:Using Prim's algorithm for MST weight
2024-04-25 00:40:55,433:INFO:Using Prim's algorithm for MST weight
2024-04-25 00:40:55,433:INFO:Using Prim's algorithm for MST weight
2024-04-25 00:40:55,434:INFO:Using Prim's algorithm for MST weight
2024-04-25 00:40:55,434:INFO:Using Prim's algorithm for MST weight
2024-04-25 00:40:55,434:INFO:Using Prim's algorithm for MST weight
2024-04-25 00:40:55,434:INFO:Using Prim's algorithm for MST weight
2024-04-25 00:40:55,434:INFO:Using Prim's algorithm for MST weight
2024-04-25 00:40:55,435:INFO:Using Prim's algorithm for MST weight
2024-04-25 00:40:55,435:INFO:Using Prim's algorithm for MST weight
2024-04-25 00:40:55,435:INFO:Using Prim's algorithm for MST weight
2024-04-25 00:40:55,435:INFO:Using Prim's algorithm for MST weight
2024-04-25 00:40:55,435:INFO:Using Prim's algorithm for MST weight
2024-04-25 00:40:55,435:INFO:layer1.0.conv1.weight: Pruned 264 weights.
2024-04-25 00:40:55,436:INFO:Pruning layer: layer2.0.conv1.weight
2024-04-25 00:40:55,436:INFO:Using Prim's algorithm for MST weight
2024-04-25 00:40:55,436:INFO:Using Prim's algorithm for MST weight
2024-04-25 00:40:55,436:INFO:Using Prim's algorithm for MST weight
2024-04-25 00:40:55,437:INFO:Using Prim's algorithm for MST weight
2024-04-25 00:40:55,437:INFO:Using Prim's algorithm for MST weight
2024-04-25 00:40:55,437:INFO:Using Prim's algorithm for MST weight
2024-04-25 00:40:55,437:INFO:Using Prim's algorithm for MST weight
2024-04-25 00:40:55,437:INFO:Using Prim's algorithm for MST weight
2024-04-25 00:40:55,438:INFO:Using Prim's algorithm for MST weight
2024-04-25 00:40:55,438:INFO:Using Prim's algorithm for MST weight
2024-04-25 00:40:55,438:INFO:Using Prim's algorithm for MST weight
2024-04-25 00:40:55,438:INFO:Using Prim's algorithm for MST weight
2024-04-25 00:40:55,438:INFO:Using Prim's algorithm for MST weight
2024-04-25 00:40:55,438:INFO:Using Prim's algorithm for MST weight
2024-04-25 00:40:55,439:INFO:Using Prim's algorithm for MST weight
2024-04-25 00:40:55,439:INFO:Using Prim's algorithm for MST weight
2024-04-25 00:40:55,439:INFO:Using Prim's algorithm for MST weight
2024-04-25 00:40:55,439:INFO:Using Prim's algorithm for MST weight
2024-04-25 00:40:55,439:INFO:Using Prim's algorithm for MST weight
2024-04-25 00:40:55,440:INFO:Using Prim's algorithm for MST weight
2024-04-25 00:40:55,440:INFO:Using Prim's algorithm for MST weight
2024-04-25 00:40:55,440:INFO:Using Prim's algorithm for MST weight
2024-04-25 00:40:55,440:INFO:Using Prim's algorithm for MST weight
2024-04-25 00:40:55,440:INFO:Using Prim's algorithm for MST weight
2024-04-25 00:40:55,441:INFO:Using Prim's algorithm for MST weight
2024-04-25 00:40:55,441:INFO:Using Prim's algorithm for MST weight
2024-04-25 00:40:55,441:INFO:Using Prim's algorithm for MST weight
2024-04-25 00:40:55,441:INFO:Using Prim's algorithm for MST weight
2024-04-25 00:40:55,441:INFO:Using Prim's algorithm for MST weight
2024-04-25 00:40:55,441:INFO:Using Prim's algorithm for MST weight
2024-04-25 00:40:55,442:INFO:Using Prim's algorithm for MST weight
2024-04-25 00:40:55,442:INFO:Using Prim's algorithm for MST weight
2024-04-25 00:40:55,442:INFO:Using Prim's algorithm for MST weight
2024-04-25 00:40:55,442:INFO:Using Prim's algorithm for MST weight
2024-04-25 00:40:55,442:INFO:Using Prim's algorithm for MST weight
2024-04-25 00:40:55,443:INFO:Using Prim's algorithm for MST weight
2024-04-25 00:40:55,443:INFO:Using Prim's algorithm for MST weight
2024-04-25 00:40:55,443:INFO:Using Prim's algorithm for MST weight
2024-04-25 00:40:55,443:INFO:Using Prim's algorithm for MST weight
2024-04-25 00:40:55,443:INFO:Using Prim's algorithm for MST weight
2024-04-25 00:40:55,444:INFO:Using Prim's algorithm for MST weight
2024-04-25 00:40:55,444:INFO:Using Prim's algorithm for MST weight
2024-04-25 00:40:55,444:INFO:Using Prim's algorithm for MST weight
2024-04-25 00:40:55,444:INFO:Using Prim's algorithm for MST weight
2024-04-25 00:40:55,444:INFO:Using Prim's algorithm for MST weight
2024-04-25 00:40:55,444:INFO:Using Prim's algorithm for MST weight
2024-04-25 00:40:55,445:INFO:Using Prim's algorithm for MST weight
2024-04-25 00:40:55,445:INFO:Using Prim's algorithm for MST weight
2024-04-25 00:40:55,445:INFO:Using Prim's algorithm for MST weight
2024-04-25 00:40:55,445:INFO:Using Prim's algorithm for MST weight
2024-04-25 00:40:55,445:INFO:Using Prim's algorithm for MST weight
2024-04-25 00:40:55,446:INFO:Using Prim's algorithm for MST weight
2024-04-25 00:40:55,446:INFO:Using Prim's algorithm for MST weight
2024-04-25 00:40:55,446:INFO:Using Prim's algorithm for MST weight
2024-04-25 00:40:55,446:INFO:Using Prim's algorithm for MST weight
2024-04-25 00:40:55,446:INFO:Using Prim's algorithm for MST weight
2024-04-25 00:40:55,446:INFO:Using Prim's algorithm for MST weight
2024-04-25 00:40:55,447:INFO:Using Prim's algorithm for MST weight
2024-04-25 00:40:55,447:INFO:Using Prim's algorithm for MST weight
2024-04-25 00:40:55,447:INFO:Using Prim's algorithm for MST weight
2024-04-25 00:40:55,447:INFO:Using Prim's algorithm for MST weight
2024-04-25 00:40:55,447:INFO:Using Prim's algorithm for MST weight
2024-04-25 00:40:55,448:INFO:Using Prim's algorithm for MST weight
2024-04-25 00:40:55,448:INFO:Using Prim's algorithm for MST weight
2024-04-25 00:40:55,448:INFO:Using Prim's algorithm for MST weight
2024-04-25 00:40:55,448:INFO:Using Prim's algorithm for MST weight
2024-04-25 00:40:55,448:INFO:Using Prim's algorithm for MST weight
2024-04-25 00:40:55,449:INFO:Using Prim's algorithm for MST weight
2024-04-25 00:40:55,449:INFO:Using Prim's algorithm for MST weight
2024-04-25 00:40:55,449:INFO:Using Prim's algorithm for MST weight
2024-04-25 00:40:55,449:INFO:Using Prim's algorithm for MST weight
2024-04-25 00:40:55,449:INFO:Using Prim's algorithm for MST weight
2024-04-25 00:40:55,449:INFO:Using Prim's algorithm for MST weight
2024-04-25 00:40:55,450:INFO:Using Prim's algorithm for MST weight
2024-04-25 00:40:55,450:INFO:Using Prim's algorithm for MST weight
2024-04-25 00:40:55,450:INFO:Using Prim's algorithm for MST weight
2024-04-25 00:40:55,450:INFO:Using Prim's algorithm for MST weight
2024-04-25 00:40:55,450:INFO:Using Prim's algorithm for MST weight
2024-04-25 00:40:55,451:INFO:Using Prim's algorithm for MST weight
2024-04-25 00:40:55,451:INFO:Using Prim's algorithm for MST weight
2024-04-25 00:40:55,451:INFO:Using Prim's algorithm for MST weight
2024-04-25 00:40:55,451:INFO:Using Prim's algorithm for MST weight
2024-04-25 00:40:55,451:INFO:Using Prim's algorithm for MST weight
2024-04-25 00:40:55,452:INFO:Using Prim's algorithm for MST weight
2024-04-25 00:40:55,452:INFO:Using Prim's algorithm for MST weight
2024-04-25 00:40:55,452:INFO:Using Prim's algorithm for MST weight
2024-04-25 00:40:55,452:INFO:Using Prim's algorithm for MST weight
2024-04-25 00:40:55,452:INFO:Using Prim's algorithm for MST weight
2024-04-25 00:40:55,453:INFO:Using Prim's algorithm for MST weight
2024-04-25 00:40:55,453:INFO:Using Prim's algorithm for MST weight
2024-04-25 00:40:55,453:INFO:Using Prim's algorithm for MST weight
2024-04-25 00:40:55,453:INFO:Using Prim's algorithm for MST weight
2024-04-25 00:40:55,453:INFO:Using Prim's algorithm for MST weight
2024-04-25 00:40:55,453:INFO:Using Prim's algorithm for MST weight
2024-04-25 00:40:55,454:INFO:Using Prim's algorithm for MST weight
2024-04-25 00:40:55,454:INFO:Using Prim's algorithm for MST weight
2024-04-25 00:40:55,454:INFO:Using Prim's algorithm for MST weight
2024-04-25 00:40:55,454:INFO:Using Prim's algorithm for MST weight
2024-04-25 00:40:55,454:INFO:Using Prim's algorithm for MST weight
2024-04-25 00:40:55,455:INFO:Using Prim's algorithm for MST weight
2024-04-25 00:40:55,455:INFO:Using Prim's algorithm for MST weight
2024-04-25 00:40:55,455:INFO:Using Prim's algorithm for MST weight
2024-04-25 00:40:55,455:INFO:Using Prim's algorithm for MST weight
2024-04-25 00:40:55,455:INFO:Using Prim's algorithm for MST weight
2024-04-25 00:40:55,456:INFO:Using Prim's algorithm for MST weight
2024-04-25 00:40:55,456:INFO:Using Prim's algorithm for MST weight
2024-04-25 00:40:55,456:INFO:Using Prim's algorithm for MST weight
2024-04-25 00:40:55,456:INFO:Using Prim's algorithm for MST weight
2024-04-25 00:40:55,456:INFO:Using Prim's algorithm for MST weight
2024-04-25 00:40:55,457:INFO:Using Prim's algorithm for MST weight
2024-04-25 00:40:55,457:INFO:Using Prim's algorithm for MST weight
2024-04-25 00:40:55,457:INFO:Using Prim's algorithm for MST weight
2024-04-25 00:40:55,457:INFO:Using Prim's algorithm for MST weight
2024-04-25 00:40:55,457:INFO:Using Prim's algorithm for MST weight
2024-04-25 00:40:55,458:INFO:Using Prim's algorithm for MST weight
2024-04-25 00:40:55,458:INFO:Using Prim's algorithm for MST weight
2024-04-25 00:40:55,458:INFO:Using Prim's algorithm for MST weight
2024-04-25 00:40:55,458:INFO:Using Prim's algorithm for MST weight
2024-04-25 00:40:55,458:INFO:Using Prim's algorithm for MST weight
2024-04-25 00:40:55,459:INFO:Using Prim's algorithm for MST weight
2024-04-25 00:40:55,459:INFO:Using Prim's algorithm for MST weight
2024-04-25 00:40:55,459:INFO:Using Prim's algorithm for MST weight
2024-04-25 00:40:55,459:INFO:Using Prim's algorithm for MST weight
2024-04-25 00:40:55,459:INFO:Using Prim's algorithm for MST weight
2024-04-25 00:40:55,460:INFO:Using Prim's algorithm for MST weight
2024-04-25 00:40:55,460:INFO:Using Prim's algorithm for MST weight
2024-04-25 00:40:55,460:INFO:Using Prim's algorithm for MST weight
2024-04-25 00:40:55,460:INFO:Using Prim's algorithm for MST weight
2024-04-25 00:40:55,460:INFO:layer2.0.conv1.weight: Pruned 527 weights.
2024-04-25 00:40:55,460:INFO:Pruning layer: layer3.0.conv1.weight
2024-04-25 00:40:55,461:INFO:Using Prim's algorithm for MST weight
2024-04-25 00:40:55,461:INFO:Using Prim's algorithm for MST weight
2024-04-25 00:40:55,461:INFO:Using Prim's algorithm for MST weight
2024-04-25 00:40:55,461:INFO:Using Prim's algorithm for MST weight
2024-04-25 00:40:55,462:INFO:Using Prim's algorithm for MST weight
2024-04-25 00:40:55,462:INFO:Using Prim's algorithm for MST weight
2024-04-25 00:40:55,462:INFO:Using Prim's algorithm for MST weight
2024-04-25 00:40:55,462:INFO:Using Prim's algorithm for MST weight
2024-04-25 00:40:55,462:INFO:Using Prim's algorithm for MST weight
2024-04-25 00:40:55,463:INFO:Using Prim's algorithm for MST weight
2024-04-25 00:40:55,463:INFO:Using Prim's algorithm for MST weight
2024-04-25 00:40:55,463:INFO:Using Prim's algorithm for MST weight
2024-04-25 00:40:55,463:INFO:Using Prim's algorithm for MST weight
2024-04-25 00:40:55,463:INFO:Using Prim's algorithm for MST weight
2024-04-25 00:40:55,463:INFO:Using Prim's algorithm for MST weight
2024-04-25 00:40:55,464:INFO:Using Prim's algorithm for MST weight
2024-04-25 00:40:55,464:INFO:Using Prim's algorithm for MST weight
2024-04-25 00:40:55,464:INFO:Using Prim's algorithm for MST weight
2024-04-25 00:40:55,464:INFO:Using Prim's algorithm for MST weight
2024-04-25 00:40:55,464:INFO:Using Prim's algorithm for MST weight
2024-04-25 00:40:55,465:INFO:Using Prim's algorithm for MST weight
2024-04-25 00:40:55,465:INFO:Using Prim's algorithm for MST weight
2024-04-25 00:40:55,465:INFO:Using Prim's algorithm for MST weight
2024-04-25 00:40:55,465:INFO:Using Prim's algorithm for MST weight
2024-04-25 00:40:55,465:INFO:Using Prim's algorithm for MST weight
2024-04-25 00:40:55,466:INFO:Using Prim's algorithm for MST weight
2024-04-25 00:40:55,466:INFO:Using Prim's algorithm for MST weight
2024-04-25 00:40:55,466:INFO:Using Prim's algorithm for MST weight
2024-04-25 00:40:55,466:INFO:Using Prim's algorithm for MST weight
2024-04-25 00:40:55,466:INFO:Using Prim's algorithm for MST weight
2024-04-25 00:40:55,467:INFO:Using Prim's algorithm for MST weight
2024-04-25 00:40:55,467:INFO:Using Prim's algorithm for MST weight
2024-04-25 00:40:55,467:INFO:Using Prim's algorithm for MST weight
2024-04-25 00:40:55,467:INFO:Using Prim's algorithm for MST weight
2024-04-25 00:40:55,467:INFO:Using Prim's algorithm for MST weight
2024-04-25 00:40:55,468:INFO:Using Prim's algorithm for MST weight
2024-04-25 00:40:55,468:INFO:Using Prim's algorithm for MST weight
2024-04-25 00:40:55,468:INFO:Using Prim's algorithm for MST weight
2024-04-25 00:40:55,468:INFO:Using Prim's algorithm for MST weight
2024-04-25 00:40:55,468:INFO:Using Prim's algorithm for MST weight
2024-04-25 00:40:55,468:INFO:Using Prim's algorithm for MST weight
2024-04-25 00:40:55,469:INFO:Using Prim's algorithm for MST weight
2024-04-25 00:40:55,469:INFO:Using Prim's algorithm for MST weight
2024-04-25 00:40:55,469:INFO:Using Prim's algorithm for MST weight
2024-04-25 00:40:55,469:INFO:Using Prim's algorithm for MST weight
2024-04-25 00:40:55,469:INFO:Using Prim's algorithm for MST weight
2024-04-25 00:40:55,470:INFO:Using Prim's algorithm for MST weight
2024-04-25 00:40:55,470:INFO:Using Prim's algorithm for MST weight
2024-04-25 00:40:55,470:INFO:Using Prim's algorithm for MST weight
2024-04-25 00:40:55,470:INFO:Using Prim's algorithm for MST weight
2024-04-25 00:40:55,470:INFO:Using Prim's algorithm for MST weight
2024-04-25 00:40:55,471:INFO:Using Prim's algorithm for MST weight
2024-04-25 00:40:55,471:INFO:Using Prim's algorithm for MST weight
2024-04-25 00:40:55,471:INFO:Using Prim's algorithm for MST weight
2024-04-25 00:40:55,471:INFO:Using Prim's algorithm for MST weight
2024-04-25 00:40:55,471:INFO:Using Prim's algorithm for MST weight
2024-04-25 00:40:55,471:INFO:Using Prim's algorithm for MST weight
2024-04-25 00:40:55,472:INFO:Using Prim's algorithm for MST weight
2024-04-25 00:40:55,472:INFO:Using Prim's algorithm for MST weight
2024-04-25 00:40:55,472:INFO:Using Prim's algorithm for MST weight
2024-04-25 00:40:55,472:INFO:Using Prim's algorithm for MST weight
2024-04-25 00:40:55,472:INFO:Using Prim's algorithm for MST weight
2024-04-25 00:40:55,473:INFO:Using Prim's algorithm for MST weight
2024-04-25 00:40:55,473:INFO:Using Prim's algorithm for MST weight
2024-04-25 00:40:55,473:INFO:Using Prim's algorithm for MST weight
2024-04-25 00:40:55,473:INFO:Using Prim's algorithm for MST weight
2024-04-25 00:40:55,473:INFO:Using Prim's algorithm for MST weight
2024-04-25 00:40:55,473:INFO:Using Prim's algorithm for MST weight
2024-04-25 00:40:55,474:INFO:Using Prim's algorithm for MST weight
2024-04-25 00:40:55,474:INFO:Using Prim's algorithm for MST weight
2024-04-25 00:40:55,474:INFO:Using Prim's algorithm for MST weight
2024-04-25 00:40:55,474:INFO:Using Prim's algorithm for MST weight
2024-04-25 00:40:55,474:INFO:Using Prim's algorithm for MST weight
2024-04-25 00:40:55,475:INFO:Using Prim's algorithm for MST weight
2024-04-25 00:40:55,475:INFO:Using Prim's algorithm for MST weight
2024-04-25 00:40:55,475:INFO:Using Prim's algorithm for MST weight
2024-04-25 00:40:55,475:INFO:Using Prim's algorithm for MST weight
2024-04-25 00:40:55,475:INFO:Using Prim's algorithm for MST weight
2024-04-25 00:40:55,476:INFO:Using Prim's algorithm for MST weight
2024-04-25 00:40:55,476:INFO:Using Prim's algorithm for MST weight
2024-04-25 00:40:55,476:INFO:Using Prim's algorithm for MST weight
2024-04-25 00:40:55,476:INFO:Using Prim's algorithm for MST weight
2024-04-25 00:40:55,476:INFO:Using Prim's algorithm for MST weight
2024-04-25 00:40:55,477:INFO:Using Prim's algorithm for MST weight
2024-04-25 00:40:55,477:INFO:Using Prim's algorithm for MST weight
2024-04-25 00:40:55,477:INFO:Using Prim's algorithm for MST weight
2024-04-25 00:40:55,477:INFO:Using Prim's algorithm for MST weight
2024-04-25 00:40:55,477:INFO:Using Prim's algorithm for MST weight
2024-04-25 00:40:55,477:INFO:Using Prim's algorithm for MST weight
2024-04-25 00:40:55,478:INFO:Using Prim's algorithm for MST weight
2024-04-25 00:40:55,478:INFO:Using Prim's algorithm for MST weight
2024-04-25 00:40:55,478:INFO:Using Prim's algorithm for MST weight
2024-04-25 00:40:55,478:INFO:Using Prim's algorithm for MST weight
2024-04-25 00:40:55,478:INFO:Using Prim's algorithm for MST weight
2024-04-25 00:40:55,479:INFO:Using Prim's algorithm for MST weight
2024-04-25 00:40:55,479:INFO:Using Prim's algorithm for MST weight
2024-04-25 00:40:55,479:INFO:Using Prim's algorithm for MST weight
2024-04-25 00:40:55,479:INFO:Using Prim's algorithm for MST weight
2024-04-25 00:40:55,479:INFO:Using Prim's algorithm for MST weight
2024-04-25 00:40:55,479:INFO:Using Prim's algorithm for MST weight
2024-04-25 00:40:55,480:INFO:Using Prim's algorithm for MST weight
2024-04-25 00:40:55,480:INFO:Using Prim's algorithm for MST weight
2024-04-25 00:40:55,480:INFO:Using Prim's algorithm for MST weight
2024-04-25 00:40:55,480:INFO:Using Prim's algorithm for MST weight
2024-04-25 00:40:55,480:INFO:Using Prim's algorithm for MST weight
2024-04-25 00:40:55,481:INFO:Using Prim's algorithm for MST weight
2024-04-25 00:40:55,481:INFO:Using Prim's algorithm for MST weight
2024-04-25 00:40:55,481:INFO:Using Prim's algorithm for MST weight
2024-04-25 00:40:55,481:INFO:Using Prim's algorithm for MST weight
2024-04-25 00:40:55,481:INFO:Using Prim's algorithm for MST weight
2024-04-25 00:40:55,481:INFO:Using Prim's algorithm for MST weight
2024-04-25 00:40:55,482:INFO:Using Prim's algorithm for MST weight
2024-04-25 00:40:55,482:INFO:Using Prim's algorithm for MST weight
2024-04-25 00:40:55,482:INFO:Using Prim's algorithm for MST weight
2024-04-25 00:40:55,482:INFO:Using Prim's algorithm for MST weight
2024-04-25 00:40:55,483:INFO:Using Prim's algorithm for MST weight
2024-04-25 00:40:55,483:INFO:Using Prim's algorithm for MST weight
2024-04-25 00:40:55,483:INFO:Using Prim's algorithm for MST weight
2024-04-25 00:40:55,483:INFO:Using Prim's algorithm for MST weight
2024-04-25 00:40:55,483:INFO:Using Prim's algorithm for MST weight
2024-04-25 00:40:55,483:INFO:Using Prim's algorithm for MST weight
2024-04-25 00:40:55,484:INFO:Using Prim's algorithm for MST weight
2024-04-25 00:40:55,484:INFO:Using Prim's algorithm for MST weight
2024-04-25 00:40:55,484:INFO:Using Prim's algorithm for MST weight
2024-04-25 00:40:55,484:INFO:Using Prim's algorithm for MST weight
2024-04-25 00:40:55,484:INFO:Using Prim's algorithm for MST weight
2024-04-25 00:40:55,485:INFO:Using Prim's algorithm for MST weight
2024-04-25 00:40:55,485:INFO:Using Prim's algorithm for MST weight
2024-04-25 00:40:55,485:INFO:Using Prim's algorithm for MST weight
2024-04-25 00:40:55,485:INFO:Using Prim's algorithm for MST weight
2024-04-25 00:40:55,485:INFO:Using Prim's algorithm for MST weight
2024-04-25 00:40:55,485:INFO:Using Prim's algorithm for MST weight
2024-04-25 00:40:55,486:INFO:Using Prim's algorithm for MST weight
2024-04-25 00:40:55,486:INFO:Using Prim's algorithm for MST weight
2024-04-25 00:40:55,486:INFO:Using Prim's algorithm for MST weight
2024-04-25 00:40:55,486:INFO:Using Prim's algorithm for MST weight
2024-04-25 00:40:55,486:INFO:Using Prim's algorithm for MST weight
2024-04-25 00:40:55,487:INFO:Using Prim's algorithm for MST weight
2024-04-25 00:40:55,487:INFO:Using Prim's algorithm for MST weight
2024-04-25 00:40:55,487:INFO:Using Prim's algorithm for MST weight
2024-04-25 00:40:55,487:INFO:Using Prim's algorithm for MST weight
2024-04-25 00:40:55,487:INFO:Using Prim's algorithm for MST weight
2024-04-25 00:40:55,488:INFO:Using Prim's algorithm for MST weight
2024-04-25 00:40:55,488:INFO:Using Prim's algorithm for MST weight
2024-04-25 00:40:55,488:INFO:Using Prim's algorithm for MST weight
2024-04-25 00:40:55,488:INFO:Using Prim's algorithm for MST weight
2024-04-25 00:40:55,488:INFO:Using Prim's algorithm for MST weight
2024-04-25 00:40:55,488:INFO:Using Prim's algorithm for MST weight
2024-04-25 00:40:55,489:INFO:Using Prim's algorithm for MST weight
2024-04-25 00:40:55,489:INFO:Using Prim's algorithm for MST weight
2024-04-25 00:40:55,489:INFO:Using Prim's algorithm for MST weight
2024-04-25 00:40:55,489:INFO:Using Prim's algorithm for MST weight
2024-04-25 00:40:55,489:INFO:Using Prim's algorithm for MST weight
2024-04-25 00:40:55,490:INFO:Using Prim's algorithm for MST weight
2024-04-25 00:40:55,490:INFO:Using Prim's algorithm for MST weight
2024-04-25 00:40:55,490:INFO:Using Prim's algorithm for MST weight
2024-04-25 00:40:55,490:INFO:Using Prim's algorithm for MST weight
2024-04-25 00:40:55,490:INFO:Using Prim's algorithm for MST weight
2024-04-25 00:40:55,491:INFO:Using Prim's algorithm for MST weight
2024-04-25 00:40:55,491:INFO:Using Prim's algorithm for MST weight
2024-04-25 00:40:55,491:INFO:Using Prim's algorithm for MST weight
2024-04-25 00:40:55,491:INFO:Using Prim's algorithm for MST weight
2024-04-25 00:40:55,491:INFO:Using Prim's algorithm for MST weight
2024-04-25 00:40:55,491:INFO:Using Prim's algorithm for MST weight
2024-04-25 00:40:55,492:INFO:Using Prim's algorithm for MST weight
2024-04-25 00:40:55,492:INFO:Using Prim's algorithm for MST weight
2024-04-25 00:40:55,492:INFO:Using Prim's algorithm for MST weight
2024-04-25 00:40:55,492:INFO:Using Prim's algorithm for MST weight
2024-04-25 00:40:55,492:INFO:Using Prim's algorithm for MST weight
2024-04-25 00:40:55,493:INFO:Using Prim's algorithm for MST weight
2024-04-25 00:40:55,493:INFO:Using Prim's algorithm for MST weight
2024-04-25 00:40:55,493:INFO:Using Prim's algorithm for MST weight
2024-04-25 00:40:55,493:INFO:Using Prim's algorithm for MST weight
2024-04-25 00:40:55,493:INFO:Using Prim's algorithm for MST weight
2024-04-25 00:40:55,494:INFO:Using Prim's algorithm for MST weight
2024-04-25 00:40:55,494:INFO:Using Prim's algorithm for MST weight
2024-04-25 00:40:55,494:INFO:Using Prim's algorithm for MST weight
2024-04-25 00:40:55,494:INFO:Using Prim's algorithm for MST weight
2024-04-25 00:40:55,494:INFO:Using Prim's algorithm for MST weight
2024-04-25 00:40:55,495:INFO:Using Prim's algorithm for MST weight
2024-04-25 00:40:55,495:INFO:Using Prim's algorithm for MST weight
2024-04-25 00:40:55,495:INFO:Using Prim's algorithm for MST weight
2024-04-25 00:40:55,495:INFO:Using Prim's algorithm for MST weight
2024-04-25 00:40:55,495:INFO:Using Prim's algorithm for MST weight
2024-04-25 00:40:55,495:INFO:Using Prim's algorithm for MST weight
2024-04-25 00:40:55,496:INFO:Using Prim's algorithm for MST weight
2024-04-25 00:40:55,496:INFO:Using Prim's algorithm for MST weight
2024-04-25 00:40:55,496:INFO:Using Prim's algorithm for MST weight
2024-04-25 00:40:55,496:INFO:Using Prim's algorithm for MST weight
2024-04-25 00:40:55,496:INFO:Using Prim's algorithm for MST weight
2024-04-25 00:40:55,497:INFO:Using Prim's algorithm for MST weight
2024-04-25 00:40:55,497:INFO:Using Prim's algorithm for MST weight
2024-04-25 00:40:55,497:INFO:Using Prim's algorithm for MST weight
2024-04-25 00:40:55,497:INFO:Using Prim's algorithm for MST weight
2024-04-25 00:40:55,497:INFO:Using Prim's algorithm for MST weight
2024-04-25 00:40:55,498:INFO:Using Prim's algorithm for MST weight
2024-04-25 00:40:55,498:INFO:Using Prim's algorithm for MST weight
2024-04-25 00:40:55,498:INFO:Using Prim's algorithm for MST weight
2024-04-25 00:40:55,498:INFO:Using Prim's algorithm for MST weight
2024-04-25 00:40:55,498:INFO:Using Prim's algorithm for MST weight
2024-04-25 00:40:55,499:INFO:Using Prim's algorithm for MST weight
2024-04-25 00:40:55,499:INFO:Using Prim's algorithm for MST weight
2024-04-25 00:40:55,499:INFO:Using Prim's algorithm for MST weight
2024-04-25 00:40:55,499:INFO:Using Prim's algorithm for MST weight
2024-04-25 00:40:55,499:INFO:Using Prim's algorithm for MST weight
2024-04-25 00:40:55,499:INFO:Using Prim's algorithm for MST weight
2024-04-25 00:40:55,500:INFO:Using Prim's algorithm for MST weight
2024-04-25 00:40:55,500:INFO:Using Prim's algorithm for MST weight
2024-04-25 00:40:55,500:INFO:Using Prim's algorithm for MST weight
2024-04-25 00:40:55,500:INFO:Using Prim's algorithm for MST weight
2024-04-25 00:40:55,500:INFO:Using Prim's algorithm for MST weight
2024-04-25 00:40:55,501:INFO:Using Prim's algorithm for MST weight
2024-04-25 00:40:55,501:INFO:Using Prim's algorithm for MST weight
2024-04-25 00:40:55,501:INFO:Using Prim's algorithm for MST weight
2024-04-25 00:40:55,501:INFO:Using Prim's algorithm for MST weight
2024-04-25 00:40:55,501:INFO:Using Prim's algorithm for MST weight
2024-04-25 00:40:55,502:INFO:Using Prim's algorithm for MST weight
2024-04-25 00:40:55,502:INFO:Using Prim's algorithm for MST weight
2024-04-25 00:40:55,502:INFO:Using Prim's algorithm for MST weight
2024-04-25 00:40:55,502:INFO:Using Prim's algorithm for MST weight
2024-04-25 00:40:55,502:INFO:Using Prim's algorithm for MST weight
2024-04-25 00:40:55,502:INFO:Using Prim's algorithm for MST weight
2024-04-25 00:40:55,503:INFO:Using Prim's algorithm for MST weight
2024-04-25 00:40:55,503:INFO:Using Prim's algorithm for MST weight
2024-04-25 00:40:55,503:INFO:Using Prim's algorithm for MST weight
2024-04-25 00:40:55,503:INFO:Using Prim's algorithm for MST weight
2024-04-25 00:40:55,503:INFO:Using Prim's algorithm for MST weight
2024-04-25 00:40:55,504:INFO:Using Prim's algorithm for MST weight
2024-04-25 00:40:55,504:INFO:Using Prim's algorithm for MST weight
2024-04-25 00:40:55,504:INFO:Using Prim's algorithm for MST weight
2024-04-25 00:40:55,504:INFO:Using Prim's algorithm for MST weight
2024-04-25 00:40:55,504:INFO:Using Prim's algorithm for MST weight
2024-04-25 00:40:55,505:INFO:Using Prim's algorithm for MST weight
2024-04-25 00:40:55,505:INFO:Using Prim's algorithm for MST weight
2024-04-25 00:40:55,505:INFO:Using Prim's algorithm for MST weight
2024-04-25 00:40:55,505:INFO:Using Prim's algorithm for MST weight
2024-04-25 00:40:55,505:INFO:Using Prim's algorithm for MST weight
2024-04-25 00:40:55,505:INFO:Using Prim's algorithm for MST weight
2024-04-25 00:40:55,506:INFO:Using Prim's algorithm for MST weight
2024-04-25 00:40:55,506:INFO:Using Prim's algorithm for MST weight
2024-04-25 00:40:55,506:INFO:Using Prim's algorithm for MST weight
2024-04-25 00:40:55,506:INFO:Using Prim's algorithm for MST weight
2024-04-25 00:40:55,506:INFO:Using Prim's algorithm for MST weight
2024-04-25 00:40:55,507:INFO:Using Prim's algorithm for MST weight
2024-04-25 00:40:55,507:INFO:Using Prim's algorithm for MST weight
2024-04-25 00:40:55,507:INFO:Using Prim's algorithm for MST weight
2024-04-25 00:40:55,507:INFO:Using Prim's algorithm for MST weight
2024-04-25 00:40:55,507:INFO:Using Prim's algorithm for MST weight
2024-04-25 00:40:55,507:INFO:Using Prim's algorithm for MST weight
2024-04-25 00:40:55,508:INFO:Using Prim's algorithm for MST weight
2024-04-25 00:40:55,508:INFO:Using Prim's algorithm for MST weight
2024-04-25 00:40:55,508:INFO:Using Prim's algorithm for MST weight
2024-04-25 00:40:55,508:INFO:Using Prim's algorithm for MST weight
2024-04-25 00:40:55,508:INFO:Using Prim's algorithm for MST weight
2024-04-25 00:40:55,509:INFO:Using Prim's algorithm for MST weight
2024-04-25 00:40:55,509:INFO:Using Prim's algorithm for MST weight
2024-04-25 00:40:55,509:INFO:layer3.0.conv1.weight: Pruned 1060 weights.
2024-04-25 00:40:55,509:INFO:Pruning layer: layer4.0.conv1.weight
2024-04-25 00:40:55,510:INFO:Using Prim's algorithm for MST weight
2024-04-25 00:40:55,511:INFO:Using Prim's algorithm for MST weight
2024-04-25 00:40:55,511:INFO:Using Prim's algorithm for MST weight
2024-04-25 00:40:55,511:INFO:Using Prim's algorithm for MST weight
2024-04-25 00:40:55,511:INFO:Using Prim's algorithm for MST weight
2024-04-25 00:40:55,511:INFO:Using Prim's algorithm for MST weight
2024-04-25 00:40:55,511:INFO:Using Prim's algorithm for MST weight
2024-04-25 00:40:55,512:INFO:Using Prim's algorithm for MST weight
2024-04-25 00:40:55,512:INFO:Using Prim's algorithm for MST weight
2024-04-25 00:40:55,512:INFO:Using Prim's algorithm for MST weight
2024-04-25 00:40:55,512:INFO:Using Prim's algorithm for MST weight
2024-04-25 00:40:55,512:INFO:Using Prim's algorithm for MST weight
2024-04-25 00:40:55,513:INFO:Using Prim's algorithm for MST weight
2024-04-25 00:40:55,513:INFO:Using Prim's algorithm for MST weight
2024-04-25 00:40:55,513:INFO:Using Prim's algorithm for MST weight
2024-04-25 00:40:55,513:INFO:Using Prim's algorithm for MST weight
2024-04-25 00:40:55,513:INFO:Using Prim's algorithm for MST weight
2024-04-25 00:40:55,514:INFO:Using Prim's algorithm for MST weight
2024-04-25 00:40:55,514:INFO:Using Prim's algorithm for MST weight
2024-04-25 00:40:55,514:INFO:Using Prim's algorithm for MST weight
2024-04-25 00:40:55,514:INFO:Using Prim's algorithm for MST weight
2024-04-25 00:40:55,514:INFO:Using Prim's algorithm for MST weight
2024-04-25 00:40:55,515:INFO:Using Prim's algorithm for MST weight
2024-04-25 00:40:55,515:INFO:Using Prim's algorithm for MST weight
2024-04-25 00:40:55,515:INFO:Using Prim's algorithm for MST weight
2024-04-25 00:40:55,515:INFO:Using Prim's algorithm for MST weight
2024-04-25 00:40:55,515:INFO:Using Prim's algorithm for MST weight
2024-04-25 00:40:55,516:INFO:Using Prim's algorithm for MST weight
2024-04-25 00:40:55,516:INFO:Using Prim's algorithm for MST weight
2024-04-25 00:40:55,516:INFO:Using Prim's algorithm for MST weight
2024-04-25 00:40:55,516:INFO:Using Prim's algorithm for MST weight
2024-04-25 00:40:55,516:INFO:Using Prim's algorithm for MST weight
2024-04-25 00:40:55,516:INFO:Using Prim's algorithm for MST weight
2024-04-25 00:40:55,517:INFO:Using Prim's algorithm for MST weight
2024-04-25 00:40:55,517:INFO:Using Prim's algorithm for MST weight
2024-04-25 00:40:55,517:INFO:Using Prim's algorithm for MST weight
2024-04-25 00:40:55,517:INFO:Using Prim's algorithm for MST weight
2024-04-25 00:40:55,517:INFO:Using Prim's algorithm for MST weight
2024-04-25 00:40:55,518:INFO:Using Prim's algorithm for MST weight
2024-04-25 00:40:55,518:INFO:Using Prim's algorithm for MST weight
2024-04-25 00:40:55,518:INFO:Using Prim's algorithm for MST weight
2024-04-25 00:40:55,518:INFO:Using Prim's algorithm for MST weight
2024-04-25 00:40:55,518:INFO:Using Prim's algorithm for MST weight
2024-04-25 00:40:55,519:INFO:Using Prim's algorithm for MST weight
2024-04-25 00:40:55,519:INFO:Using Prim's algorithm for MST weight
2024-04-25 00:40:55,519:INFO:Using Prim's algorithm for MST weight
2024-04-25 00:40:55,519:INFO:Using Prim's algorithm for MST weight
2024-04-25 00:40:55,519:INFO:Using Prim's algorithm for MST weight
2024-04-25 00:40:55,519:INFO:Using Prim's algorithm for MST weight
2024-04-25 00:40:55,520:INFO:Using Prim's algorithm for MST weight
2024-04-25 00:40:55,520:INFO:Using Prim's algorithm for MST weight
2024-04-25 00:40:55,520:INFO:Using Prim's algorithm for MST weight
2024-04-25 00:40:55,520:INFO:Using Prim's algorithm for MST weight
2024-04-25 00:40:55,520:INFO:Using Prim's algorithm for MST weight
2024-04-25 00:40:55,521:INFO:Using Prim's algorithm for MST weight
2024-04-25 00:40:55,521:INFO:Using Prim's algorithm for MST weight
2024-04-25 00:40:55,521:INFO:Using Prim's algorithm for MST weight
2024-04-25 00:40:55,521:INFO:Using Prim's algorithm for MST weight
2024-04-25 00:40:55,521:INFO:Using Prim's algorithm for MST weight
2024-04-25 00:40:55,522:INFO:Using Prim's algorithm for MST weight
2024-04-25 00:40:55,522:INFO:Using Prim's algorithm for MST weight
2024-04-25 00:40:55,522:INFO:Using Prim's algorithm for MST weight
2024-04-25 00:40:55,522:INFO:Using Prim's algorithm for MST weight
2024-04-25 00:40:55,522:INFO:Using Prim's algorithm for MST weight
2024-04-25 00:40:55,523:INFO:Using Prim's algorithm for MST weight
2024-04-25 00:40:55,523:INFO:Using Prim's algorithm for MST weight
2024-04-25 00:40:55,523:INFO:Using Prim's algorithm for MST weight
2024-04-25 00:40:55,523:INFO:Using Prim's algorithm for MST weight
2024-04-25 00:40:55,523:INFO:Using Prim's algorithm for MST weight
2024-04-25 00:40:55,523:INFO:Using Prim's algorithm for MST weight
2024-04-25 00:40:55,524:INFO:Using Prim's algorithm for MST weight
2024-04-25 00:40:55,524:INFO:Using Prim's algorithm for MST weight
2024-04-25 00:40:55,524:INFO:Using Prim's algorithm for MST weight
2024-04-25 00:40:55,524:INFO:Using Prim's algorithm for MST weight
2024-04-25 00:40:55,524:INFO:Using Prim's algorithm for MST weight
2024-04-25 00:40:55,525:INFO:Using Prim's algorithm for MST weight
2024-04-25 00:40:55,525:INFO:Using Prim's algorithm for MST weight
2024-04-25 00:40:55,525:INFO:Using Prim's algorithm for MST weight
2024-04-25 00:40:55,525:INFO:Using Prim's algorithm for MST weight
2024-04-25 00:40:55,525:INFO:Using Prim's algorithm for MST weight
2024-04-25 00:40:55,526:INFO:Using Prim's algorithm for MST weight
2024-04-25 00:40:55,526:INFO:Using Prim's algorithm for MST weight
2024-04-25 00:40:55,526:INFO:Using Prim's algorithm for MST weight
2024-04-25 00:40:55,526:INFO:Using Prim's algorithm for MST weight
2024-04-25 00:40:55,526:INFO:Using Prim's algorithm for MST weight
2024-04-25 00:40:55,527:INFO:Using Prim's algorithm for MST weight
2024-04-25 00:40:55,527:INFO:Using Prim's algorithm for MST weight
2024-04-25 00:40:55,527:INFO:Using Prim's algorithm for MST weight
2024-04-25 00:40:55,527:INFO:Using Prim's algorithm for MST weight
2024-04-25 00:40:55,527:INFO:Using Prim's algorithm for MST weight
2024-04-25 00:40:55,527:INFO:Using Prim's algorithm for MST weight
2024-04-25 00:40:55,528:INFO:Using Prim's algorithm for MST weight
2024-04-25 00:40:55,528:INFO:Using Prim's algorithm for MST weight
2024-04-25 00:40:55,528:INFO:Using Prim's algorithm for MST weight
2024-04-25 00:40:55,528:INFO:Using Prim's algorithm for MST weight
2024-04-25 00:40:55,529:INFO:Using Prim's algorithm for MST weight
2024-04-25 00:40:55,529:INFO:Using Prim's algorithm for MST weight
2024-04-25 00:40:55,529:INFO:Using Prim's algorithm for MST weight
2024-04-25 00:40:55,529:INFO:Using Prim's algorithm for MST weight
2024-04-25 00:40:55,529:INFO:Using Prim's algorithm for MST weight
2024-04-25 00:40:55,529:INFO:Using Prim's algorithm for MST weight
2024-04-25 00:40:55,530:INFO:Using Prim's algorithm for MST weight
2024-04-25 00:40:55,530:INFO:Using Prim's algorithm for MST weight
2024-04-25 00:40:55,530:INFO:Using Prim's algorithm for MST weight
2024-04-25 00:40:55,530:INFO:Using Prim's algorithm for MST weight
2024-04-25 00:40:55,530:INFO:Using Prim's algorithm for MST weight
2024-04-25 00:40:55,531:INFO:Using Prim's algorithm for MST weight
2024-04-25 00:40:55,531:INFO:Using Prim's algorithm for MST weight
2024-04-25 00:40:55,531:INFO:Using Prim's algorithm for MST weight
2024-04-25 00:40:55,531:INFO:Using Prim's algorithm for MST weight
2024-04-25 00:40:55,531:INFO:Using Prim's algorithm for MST weight
2024-04-25 00:40:55,532:INFO:Using Prim's algorithm for MST weight
2024-04-25 00:40:55,532:INFO:Using Prim's algorithm for MST weight
2024-04-25 00:40:55,532:INFO:Using Prim's algorithm for MST weight
2024-04-25 00:40:55,532:INFO:Using Prim's algorithm for MST weight
2024-04-25 00:40:55,532:INFO:Using Prim's algorithm for MST weight
2024-04-25 00:40:55,533:INFO:Using Prim's algorithm for MST weight
2024-04-25 00:40:55,533:INFO:Using Prim's algorithm for MST weight
2024-04-25 00:40:55,533:INFO:Using Prim's algorithm for MST weight
2024-04-25 00:40:55,533:INFO:Using Prim's algorithm for MST weight
2024-04-25 00:40:55,533:INFO:Using Prim's algorithm for MST weight
2024-04-25 00:40:55,533:INFO:Using Prim's algorithm for MST weight
2024-04-25 00:40:55,534:INFO:Using Prim's algorithm for MST weight
2024-04-25 00:40:55,534:INFO:Using Prim's algorithm for MST weight
2024-04-25 00:40:55,534:INFO:Using Prim's algorithm for MST weight
2024-04-25 00:40:55,534:INFO:Using Prim's algorithm for MST weight
2024-04-25 00:40:55,534:INFO:Using Prim's algorithm for MST weight
2024-04-25 00:40:55,535:INFO:Using Prim's algorithm for MST weight
2024-04-25 00:40:55,535:INFO:Using Prim's algorithm for MST weight
2024-04-25 00:40:55,535:INFO:Using Prim's algorithm for MST weight
2024-04-25 00:40:55,535:INFO:Using Prim's algorithm for MST weight
2024-04-25 00:40:55,535:INFO:Using Prim's algorithm for MST weight
2024-04-25 00:40:55,536:INFO:Using Prim's algorithm for MST weight
2024-04-25 00:40:55,536:INFO:Using Prim's algorithm for MST weight
2024-04-25 00:40:55,536:INFO:Using Prim's algorithm for MST weight
2024-04-25 00:40:55,536:INFO:Using Prim's algorithm for MST weight
2024-04-25 00:40:55,536:INFO:Using Prim's algorithm for MST weight
2024-04-25 00:40:55,536:INFO:Using Prim's algorithm for MST weight
2024-04-25 00:40:55,537:INFO:Using Prim's algorithm for MST weight
2024-04-25 00:40:55,537:INFO:Using Prim's algorithm for MST weight
2024-04-25 00:40:55,537:INFO:Using Prim's algorithm for MST weight
2024-04-25 00:40:55,537:INFO:Using Prim's algorithm for MST weight
2024-04-25 00:40:55,537:INFO:Using Prim's algorithm for MST weight
2024-04-25 00:40:55,538:INFO:Using Prim's algorithm for MST weight
2024-04-25 00:40:55,538:INFO:Using Prim's algorithm for MST weight
2024-04-25 00:40:55,538:INFO:Using Prim's algorithm for MST weight
2024-04-25 00:40:55,538:INFO:Using Prim's algorithm for MST weight
2024-04-25 00:40:55,538:INFO:Using Prim's algorithm for MST weight
2024-04-25 00:40:55,539:INFO:Using Prim's algorithm for MST weight
2024-04-25 00:40:55,539:INFO:Using Prim's algorithm for MST weight
2024-04-25 00:40:55,539:INFO:Using Prim's algorithm for MST weight
2024-04-25 00:40:55,539:INFO:Using Prim's algorithm for MST weight
2024-04-25 00:40:55,539:INFO:Using Prim's algorithm for MST weight
2024-04-25 00:40:55,539:INFO:Using Prim's algorithm for MST weight
2024-04-25 00:40:55,540:INFO:Using Prim's algorithm for MST weight
2024-04-25 00:40:55,540:INFO:Using Prim's algorithm for MST weight
2024-04-25 00:40:55,540:INFO:Using Prim's algorithm for MST weight
2024-04-25 00:40:55,540:INFO:Using Prim's algorithm for MST weight
2024-04-25 00:40:55,540:INFO:Using Prim's algorithm for MST weight
2024-04-25 00:40:55,541:INFO:Using Prim's algorithm for MST weight
2024-04-25 00:40:55,541:INFO:Using Prim's algorithm for MST weight
2024-04-25 00:40:55,541:INFO:Using Prim's algorithm for MST weight
2024-04-25 00:40:55,541:INFO:Using Prim's algorithm for MST weight
2024-04-25 00:40:55,541:INFO:Using Prim's algorithm for MST weight
2024-04-25 00:40:55,542:INFO:Using Prim's algorithm for MST weight
2024-04-25 00:40:55,542:INFO:Using Prim's algorithm for MST weight
2024-04-25 00:40:55,542:INFO:Using Prim's algorithm for MST weight
2024-04-25 00:40:55,542:INFO:Using Prim's algorithm for MST weight
2024-04-25 00:40:55,542:INFO:Using Prim's algorithm for MST weight
2024-04-25 00:40:55,543:INFO:Using Prim's algorithm for MST weight
2024-04-25 00:40:55,543:INFO:Using Prim's algorithm for MST weight
2024-04-25 00:40:55,543:INFO:Using Prim's algorithm for MST weight
2024-04-25 00:40:55,543:INFO:Using Prim's algorithm for MST weight
2024-04-25 00:40:55,543:INFO:Using Prim's algorithm for MST weight
2024-04-25 00:40:55,543:INFO:Using Prim's algorithm for MST weight
2024-04-25 00:40:55,544:INFO:Using Prim's algorithm for MST weight
2024-04-25 00:40:55,544:INFO:Using Prim's algorithm for MST weight
2024-04-25 00:40:55,544:INFO:Using Prim's algorithm for MST weight
2024-04-25 00:40:55,544:INFO:Using Prim's algorithm for MST weight
2024-04-25 00:40:55,545:INFO:Using Prim's algorithm for MST weight
2024-04-25 00:40:55,545:INFO:Using Prim's algorithm for MST weight
2024-04-25 00:40:55,545:INFO:Using Prim's algorithm for MST weight
2024-04-25 00:40:55,545:INFO:Using Prim's algorithm for MST weight
2024-04-25 00:40:55,545:INFO:Using Prim's algorithm for MST weight
2024-04-25 00:40:55,545:INFO:Using Prim's algorithm for MST weight
2024-04-25 00:40:55,546:INFO:Using Prim's algorithm for MST weight
2024-04-25 00:40:55,546:INFO:Using Prim's algorithm for MST weight
2024-04-25 00:40:55,546:INFO:Using Prim's algorithm for MST weight
2024-04-25 00:40:55,546:INFO:Using Prim's algorithm for MST weight
2024-04-25 00:40:55,546:INFO:Using Prim's algorithm for MST weight
2024-04-25 00:40:55,547:INFO:Using Prim's algorithm for MST weight
2024-04-25 00:40:55,547:INFO:Using Prim's algorithm for MST weight
2024-04-25 00:40:55,547:INFO:Using Prim's algorithm for MST weight
2024-04-25 00:40:55,547:INFO:Using Prim's algorithm for MST weight
2024-04-25 00:40:55,547:INFO:Using Prim's algorithm for MST weight
2024-04-25 00:40:55,548:INFO:Using Prim's algorithm for MST weight
2024-04-25 00:40:55,548:INFO:Using Prim's algorithm for MST weight
2024-04-25 00:40:55,548:INFO:Using Prim's algorithm for MST weight
2024-04-25 00:40:55,548:INFO:Using Prim's algorithm for MST weight
2024-04-25 00:40:55,548:INFO:Using Prim's algorithm for MST weight
2024-04-25 00:40:55,549:INFO:Using Prim's algorithm for MST weight
2024-04-25 00:40:55,549:INFO:Using Prim's algorithm for MST weight
2024-04-25 00:40:55,549:INFO:Using Prim's algorithm for MST weight
2024-04-25 00:40:55,549:INFO:Using Prim's algorithm for MST weight
2024-04-25 00:40:55,549:INFO:Using Prim's algorithm for MST weight
2024-04-25 00:40:55,550:INFO:Using Prim's algorithm for MST weight
2024-04-25 00:40:55,550:INFO:Using Prim's algorithm for MST weight
2024-04-25 00:40:55,550:INFO:Using Prim's algorithm for MST weight
2024-04-25 00:40:55,550:INFO:Using Prim's algorithm for MST weight
2024-04-25 00:40:55,550:INFO:Using Prim's algorithm for MST weight
2024-04-25 00:40:55,550:INFO:Using Prim's algorithm for MST weight
2024-04-25 00:40:55,551:INFO:Using Prim's algorithm for MST weight
2024-04-25 00:40:55,551:INFO:Using Prim's algorithm for MST weight
2024-04-25 00:40:55,551:INFO:Using Prim's algorithm for MST weight
2024-04-25 00:40:55,551:INFO:Using Prim's algorithm for MST weight
2024-04-25 00:40:55,551:INFO:Using Prim's algorithm for MST weight
2024-04-25 00:40:55,552:INFO:Using Prim's algorithm for MST weight
2024-04-25 00:40:55,552:INFO:Using Prim's algorithm for MST weight
2024-04-25 00:40:55,552:INFO:Using Prim's algorithm for MST weight
2024-04-25 00:40:55,552:INFO:Using Prim's algorithm for MST weight
2024-04-25 00:40:55,552:INFO:Using Prim's algorithm for MST weight
2024-04-25 00:40:55,553:INFO:Using Prim's algorithm for MST weight
2024-04-25 00:40:55,553:INFO:Using Prim's algorithm for MST weight
2024-04-25 00:40:55,553:INFO:Using Prim's algorithm for MST weight
2024-04-25 00:40:55,553:INFO:Using Prim's algorithm for MST weight
2024-04-25 00:40:55,553:INFO:Using Prim's algorithm for MST weight
2024-04-25 00:40:55,553:INFO:Using Prim's algorithm for MST weight
2024-04-25 00:40:55,554:INFO:Using Prim's algorithm for MST weight
2024-04-25 00:40:55,554:INFO:Using Prim's algorithm for MST weight
2024-04-25 00:40:55,554:INFO:Using Prim's algorithm for MST weight
2024-04-25 00:40:55,554:INFO:Using Prim's algorithm for MST weight
2024-04-25 00:40:55,554:INFO:Using Prim's algorithm for MST weight
2024-04-25 00:40:55,555:INFO:Using Prim's algorithm for MST weight
2024-04-25 00:40:55,555:INFO:Using Prim's algorithm for MST weight
2024-04-25 00:40:55,555:INFO:Using Prim's algorithm for MST weight
2024-04-25 00:40:55,555:INFO:Using Prim's algorithm for MST weight
2024-04-25 00:40:55,555:INFO:Using Prim's algorithm for MST weight
2024-04-25 00:40:55,556:INFO:Using Prim's algorithm for MST weight
2024-04-25 00:40:55,556:INFO:Using Prim's algorithm for MST weight
2024-04-25 00:40:55,556:INFO:Using Prim's algorithm for MST weight
2024-04-25 00:40:55,556:INFO:Using Prim's algorithm for MST weight
2024-04-25 00:40:55,556:INFO:Using Prim's algorithm for MST weight
2024-04-25 00:40:55,557:INFO:Using Prim's algorithm for MST weight
2024-04-25 00:40:55,557:INFO:Using Prim's algorithm for MST weight
2024-04-25 00:40:55,557:INFO:Using Prim's algorithm for MST weight
2024-04-25 00:40:55,557:INFO:Using Prim's algorithm for MST weight
2024-04-25 00:40:55,557:INFO:Using Prim's algorithm for MST weight
2024-04-25 00:40:55,557:INFO:Using Prim's algorithm for MST weight
2024-04-25 00:40:55,558:INFO:Using Prim's algorithm for MST weight
2024-04-25 00:40:55,558:INFO:Using Prim's algorithm for MST weight
2024-04-25 00:40:55,558:INFO:Using Prim's algorithm for MST weight
2024-04-25 00:40:55,558:INFO:Using Prim's algorithm for MST weight
2024-04-25 00:40:55,558:INFO:Using Prim's algorithm for MST weight
2024-04-25 00:40:55,559:INFO:Using Prim's algorithm for MST weight
2024-04-25 00:40:55,559:INFO:Using Prim's algorithm for MST weight
2024-04-25 00:40:55,559:INFO:Using Prim's algorithm for MST weight
2024-04-25 00:40:55,559:INFO:Using Prim's algorithm for MST weight
2024-04-25 00:40:55,559:INFO:Using Prim's algorithm for MST weight
2024-04-25 00:40:55,560:INFO:Using Prim's algorithm for MST weight
2024-04-25 00:40:55,560:INFO:Using Prim's algorithm for MST weight
2024-04-25 00:40:55,560:INFO:Using Prim's algorithm for MST weight
2024-04-25 00:40:55,560:INFO:Using Prim's algorithm for MST weight
2024-04-25 00:40:55,560:INFO:Using Prim's algorithm for MST weight
2024-04-25 00:40:55,561:INFO:Using Prim's algorithm for MST weight
2024-04-25 00:40:55,561:INFO:Using Prim's algorithm for MST weight
2024-04-25 00:40:55,561:INFO:Using Prim's algorithm for MST weight
2024-04-25 00:40:55,561:INFO:Using Prim's algorithm for MST weight
2024-04-25 00:40:55,561:INFO:Using Prim's algorithm for MST weight
2024-04-25 00:40:55,562:INFO:Using Prim's algorithm for MST weight
2024-04-25 00:40:55,562:INFO:Using Prim's algorithm for MST weight
2024-04-25 00:40:55,562:INFO:Using Prim's algorithm for MST weight
2024-04-25 00:40:55,562:INFO:Using Prim's algorithm for MST weight
2024-04-25 00:40:55,562:INFO:Using Prim's algorithm for MST weight
2024-04-25 00:40:55,562:INFO:Using Prim's algorithm for MST weight
2024-04-25 00:40:55,563:INFO:Using Prim's algorithm for MST weight
2024-04-25 00:40:55,563:INFO:Using Prim's algorithm for MST weight
2024-04-25 00:40:55,563:INFO:Using Prim's algorithm for MST weight
2024-04-25 00:40:55,563:INFO:Using Prim's algorithm for MST weight
2024-04-25 00:40:55,563:INFO:Using Prim's algorithm for MST weight
2024-04-25 00:40:55,564:INFO:Using Prim's algorithm for MST weight
2024-04-25 00:40:55,564:INFO:Using Prim's algorithm for MST weight
2024-04-25 00:40:55,564:INFO:Using Prim's algorithm for MST weight
2024-04-25 00:40:55,564:INFO:Using Prim's algorithm for MST weight
2024-04-25 00:40:55,564:INFO:Using Prim's algorithm for MST weight
2024-04-25 00:40:55,565:INFO:Using Prim's algorithm for MST weight
2024-04-25 00:40:55,565:INFO:Using Prim's algorithm for MST weight
2024-04-25 00:40:55,565:INFO:Using Prim's algorithm for MST weight
2024-04-25 00:40:55,565:INFO:Using Prim's algorithm for MST weight
2024-04-25 00:40:55,565:INFO:Using Prim's algorithm for MST weight
2024-04-25 00:40:55,565:INFO:Using Prim's algorithm for MST weight
2024-04-25 00:40:55,566:INFO:Using Prim's algorithm for MST weight
2024-04-25 00:40:55,566:INFO:Using Prim's algorithm for MST weight
2024-04-25 00:40:55,566:INFO:Using Prim's algorithm for MST weight
2024-04-25 00:40:55,566:INFO:Using Prim's algorithm for MST weight
2024-04-25 00:40:55,566:INFO:Using Prim's algorithm for MST weight
2024-04-25 00:40:55,567:INFO:Using Prim's algorithm for MST weight
2024-04-25 00:40:55,567:INFO:Using Prim's algorithm for MST weight
2024-04-25 00:40:55,567:INFO:Using Prim's algorithm for MST weight
2024-04-25 00:40:55,567:INFO:Using Prim's algorithm for MST weight
2024-04-25 00:40:55,567:INFO:Using Prim's algorithm for MST weight
2024-04-25 00:40:55,568:INFO:Using Prim's algorithm for MST weight
2024-04-25 00:40:55,568:INFO:Using Prim's algorithm for MST weight
2024-04-25 00:40:55,568:INFO:Using Prim's algorithm for MST weight
2024-04-25 00:40:55,568:INFO:Using Prim's algorithm for MST weight
2024-04-25 00:40:55,568:INFO:Using Prim's algorithm for MST weight
2024-04-25 00:40:55,569:INFO:Using Prim's algorithm for MST weight
2024-04-25 00:40:55,569:INFO:Using Prim's algorithm for MST weight
2024-04-25 00:40:55,569:INFO:Using Prim's algorithm for MST weight
2024-04-25 00:40:55,569:INFO:Using Prim's algorithm for MST weight
2024-04-25 00:40:55,569:INFO:Using Prim's algorithm for MST weight
2024-04-25 00:40:55,569:INFO:Using Prim's algorithm for MST weight
2024-04-25 00:40:55,570:INFO:Using Prim's algorithm for MST weight
2024-04-25 00:40:55,570:INFO:Using Prim's algorithm for MST weight
2024-04-25 00:40:55,570:INFO:Using Prim's algorithm for MST weight
2024-04-25 00:40:55,570:INFO:Using Prim's algorithm for MST weight
2024-04-25 00:40:55,570:INFO:Using Prim's algorithm for MST weight
2024-04-25 00:40:55,571:INFO:Using Prim's algorithm for MST weight
2024-04-25 00:40:55,571:INFO:Using Prim's algorithm for MST weight
2024-04-25 00:40:55,571:INFO:Using Prim's algorithm for MST weight
2024-04-25 00:40:55,571:INFO:Using Prim's algorithm for MST weight
2024-04-25 00:40:55,571:INFO:Using Prim's algorithm for MST weight
2024-04-25 00:40:55,572:INFO:Using Prim's algorithm for MST weight
2024-04-25 00:40:55,572:INFO:Using Prim's algorithm for MST weight
2024-04-25 00:40:55,572:INFO:Using Prim's algorithm for MST weight
2024-04-25 00:40:55,572:INFO:Using Prim's algorithm for MST weight
2024-04-25 00:40:55,572:INFO:Using Prim's algorithm for MST weight
2024-04-25 00:40:55,573:INFO:Using Prim's algorithm for MST weight
2024-04-25 00:40:55,573:INFO:Using Prim's algorithm for MST weight
2024-04-25 00:40:55,573:INFO:Using Prim's algorithm for MST weight
2024-04-25 00:40:55,573:INFO:Using Prim's algorithm for MST weight
2024-04-25 00:40:55,573:INFO:Using Prim's algorithm for MST weight
2024-04-25 00:40:55,573:INFO:Using Prim's algorithm for MST weight
2024-04-25 00:40:55,574:INFO:Using Prim's algorithm for MST weight
2024-04-25 00:40:55,574:INFO:Using Prim's algorithm for MST weight
2024-04-25 00:40:55,574:INFO:Using Prim's algorithm for MST weight
2024-04-25 00:40:55,574:INFO:Using Prim's algorithm for MST weight
2024-04-25 00:40:55,575:INFO:Using Prim's algorithm for MST weight
2024-04-25 00:40:55,575:INFO:Using Prim's algorithm for MST weight
2024-04-25 00:40:55,575:INFO:Using Prim's algorithm for MST weight
2024-04-25 00:40:55,575:INFO:Using Prim's algorithm for MST weight
2024-04-25 00:40:55,575:INFO:Using Prim's algorithm for MST weight
2024-04-25 00:40:55,575:INFO:Using Prim's algorithm for MST weight
2024-04-25 00:40:55,576:INFO:Using Prim's algorithm for MST weight
2024-04-25 00:40:55,576:INFO:Using Prim's algorithm for MST weight
2024-04-25 00:40:55,576:INFO:Using Prim's algorithm for MST weight
2024-04-25 00:40:55,576:INFO:Using Prim's algorithm for MST weight
2024-04-25 00:40:55,576:INFO:Using Prim's algorithm for MST weight
2024-04-25 00:40:55,577:INFO:Using Prim's algorithm for MST weight
2024-04-25 00:40:55,577:INFO:Using Prim's algorithm for MST weight
2024-04-25 00:40:55,577:INFO:Using Prim's algorithm for MST weight
2024-04-25 00:40:55,577:INFO:Using Prim's algorithm for MST weight
2024-04-25 00:40:55,577:INFO:Using Prim's algorithm for MST weight
2024-04-25 00:40:55,578:INFO:Using Prim's algorithm for MST weight
2024-04-25 00:40:55,578:INFO:Using Prim's algorithm for MST weight
2024-04-25 00:40:55,578:INFO:Using Prim's algorithm for MST weight
2024-04-25 00:40:55,578:INFO:Using Prim's algorithm for MST weight
2024-04-25 00:40:55,578:INFO:Using Prim's algorithm for MST weight
2024-04-25 00:40:55,578:INFO:Using Prim's algorithm for MST weight
2024-04-25 00:40:55,579:INFO:Using Prim's algorithm for MST weight
2024-04-25 00:40:55,579:INFO:Using Prim's algorithm for MST weight
2024-04-25 00:40:55,579:INFO:Using Prim's algorithm for MST weight
2024-04-25 00:40:55,579:INFO:Using Prim's algorithm for MST weight
2024-04-25 00:40:55,579:INFO:Using Prim's algorithm for MST weight
2024-04-25 00:40:55,580:INFO:Using Prim's algorithm for MST weight
2024-04-25 00:40:55,580:INFO:Using Prim's algorithm for MST weight
2024-04-25 00:40:55,580:INFO:Using Prim's algorithm for MST weight
2024-04-25 00:40:55,580:INFO:Using Prim's algorithm for MST weight
2024-04-25 00:40:55,580:INFO:Using Prim's algorithm for MST weight
2024-04-25 00:40:55,581:INFO:Using Prim's algorithm for MST weight
2024-04-25 00:40:55,581:INFO:Using Prim's algorithm for MST weight
2024-04-25 00:40:55,581:INFO:Using Prim's algorithm for MST weight
2024-04-25 00:40:55,581:INFO:Using Prim's algorithm for MST weight
2024-04-25 00:40:55,581:INFO:Using Prim's algorithm for MST weight
2024-04-25 00:40:55,581:INFO:Using Prim's algorithm for MST weight
2024-04-25 00:40:55,582:INFO:Using Prim's algorithm for MST weight
2024-04-25 00:40:55,582:INFO:Using Prim's algorithm for MST weight
2024-04-25 00:40:55,582:INFO:Using Prim's algorithm for MST weight
2024-04-25 00:40:55,582:INFO:Using Prim's algorithm for MST weight
2024-04-25 00:40:55,582:INFO:Using Prim's algorithm for MST weight
2024-04-25 00:40:55,583:INFO:Using Prim's algorithm for MST weight
2024-04-25 00:40:55,583:INFO:Using Prim's algorithm for MST weight
2024-04-25 00:40:55,583:INFO:Using Prim's algorithm for MST weight
2024-04-25 00:40:55,583:INFO:Using Prim's algorithm for MST weight
2024-04-25 00:40:55,583:INFO:Using Prim's algorithm for MST weight
2024-04-25 00:40:55,584:INFO:Using Prim's algorithm for MST weight
2024-04-25 00:40:55,584:INFO:Using Prim's algorithm for MST weight
2024-04-25 00:40:55,584:INFO:Using Prim's algorithm for MST weight
2024-04-25 00:40:55,584:INFO:Using Prim's algorithm for MST weight
2024-04-25 00:40:55,584:INFO:Using Prim's algorithm for MST weight
2024-04-25 00:40:55,585:INFO:Using Prim's algorithm for MST weight
2024-04-25 00:40:55,585:INFO:Using Prim's algorithm for MST weight
2024-04-25 00:40:55,585:INFO:Using Prim's algorithm for MST weight
2024-04-25 00:40:55,585:INFO:Using Prim's algorithm for MST weight
2024-04-25 00:40:55,585:INFO:Using Prim's algorithm for MST weight
2024-04-25 00:40:55,585:INFO:Using Prim's algorithm for MST weight
2024-04-25 00:40:55,586:INFO:Using Prim's algorithm for MST weight
2024-04-25 00:40:55,586:INFO:Using Prim's algorithm for MST weight
2024-04-25 00:40:55,586:INFO:Using Prim's algorithm for MST weight
2024-04-25 00:40:55,586:INFO:Using Prim's algorithm for MST weight
2024-04-25 00:40:55,586:INFO:Using Prim's algorithm for MST weight
2024-04-25 00:40:55,587:INFO:Using Prim's algorithm for MST weight
2024-04-25 00:40:55,587:INFO:Using Prim's algorithm for MST weight
2024-04-25 00:40:55,587:INFO:Using Prim's algorithm for MST weight
2024-04-25 00:40:55,587:INFO:Using Prim's algorithm for MST weight
2024-04-25 00:40:55,587:INFO:Using Prim's algorithm for MST weight
2024-04-25 00:40:55,588:INFO:Using Prim's algorithm for MST weight
2024-04-25 00:40:55,588:INFO:Using Prim's algorithm for MST weight
2024-04-25 00:40:55,588:INFO:Using Prim's algorithm for MST weight
2024-04-25 00:40:55,588:INFO:Using Prim's algorithm for MST weight
2024-04-25 00:40:55,588:INFO:Using Prim's algorithm for MST weight
2024-04-25 00:40:55,589:INFO:Using Prim's algorithm for MST weight
2024-04-25 00:40:55,589:INFO:Using Prim's algorithm for MST weight
2024-04-25 00:40:55,589:INFO:Using Prim's algorithm for MST weight
2024-04-25 00:40:55,589:INFO:Using Prim's algorithm for MST weight
2024-04-25 00:40:55,589:INFO:Using Prim's algorithm for MST weight
2024-04-25 00:40:55,589:INFO:Using Prim's algorithm for MST weight
2024-04-25 00:40:55,590:INFO:Using Prim's algorithm for MST weight
2024-04-25 00:40:55,590:INFO:Using Prim's algorithm for MST weight
2024-04-25 00:40:55,590:INFO:Using Prim's algorithm for MST weight
2024-04-25 00:40:55,590:INFO:Using Prim's algorithm for MST weight
2024-04-25 00:40:55,590:INFO:Using Prim's algorithm for MST weight
2024-04-25 00:40:55,591:INFO:Using Prim's algorithm for MST weight
2024-04-25 00:40:55,591:INFO:Using Prim's algorithm for MST weight
2024-04-25 00:40:55,591:INFO:Using Prim's algorithm for MST weight
2024-04-25 00:40:55,591:INFO:Using Prim's algorithm for MST weight
2024-04-25 00:40:55,591:INFO:Using Prim's algorithm for MST weight
2024-04-25 00:40:55,592:INFO:Using Prim's algorithm for MST weight
2024-04-25 00:40:55,592:INFO:Using Prim's algorithm for MST weight
2024-04-25 00:40:55,592:INFO:Using Prim's algorithm for MST weight
2024-04-25 00:40:55,592:INFO:Using Prim's algorithm for MST weight
2024-04-25 00:40:55,592:INFO:Using Prim's algorithm for MST weight
2024-04-25 00:40:55,593:INFO:Using Prim's algorithm for MST weight
2024-04-25 00:40:55,593:INFO:Using Prim's algorithm for MST weight
2024-04-25 00:40:55,593:INFO:Using Prim's algorithm for MST weight
2024-04-25 00:40:55,593:INFO:Using Prim's algorithm for MST weight
2024-04-25 00:40:55,593:INFO:Using Prim's algorithm for MST weight
2024-04-25 00:40:55,594:INFO:Using Prim's algorithm for MST weight
2024-04-25 00:40:55,594:INFO:Using Prim's algorithm for MST weight
2024-04-25 00:40:55,594:INFO:Using Prim's algorithm for MST weight
2024-04-25 00:40:55,594:INFO:Using Prim's algorithm for MST weight
2024-04-25 00:40:55,594:INFO:Using Prim's algorithm for MST weight
2024-04-25 00:40:55,595:INFO:Using Prim's algorithm for MST weight
2024-04-25 00:40:55,595:INFO:Using Prim's algorithm for MST weight
2024-04-25 00:40:55,595:INFO:Using Prim's algorithm for MST weight
2024-04-25 00:40:55,595:INFO:Using Prim's algorithm for MST weight
2024-04-25 00:40:55,595:INFO:Using Prim's algorithm for MST weight
2024-04-25 00:40:55,595:INFO:Using Prim's algorithm for MST weight
2024-04-25 00:40:55,596:INFO:Using Prim's algorithm for MST weight
2024-04-25 00:40:55,596:INFO:Using Prim's algorithm for MST weight
2024-04-25 00:40:55,596:INFO:Using Prim's algorithm for MST weight
2024-04-25 00:40:55,596:INFO:Using Prim's algorithm for MST weight
2024-04-25 00:40:55,596:INFO:Using Prim's algorithm for MST weight
2024-04-25 00:40:55,597:INFO:Using Prim's algorithm for MST weight
2024-04-25 00:40:55,597:INFO:Using Prim's algorithm for MST weight
2024-04-25 00:40:55,597:INFO:Using Prim's algorithm for MST weight
2024-04-25 00:40:55,597:INFO:Using Prim's algorithm for MST weight
2024-04-25 00:40:55,597:INFO:Using Prim's algorithm for MST weight
2024-04-25 00:40:55,598:INFO:Using Prim's algorithm for MST weight
2024-04-25 00:40:55,598:INFO:Using Prim's algorithm for MST weight
2024-04-25 00:40:55,598:INFO:Using Prim's algorithm for MST weight
2024-04-25 00:40:55,598:INFO:Using Prim's algorithm for MST weight
2024-04-25 00:40:55,598:INFO:Using Prim's algorithm for MST weight
2024-04-25 00:40:55,599:INFO:Using Prim's algorithm for MST weight
2024-04-25 00:40:55,599:INFO:Using Prim's algorithm for MST weight
2024-04-25 00:40:55,599:INFO:Using Prim's algorithm for MST weight
2024-04-25 00:40:55,599:INFO:Using Prim's algorithm for MST weight
2024-04-25 00:40:55,599:INFO:Using Prim's algorithm for MST weight
2024-04-25 00:40:55,599:INFO:Using Prim's algorithm for MST weight
2024-04-25 00:40:55,600:INFO:Using Prim's algorithm for MST weight
2024-04-25 00:40:55,600:INFO:Using Prim's algorithm for MST weight
2024-04-25 00:40:55,600:INFO:Using Prim's algorithm for MST weight
2024-04-25 00:40:55,600:INFO:Using Prim's algorithm for MST weight
2024-04-25 00:40:55,600:INFO:Using Prim's algorithm for MST weight
2024-04-25 00:40:55,601:INFO:Using Prim's algorithm for MST weight
2024-04-25 00:40:55,601:INFO:Using Prim's algorithm for MST weight
2024-04-25 00:40:55,601:INFO:Using Prim's algorithm for MST weight
2024-04-25 00:40:55,601:INFO:Using Prim's algorithm for MST weight
2024-04-25 00:40:55,601:INFO:Using Prim's algorithm for MST weight
2024-04-25 00:40:55,602:INFO:Using Prim's algorithm for MST weight
2024-04-25 00:40:55,602:INFO:Using Prim's algorithm for MST weight
2024-04-25 00:40:55,602:INFO:Using Prim's algorithm for MST weight
2024-04-25 00:40:55,602:INFO:Using Prim's algorithm for MST weight
2024-04-25 00:40:55,602:INFO:Using Prim's algorithm for MST weight
2024-04-25 00:40:55,603:INFO:Using Prim's algorithm for MST weight
2024-04-25 00:40:55,603:INFO:Using Prim's algorithm for MST weight
2024-04-25 00:40:55,603:INFO:Using Prim's algorithm for MST weight
2024-04-25 00:40:55,603:INFO:Using Prim's algorithm for MST weight
2024-04-25 00:40:55,603:INFO:Using Prim's algorithm for MST weight
2024-04-25 00:40:55,603:INFO:Using Prim's algorithm for MST weight
2024-04-25 00:40:55,604:INFO:Using Prim's algorithm for MST weight
2024-04-25 00:40:55,604:INFO:Using Prim's algorithm for MST weight
2024-04-25 00:40:55,604:INFO:Using Prim's algorithm for MST weight
2024-04-25 00:40:55,604:INFO:Using Prim's algorithm for MST weight
2024-04-25 00:40:55,604:INFO:Using Prim's algorithm for MST weight
2024-04-25 00:40:55,605:INFO:Using Prim's algorithm for MST weight
2024-04-25 00:40:55,605:INFO:Using Prim's algorithm for MST weight
2024-04-25 00:40:55,605:INFO:Using Prim's algorithm for MST weight
2024-04-25 00:40:55,605:INFO:Using Prim's algorithm for MST weight
2024-04-25 00:40:55,605:INFO:Using Prim's algorithm for MST weight
2024-04-25 00:40:55,606:INFO:Using Prim's algorithm for MST weight
2024-04-25 00:40:55,606:INFO:Using Prim's algorithm for MST weight
2024-04-25 00:40:55,606:INFO:Using Prim's algorithm for MST weight
2024-04-25 00:40:55,606:INFO:Using Prim's algorithm for MST weight
2024-04-25 00:40:55,606:INFO:Using Prim's algorithm for MST weight
2024-04-25 00:40:55,607:INFO:Using Prim's algorithm for MST weight
2024-04-25 00:40:55,607:INFO:Using Prim's algorithm for MST weight
2024-04-25 00:40:55,607:INFO:Using Prim's algorithm for MST weight
2024-04-25 00:40:55,607:INFO:Using Prim's algorithm for MST weight
2024-04-25 00:40:55,607:INFO:Using Prim's algorithm for MST weight
2024-04-25 00:40:55,607:INFO:Using Prim's algorithm for MST weight
2024-04-25 00:40:55,608:INFO:Using Prim's algorithm for MST weight
2024-04-25 00:40:55,608:INFO:Using Prim's algorithm for MST weight
2024-04-25 00:40:55,608:INFO:layer4.0.conv1.weight: Pruned 2125 weights.
2024-04-25 00:40:55,609:INFO:Total pruned weights in the model: 3976
2024-04-25 00:40:58,108:INFO:Epochs: 20
2024-04-25 00:40:58,108:INFO:Target layers: ['layer1.0.conv1.weight', 'layer2.0.conv1.weight', 'layer3.0.conv1.weight', 'layer4.0.conv1.weight']
2024-04-25 00:40:58,108:INFO:Original Model: Accuracy: 99.33, Inference Time: 2.143296241760254, FLOPs: 3316369473536.0, Non-zero Params: 11689512
2024-04-25 00:40:58,109:INFO:Pruned Model (prune_model_weights): Accuracy: 73.08, Inference Time: 2.4803690910339355, FLOPs: 3178567712768.0, Non-zero Params: 10959208
