2024-04-24 23:48:23,689:INFO:Logging setup complete - logging to: ResNet18/log\2024-04-24-23-48-23.log
2024-04-24 23:48:23,689:INFO:Starting the program
2024-04-24 23:48:23,689:INFO:Arguments: Namespace(dataset='MNIST', algorithm='kruskal', pruning_method='prune_model_filters_by_importance', target_layers=['layer1.0.conv1.weight', 'layer2.0.conv1.weight', 'layer3.0.conv1.weight', 'layer4.0.conv1.weight'], epochs=20)
2024-04-24 23:48:23,750:INFO:Dataset: MNIST
2024-04-24 23:48:42,991:INFO:Epoch 1, Loss: 0.002706356579437852
2024-04-24 23:48:59,317:INFO:Epoch 2, Loss: 0.004921037703752518
2024-04-24 23:49:16,244:INFO:Epoch 3, Loss: 0.0005019016098231077
2024-04-24 23:49:32,569:INFO:Epoch 4, Loss: 0.01610817201435566
2024-04-24 23:49:49,641:INFO:Epoch 5, Loss: 0.10020603984594345
2024-04-24 23:50:06,035:INFO:Epoch 6, Loss: 4.6661261876579374e-05
2024-04-24 23:50:23,106:INFO:Epoch 7, Loss: 2.3922522814245895e-05
2024-04-24 23:50:39,496:INFO:Epoch 8, Loss: 0.010787497274577618
2024-04-24 23:50:56,556:INFO:Epoch 9, Loss: 0.000165051082149148
2024-04-24 23:51:12,954:INFO:Epoch 10, Loss: 0.14386850595474243
2024-04-24 23:51:30,025:INFO:Epoch 11, Loss: 0.000660303165204823
2024-04-24 23:51:47,098:INFO:Epoch 12, Loss: 0.0015352520858868957
2024-04-24 23:52:02,934:INFO:Epoch 13, Loss: 2.7743755708797835e-05
2024-04-24 23:52:18,855:INFO:Epoch 14, Loss: 0.0001260817371075973
2024-04-24 23:52:34,536:INFO:Epoch 15, Loss: 0.007415028754621744
2024-04-24 23:52:50,437:INFO:Epoch 16, Loss: 4.315939077059738e-05
2024-04-24 23:53:06,149:INFO:Epoch 17, Loss: 0.021521348506212234
2024-04-24 23:53:22,090:INFO:Epoch 18, Loss: 0.00013274667435325682
2024-04-24 23:53:37,775:INFO:Epoch 19, Loss: 1.4907584045431577e-05
2024-04-24 23:53:53,725:INFO:Epoch 20, Loss: 0.0006100810132920742
2024-04-24 23:53:56,000:INFO:Pruning layer: layer1.0.conv1.weight
2024-04-24 23:56:43,552:INFO:Using Kruskal's algorithm for MST filter in layer layer1.0.conv1.weight
2024-04-24 23:56:43,552:INFO:layer1.0.conv1.weight: Pruned 53 filters.
2024-04-24 23:56:43,553:INFO:Pruning layer: layer2.0.conv1.weight
2024-04-25 00:02:17,162:INFO:Using Kruskal's algorithm for MST filter in layer layer2.0.conv1.weight
2024-04-25 00:02:17,162:INFO:layer2.0.conv1.weight: Pruned 25 filters.
2024-04-25 00:02:17,163:INFO:Pruning layer: layer3.0.conv1.weight
2024-04-25 00:13:19,832:INFO:Using Kruskal's algorithm for MST filter in layer layer3.0.conv1.weight
2024-04-25 00:13:19,833:INFO:layer3.0.conv1.weight: Pruned 170 filters.
2024-04-25 00:13:19,835:INFO:Pruning layer: layer4.0.conv1.weight
2024-04-25 00:35:16,916:INFO:Using Kruskal's algorithm for MST filter in layer layer4.0.conv1.weight
2024-04-25 00:35:16,916:INFO:layer4.0.conv1.weight: Pruned 431 filters.
2024-04-25 00:35:16,923:INFO:Total pruned filters in the model: 679
2024-04-25 00:35:19,494:INFO:Epochs: 20
2024-04-25 00:35:19,494:INFO:Target layers: ['layer1.0.conv1.weight', 'layer2.0.conv1.weight', 'layer3.0.conv1.weight', 'layer4.0.conv1.weight']
2024-04-25 00:35:19,494:INFO:Original Model: Accuracy: 99.38, Inference Time: 2.1679060459136963, FLOPs: 3316369473536.0, Non-zero Params: 11689512
2024-04-25 00:35:19,495:INFO:Pruned Model (prune_model_filters_by_importance): Accuracy: 73.19, Inference Time: 2.5521767139434814, FLOPs: 3098395295744.0, Non-zero Params: 10455720
