2024-04-24 22:48:00,139:INFO:Logging setup complete - logging to: ResNet18/log\2024-04-24-22-48-00.log
2024-04-24 22:48:00,139:INFO:Starting the program
2024-04-24 22:48:00,139:INFO:Arguments: Namespace(dataset='CIFAR10', algorithm='prim', pruning_method='prune_model_filters_by_importance', target_layers=['layer1.0.conv1.weight', 'layer2.0.conv1.weight', 'layer3.0.conv1.weight', 'layer4.0.conv1.weight'], epochs=100)
2024-04-24 22:48:01,286:INFO:Dataset: CIFAR10
2024-04-24 22:48:14,900:INFO:Epoch 1, Loss: 2.545090913772583
2024-04-24 22:48:26,627:INFO:Epoch 2, Loss: 0.8260138630867004
2024-04-24 22:48:38,986:INFO:Epoch 3, Loss: 0.8117770552635193
2024-04-24 22:48:51,426:INFO:Epoch 4, Loss: 0.7851459383964539
2024-04-24 22:49:03,063:INFO:Epoch 5, Loss: 0.22407184541225433
2024-04-24 22:49:14,482:INFO:Epoch 6, Loss: 0.3762493431568146
2024-04-24 22:49:25,919:INFO:Epoch 7, Loss: 0.595930278301239
2024-04-24 22:49:37,311:INFO:Epoch 8, Loss: 0.5615493059158325
2024-04-24 22:49:48,747:INFO:Epoch 9, Loss: 0.48307186365127563
2024-04-24 22:50:00,129:INFO:Epoch 10, Loss: 0.94425368309021
2024-04-24 22:50:11,661:INFO:Epoch 11, Loss: 0.7692153453826904
2024-04-24 22:50:23,038:INFO:Epoch 12, Loss: 0.09477052837610245
2024-04-24 22:50:34,428:INFO:Epoch 13, Loss: 0.42874276638031006
2024-04-24 22:50:45,786:INFO:Epoch 14, Loss: 0.35576131939888
2024-04-24 22:50:57,171:INFO:Epoch 15, Loss: 0.4270037114620209
2024-04-24 22:51:08,547:INFO:Epoch 16, Loss: 0.4622057378292084
2024-04-24 22:51:19,931:INFO:Epoch 17, Loss: 0.1498497575521469
2024-04-24 22:51:31,294:INFO:Epoch 18, Loss: 0.22890782356262207
2024-04-24 22:51:42,669:INFO:Epoch 19, Loss: 0.21971042454242706
2024-04-24 22:51:54,045:INFO:Epoch 20, Loss: 0.015538191422820091
2024-04-24 22:52:05,427:INFO:Epoch 21, Loss: 0.005386034492403269
2024-04-24 22:52:16,762:INFO:Epoch 22, Loss: 0.10573794692754745
2024-04-24 22:52:28,118:INFO:Epoch 23, Loss: 0.037315141409635544
2024-04-24 22:52:39,449:INFO:Epoch 24, Loss: 0.03122067265212536
2024-04-24 22:52:50,791:INFO:Epoch 25, Loss: 0.01622193492949009
2024-04-24 22:53:02,170:INFO:Epoch 26, Loss: 0.054999951273202896
2024-04-24 22:53:13,542:INFO:Epoch 27, Loss: 0.35138973593711853
2024-04-24 22:53:24,930:INFO:Epoch 28, Loss: 0.02688557095825672
2024-04-24 22:53:36,288:INFO:Epoch 29, Loss: 0.008380534127354622
2024-04-24 22:53:47,658:INFO:Epoch 30, Loss: 0.3879302144050598
2024-04-24 22:53:59,011:INFO:Epoch 31, Loss: 0.07645673304796219
2024-04-24 22:54:10,411:INFO:Epoch 32, Loss: 0.13924704492092133
2024-04-24 22:54:21,757:INFO:Epoch 33, Loss: 0.03669288009405136
2024-04-24 22:54:33,114:INFO:Epoch 34, Loss: 0.22041714191436768
2024-04-24 22:54:44,449:INFO:Epoch 35, Loss: 0.00025303600705228746
2024-04-24 22:54:55,921:INFO:Epoch 36, Loss: 0.17253142595291138
2024-04-24 22:55:07,328:INFO:Epoch 37, Loss: 0.0048573072999715805
2024-04-24 22:55:18,678:INFO:Epoch 38, Loss: 0.0015452849911525846
2024-04-24 22:55:30,114:INFO:Epoch 39, Loss: 0.0032628157641738653
2024-04-24 22:55:41,477:INFO:Epoch 40, Loss: 0.0005650236271321774
2024-04-24 22:55:52,829:INFO:Epoch 41, Loss: 0.002142496407032013
2024-04-24 22:56:04,170:INFO:Epoch 42, Loss: 0.0004186181758996099
2024-04-24 22:56:15,525:INFO:Epoch 43, Loss: 0.03713336959481239
2024-04-24 22:56:26,883:INFO:Epoch 44, Loss: 0.06947997212409973
2024-04-24 22:56:38,696:INFO:Epoch 45, Loss: 0.0977482944726944
2024-04-24 22:56:50,562:INFO:Epoch 46, Loss: 0.051399536430835724
2024-04-24 22:57:02,403:INFO:Epoch 47, Loss: 0.03526444360613823
2024-04-24 22:57:14,234:INFO:Epoch 48, Loss: 0.0001274210080737248
2024-04-24 22:57:26,062:INFO:Epoch 49, Loss: 0.08179831504821777
2024-04-24 22:57:37,891:INFO:Epoch 50, Loss: 0.00024419440887868404
2024-04-24 22:57:50,148:INFO:Epoch 51, Loss: 0.13060297071933746
2024-04-24 22:58:02,032:INFO:Epoch 52, Loss: 4.4756925490219146e-05
2024-04-24 22:58:13,884:INFO:Epoch 53, Loss: 0.00016559365030843765
2024-04-24 22:58:25,720:INFO:Epoch 54, Loss: 0.00014292719424702227
2024-04-24 22:58:37,569:INFO:Epoch 55, Loss: 0.0001346573990304023
2024-04-24 22:58:49,816:INFO:Epoch 56, Loss: 0.009558209218084812
2024-04-24 22:59:01,675:INFO:Epoch 57, Loss: 0.07756450027227402
2024-04-24 22:59:13,511:INFO:Epoch 58, Loss: 0.001507027423940599
2024-04-24 22:59:25,352:INFO:Epoch 59, Loss: 0.000166309138876386
2024-04-24 22:59:37,190:INFO:Epoch 60, Loss: 0.0013957233168184757
2024-04-24 22:59:49,034:INFO:Epoch 61, Loss: 0.011139309965074062
2024-04-24 23:00:00,820:INFO:Epoch 62, Loss: 0.057688578963279724
2024-04-24 23:00:12,196:INFO:Epoch 63, Loss: 0.07412666082382202
2024-04-24 23:00:23,550:INFO:Epoch 64, Loss: 0.0004386211803648621
2024-04-24 23:00:34,908:INFO:Epoch 65, Loss: 0.12523719668388367
2024-04-24 23:00:46,258:INFO:Epoch 66, Loss: 0.0006652571028098464
2024-04-24 23:00:57,619:INFO:Epoch 67, Loss: 0.01092593278735876
2024-04-24 23:01:08,968:INFO:Epoch 68, Loss: 0.0005555493989959359
2024-04-24 23:01:20,314:INFO:Epoch 69, Loss: 0.030452605336904526
2024-04-24 23:01:31,688:INFO:Epoch 70, Loss: 0.0002517386164981872
2024-04-24 23:01:43,031:INFO:Epoch 71, Loss: 0.1354672610759735
2024-04-24 23:01:54,425:INFO:Epoch 72, Loss: 0.00024549703812226653
2024-04-24 23:02:05,769:INFO:Epoch 73, Loss: 0.0013694840017706156
2024-04-24 23:02:17,099:INFO:Epoch 74, Loss: 0.00018982934125233442
2024-04-24 23:02:28,429:INFO:Epoch 75, Loss: 0.0060857925564050674
2024-04-24 23:02:39,754:INFO:Epoch 76, Loss: 0.0006621312932111323
2024-04-24 23:02:51,132:INFO:Epoch 77, Loss: 0.016262905672192574
2024-04-24 23:03:02,497:INFO:Epoch 78, Loss: 0.0003283867263235152
2024-04-24 23:03:13,855:INFO:Epoch 79, Loss: 0.016167674213647842
2024-04-24 23:03:25,189:INFO:Epoch 80, Loss: 6.699464574921876e-05
2024-04-24 23:03:36,539:INFO:Epoch 81, Loss: 0.008288233540952206
2024-04-24 23:03:47,897:INFO:Epoch 82, Loss: 0.0001639343099668622
2024-04-24 23:03:59,219:INFO:Epoch 83, Loss: 0.0047235009260475636
2024-04-24 23:04:10,535:INFO:Epoch 84, Loss: 0.00017991886124946177
2024-04-24 23:04:22,839:INFO:Epoch 85, Loss: 0.033167775720357895
2024-04-24 23:04:36,323:INFO:Epoch 86, Loss: 0.007289689499884844
2024-04-24 23:04:48,888:INFO:Epoch 87, Loss: 2.2274649381870404e-05
2024-04-24 23:05:00,882:INFO:Epoch 88, Loss: 0.3848436772823334
2024-04-24 23:05:12,731:INFO:Epoch 89, Loss: 0.0013609434245154262
2024-04-24 23:05:24,531:INFO:Epoch 90, Loss: 0.5970544219017029
2024-04-24 23:05:36,148:INFO:Epoch 91, Loss: 0.0027734104078263044
2024-04-24 23:05:48,120:INFO:Epoch 92, Loss: 0.16582202911376953
2024-04-24 23:05:59,686:INFO:Epoch 93, Loss: 0.010819106362760067
2024-04-24 23:06:11,583:INFO:Epoch 94, Loss: 0.00012573457206599414
2024-04-24 23:06:24,138:INFO:Epoch 95, Loss: 0.2129514068365097
2024-04-24 23:06:36,751:INFO:Epoch 96, Loss: 0.00021346115681808442
2024-04-24 23:06:48,676:INFO:Epoch 97, Loss: 3.567760722944513e-05
2024-04-24 23:07:00,871:INFO:Epoch 98, Loss: 0.007241802755743265
2024-04-24 23:07:12,922:INFO:Epoch 99, Loss: 0.0011820773361250758
2024-04-24 23:07:24,817:INFO:Epoch 100, Loss: 0.24900536239147186
2024-04-24 23:07:26,659:INFO:Pruning layer: layer1.0.conv1.weight
2024-04-24 23:09:49,627:INFO:Using Prim's algorithm for MST filter in layer layer1.0.conv1.weight
2024-04-24 23:09:49,627:INFO:layer1.0.conv1.weight: Pruned 27 filters.
2024-04-24 23:09:49,627:INFO:Pruning layer: layer2.0.conv1.weight
2024-04-24 23:14:33,637:INFO:Using Prim's algorithm for MST filter in layer layer2.0.conv1.weight
2024-04-24 23:14:33,638:INFO:layer2.0.conv1.weight: Pruned 74 filters.
2024-04-24 23:14:33,639:INFO:Pruning layer: layer3.0.conv1.weight
2024-04-24 23:24:05,428:INFO:Using Prim's algorithm for MST filter in layer layer3.0.conv1.weight
2024-04-24 23:24:05,429:INFO:layer3.0.conv1.weight: Pruned 186 filters.
2024-04-24 23:24:05,432:INFO:Pruning layer: layer4.0.conv1.weight
2024-04-24 23:42:51,909:INFO:Using Prim's algorithm for MST filter in layer layer4.0.conv1.weight
2024-04-24 23:42:51,910:INFO:layer4.0.conv1.weight: Pruned 444 filters.
2024-04-24 23:42:51,916:INFO:Total pruned filters in the model: 731
2024-04-24 23:42:54,148:INFO:Epochs: 100
2024-04-24 23:42:54,148:INFO:Target layers: ['layer1.0.conv1.weight', 'layer2.0.conv1.weight', 'layer3.0.conv1.weight', 'layer4.0.conv1.weight']
2024-04-24 23:42:54,149:INFO:Original Model: Accuracy: 76.24, Inference Time: 1.7364845275878906, FLOPs: 3316369473536.0, Non-zero Params: 11689512
2024-04-24 23:42:54,149:INFO:Pruned Model (prune_model_filters_by_importance): Accuracy: 36.24, Inference Time: 2.203615427017212, FLOPs: 3105158217728.0, Non-zero Params: 10394088
