2024-04-24 21:33:00,035:INFO:Logging setup complete - logging to: ResNet18/log\2024-04-24-21-33-00.log
2024-04-24 21:33:00,035:INFO:Starting the program
2024-04-24 21:33:00,035:INFO:Arguments: Namespace(dataset='CIFAR10', algorithm='kruskal', pruning_method='prune_model_filters_by_importance', target_layers=['layer1.0.conv1.weight', 'layer2.0.conv1.weight', 'layer3.0.conv1.weight', 'layer4.0.conv1.weight'], epochs=100)
2024-04-24 21:33:01,225:INFO:Dataset: CIFAR10
2024-04-24 21:33:14,885:INFO:Epoch 1, Loss: 2.0566060543060303
2024-04-24 21:33:26,484:INFO:Epoch 2, Loss: 0.9273212552070618
2024-04-24 21:33:38,068:INFO:Epoch 3, Loss: 0.8051843643188477
2024-04-24 21:33:49,679:INFO:Epoch 4, Loss: 0.6966868042945862
2024-04-24 21:34:01,386:INFO:Epoch 5, Loss: 0.2969192862510681
2024-04-24 21:34:13,035:INFO:Epoch 6, Loss: 0.31033018231391907
2024-04-24 21:34:24,522:INFO:Epoch 7, Loss: 0.8360207676887512
2024-04-24 21:34:36,138:INFO:Epoch 8, Loss: 0.4189683794975281
2024-04-24 21:34:47,686:INFO:Epoch 9, Loss: 0.7347883582115173
2024-04-24 21:34:59,270:INFO:Epoch 10, Loss: 0.5525257587432861
2024-04-24 21:35:10,829:INFO:Epoch 11, Loss: 1.033422589302063
2024-04-24 21:35:22,430:INFO:Epoch 12, Loss: 0.419720858335495
2024-04-24 21:35:33,985:INFO:Epoch 13, Loss: 0.018726211041212082
2024-04-24 21:35:45,583:INFO:Epoch 14, Loss: 0.2660738527774811
2024-04-24 21:35:57,127:INFO:Epoch 15, Loss: 0.09100084006786346
2024-04-24 21:36:08,742:INFO:Epoch 16, Loss: 0.4541703164577484
2024-04-24 21:36:20,311:INFO:Epoch 17, Loss: 0.0288885235786438
2024-04-24 21:36:31,896:INFO:Epoch 18, Loss: 0.4877271354198456
2024-04-24 21:36:43,494:INFO:Epoch 19, Loss: 0.49320581555366516
2024-04-24 21:36:55,069:INFO:Epoch 20, Loss: 0.0013863557251170278
2024-04-24 21:37:06,651:INFO:Epoch 21, Loss: 0.004326685797423124
2024-04-24 21:37:18,260:INFO:Epoch 22, Loss: 0.017732594162225723
2024-04-24 21:37:29,967:INFO:Epoch 23, Loss: 0.0659727156162262
2024-04-24 21:37:41,597:INFO:Epoch 24, Loss: 0.014329755678772926
2024-04-24 21:37:53,150:INFO:Epoch 25, Loss: 0.0139302434399724
2024-04-24 21:38:04,752:INFO:Epoch 26, Loss: 0.08063756674528122
2024-04-24 21:38:16,304:INFO:Epoch 27, Loss: 0.015522193163633347
2024-04-24 21:38:27,898:INFO:Epoch 28, Loss: 0.015195976011455059
2024-04-24 21:38:39,459:INFO:Epoch 29, Loss: 0.34378087520599365
2024-04-24 21:38:51,053:INFO:Epoch 30, Loss: 0.026452872902154922
2024-04-24 21:39:02,621:INFO:Epoch 31, Loss: 0.36643826961517334
2024-04-24 21:39:14,224:INFO:Epoch 32, Loss: 0.07148301601409912
2024-04-24 21:39:25,781:INFO:Epoch 33, Loss: 0.008466353639960289
2024-04-24 21:39:37,354:INFO:Epoch 34, Loss: 0.0753866508603096
2024-04-24 21:39:48,913:INFO:Epoch 35, Loss: 2.3967544620973058e-05
2024-04-24 21:40:00,499:INFO:Epoch 36, Loss: 0.06763100624084473
2024-04-24 21:40:12,149:INFO:Epoch 37, Loss: 0.013422209769487381
2024-04-24 21:40:23,756:INFO:Epoch 38, Loss: 0.2003898024559021
2024-04-24 21:40:35,328:INFO:Epoch 39, Loss: 0.009553343988955021
2024-04-24 21:40:46,928:INFO:Epoch 40, Loss: 0.002996017225086689
2024-04-24 21:40:58,601:INFO:Epoch 41, Loss: 4.193445056444034e-05
2024-04-24 21:41:10,234:INFO:Epoch 42, Loss: 0.0006540676113218069
2024-04-24 21:41:21,748:INFO:Epoch 43, Loss: 0.3489950895309448
2024-04-24 21:41:33,351:INFO:Epoch 44, Loss: 0.0029057632200419903
2024-04-24 21:41:44,947:INFO:Epoch 45, Loss: 0.0014256325084716082
2024-04-24 21:41:56,529:INFO:Epoch 46, Loss: 0.08610250055789948
2024-04-24 21:42:08,107:INFO:Epoch 47, Loss: 0.20219753682613373
2024-04-24 21:42:19,736:INFO:Epoch 48, Loss: 0.00017094321083277464
2024-04-24 21:42:31,327:INFO:Epoch 49, Loss: 0.00596777955070138
2024-04-24 21:42:42,948:INFO:Epoch 50, Loss: 0.0005588612984865904
2024-04-24 21:42:54,646:INFO:Epoch 51, Loss: 0.006158521864563227
2024-04-24 21:43:06,289:INFO:Epoch 52, Loss: 0.00039973793900571764
2024-04-24 21:43:17,879:INFO:Epoch 53, Loss: 0.001492445357143879
2024-04-24 21:43:29,513:INFO:Epoch 54, Loss: 0.00016124127432703972
2024-04-24 21:43:41,119:INFO:Epoch 55, Loss: 1.2680508916673716e-05
2024-04-24 21:43:52,810:INFO:Epoch 56, Loss: 7.577037649753038e-06
2024-04-24 21:44:04,419:INFO:Epoch 57, Loss: 0.02703469805419445
2024-04-24 21:44:16,050:INFO:Epoch 58, Loss: 0.00010057549661723897
2024-04-24 21:44:27,792:INFO:Epoch 59, Loss: 0.0068392823450267315
2024-04-24 21:44:39,451:INFO:Epoch 60, Loss: 0.05121717229485512
2024-04-24 21:44:50,997:INFO:Epoch 61, Loss: 0.0001185055953101255
2024-04-24 21:45:02,663:INFO:Epoch 62, Loss: 0.05186863988637924
2024-04-24 21:45:14,259:INFO:Epoch 63, Loss: 0.01377242524176836
2024-04-24 21:45:25,890:INFO:Epoch 64, Loss: 0.025631580501794815
2024-04-24 21:45:37,464:INFO:Epoch 65, Loss: 0.08617505431175232
2024-04-24 21:45:49,116:INFO:Epoch 66, Loss: 0.017780479043722153
2024-04-24 21:46:00,734:INFO:Epoch 67, Loss: 0.003596541006118059
2024-04-24 21:46:12,374:INFO:Epoch 68, Loss: 0.00019809043442364782
2024-04-24 21:46:23,991:INFO:Epoch 69, Loss: 0.00043363997247070074
2024-04-24 21:46:35,672:INFO:Epoch 70, Loss: 0.0012695312034338713
2024-04-24 21:46:47,301:INFO:Epoch 71, Loss: 0.01577123999595642
2024-04-24 21:46:58,927:INFO:Epoch 72, Loss: 0.010370817966759205
2024-04-24 21:47:10,546:INFO:Epoch 73, Loss: 0.00044294007238931954
2024-04-24 21:47:22,173:INFO:Epoch 74, Loss: 0.028953762724995613
2024-04-24 21:47:33,769:INFO:Epoch 75, Loss: 3.265969280619174e-05
2024-04-24 21:47:45,446:INFO:Epoch 76, Loss: 0.0013004069915041327
2024-04-24 21:47:57,282:INFO:Epoch 77, Loss: 0.00044082419481128454
2024-04-24 21:48:08,943:INFO:Epoch 78, Loss: 0.008479165844619274
2024-04-24 21:48:20,487:INFO:Epoch 79, Loss: 0.22003173828125
2024-04-24 21:48:32,867:INFO:Epoch 80, Loss: 0.0002977368712890893
2024-04-24 21:48:45,152:INFO:Epoch 81, Loss: 0.021870382130146027
2024-04-24 21:48:57,654:INFO:Epoch 82, Loss: 2.650602073117625e-05
2024-04-24 21:49:09,962:INFO:Epoch 83, Loss: 0.001288394327275455
2024-04-24 21:49:22,434:INFO:Epoch 84, Loss: 0.0013236752711236477
2024-04-24 21:49:34,733:INFO:Epoch 85, Loss: 0.18893998861312866
2024-04-24 21:49:47,212:INFO:Epoch 86, Loss: 0.0011966018937528133
2024-04-24 21:49:59,523:INFO:Epoch 87, Loss: 5.4692882258677855e-05
2024-04-24 21:50:12,000:INFO:Epoch 88, Loss: 0.18587514758110046
2024-04-24 21:50:24,283:INFO:Epoch 89, Loss: 0.0010598431108519435
2024-04-24 21:50:36,817:INFO:Epoch 90, Loss: 0.4497716724872589
2024-04-24 21:50:49,134:INFO:Epoch 91, Loss: 0.0005747680552303791
2024-04-24 21:51:01,656:INFO:Epoch 92, Loss: 0.2589569687843323
2024-04-24 21:51:13,942:INFO:Epoch 93, Loss: 0.003184569999575615
2024-04-24 21:51:26,502:INFO:Epoch 94, Loss: 0.013056504540145397
2024-04-24 21:51:38,849:INFO:Epoch 95, Loss: 0.012475932948291302
2024-04-24 21:51:51,191:INFO:Epoch 96, Loss: 7.653280044905841e-05
2024-04-24 21:52:02,762:INFO:Epoch 97, Loss: 0.0020793157164007425
2024-04-24 21:52:14,381:INFO:Epoch 98, Loss: 0.0007467481191270053
2024-04-24 21:52:25,977:INFO:Epoch 99, Loss: 0.017497817054390907
2024-04-24 21:52:37,626:INFO:Epoch 100, Loss: 0.0037739011459052563
2024-04-24 21:52:39,542:INFO:Pruning layer: layer1.0.conv1.weight
2024-04-24 21:55:03,907:INFO:Using Kruskal's algorithm for MST filter in layer layer1.0.conv1.weight
2024-04-24 21:55:03,907:INFO:layer1.0.conv1.weight: Pruned 22 filters.
2024-04-24 21:55:03,907:INFO:Pruning layer: layer2.0.conv1.weight
2024-04-24 21:59:48,983:INFO:Using Kruskal's algorithm for MST filter in layer layer2.0.conv1.weight
2024-04-24 21:59:48,983:INFO:layer2.0.conv1.weight: Pruned 72 filters.
2024-04-24 21:59:48,985:INFO:Pruning layer: layer3.0.conv1.weight
2024-04-24 22:09:12,472:INFO:Using Kruskal's algorithm for MST filter in layer layer3.0.conv1.weight
2024-04-24 22:09:12,473:INFO:layer3.0.conv1.weight: Pruned 187 filters.
2024-04-24 22:09:12,476:INFO:Pruning layer: layer4.0.conv1.weight
2024-04-24 22:27:55,230:INFO:Using Kruskal's algorithm for MST filter in layer layer4.0.conv1.weight
2024-04-24 22:27:55,230:INFO:layer4.0.conv1.weight: Pruned 454 filters.
2024-04-24 22:27:55,236:INFO:Total pruned filters in the model: 735
2024-04-24 22:27:57,684:INFO:Epochs: 100
2024-04-24 22:27:57,685:INFO:Target layers: ['layer1.0.conv1.weight', 'layer2.0.conv1.weight', 'layer3.0.conv1.weight', 'layer4.0.conv1.weight']
2024-04-24 22:27:57,685:INFO:Original Model: Accuracy: 76.68, Inference Time: 1.8052027225494385, FLOPs: 3316369473536.0, Non-zero Params: 11689512
2024-04-24 22:27:57,685:INFO:Pruned Model (prune_model_filters_by_importance): Accuracy: 37.54, Inference Time: 2.4305014610290527, FLOPs: 3108019453952.0, Non-zero Params: 10373928
