2024-05-18 14:31:12,914:INFO:Logging setup complete - logging to: ResNet18/log/final/2024-05-18-14-31-12.log
2024-05-18 14:31:12,915:INFO:Starting the program
2024-05-18 14:31:12,915:INFO:Arguments: Namespace(algorithm='kruskal', dataset='CIFAR10', epochs=100, pruning_method='prune_model_filters_by_importance', target_layers=['conv1.weight', 'layer1.0.conv1.weight', 'layer1.0.conv2.weight', 'layer1.1.conv1.weight', 'layer1.1.conv2.weight', 'layer2.0.conv1.weight', 'layer2.0.conv2.weight', 'layer2.1.conv1.weight', 'layer2.1.conv2.weight', 'layer3.0.conv1.weight', 'layer3.0.conv2.weight', 'layer3.1.conv1.weight', 'layer3.1.conv2.weight', 'layer4.0.conv1.weight', 'layer4.0.conv2.weight', 'layer4.1.conv1.weight', 'layer4.1.conv2.weight'])
2024-05-18 14:31:14,527:INFO:Dataset: CIFAR10
2024-05-18 14:31:18,756:INFO:Pruning layer: conv1.weight
2024-05-18 14:34:13,808:INFO:conv1.weight: Pruned 0 filters at 0%.
2024-05-18 14:34:13,808:INFO:Pruning layer: layer1.0.conv1.weight
2024-05-18 14:37:59,497:INFO:layer1.0.conv1.weight: Pruned 0 filters at 0%.
2024-05-18 14:37:59,497:INFO:Pruning layer: layer1.0.conv2.weight
2024-05-18 14:42:11,084:INFO:layer1.0.conv2.weight: Pruned 0 filters at 0%.
2024-05-18 14:42:11,085:INFO:Pruning layer: layer1.1.conv1.weight
2024-05-18 14:46:25,135:INFO:layer1.1.conv1.weight: Pruned 0 filters at 0%.
2024-05-18 14:46:25,135:INFO:Pruning layer: layer1.1.conv2.weight
2024-05-18 14:50:34,905:INFO:layer1.1.conv2.weight: Pruned 0 filters at 0%.
2024-05-18 14:50:34,906:INFO:Pruning layer: layer2.0.conv1.weight
2024-05-18 14:58:50,604:INFO:layer2.0.conv1.weight: Pruned 0 filters at 0%.
2024-05-18 14:58:50,605:INFO:Pruning layer: layer2.0.conv2.weight
2024-05-18 15:05:49,101:INFO:layer2.0.conv2.weight: Pruned 0 filters at 0%.
2024-05-18 15:05:49,101:INFO:Pruning layer: layer2.1.conv1.weight
2024-05-18 15:14:06,713:INFO:layer2.1.conv1.weight: Pruned 0 filters at 0%.
2024-05-18 15:14:06,714:INFO:Pruning layer: layer2.1.conv2.weight
2024-05-18 15:22:23,666:INFO:layer2.1.conv2.weight: Pruned 0 filters at 0%.
2024-05-18 15:22:23,667:INFO:Pruning layer: layer3.0.conv1.weight
2024-05-18 15:37:22,717:INFO:layer3.0.conv1.weight: Pruned 12 filters at 5%.
2024-05-18 15:37:22,717:INFO:Pruning layer: layer3.0.conv2.weight
2024-05-18 15:54:04,235:INFO:layer3.0.conv2.weight: Pruned 12 filters at 5%.
2024-05-18 15:54:04,236:INFO:Pruning layer: layer3.1.conv1.weight
2024-05-18 16:10:45,442:INFO:layer3.1.conv1.weight: Pruned 102 filters at 40%.
2024-05-18 16:10:45,443:INFO:Pruning layer: layer3.1.conv2.weight
2024-05-18 16:25:56,159:INFO:layer3.1.conv2.weight: Pruned 89 filters at 35%.
2024-05-18 16:25:56,161:INFO:Pruning layer: layer4.0.conv1.weight
2024-05-18 16:56:24,916:INFO:layer4.0.conv1.weight: Pruned 179 filters at 35%.
2024-05-18 16:56:24,917:INFO:Pruning layer: layer4.0.conv2.weight
2024-05-18 17:18:29,889:INFO:layer4.0.conv2.weight: Pruned 204 filters at 40%.
2024-05-18 17:18:29,890:INFO:Pruning layer: layer4.1.conv1.weight
2024-05-18 17:40:22,290:INFO:layer4.1.conv1.weight: Pruned 130 filters at 70%.
2024-05-18 17:40:22,291:INFO:Pruning layer: layer4.1.conv2.weight
2024-05-18 18:02:30,721:INFO:layer4.1.conv2.weight: Pruned 318 filters at 70%.
2024-05-18 18:02:30,722:INFO:Total pruned filters in the model: 1046
2024-05-18 18:02:33,379:INFO:Epochs: 100
2024-05-18 18:02:33,379:INFO:Target layers: ['conv1.weight', 'layer1.0.conv1.weight', 'layer1.0.conv2.weight', 'layer1.1.conv1.weight', 'layer1.1.conv2.weight', 'layer2.0.conv1.weight', 'layer2.0.conv2.weight', 'layer2.1.conv1.weight', 'layer2.1.conv2.weight', 'layer3.0.conv1.weight', 'layer3.0.conv2.weight', 'layer3.1.conv1.weight', 'layer3.1.conv2.weight', 'layer4.0.conv1.weight', 'layer4.0.conv2.weight', 'layer4.1.conv1.weight', 'layer4.1.conv2.weight']
2024-05-18 18:02:33,379:INFO:Original Model: Accuracy: 76.08, Inference Time: 3.3699791431427, FLOPs: 3316369473536.0, Non-zero Params: 11689512
2024-05-18 18:02:33,379:INFO:Pruned Model (prune_model_filters_by_importance): Accuracy: 72.52, Inference Time: 2.604151964187622, FLOPs: 2377103654912.0, Non-zero Params: 7791144
2024-05-18 18:25:41,784:INFO:Fine-tuned Pruned Model (prune_model_filters_by_importance): Accuracy: 76.46, Inference Time: 2.5886800289154053, FLOPs: 2377103654912.0, Non-zero Params: 7791144
