2024-05-18 16:15:44,155:INFO:Logging setup complete - logging to: ResNet18/log/final/2024-05-18-16-15-44.log
2024-05-18 16:15:44,155:INFO:Starting the program
2024-05-18 16:15:44,155:INFO:Arguments: Namespace(algorithm='prim', dataset='MNIST', epochs=100, pruning_method='prune_model_weights', target_layers=['conv1.weight', 'layer1.0.conv1.weight', 'layer1.0.conv2.weight', 'layer1.1.conv1.weight', 'layer1.1.conv2.weight', 'layer2.0.conv1.weight', 'layer2.0.conv2.weight', 'layer2.1.conv1.weight', 'layer2.1.conv2.weight', 'layer3.0.conv1.weight', 'layer3.0.conv2.weight', 'layer3.1.conv1.weight', 'layer3.1.conv2.weight', 'layer4.0.conv1.weight', 'layer4.0.conv2.weight', 'layer4.1.conv1.weight', 'layer4.1.conv2.weight'])
2024-05-18 16:15:44,182:INFO:Dataset: MNIST
2024-05-18 16:15:48,345:INFO:Pruning layer: conv1.weight
2024-05-18 16:15:48,345:INFO:Pruning layer: conv1.weight at 0%
2024-05-18 16:15:48,444:INFO:conv1.weight: Pruned 0 / 9408 weights (0%)
2024-05-18 16:15:48,444:INFO:Pruning layer: layer1.0.conv1.weight
2024-05-18 16:15:48,444:INFO:Pruning layer: layer1.0.conv1.weight at 0%
2024-05-18 16:15:48,801:INFO:layer1.0.conv1.weight: Pruned 0 / 36864 weights (0%)
2024-05-18 16:15:48,801:INFO:Pruning layer: layer1.0.conv2.weight
2024-05-18 16:15:48,801:INFO:Pruning layer: layer1.0.conv2.weight at 0%
2024-05-18 16:15:49,165:INFO:layer1.0.conv2.weight: Pruned 0 / 36864 weights (0%)
2024-05-18 16:15:49,166:INFO:Pruning layer: layer1.1.conv1.weight
2024-05-18 16:15:49,166:INFO:Pruning layer: layer1.1.conv1.weight at 0%
2024-05-18 16:15:49,531:INFO:layer1.1.conv1.weight: Pruned 0 / 36864 weights (0%)
2024-05-18 16:15:49,531:INFO:Pruning layer: layer1.1.conv2.weight
2024-05-18 16:15:49,532:INFO:Pruning layer: layer1.1.conv2.weight at 0%
2024-05-18 16:15:49,894:INFO:layer1.1.conv2.weight: Pruned 0 / 36864 weights (0%)
2024-05-18 16:15:49,894:INFO:Pruning layer: layer2.0.conv1.weight
2024-05-18 16:15:49,894:INFO:Pruning layer: layer2.0.conv1.weight at 0%
2024-05-18 16:15:50,623:INFO:layer2.0.conv1.weight: Pruned 0 / 73728 weights (0%)
2024-05-18 16:15:50,624:INFO:Pruning layer: layer2.0.conv2.weight
2024-05-18 16:15:50,624:INFO:Pruning layer: layer2.0.conv2.weight at 0%
2024-05-18 16:15:52,146:INFO:layer2.0.conv2.weight: Pruned 0 / 147456 weights (0%)
2024-05-18 16:15:52,147:INFO:Pruning layer: layer2.1.conv1.weight
2024-05-18 16:15:52,147:INFO:Pruning layer: layer2.1.conv1.weight at 0%
2024-05-18 16:15:53,677:INFO:layer2.1.conv1.weight: Pruned 0 / 147456 weights (0%)
2024-05-18 16:15:53,678:INFO:Pruning layer: layer2.1.conv2.weight
2024-05-18 16:15:53,678:INFO:Pruning layer: layer2.1.conv2.weight at 0%
2024-05-18 16:15:55,206:INFO:layer2.1.conv2.weight: Pruned 0 / 147456 weights (0%)
2024-05-18 16:15:55,207:INFO:Pruning layer: layer3.0.conv1.weight
2024-05-18 16:15:55,207:INFO:Pruning layer: layer3.0.conv1.weight at 5%
2024-05-18 16:15:58,351:INFO:layer3.0.conv1.weight: Pruned 14592 / 294912 weights (5%)
2024-05-18 16:15:58,353:INFO:Pruning layer: layer3.0.conv2.weight
2024-05-18 16:15:58,353:INFO:Pruning layer: layer3.0.conv2.weight at 5%
2024-05-18 16:16:04,750:INFO:layer3.0.conv2.weight: Pruned 29440 / 589824 weights (5%)
2024-05-18 16:16:04,751:INFO:Pruning layer: layer3.1.conv1.weight
2024-05-18 16:16:04,751:INFO:Pruning layer: layer3.1.conv1.weight at 30%
2024-05-18 16:16:11,185:INFO:layer3.1.conv1.weight: Pruned 176896 / 589824 weights (30%)
2024-05-18 16:16:11,186:INFO:Pruning layer: layer3.1.conv2.weight
2024-05-18 16:16:11,186:INFO:Pruning layer: layer3.1.conv2.weight at 40%
2024-05-18 16:16:17,670:INFO:layer3.1.conv2.weight: Pruned 235776 / 589824 weights (40%)
2024-05-18 16:16:17,672:INFO:Pruning layer: layer4.0.conv1.weight
2024-05-18 16:16:17,672:INFO:Pruning layer: layer4.0.conv1.weight at 40%
2024-05-18 16:16:30,660:INFO:layer4.0.conv1.weight: Pruned 471552 / 1179648 weights (40%)
2024-05-18 16:16:30,662:INFO:Pruning layer: layer4.0.conv2.weight
2024-05-18 16:16:30,662:INFO:Pruning layer: layer4.0.conv2.weight at 40%
2024-05-18 16:16:58,064:INFO:layer4.0.conv2.weight: Pruned 943616 / 2359296 weights (40%)
2024-05-18 16:16:58,070:INFO:Pruning layer: layer4.1.conv1.weight
2024-05-18 16:16:58,070:INFO:Pruning layer: layer4.1.conv1.weight at 70%
2024-05-18 16:17:25,030:INFO:layer4.1.conv1.weight: Pruned 1568095 / 2359296 weights (70%)
2024-05-18 16:17:25,032:INFO:Pruning layer: layer4.1.conv2.weight
2024-05-18 16:17:25,032:INFO:Pruning layer: layer4.1.conv2.weight at 70%
2024-05-18 16:17:52,129:INFO:layer4.1.conv2.weight: Pruned 1567768 / 2359296 weights (70%)
2024-05-18 16:17:52,132:INFO:Total pruned weights: 5007735
2024-05-18 16:17:55,280:INFO:Epochs: 100
2024-05-18 16:17:55,280:INFO:Target layers: ['conv1.weight', 'layer1.0.conv1.weight', 'layer1.0.conv2.weight', 'layer1.1.conv1.weight', 'layer1.1.conv2.weight', 'layer2.0.conv1.weight', 'layer2.0.conv2.weight', 'layer2.1.conv1.weight', 'layer2.1.conv2.weight', 'layer3.0.conv1.weight', 'layer3.0.conv2.weight', 'layer3.1.conv1.weight', 'layer3.1.conv2.weight', 'layer4.0.conv1.weight', 'layer4.0.conv2.weight', 'layer4.1.conv1.weight', 'layer4.1.conv2.weight']
2024-05-18 16:17:55,280:INFO:Original Model: Accuracy: 99.33, Inference Time: 3.337455987930298, FLOPs: 3316369473536.0, Non-zero Params: 11689512
2024-05-18 16:17:55,280:INFO:Pruned Model (prune_model_weights): Accuracy: 99.06, Inference Time: 3.086120128631592, FLOPs: 2139073954304.0, Non-zero Params: 6681777
2024-05-18 16:51:55,132:INFO:Fine-tuned Pruned Model (prune_model_weights): Accuracy: 99.48, Inference Time: 3.0684027671813965, FLOPs: 2139073954304.0, Non-zero Params: 6681777
