2024-05-16 22:48:47,221:INFO:Logging setup complete - logging to: ResNet18/log/final/2024-05-16-22-48-47.log
2024-05-16 22:48:47,221:INFO:Starting the program
2024-05-16 22:48:47,221:INFO:Arguments: Namespace(algorithm='kruskal', dataset='CIFAR10', epochs=100, pruning_method='prune_model_filters_by_importance', target_layers=['conv1.weight', 'layer1.0.conv1.weight', 'layer1.0.conv2.weight', 'layer1.1.conv1.weight', 'layer1.1.conv2.weight', 'layer2.0.conv1.weight', 'layer2.0.conv2.weight', 'layer2.1.conv1.weight', 'layer2.1.conv2.weight', 'layer3.0.conv1.weight', 'layer3.0.conv2.weight', 'layer3.1.conv1.weight', 'layer3.1.conv2.weight', 'layer4.0.conv1.weight', 'layer4.0.conv2.weight', 'layer4.1.conv1.weight', 'layer4.1.conv2.weight'])
2024-05-16 22:48:49,007:INFO:Dataset: CIFAR10
2024-05-16 22:48:53,799:INFO:Pruning layer: conv1.weight
2024-05-16 22:52:50,021:INFO:conv1.weight: Pruned 0 filters at 0%.
2024-05-16 22:52:50,022:INFO:Pruning layer: layer1.0.conv1.weight
2024-05-16 22:56:45,118:INFO:layer1.0.conv1.weight: Pruned 0 filters at 0%.
2024-05-16 22:56:45,118:INFO:Pruning layer: layer1.0.conv2.weight
2024-05-16 23:00:41,984:INFO:layer1.0.conv2.weight: Pruned 0 filters at 0%.
2024-05-16 23:00:41,985:INFO:Pruning layer: layer1.1.conv1.weight
2024-05-16 23:04:44,194:INFO:layer1.1.conv1.weight: Pruned 3 filters at 5%.
2024-05-16 23:04:44,194:INFO:Pruning layer: layer1.1.conv2.weight
2024-05-16 23:08:41,977:INFO:layer1.1.conv2.weight: Pruned 3 filters at 5%.
2024-05-16 23:08:41,978:INFO:Pruning layer: layer2.0.conv1.weight
2024-05-16 23:16:51,490:INFO:layer2.0.conv1.weight: Pruned 0 filters at 0%.
2024-05-16 23:16:51,490:INFO:Pruning layer: layer2.0.conv2.weight
2024-05-16 23:24:44,308:INFO:layer2.0.conv2.weight: Pruned 0 filters at 0%.
2024-05-16 23:24:44,309:INFO:Pruning layer: layer2.1.conv1.weight
2024-05-16 23:32:30,347:INFO:layer2.1.conv1.weight: Pruned 12 filters at 10%.
2024-05-16 23:32:30,347:INFO:Pruning layer: layer2.1.conv2.weight
2024-05-16 23:40:16,600:INFO:layer2.1.conv2.weight: Pruned 12 filters at 10%.
2024-05-16 23:40:16,601:INFO:Pruning layer: layer3.0.conv1.weight
2024-05-16 23:55:51,021:INFO:layer3.0.conv1.weight: Pruned 0 filters at 0%.
2024-05-16 23:55:51,022:INFO:Pruning layer: layer3.0.conv2.weight
2024-05-17 00:11:23,582:INFO:layer3.0.conv2.weight: Pruned 0 filters at 0%.
2024-05-17 00:11:23,583:INFO:Pruning layer: layer3.1.conv1.weight
2024-05-17 00:29:07,153:INFO:layer3.1.conv1.weight: Pruned 102 filters at 40%.
2024-05-17 00:29:07,154:INFO:Pruning layer: layer3.1.conv2.weight
2024-05-17 00:49:38,108:INFO:layer3.1.conv2.weight: Pruned 49 filters at 40%.
2024-05-17 00:49:38,109:INFO:Pruning layer: layer4.0.conv1.weight
2024-05-17 01:24:56,607:INFO:layer4.0.conv1.weight: Pruned 0 filters at 0%.
2024-05-17 01:24:56,607:INFO:Pruning layer: layer4.0.conv2.weight
2024-05-17 01:56:33,674:INFO:layer4.0.conv2.weight: Pruned 0 filters at 0%.
2024-05-17 01:56:33,674:INFO:Pruning layer: layer4.1.conv1.weight
2024-05-17 02:26:58,522:INFO:layer4.1.conv1.weight: Pruned 294 filters at 80%.
2024-05-17 02:26:58,523:INFO:Pruning layer: layer4.1.conv2.weight
2024-05-17 02:57:21,423:INFO:layer4.1.conv2.weight: Pruned 223 filters at 80%.
2024-05-17 02:57:21,424:INFO:Total pruned filters in the model: 698
2024-05-17 02:57:25,096:INFO:Epochs: 100
2024-05-17 02:57:25,096:INFO:Target layers: ['conv1.weight', 'layer1.0.conv1.weight', 'layer1.0.conv2.weight', 'layer1.1.conv1.weight', 'layer1.1.conv2.weight', 'layer2.0.conv1.weight', 'layer2.0.conv2.weight', 'layer2.1.conv1.weight', 'layer2.1.conv2.weight', 'layer3.0.conv1.weight', 'layer3.0.conv2.weight', 'layer3.1.conv1.weight', 'layer3.1.conv2.weight', 'layer4.0.conv1.weight', 'layer4.0.conv2.weight', 'layer4.1.conv1.weight', 'layer4.1.conv2.weight']
2024-05-17 02:57:25,096:INFO:Original Model: Accuracy: 76.08, Inference Time: 3.834774971008301, FLOPs: 3316369473536.0, Non-zero Params: 11689512
2024-05-17 02:57:25,096:INFO:Pruned Model (prune_model_filters_by_importance): Accuracy: 74.16, Inference Time: 3.576204776763916, FLOPs: 2590135697408.0, Non-zero Params: 8928168
2024-05-17 03:23:24,761:INFO:Fine-tuned Pruned Model (prune_model_filters_by_importance): Accuracy: 76.58, Inference Time: 3.6566991806030273, FLOPs: 2590135697408.0, Non-zero Params: 8928168
