2024-05-19 01:33:58,188:INFO:Logging setup complete - logging to: ResNet18/log/final/2024-05-19-01-33-58.log
2024-05-19 01:33:58,188:INFO:Starting the program
2024-05-19 01:33:58,188:INFO:Arguments: Namespace(algorithm='kruskal', dataset='CIFAR10', epochs=100, pruning_method='prune_model_filters_by_importance', target_layers=['conv1.weight', 'layer1.0.conv1.weight', 'layer1.0.conv2.weight', 'layer1.1.conv1.weight', 'layer1.1.conv2.weight', 'layer2.0.conv1.weight', 'layer2.0.conv2.weight', 'layer2.1.conv1.weight', 'layer2.1.conv2.weight', 'layer3.0.conv1.weight', 'layer3.0.conv2.weight', 'layer3.1.conv1.weight', 'layer3.1.conv2.weight', 'layer4.0.conv1.weight', 'layer4.0.conv2.weight', 'layer4.1.conv1.weight', 'layer4.1.conv2.weight'])
2024-05-19 01:33:59,813:INFO:Dataset: CIFAR10
2024-05-19 01:34:04,633:INFO:Pruning layer: conv1.weight
2024-05-19 01:37:51,704:INFO:conv1.weight: Pruned 0 filters at 0%.
2024-05-19 01:37:51,704:INFO:Pruning layer: layer1.0.conv1.weight
2024-05-19 01:40:39,931:INFO:layer1.0.conv1.weight: Pruned 0 filters at 0%.
2024-05-19 01:40:39,931:INFO:Pruning layer: layer1.0.conv2.weight
2024-05-19 01:43:26,619:INFO:layer1.0.conv2.weight: Pruned 0 filters at 0%.
2024-05-19 01:43:26,620:INFO:Pruning layer: layer1.1.conv1.weight
2024-05-19 01:46:07,774:INFO:layer1.1.conv1.weight: Pruned 3 filters at 5%.
2024-05-19 01:46:07,774:INFO:Pruning layer: layer1.1.conv2.weight
2024-05-19 01:48:53,107:INFO:layer1.1.conv2.weight: Pruned 3 filters at 5%.
2024-05-19 01:48:53,107:INFO:Pruning layer: layer2.0.conv1.weight
2024-05-19 01:54:20,764:INFO:layer2.0.conv1.weight: Pruned 0 filters at 0%.
2024-05-19 01:54:20,764:INFO:Pruning layer: layer2.0.conv2.weight
2024-05-19 01:59:55,547:INFO:layer2.0.conv2.weight: Pruned 0 filters at 0%.
2024-05-19 01:59:55,547:INFO:Pruning layer: layer2.1.conv1.weight
2024-05-19 02:05:32,620:INFO:layer2.1.conv1.weight: Pruned 12 filters at 10%.
2024-05-19 02:05:32,620:INFO:Pruning layer: layer2.1.conv2.weight
2024-05-19 02:11:08,024:INFO:layer2.1.conv2.weight: Pruned 12 filters at 10%.
2024-05-19 02:11:08,025:INFO:Pruning layer: layer3.0.conv1.weight
2024-05-19 02:22:17,083:INFO:layer3.0.conv1.weight: Pruned 0 filters at 0%.
2024-05-19 02:22:17,084:INFO:Pruning layer: layer3.0.conv2.weight
2024-05-19 02:33:25,733:INFO:layer3.0.conv2.weight: Pruned 0 filters at 0%.
2024-05-19 02:33:25,734:INFO:Pruning layer: layer3.1.conv1.weight
2024-05-19 02:44:34,663:INFO:layer3.1.conv1.weight: Pruned 102 filters at 40%.
2024-05-19 02:44:34,664:INFO:Pruning layer: layer3.1.conv2.weight
2024-05-19 02:55:43,964:INFO:layer3.1.conv2.weight: Pruned 49 filters at 40%.
2024-05-19 02:55:43,966:INFO:Pruning layer: layer4.0.conv1.weight
2024-05-19 03:17:59,561:INFO:layer4.0.conv1.weight: Pruned 0 filters at 0%.
2024-05-19 03:17:59,562:INFO:Pruning layer: layer4.0.conv2.weight
2024-05-19 03:40:04,268:INFO:layer4.0.conv2.weight: Pruned 0 filters at 0%.
2024-05-19 03:40:04,268:INFO:Pruning layer: layer4.1.conv1.weight
2024-05-19 04:02:20,712:INFO:layer4.1.conv1.weight: Pruned 294 filters at 80%.
2024-05-19 04:02:20,713:INFO:Pruning layer: layer4.1.conv2.weight
2024-05-19 04:24:38,000:INFO:layer4.1.conv2.weight: Pruned 223 filters at 80%.
2024-05-19 04:24:38,000:INFO:Total pruned filters in the model: 698
2024-05-19 04:24:40,677:INFO:Epochs: 100
2024-05-19 04:24:40,677:INFO:Target layers: ['conv1.weight', 'layer1.0.conv1.weight', 'layer1.0.conv2.weight', 'layer1.1.conv1.weight', 'layer1.1.conv2.weight', 'layer2.0.conv1.weight', 'layer2.0.conv2.weight', 'layer2.1.conv1.weight', 'layer2.1.conv2.weight', 'layer3.0.conv1.weight', 'layer3.0.conv2.weight', 'layer3.1.conv1.weight', 'layer3.1.conv2.weight', 'layer4.0.conv1.weight', 'layer4.0.conv2.weight', 'layer4.1.conv1.weight', 'layer4.1.conv2.weight']
2024-05-19 04:24:40,677:INFO:Original Model: Accuracy: 76.08, Inference Time: 3.820099115371704, FLOPs: 3316369473536.0, Non-zero Params: 11689512
2024-05-19 04:24:40,677:INFO:Pruned Model (prune_model_filters_by_importance): Accuracy: 74.16, Inference Time: 2.620020866394043, FLOPs: 2590135697408.0, Non-zero Params: 8928168
2024-05-19 04:42:34,327:INFO:Fine-tuned Pruned Model (prune_model_filters_by_importance): Accuracy: 76.58, Inference Time: 2.594573974609375, FLOPs: 2590135697408.0, Non-zero Params: 8928168
