2024-05-19 15:21:50,679:INFO:Logging setup complete - logging to: ResNet18/log/final/2024-05-19-15-21-50.log
2024-05-19 15:21:50,680:INFO:Starting the program
2024-05-19 15:21:50,680:INFO:Arguments: Namespace(algorithm='prim', dataset='MNIST', epochs=100, pruning_method='prune_model_filters_by_importance', target_layers=['conv1.weight', 'layer1.0.conv1.weight', 'layer1.0.conv2.weight', 'layer1.1.conv1.weight', 'layer1.1.conv2.weight', 'layer2.0.conv1.weight', 'layer2.0.conv2.weight', 'layer2.1.conv1.weight', 'layer2.1.conv2.weight', 'layer3.0.conv1.weight', 'layer3.0.conv2.weight', 'layer3.1.conv1.weight', 'layer3.1.conv2.weight', 'layer4.0.conv1.weight', 'layer4.0.conv2.weight', 'layer4.1.conv1.weight', 'layer4.1.conv2.weight'])
2024-05-19 15:21:50,705:INFO:Dataset: MNIST
2024-05-19 15:21:54,317:INFO:Pruning layer: conv1.weight
2024-05-19 15:24:41,259:INFO:conv1.weight: Pruned 0 filters at 0%.
2024-05-19 15:24:41,259:INFO:Pruning layer: layer1.0.conv1.weight
2024-05-19 15:27:27,740:INFO:layer1.0.conv1.weight: Pruned 0 filters at 0%.
2024-05-19 15:27:27,740:INFO:Pruning layer: layer1.0.conv2.weight
2024-05-19 15:30:14,845:INFO:layer1.0.conv2.weight: Pruned 0 filters at 0%.
2024-05-19 15:30:14,846:INFO:Pruning layer: layer1.1.conv1.weight
2024-05-19 15:33:00,979:INFO:layer1.1.conv1.weight: Pruned 3 filters at 5%.
2024-05-19 15:33:00,979:INFO:Pruning layer: layer1.1.conv2.weight
2024-05-19 15:35:47,304:INFO:layer1.1.conv2.weight: Pruned 3 filters at 5%.
2024-05-19 15:35:47,304:INFO:Pruning layer: layer2.0.conv1.weight
2024-05-19 15:41:18,913:INFO:layer2.0.conv1.weight: Pruned 0 filters at 0%.
2024-05-19 15:41:18,914:INFO:Pruning layer: layer2.0.conv2.weight
2024-05-19 15:46:49,601:INFO:layer2.0.conv2.weight: Pruned 0 filters at 0%.
2024-05-19 15:46:49,601:INFO:Pruning layer: layer2.1.conv1.weight
2024-05-19 15:52:18,794:INFO:layer2.1.conv1.weight: Pruned 12 filters at 10%.
2024-05-19 15:52:18,795:INFO:Pruning layer: layer2.1.conv2.weight
2024-05-19 15:57:50,184:INFO:layer2.1.conv2.weight: Pruned 12 filters at 10%.
2024-05-19 15:57:50,185:INFO:Pruning layer: layer3.0.conv1.weight
2024-05-19 16:08:48,503:INFO:layer3.0.conv1.weight: Pruned 0 filters at 0%.
2024-05-19 16:08:48,504:INFO:Pruning layer: layer3.0.conv2.weight
2024-05-19 16:19:47,782:INFO:layer3.0.conv2.weight: Pruned 0 filters at 0%.
2024-05-19 16:19:47,783:INFO:Pruning layer: layer3.1.conv1.weight
2024-05-19 16:30:49,968:INFO:layer3.1.conv1.weight: Pruned 102 filters at 40%.
2024-05-19 16:30:49,968:INFO:Pruning layer: layer3.1.conv2.weight
2024-05-19 16:41:48,544:INFO:layer3.1.conv2.weight: Pruned 102 filters at 40%.
2024-05-19 16:41:48,545:INFO:Pruning layer: layer4.0.conv1.weight
2024-05-19 17:03:42,001:INFO:layer4.0.conv1.weight: Pruned 0 filters at 0%.
2024-05-19 17:03:42,001:INFO:Pruning layer: layer4.0.conv2.weight
2024-05-19 17:25:40,286:INFO:layer4.0.conv2.weight: Pruned 0 filters at 0%.
2024-05-19 17:25:40,287:INFO:Pruning layer: layer4.1.conv1.weight
2024-05-19 17:47:35,871:INFO:layer4.1.conv1.weight: Pruned 409 filters at 80%.
2024-05-19 17:47:35,872:INFO:Pruning layer: layer4.1.conv2.weight
2024-05-19 18:09:52,545:INFO:layer4.1.conv2.weight: Pruned 348 filters at 80%.
2024-05-19 18:09:52,546:INFO:Total pruned filters in the model: 991
2024-05-19 18:09:55,192:INFO:Epochs: 100
2024-05-19 18:09:55,192:INFO:Target layers: ['conv1.weight', 'layer1.0.conv1.weight', 'layer1.0.conv2.weight', 'layer1.1.conv1.weight', 'layer1.1.conv2.weight', 'layer2.0.conv1.weight', 'layer2.0.conv2.weight', 'layer2.1.conv1.weight', 'layer2.1.conv2.weight', 'layer3.0.conv1.weight', 'layer3.0.conv2.weight', 'layer3.1.conv1.weight', 'layer3.1.conv2.weight', 'layer4.0.conv1.weight', 'layer4.0.conv2.weight', 'layer4.1.conv1.weight', 'layer4.1.conv2.weight']
2024-05-19 18:09:55,192:INFO:Original Model: Accuracy: 99.33, Inference Time: 2.8598058223724365, FLOPs: 3316369473536.0, Non-zero Params: 11689512
2024-05-19 18:09:55,192:INFO:Pruned Model (prune_model_filters_by_importance): Accuracy: 99.02, Inference Time: 2.586845874786377, FLOPs: 2285283983360.0, Non-zero Params: 7700136
2024-05-19 18:32:04,850:INFO:Fine-tuned Pruned Model (prune_model_filters_by_importance): Accuracy: 99.51, Inference Time: 2.605792999267578, FLOPs: 2285283983360.0, Non-zero Params: 7700136
