2024-05-18 08:21:46,919:INFO:Logging setup complete - logging to: ResNet18/log/final/2024-05-18-08-21-46.log
2024-05-18 08:21:46,919:INFO:Starting the program
2024-05-18 08:21:46,919:INFO:Arguments: Namespace(algorithm='prim', dataset='MNIST', epochs=100, pruning_method='prune_model_filters_by_importance', target_layers=['conv1.weight', 'layer1.0.conv1.weight', 'layer1.0.conv2.weight', 'layer1.1.conv1.weight', 'layer1.1.conv2.weight', 'layer2.0.conv1.weight', 'layer2.0.conv2.weight', 'layer2.1.conv1.weight', 'layer2.1.conv2.weight', 'layer3.0.conv1.weight', 'layer3.0.conv2.weight', 'layer3.1.conv1.weight', 'layer3.1.conv2.weight', 'layer4.0.conv1.weight', 'layer4.0.conv2.weight', 'layer4.1.conv1.weight', 'layer4.1.conv2.weight'])
2024-05-18 08:21:46,948:INFO:Dataset: MNIST
2024-05-18 08:21:52,247:INFO:Pruning layer: conv1.weight
2024-05-18 08:26:06,201:INFO:conv1.weight: Pruned 0 filters at 0%.
2024-05-18 08:26:06,201:INFO:Pruning layer: layer1.0.conv1.weight
2024-05-18 08:30:18,950:INFO:layer1.0.conv1.weight: Pruned 0 filters at 0%.
2024-05-18 08:30:18,950:INFO:Pruning layer: layer1.0.conv2.weight
2024-05-18 08:34:17,890:INFO:layer1.0.conv2.weight: Pruned 0 filters at 0%.
2024-05-18 08:34:17,891:INFO:Pruning layer: layer1.1.conv1.weight
2024-05-18 08:38:05,930:INFO:layer1.1.conv1.weight: Pruned 3 filters at 5%.
2024-05-18 08:38:05,930:INFO:Pruning layer: layer1.1.conv2.weight
2024-05-18 08:41:55,750:INFO:layer1.1.conv2.weight: Pruned 3 filters at 5%.
2024-05-18 08:41:55,750:INFO:Pruning layer: layer2.0.conv1.weight
2024-05-18 08:49:30,985:INFO:layer2.0.conv1.weight: Pruned 0 filters at 0%.
2024-05-18 08:49:30,986:INFO:Pruning layer: layer2.0.conv2.weight
2024-05-18 08:57:05,983:INFO:layer2.0.conv2.weight: Pruned 0 filters at 0%.
2024-05-18 08:57:05,983:INFO:Pruning layer: layer2.1.conv1.weight
2024-05-18 09:04:41,297:INFO:layer2.1.conv1.weight: Pruned 12 filters at 10%.
2024-05-18 09:04:41,298:INFO:Pruning layer: layer2.1.conv2.weight
2024-05-18 09:12:16,819:INFO:layer2.1.conv2.weight: Pruned 12 filters at 10%.
2024-05-18 09:12:16,820:INFO:Pruning layer: layer3.0.conv1.weight
2024-05-18 09:27:25,302:INFO:layer3.0.conv1.weight: Pruned 0 filters at 0%.
2024-05-18 09:27:25,302:INFO:Pruning layer: layer3.0.conv2.weight
2024-05-18 09:42:30,941:INFO:layer3.0.conv2.weight: Pruned 0 filters at 0%.
2024-05-18 09:42:30,941:INFO:Pruning layer: layer3.1.conv1.weight
2024-05-18 09:57:39,034:INFO:layer3.1.conv1.weight: Pruned 115 filters at 45%.
2024-05-18 09:57:39,035:INFO:Pruning layer: layer3.1.conv2.weight
2024-05-18 10:12:45,664:INFO:layer3.1.conv2.weight: Pruned 96 filters at 45%.
2024-05-18 10:12:45,665:INFO:Pruning layer: layer4.0.conv1.weight
2024-05-18 10:42:53,636:INFO:layer4.0.conv1.weight: Pruned 0 filters at 0%.
2024-05-18 10:42:53,637:INFO:Pruning layer: layer4.0.conv2.weight
2024-05-18 11:12:58,700:INFO:layer4.0.conv2.weight: Pruned 0 filters at 0%.
2024-05-18 11:12:58,700:INFO:Pruning layer: layer4.1.conv1.weight
2024-05-18 11:43:03,106:INFO:layer4.1.conv1.weight: Pruned 409 filters at 80%.
2024-05-18 11:43:03,107:INFO:Pruning layer: layer4.1.conv2.weight
2024-05-18 12:13:20,157:INFO:layer4.1.conv2.weight: Pruned 259 filters at 80%.
2024-05-18 12:13:20,158:INFO:Total pruned filters in the model: 909
2024-05-18 12:13:23,808:INFO:Epochs: 100
2024-05-18 12:13:23,808:INFO:Target layers: ['conv1.weight', 'layer1.0.conv1.weight', 'layer1.0.conv2.weight', 'layer1.1.conv1.weight', 'layer1.1.conv2.weight', 'layer2.0.conv1.weight', 'layer2.0.conv2.weight', 'layer2.1.conv1.weight', 'layer2.1.conv2.weight', 'layer3.0.conv1.weight', 'layer3.0.conv2.weight', 'layer3.1.conv1.weight', 'layer3.1.conv2.weight', 'layer4.0.conv1.weight', 'layer4.0.conv2.weight', 'layer4.1.conv1.weight', 'layer4.1.conv2.weight']
2024-05-18 12:13:23,808:INFO:Original Model: Accuracy: 99.33, Inference Time: 4.2175140380859375, FLOPs: 3316369473536.0, Non-zero Params: 11689512
2024-05-18 12:13:23,808:INFO:Pruned Model (prune_model_filters_by_importance): Accuracy: 99.13, Inference Time: 3.5509469509124756, FLOPs: 2370600845312.0, Non-zero Params: 8094120
2024-05-18 12:49:44,428:INFO:Fine-tuned Pruned Model (prune_model_filters_by_importance): Accuracy: 99.43, Inference Time: 3.8487918376922607, FLOPs: 2370600845312.0, Non-zero Params: 8094120
