2024-05-19 04:42:36,424:INFO:Logging setup complete - logging to: ResNet18/log/final/2024-05-19-04-42-36.log
2024-05-19 04:42:36,424:INFO:Starting the program
2024-05-19 04:42:36,424:INFO:Arguments: Namespace(algorithm='prim', dataset='CIFAR10', epochs=100, pruning_method='prune_model_filters_by_importance', target_layers=['conv1.weight', 'layer1.0.conv1.weight', 'layer1.0.conv2.weight', 'layer1.1.conv1.weight', 'layer1.1.conv2.weight', 'layer2.0.conv1.weight', 'layer2.0.conv2.weight', 'layer2.1.conv1.weight', 'layer2.1.conv2.weight', 'layer3.0.conv1.weight', 'layer3.0.conv2.weight', 'layer3.1.conv1.weight', 'layer3.1.conv2.weight', 'layer4.0.conv1.weight', 'layer4.0.conv2.weight', 'layer4.1.conv1.weight', 'layer4.1.conv2.weight'])
2024-05-19 04:42:37,924:INFO:Dataset: CIFAR10
2024-05-19 04:42:41,510:INFO:Pruning layer: conv1.weight
2024-05-19 04:45:30,832:INFO:conv1.weight: Pruned 0 filters at 0%.
2024-05-19 04:45:30,832:INFO:Pruning layer: layer1.0.conv1.weight
2024-05-19 04:48:20,341:INFO:layer1.0.conv1.weight: Pruned 0 filters at 0%.
2024-05-19 04:48:20,342:INFO:Pruning layer: layer1.0.conv2.weight
2024-05-19 04:51:09,715:INFO:layer1.0.conv2.weight: Pruned 0 filters at 0%.
2024-05-19 04:51:09,715:INFO:Pruning layer: layer1.1.conv1.weight
2024-05-19 04:53:59,181:INFO:layer1.1.conv1.weight: Pruned 3 filters at 5%.
2024-05-19 04:53:59,181:INFO:Pruning layer: layer1.1.conv2.weight
2024-05-19 04:56:48,439:INFO:layer1.1.conv2.weight: Pruned 3 filters at 5%.
2024-05-19 04:56:48,439:INFO:Pruning layer: layer2.0.conv1.weight
2024-05-19 05:02:24,726:INFO:layer2.0.conv1.weight: Pruned 0 filters at 0%.
2024-05-19 05:02:24,726:INFO:Pruning layer: layer2.0.conv2.weight
2024-05-19 05:08:00,769:INFO:layer2.0.conv2.weight: Pruned 0 filters at 0%.
2024-05-19 05:08:00,769:INFO:Pruning layer: layer2.1.conv1.weight
2024-05-19 05:13:36,877:INFO:layer2.1.conv1.weight: Pruned 12 filters at 10%.
2024-05-19 05:13:36,878:INFO:Pruning layer: layer2.1.conv2.weight
2024-05-19 05:19:12,851:INFO:layer2.1.conv2.weight: Pruned 12 filters at 10%.
2024-05-19 05:19:12,852:INFO:Pruning layer: layer3.0.conv1.weight
2024-05-19 05:30:22,301:INFO:layer3.0.conv1.weight: Pruned 0 filters at 0%.
2024-05-19 05:30:22,301:INFO:Pruning layer: layer3.0.conv2.weight
2024-05-19 05:41:31,897:INFO:layer3.0.conv2.weight: Pruned 0 filters at 0%.
2024-05-19 05:41:31,897:INFO:Pruning layer: layer3.1.conv1.weight
2024-05-19 05:52:41,403:INFO:layer3.1.conv1.weight: Pruned 102 filters at 40%.
2024-05-19 05:52:41,403:INFO:Pruning layer: layer3.1.conv2.weight
2024-05-19 06:03:51,055:INFO:layer3.1.conv2.weight: Pruned 42 filters at 40%.
2024-05-19 06:03:51,055:INFO:Pruning layer: layer4.0.conv1.weight
2024-05-19 06:26:07,742:INFO:layer4.0.conv1.weight: Pruned 0 filters at 0%.
2024-05-19 06:26:07,743:INFO:Pruning layer: layer4.0.conv2.weight
2024-05-19 06:48:24,772:INFO:layer4.0.conv2.weight: Pruned 0 filters at 0%.
2024-05-19 06:48:24,772:INFO:Pruning layer: layer4.1.conv1.weight
2024-05-19 07:10:41,238:INFO:layer4.1.conv1.weight: Pruned 388 filters at 80%.
2024-05-19 07:10:41,239:INFO:Pruning layer: layer4.1.conv2.weight
2024-05-19 07:32:57,112:INFO:layer4.1.conv2.weight: Pruned 409 filters at 80%.
2024-05-19 07:32:57,113:INFO:Total pruned filters in the model: 971
2024-05-19 07:32:59,746:INFO:Epochs: 100
2024-05-19 07:32:59,746:INFO:Target layers: ['conv1.weight', 'layer1.0.conv1.weight', 'layer1.0.conv2.weight', 'layer1.1.conv1.weight', 'layer1.1.conv2.weight', 'layer2.0.conv1.weight', 'layer2.0.conv2.weight', 'layer2.1.conv1.weight', 'layer2.1.conv2.weight', 'layer3.0.conv1.weight', 'layer3.0.conv2.weight', 'layer3.1.conv1.weight', 'layer3.1.conv2.weight', 'layer4.0.conv1.weight', 'layer4.0.conv2.weight', 'layer4.1.conv1.weight', 'layer4.1.conv2.weight']
2024-05-19 07:32:59,746:INFO:Original Model: Accuracy: 76.08, Inference Time: 2.8352620601654053, FLOPs: 3316369473536.0, Non-zero Params: 11689512
2024-05-19 07:32:59,746:INFO:Pruned Model (prune_model_filters_by_importance): Accuracy: 74.26, Inference Time: 2.568466901779175, FLOPs: 2306092974080.0, Non-zero Params: 7654056
2024-05-19 07:51:32,153:INFO:Fine-tuned Pruned Model (prune_model_filters_by_importance): Accuracy: 76.4, Inference Time: 2.6040451526641846, FLOPs: 2306092974080.0, Non-zero Params: 7654056
