2024-05-18 18:25:43,901:INFO:Logging setup complete - logging to: ResNet18/log/final/2024-05-18-18-25-43.log
2024-05-18 18:25:43,901:INFO:Starting the program
2024-05-18 18:25:43,901:INFO:Arguments: Namespace(algorithm='prim', dataset='CIFAR10', epochs=100, pruning_method='prune_model_filters_by_importance', target_layers=['conv1.weight', 'layer1.0.conv1.weight', 'layer1.0.conv2.weight', 'layer1.1.conv1.weight', 'layer1.1.conv2.weight', 'layer2.0.conv1.weight', 'layer2.0.conv2.weight', 'layer2.1.conv1.weight', 'layer2.1.conv2.weight', 'layer3.0.conv1.weight', 'layer3.0.conv2.weight', 'layer3.1.conv1.weight', 'layer3.1.conv2.weight', 'layer4.0.conv1.weight', 'layer4.0.conv2.weight', 'layer4.1.conv1.weight', 'layer4.1.conv2.weight'])
2024-05-18 18:25:45,394:INFO:Dataset: CIFAR10
2024-05-18 18:25:48,980:INFO:Pruning layer: conv1.weight
2024-05-18 18:28:35,490:INFO:conv1.weight: Pruned 0 filters at 0%.
2024-05-18 18:28:35,490:INFO:Pruning layer: layer1.0.conv1.weight
2024-05-18 18:31:23,030:INFO:layer1.0.conv1.weight: Pruned 0 filters at 0%.
2024-05-18 18:31:23,030:INFO:Pruning layer: layer1.0.conv2.weight
2024-05-18 18:34:11,787:INFO:layer1.0.conv2.weight: Pruned 0 filters at 0%.
2024-05-18 18:34:11,787:INFO:Pruning layer: layer1.1.conv1.weight
2024-05-18 18:37:00,700:INFO:layer1.1.conv1.weight: Pruned 0 filters at 0%.
2024-05-18 18:37:00,700:INFO:Pruning layer: layer1.1.conv2.weight
2024-05-18 18:39:49,575:INFO:layer1.1.conv2.weight: Pruned 0 filters at 0%.
2024-05-18 18:39:49,575:INFO:Pruning layer: layer2.0.conv1.weight
2024-05-18 18:45:24,996:INFO:layer2.0.conv1.weight: Pruned 0 filters at 0%.
2024-05-18 18:45:24,996:INFO:Pruning layer: layer2.0.conv2.weight
2024-05-18 18:51:00,319:INFO:layer2.0.conv2.weight: Pruned 0 filters at 0%.
2024-05-18 18:51:00,319:INFO:Pruning layer: layer2.1.conv1.weight
2024-05-18 18:56:35,698:INFO:layer2.1.conv1.weight: Pruned 0 filters at 0%.
2024-05-18 18:56:35,698:INFO:Pruning layer: layer2.1.conv2.weight
2024-05-18 19:02:11,151:INFO:layer2.1.conv2.weight: Pruned 0 filters at 0%.
2024-05-18 19:02:11,151:INFO:Pruning layer: layer3.0.conv1.weight
2024-05-18 19:13:19,542:INFO:layer3.0.conv1.weight: Pruned 12 filters at 5%.
2024-05-18 19:13:19,542:INFO:Pruning layer: layer3.0.conv2.weight
2024-05-18 19:24:27,026:INFO:layer3.0.conv2.weight: Pruned 12 filters at 5%.
2024-05-18 19:24:27,026:INFO:Pruning layer: layer3.1.conv1.weight
2024-05-18 19:35:34,454:INFO:layer3.1.conv1.weight: Pruned 102 filters at 40%.
2024-05-18 19:35:34,454:INFO:Pruning layer: layer3.1.conv2.weight
2024-05-18 19:46:42,529:INFO:layer3.1.conv2.weight: Pruned 89 filters at 35%.
2024-05-18 19:46:42,529:INFO:Pruning layer: layer4.0.conv1.weight
2024-05-18 20:08:51,818:INFO:layer4.0.conv1.weight: Pruned 179 filters at 35%.
2024-05-18 20:08:51,818:INFO:Pruning layer: layer4.0.conv2.weight
2024-05-18 20:30:45,766:INFO:layer4.0.conv2.weight: Pruned 204 filters at 40%.
2024-05-18 20:30:45,766:INFO:Pruning layer: layer4.1.conv1.weight
2024-05-18 20:52:31,111:INFO:layer4.1.conv1.weight: Pruned 130 filters at 70%.
2024-05-18 20:52:31,112:INFO:Pruning layer: layer4.1.conv2.weight
2024-05-18 21:14:20,063:INFO:layer4.1.conv2.weight: Pruned 318 filters at 70%.
2024-05-18 21:14:20,063:INFO:Total pruned filters in the model: 1046
2024-05-18 21:14:22,638:INFO:Epochs: 100
2024-05-18 21:14:22,638:INFO:Target layers: ['conv1.weight', 'layer1.0.conv1.weight', 'layer1.0.conv2.weight', 'layer1.1.conv1.weight', 'layer1.1.conv2.weight', 'layer2.0.conv1.weight', 'layer2.0.conv2.weight', 'layer2.1.conv1.weight', 'layer2.1.conv2.weight', 'layer3.0.conv1.weight', 'layer3.0.conv2.weight', 'layer3.1.conv1.weight', 'layer3.1.conv2.weight', 'layer4.0.conv1.weight', 'layer4.0.conv2.weight', 'layer4.1.conv1.weight', 'layer4.1.conv2.weight']
2024-05-18 21:14:22,638:INFO:Original Model: Accuracy: 76.08, Inference Time: 2.848796844482422, FLOPs: 3316369473536.0, Non-zero Params: 11689512
2024-05-18 21:14:22,638:INFO:Pruned Model (prune_model_filters_by_importance): Accuracy: 72.52, Inference Time: 2.515206813812256, FLOPs: 2377103654912.0, Non-zero Params: 7791144
2024-05-18 21:56:58,527:INFO:Fine-tuned Pruned Model (prune_model_filters_by_importance): Accuracy: 76.46, Inference Time: 3.7653958797454834, FLOPs: 2377103654912.0, Non-zero Params: 7791144
