2024-05-28 19:16:18,488:INFO:Logging setup complete - logging to: ResNet18/log\2024-05-28-19-16-18.log
2024-05-28 19:16:18,488:INFO:Starting the program
2024-05-28 19:16:18,488:INFO:Arguments: Namespace(dataset='CIFAR10', algorithm='kruskal', pruning_method='prune_model_filters_by_importance', target_layers=['conv1.weight', 'layer1.0.conv1.weight', 'layer1.0.conv2.weight', 'layer1.1.conv1.weight', 'layer1.1.conv2.weight', 'layer2.0.conv1.weight', 'layer2.0.conv2.weight', 'layer2.1.conv1.weight', 'layer2.1.conv2.weight', 'layer3.0.conv1.weight', 'layer3.0.conv2.weight', 'layer3.1.conv1.weight', 'layer3.1.conv2.weight', 'layer4.0.conv1.weight', 'layer4.0.conv2.weight', 'layer4.1.conv1.weight', 'layer4.1.conv2.weight'], epochs=100)
2024-05-28 19:16:19,680:INFO:Dataset: CIFAR10
2024-05-28 19:16:24,204:INFO:Pruning layer: conv1.weight
2024-05-28 19:18:26,769:INFO:conv1.weight: Pruned 0 filters at 0%.
2024-05-28 19:18:26,769:INFO:Pruning layer: layer1.0.conv1.weight
2024-05-28 19:20:29,779:INFO:layer1.0.conv1.weight: Pruned 0 filters at 0%.
2024-05-28 19:20:29,779:INFO:Pruning layer: layer1.0.conv2.weight
2024-05-28 19:22:31,610:INFO:layer1.0.conv2.weight: Pruned 0 filters at 0%.
2024-05-28 19:22:31,610:INFO:Pruning layer: layer1.1.conv1.weight
2024-05-28 19:24:33,322:INFO:layer1.1.conv1.weight: Pruned 0 filters at 0%.
2024-05-28 19:24:33,322:INFO:Pruning layer: layer1.1.conv2.weight
2024-05-28 19:26:35,389:INFO:layer1.1.conv2.weight: Pruned 0 filters at 0%.
2024-05-28 19:26:35,389:INFO:Pruning layer: layer2.0.conv1.weight
2024-05-28 19:30:37,905:INFO:layer2.0.conv1.weight: Pruned 0 filters at 0%.
2024-05-28 19:30:37,905:INFO:Pruning layer: layer2.0.conv2.weight
2024-05-28 19:34:42,524:INFO:layer2.0.conv2.weight: Pruned 0 filters at 0%.
2024-05-28 19:34:42,524:INFO:Pruning layer: layer2.1.conv1.weight
2024-05-28 19:38:46,184:INFO:layer2.1.conv1.weight: Pruned 0 filters at 0%.
2024-05-28 19:38:46,184:INFO:Pruning layer: layer2.1.conv2.weight
2024-05-28 19:42:50,025:INFO:layer2.1.conv2.weight: Pruned 6 filters at 5%.
2024-05-28 19:42:50,025:INFO:Pruning layer: layer3.0.conv1.weight
2024-05-28 19:50:57,706:INFO:layer3.0.conv1.weight: Pruned 12 filters at 5%.
2024-05-28 19:50:57,706:INFO:Pruning layer: layer3.0.conv2.weight
2024-05-28 19:59:02,832:INFO:layer3.0.conv2.weight: Pruned 12 filters at 5%.
2024-05-28 19:59:02,832:INFO:Pruning layer: layer3.1.conv1.weight
2024-05-28 20:07:06,752:INFO:layer3.1.conv1.weight: Pruned 98 filters at 40%.
2024-05-28 20:07:06,752:INFO:Pruning layer: layer3.1.conv2.weight
2024-05-28 20:15:14,448:INFO:layer3.1.conv2.weight: Pruned 76 filters at 30%.
2024-05-28 20:15:14,448:INFO:Pruning layer: layer4.0.conv1.weight
2024-05-28 20:31:24,090:INFO:layer4.0.conv1.weight: Pruned 153 filters at 30%.
2024-05-28 20:31:24,090:INFO:Pruning layer: layer4.0.conv2.weight
2024-05-28 20:47:36,474:INFO:layer4.0.conv2.weight: Pruned 69 filters at 40%.
2024-05-28 20:47:36,474:INFO:Pruning layer: layer4.1.conv1.weight
2024-05-28 21:03:49,409:INFO:layer4.1.conv1.weight: Pruned 256 filters at 70%.
2024-05-28 21:03:49,409:INFO:Pruning layer: layer4.1.conv2.weight
2024-05-28 21:20:00,140:INFO:layer4.1.conv2.weight: Pruned 358 filters at 70%.
2024-05-28 21:20:00,140:INFO:Total pruned filters in the model: 1040
2024-05-28 21:20:02,008:INFO:Epochs: 100
2024-05-28 21:20:02,008:INFO:Target layers: ['conv1.weight', 'layer1.0.conv1.weight', 'layer1.0.conv2.weight', 'layer1.1.conv1.weight', 'layer1.1.conv2.weight', 'layer2.0.conv1.weight', 'layer2.0.conv2.weight', 'layer2.1.conv1.weight', 'layer2.1.conv2.weight', 'layer3.0.conv1.weight', 'layer3.0.conv2.weight', 'layer3.1.conv1.weight', 'layer3.1.conv2.weight', 'layer4.0.conv1.weight', 'layer4.0.conv2.weight', 'layer4.1.conv1.weight', 'layer4.1.conv2.weight']
2024-05-28 21:20:02,009:INFO:Original Model: Accuracy: 76.03, Inference Time: 3.274312973022461, FLOPs: 3316369473536.0, Non-zero Params: 11689512
2024-05-28 21:20:02,009:INFO:Pruned Model (prune_model_filters_by_importance): Accuracy: 71.59, Inference Time: 1.8456299304962158, FLOPs: 2363057586176.0, Non-zero Params: 7740456
2024-05-28 21:22:40,095:INFO:Fine-tuned Pruned Model (prune_model_filters_by_importance): Accuracy: 76.51, Inference Time: 1.9398918151855469, FLOPs: 2477696700416.0, Non-zero Params: 8057756
