2024-05-30 08:49:05,270:INFO:Logging setup complete - logging to: ResNet18/log\2024-05-30-08-49-05.log
2024-05-30 08:49:05,271:INFO:Starting the program
2024-05-30 08:49:05,271:INFO:Arguments: Namespace(dataset='CIFAR10', algorithm='prim', pruning_method='prune_model_filters_by_importance', target_layers=['conv1.weight', 'layer1.0.conv1.weight', 'layer1.0.conv2.weight', 'layer1.1.conv1.weight', 'layer1.1.conv2.weight', 'layer2.0.conv1.weight', 'layer2.0.conv2.weight', 'layer2.1.conv1.weight', 'layer2.1.conv2.weight', 'layer3.0.conv1.weight', 'layer3.0.conv2.weight', 'layer3.1.conv1.weight', 'layer3.1.conv2.weight', 'layer4.0.conv1.weight', 'layer4.0.conv2.weight', 'layer4.1.conv1.weight', 'layer4.1.conv2.weight'], epochs=100)
2024-05-30 08:49:06,393:INFO:Dataset: CIFAR10
2024-05-30 08:49:10,495:INFO:Pruning layer: conv1.weight
2024-05-30 08:51:34,819:INFO:conv1.weight: Pruned 0 filters at 0%.
2024-05-30 08:51:34,819:INFO:Pruning layer: layer1.0.conv1.weight
2024-05-30 08:54:00,743:INFO:layer1.0.conv1.weight: Pruned 0 filters at 0%.
2024-05-30 08:54:00,743:INFO:Pruning layer: layer1.0.conv2.weight
2024-05-30 08:56:26,495:INFO:layer1.0.conv2.weight: Pruned 0 filters at 0%.
2024-05-30 08:56:26,495:INFO:Pruning layer: layer1.1.conv1.weight
2024-05-30 08:58:52,109:INFO:layer1.1.conv1.weight: Pruned 0 filters at 0%.
2024-05-30 08:58:52,110:INFO:Pruning layer: layer1.1.conv2.weight
2024-05-30 09:01:18,078:INFO:layer1.1.conv2.weight: Pruned 0 filters at 0%.
2024-05-30 09:01:18,078:INFO:Pruning layer: layer2.0.conv1.weight
2024-05-30 09:06:07,319:INFO:layer2.0.conv1.weight: Pruned 0 filters at 0%.
2024-05-30 09:06:07,320:INFO:Pruning layer: layer2.0.conv2.weight
2024-05-30 09:10:56,422:INFO:layer2.0.conv2.weight: Pruned 0 filters at 0%.
2024-05-30 09:10:56,422:INFO:Pruning layer: layer2.1.conv1.weight
2024-05-30 09:15:45,429:INFO:layer2.1.conv1.weight: Pruned 0 filters at 0%.
2024-05-30 09:15:45,429:INFO:Pruning layer: layer2.1.conv2.weight
2024-05-30 09:20:35,382:INFO:layer2.1.conv2.weight: Pruned 6 filters at 5%.
2024-05-30 09:20:35,383:INFO:Pruning layer: layer3.0.conv1.weight
2024-05-30 09:30:11,311:INFO:layer3.0.conv1.weight: Pruned 12 filters at 5%.
2024-05-30 09:30:11,312:INFO:Pruning layer: layer3.0.conv2.weight
2024-05-30 09:39:47,169:INFO:layer3.0.conv2.weight: Pruned 12 filters at 5%.
2024-05-30 09:39:47,169:INFO:Pruning layer: layer3.1.conv1.weight
2024-05-30 09:49:23,931:INFO:layer3.1.conv1.weight: Pruned 98 filters at 40%.
2024-05-30 09:49:23,931:INFO:Pruning layer: layer3.1.conv2.weight
2024-05-30 09:58:59,189:INFO:layer3.1.conv2.weight: Pruned 76 filters at 30%.
2024-05-30 09:58:59,189:INFO:Pruning layer: layer4.0.conv1.weight
2024-05-30 10:18:10,554:INFO:layer4.0.conv1.weight: Pruned 153 filters at 30%.
2024-05-30 10:18:10,554:INFO:Pruning layer: layer4.0.conv2.weight
2024-05-30 10:37:18,852:INFO:layer4.0.conv2.weight: Pruned 69 filters at 40%.
2024-05-30 10:37:18,853:INFO:Pruning layer: layer4.1.conv1.weight
2024-05-30 10:56:27,994:INFO:layer4.1.conv1.weight: Pruned 256 filters at 70%.
2024-05-30 10:56:27,994:INFO:Pruning layer: layer4.1.conv2.weight
2024-05-30 11:15:38,449:INFO:layer4.1.conv2.weight: Pruned 358 filters at 70%.
2024-05-30 11:15:38,449:INFO:Total pruned filters in the model: 1040
2024-05-30 11:15:40,686:INFO:Epochs: 100
2024-05-30 11:15:40,686:INFO:Target layers: ['conv1.weight', 'layer1.0.conv1.weight', 'layer1.0.conv2.weight', 'layer1.1.conv1.weight', 'layer1.1.conv2.weight', 'layer2.0.conv1.weight', 'layer2.0.conv2.weight', 'layer2.1.conv1.weight', 'layer2.1.conv2.weight', 'layer3.0.conv1.weight', 'layer3.0.conv2.weight', 'layer3.1.conv1.weight', 'layer3.1.conv2.weight', 'layer4.0.conv1.weight', 'layer4.0.conv2.weight', 'layer4.1.conv1.weight', 'layer4.1.conv2.weight']
2024-05-30 11:15:40,686:INFO:Original Model: Accuracy: 76.03, Inference Time: 2.9501166343688965, FLOPs: 3316369473536.0, Non-zero Params: 11689512
2024-05-30 11:15:40,686:INFO:Pruned Model (prune_model_filters_by_importance): Accuracy: 71.59, Inference Time: 2.2051286697387695, FLOPs: 2363057586176.0, Non-zero Params: 7740456
2024-05-30 11:18:31,505:INFO:Fine-tuned Pruned Model (prune_model_filters_by_importance): Accuracy: 76.42, Inference Time: 1.7762887477874756, FLOPs: 2363057586176.0, Non-zero Params: 7740456
