2024-05-28 16:47:03,122:INFO:Logging setup complete - logging to: ResNet18/log\2024-05-28-16-47-03.log
2024-05-28 16:47:03,122:INFO:Starting the program
2024-05-28 16:47:03,122:INFO:Arguments: Namespace(dataset='MNIST', algorithm='prim', pruning_method='prune_model_filters_by_importance', target_layers=['conv1.weight', 'layer1.0.conv1.weight', 'layer1.0.conv2.weight', 'layer1.1.conv1.weight', 'layer1.1.conv2.weight', 'layer2.0.conv1.weight', 'layer2.0.conv2.weight', 'layer2.1.conv1.weight', 'layer2.1.conv2.weight', 'layer3.0.conv1.weight', 'layer3.0.conv2.weight', 'layer3.1.conv1.weight', 'layer3.1.conv2.weight', 'layer4.0.conv1.weight', 'layer4.0.conv2.weight', 'layer4.1.conv1.weight', 'layer4.1.conv2.weight'], epochs=100)
2024-05-28 16:47:03,156:INFO:Dataset: MNIST
2024-05-28 16:47:08,109:INFO:Pruning layer: conv1.weight
2024-05-28 16:49:33,960:INFO:conv1.weight: Pruned 0 filters at 0%.
2024-05-28 16:49:33,960:INFO:Pruning layer: layer1.0.conv1.weight
2024-05-28 16:51:58,639:INFO:layer1.0.conv1.weight: Pruned 0 filters at 0%.
2024-05-28 16:51:58,639:INFO:Pruning layer: layer1.0.conv2.weight
2024-05-28 16:54:23,755:INFO:layer1.0.conv2.weight: Pruned 0 filters at 0%.
2024-05-28 16:54:23,755:INFO:Pruning layer: layer1.1.conv1.weight
2024-05-28 16:56:48,487:INFO:layer1.1.conv1.weight: Pruned 0 filters at 0%.
2024-05-28 16:56:48,487:INFO:Pruning layer: layer1.1.conv2.weight
2024-05-28 16:59:13,372:INFO:layer1.1.conv2.weight: Pruned 0 filters at 0%.
2024-05-28 16:59:13,372:INFO:Pruning layer: layer2.0.conv1.weight
2024-05-28 17:04:01,601:INFO:layer2.0.conv1.weight: Pruned 0 filters at 0%.
2024-05-28 17:04:01,601:INFO:Pruning layer: layer2.0.conv2.weight
2024-05-28 17:08:50,145:INFO:layer2.0.conv2.weight: Pruned 0 filters at 0%.
2024-05-28 17:08:50,145:INFO:Pruning layer: layer2.1.conv1.weight
2024-05-28 17:13:38,038:INFO:layer2.1.conv1.weight: Pruned 0 filters at 0%.
2024-05-28 17:13:38,038:INFO:Pruning layer: layer2.1.conv2.weight
2024-05-28 17:18:27,205:INFO:layer2.1.conv2.weight: Pruned 6 filters at 5%.
2024-05-28 17:18:27,205:INFO:Pruning layer: layer3.0.conv1.weight
2024-05-28 17:27:59,835:INFO:layer3.0.conv1.weight: Pruned 12 filters at 5%.
2024-05-28 17:27:59,835:INFO:Pruning layer: layer3.0.conv2.weight
2024-05-28 17:37:33,380:INFO:layer3.0.conv2.weight: Pruned 12 filters at 5%.
2024-05-28 17:37:33,380:INFO:Pruning layer: layer3.1.conv1.weight
2024-05-28 17:47:07,288:INFO:layer3.1.conv1.weight: Pruned 102 filters at 40%.
2024-05-28 17:47:07,288:INFO:Pruning layer: layer3.1.conv2.weight
2024-05-28 17:56:39,675:INFO:layer3.1.conv2.weight: Pruned 75 filters at 30%.
2024-05-28 17:56:39,675:INFO:Pruning layer: layer4.0.conv1.weight
2024-05-28 18:15:44,239:INFO:layer4.0.conv1.weight: Pruned 153 filters at 30%.
2024-05-28 18:15:44,239:INFO:Pruning layer: layer4.0.conv2.weight
2024-05-28 18:34:45,702:INFO:layer4.0.conv2.weight: Pruned 204 filters at 40%.
2024-05-28 18:34:45,702:INFO:Pruning layer: layer4.1.conv1.weight
2024-05-28 18:53:44,718:INFO:layer4.1.conv1.weight: Pruned 358 filters at 70%.
2024-05-28 18:53:44,718:INFO:Pruning layer: layer4.1.conv2.weight
2024-05-28 19:12:45,671:INFO:layer4.1.conv2.weight: Pruned 358 filters at 70%.
2024-05-28 19:12:45,671:INFO:Total pruned filters in the model: 1280
2024-05-28 19:12:48,029:INFO:Epochs: 100
2024-05-28 19:12:48,029:INFO:Target layers: ['conv1.weight', 'layer1.0.conv1.weight', 'layer1.0.conv2.weight', 'layer1.1.conv1.weight', 'layer1.1.conv2.weight', 'layer2.0.conv1.weight', 'layer2.0.conv2.weight', 'layer2.1.conv1.weight', 'layer2.1.conv2.weight', 'layer3.0.conv1.weight', 'layer3.0.conv2.weight', 'layer3.1.conv1.weight', 'layer3.1.conv2.weight', 'layer4.0.conv1.weight', 'layer4.0.conv2.weight', 'layer4.1.conv1.weight', 'layer4.1.conv2.weight']
2024-05-28 19:12:48,030:INFO:Original Model: Accuracy: 99.51, Inference Time: 3.66120982170105, FLOPs: 3316369473536.0, Non-zero Params: 11689512
2024-05-28 19:12:48,030:INFO:Pruned Model (prune_model_filters_by_importance): Accuracy: 99.06, Inference Time: 2.324814558029175, FLOPs: 2113349697536.0, Non-zero Params: 6641448
2024-05-28 19:16:15,813:INFO:Fine-tuned Pruned Model (prune_model_filters_by_importance): Accuracy: 99.46, Inference Time: 2.3573014736175537, FLOPs: 2332600616192.0, Non-zero Params: 7276315
