2024-05-30 00:33:49,776:INFO:Logging setup complete - logging to: ResNet18/log\2024-05-30-00-33-49.log
2024-05-30 00:33:49,776:INFO:Starting the program
2024-05-30 00:33:49,777:INFO:Arguments: Namespace(dataset='MNIST', algorithm='kruskal', pruning_method='prune_model_filters_by_importance', target_layers=['conv1.weight', 'layer1.0.conv1.weight', 'layer1.0.conv2.weight', 'layer1.1.conv1.weight', 'layer1.1.conv2.weight', 'layer2.0.conv1.weight', 'layer2.0.conv2.weight', 'layer2.1.conv1.weight', 'layer2.1.conv2.weight', 'layer3.0.conv1.weight', 'layer3.0.conv2.weight', 'layer3.1.conv1.weight', 'layer3.1.conv2.weight', 'layer4.0.conv1.weight', 'layer4.0.conv2.weight', 'layer4.1.conv1.weight', 'layer4.1.conv2.weight'], epochs=100)
2024-05-30 00:33:49,810:INFO:Dataset: MNIST
2024-05-30 00:33:54,441:INFO:Pruning layer: conv1.weight
2024-05-30 00:36:42,074:INFO:conv1.weight: Pruned 0 filters at 0%.
2024-05-30 00:36:42,074:INFO:Pruning layer: layer1.0.conv1.weight
2024-05-30 00:39:29,928:INFO:layer1.0.conv1.weight: Pruned 0 filters at 0%.
2024-05-30 00:39:29,928:INFO:Pruning layer: layer1.0.conv2.weight
2024-05-30 00:42:18,055:INFO:layer1.0.conv2.weight: Pruned 0 filters at 0%.
2024-05-30 00:42:18,055:INFO:Pruning layer: layer1.1.conv1.weight
2024-05-30 00:45:04,318:INFO:layer1.1.conv1.weight: Pruned 0 filters at 0%.
2024-05-30 00:45:04,319:INFO:Pruning layer: layer1.1.conv2.weight
2024-05-30 00:47:52,541:INFO:layer1.1.conv2.weight: Pruned 0 filters at 0%.
2024-05-30 00:47:52,542:INFO:Pruning layer: layer2.0.conv1.weight
2024-05-30 00:53:25,825:INFO:layer2.0.conv1.weight: Pruned 0 filters at 0%.
2024-05-30 00:53:25,825:INFO:Pruning layer: layer2.0.conv2.weight
2024-05-30 00:58:57,964:INFO:layer2.0.conv2.weight: Pruned 0 filters at 0%.
2024-05-30 00:58:57,964:INFO:Pruning layer: layer2.1.conv1.weight
2024-05-30 01:04:30,511:INFO:layer2.1.conv1.weight: Pruned 0 filters at 0%.
2024-05-30 01:04:30,511:INFO:Pruning layer: layer2.1.conv2.weight
2024-05-30 01:10:03,680:INFO:layer2.1.conv2.weight: Pruned 6 filters at 5%.
2024-05-30 01:10:03,680:INFO:Pruning layer: layer3.0.conv1.weight
2024-05-30 01:21:07,356:INFO:layer3.0.conv1.weight: Pruned 12 filters at 5%.
2024-05-30 01:21:07,356:INFO:Pruning layer: layer3.0.conv2.weight
2024-05-30 01:32:10,925:INFO:layer3.0.conv2.weight: Pruned 12 filters at 5%.
2024-05-30 01:32:10,925:INFO:Pruning layer: layer3.1.conv1.weight
2024-05-30 01:43:16,715:INFO:layer3.1.conv1.weight: Pruned 102 filters at 40%.
2024-05-30 01:43:16,715:INFO:Pruning layer: layer3.1.conv2.weight
2024-05-30 01:54:18,791:INFO:layer3.1.conv2.weight: Pruned 75 filters at 30%.
2024-05-30 01:54:18,791:INFO:Pruning layer: layer4.0.conv1.weight
2024-05-30 02:16:24,891:INFO:layer4.0.conv1.weight: Pruned 153 filters at 30%.
2024-05-30 02:16:24,891:INFO:Pruning layer: layer4.0.conv2.weight
2024-05-30 02:38:29,759:INFO:layer4.0.conv2.weight: Pruned 204 filters at 40%.
2024-05-30 02:38:29,759:INFO:Pruning layer: layer4.1.conv1.weight
2024-05-30 03:00:36,284:INFO:layer4.1.conv1.weight: Pruned 358 filters at 70%.
2024-05-30 03:00:36,284:INFO:Pruning layer: layer4.1.conv2.weight
2024-05-30 03:22:44,023:INFO:layer4.1.conv2.weight: Pruned 358 filters at 70%.
2024-05-30 03:22:44,023:INFO:Total pruned filters in the model: 1280
2024-05-30 03:22:46,640:INFO:Epochs: 100
2024-05-30 03:22:46,640:INFO:Target layers: ['conv1.weight', 'layer1.0.conv1.weight', 'layer1.0.conv2.weight', 'layer1.1.conv1.weight', 'layer1.1.conv2.weight', 'layer2.0.conv1.weight', 'layer2.0.conv2.weight', 'layer2.1.conv1.weight', 'layer2.1.conv2.weight', 'layer3.0.conv1.weight', 'layer3.0.conv2.weight', 'layer3.1.conv1.weight', 'layer3.1.conv2.weight', 'layer4.0.conv1.weight', 'layer4.0.conv2.weight', 'layer4.1.conv1.weight', 'layer4.1.conv2.weight']
2024-05-30 03:22:46,641:INFO:Original Model: Accuracy: 99.51, Inference Time: 3.389096975326538, FLOPs: 3316369473536.0, Non-zero Params: 11689512
2024-05-30 03:22:46,642:INFO:Pruned Model (prune_model_filters_by_importance): Accuracy: 99.06, Inference Time: 2.5950582027435303, FLOPs: 2113349697536.0, Non-zero Params: 6641448
2024-05-30 03:26:31,994:INFO:Fine-tuned Pruned Model (prune_model_filters_by_importance): Accuracy: 99.48, Inference Time: 2.1797585487365723, FLOPs: 2113349697536.0, Non-zero Params: 6641448
