2024-05-28 21:22:42,797:INFO:Logging setup complete - logging to: ResNet18/log\2024-05-28-21-22-42.log
2024-05-28 21:22:42,797:INFO:Starting the program
2024-05-28 21:22:42,797:INFO:Arguments: Namespace(dataset='CIFAR10', algorithm='prim', pruning_method='prune_model_filters_by_importance', target_layers=['conv1.weight', 'layer1.0.conv1.weight', 'layer1.0.conv2.weight', 'layer1.1.conv1.weight', 'layer1.1.conv2.weight', 'layer2.0.conv1.weight', 'layer2.0.conv2.weight', 'layer2.1.conv1.weight', 'layer2.1.conv2.weight', 'layer3.0.conv1.weight', 'layer3.0.conv2.weight', 'layer3.1.conv1.weight', 'layer3.1.conv2.weight', 'layer4.0.conv1.weight', 'layer4.0.conv2.weight', 'layer4.1.conv1.weight', 'layer4.1.conv2.weight'], epochs=100)
2024-05-28 21:22:43,983:INFO:Dataset: CIFAR10
2024-05-28 21:22:48,473:INFO:Pruning layer: conv1.weight
2024-05-28 21:24:50,570:INFO:conv1.weight: Pruned 0 filters at 0%.
2024-05-28 21:24:50,570:INFO:Pruning layer: layer1.0.conv1.weight
2024-05-28 21:26:53,572:INFO:layer1.0.conv1.weight: Pruned 0 filters at 0%.
2024-05-28 21:26:53,572:INFO:Pruning layer: layer1.0.conv2.weight
2024-05-28 21:28:56,065:INFO:layer1.0.conv2.weight: Pruned 0 filters at 0%.
2024-05-28 21:28:56,065:INFO:Pruning layer: layer1.1.conv1.weight
2024-05-28 21:30:59,017:INFO:layer1.1.conv1.weight: Pruned 0 filters at 0%.
2024-05-28 21:30:59,017:INFO:Pruning layer: layer1.1.conv2.weight
2024-05-28 21:33:01,378:INFO:layer1.1.conv2.weight: Pruned 0 filters at 0%.
2024-05-28 21:33:01,378:INFO:Pruning layer: layer2.0.conv1.weight
2024-05-28 21:37:04,095:INFO:layer2.0.conv1.weight: Pruned 0 filters at 0%.
2024-05-28 21:37:04,095:INFO:Pruning layer: layer2.0.conv2.weight
2024-05-28 21:41:07,483:INFO:layer2.0.conv2.weight: Pruned 0 filters at 0%.
2024-05-28 21:41:07,483:INFO:Pruning layer: layer2.1.conv1.weight
2024-05-28 21:45:10,363:INFO:layer2.1.conv1.weight: Pruned 0 filters at 0%.
2024-05-28 21:45:10,363:INFO:Pruning layer: layer2.1.conv2.weight
2024-05-28 21:49:12,580:INFO:layer2.1.conv2.weight: Pruned 6 filters at 5%.
2024-05-28 21:49:12,580:INFO:Pruning layer: layer3.0.conv1.weight
2024-05-28 21:57:16,375:INFO:layer3.0.conv1.weight: Pruned 12 filters at 5%.
2024-05-28 21:57:16,375:INFO:Pruning layer: layer3.0.conv2.weight
2024-05-28 22:05:19,856:INFO:layer3.0.conv2.weight: Pruned 12 filters at 5%.
2024-05-28 22:05:19,857:INFO:Pruning layer: layer3.1.conv1.weight
2024-05-28 22:13:24,788:INFO:layer3.1.conv1.weight: Pruned 98 filters at 40%.
2024-05-28 22:13:24,788:INFO:Pruning layer: layer3.1.conv2.weight
2024-05-28 22:21:28,019:INFO:layer3.1.conv2.weight: Pruned 76 filters at 30%.
2024-05-28 22:21:28,019:INFO:Pruning layer: layer4.0.conv1.weight
2024-05-28 22:37:30,953:INFO:layer4.0.conv1.weight: Pruned 153 filters at 30%.
2024-05-28 22:37:30,953:INFO:Pruning layer: layer4.0.conv2.weight
2024-05-28 22:53:33,611:INFO:layer4.0.conv2.weight: Pruned 69 filters at 40%.
2024-05-28 22:53:33,611:INFO:Pruning layer: layer4.1.conv1.weight
2024-05-28 23:09:38,365:INFO:layer4.1.conv1.weight: Pruned 256 filters at 70%.
2024-05-28 23:09:38,365:INFO:Pruning layer: layer4.1.conv2.weight
2024-05-28 23:25:41,915:INFO:layer4.1.conv2.weight: Pruned 358 filters at 70%.
2024-05-28 23:25:41,915:INFO:Total pruned filters in the model: 1040
2024-05-28 23:25:43,852:INFO:Epochs: 100
2024-05-28 23:25:43,852:INFO:Target layers: ['conv1.weight', 'layer1.0.conv1.weight', 'layer1.0.conv2.weight', 'layer1.1.conv1.weight', 'layer1.1.conv2.weight', 'layer2.0.conv1.weight', 'layer2.0.conv2.weight', 'layer2.1.conv1.weight', 'layer2.1.conv2.weight', 'layer3.0.conv1.weight', 'layer3.0.conv2.weight', 'layer3.1.conv1.weight', 'layer3.1.conv2.weight', 'layer4.0.conv1.weight', 'layer4.0.conv2.weight', 'layer4.1.conv1.weight', 'layer4.1.conv2.weight']
2024-05-28 23:25:43,852:INFO:Original Model: Accuracy: 76.03, Inference Time: 3.211510181427002, FLOPs: 3316369473536.0, Non-zero Params: 11689512
2024-05-28 23:25:43,853:INFO:Pruned Model (prune_model_filters_by_importance): Accuracy: 71.59, Inference Time: 1.90590500831604, FLOPs: 2363057586176.0, Non-zero Params: 7740456
2024-05-28 23:28:22,020:INFO:Fine-tuned Pruned Model (prune_model_filters_by_importance): Accuracy: 76.51, Inference Time: 1.9059338569641113, FLOPs: 2477696700416.0, Non-zero Params: 8057756
