2024-05-16 20:09:34,076:INFO:Logging setup complete - logging to: ResNet18/log/final/2024-05-16-20-09-34.log
2024-05-16 20:09:34,077:INFO:Starting the program
2024-05-16 20:09:34,077:INFO:Arguments: Namespace(algorithm='prim', dataset='CIFAR10', epochs=100, pruning_method='prune_model_weights', target_layers=['conv1.weight', 'layer1.0.conv1.weight', 'layer1.0.conv2.weight', 'layer1.1.conv1.weight', 'layer1.1.conv2.weight', 'layer2.0.conv1.weight', 'layer2.0.conv2.weight', 'layer2.1.conv1.weight', 'layer2.1.conv2.weight', 'layer3.0.conv1.weight', 'layer3.0.conv2.weight', 'layer3.1.conv1.weight', 'layer3.1.conv2.weight', 'layer4.0.conv1.weight', 'layer4.0.conv2.weight', 'layer4.1.conv1.weight', 'layer4.1.conv2.weight'])
2024-05-16 20:09:35,633:INFO:Dataset: CIFAR10
2024-05-16 20:09:39,277:INFO:Pruning layer: conv1.weight
2024-05-16 20:09:39,277:INFO:Pruning layer: conv1.weight at 0%
2024-05-16 20:09:39,378:INFO:conv1.weight: Pruned 0 / 9408 weights (0%)
2024-05-16 20:09:39,378:INFO:Pruning layer: layer1.0.conv1.weight
2024-05-16 20:09:39,378:INFO:Pruning layer: layer1.0.conv1.weight at 0%
2024-05-16 20:09:39,730:INFO:layer1.0.conv1.weight: Pruned 0 / 36864 weights (0%)
2024-05-16 20:09:39,731:INFO:Pruning layer: layer1.0.conv2.weight
2024-05-16 20:09:39,731:INFO:Pruning layer: layer1.0.conv2.weight at 0%
2024-05-16 20:09:40,081:INFO:layer1.0.conv2.weight: Pruned 0 / 36864 weights (0%)
2024-05-16 20:09:40,081:INFO:Pruning layer: layer1.1.conv1.weight
2024-05-16 20:09:40,081:INFO:Pruning layer: layer1.1.conv1.weight at 0%
2024-05-16 20:09:40,429:INFO:layer1.1.conv1.weight: Pruned 0 / 36864 weights (0%)
2024-05-16 20:09:40,431:INFO:Pruning layer: layer1.1.conv2.weight
2024-05-16 20:09:40,431:INFO:Pruning layer: layer1.1.conv2.weight at 0%
2024-05-16 20:09:40,778:INFO:layer1.1.conv2.weight: Pruned 0 / 36864 weights (0%)
2024-05-16 20:09:40,778:INFO:Pruning layer: layer2.0.conv1.weight
2024-05-16 20:09:40,778:INFO:Pruning layer: layer2.0.conv1.weight at 0%
2024-05-16 20:09:41,480:INFO:layer2.0.conv1.weight: Pruned 0 / 73728 weights (0%)
2024-05-16 20:09:41,480:INFO:Pruning layer: layer2.0.conv2.weight
2024-05-16 20:09:41,480:INFO:Pruning layer: layer2.0.conv2.weight at 0%
2024-05-16 20:09:42,938:INFO:layer2.0.conv2.weight: Pruned 0 / 147456 weights (0%)
2024-05-16 20:09:42,939:INFO:Pruning layer: layer2.1.conv1.weight
2024-05-16 20:09:42,939:INFO:Pruning layer: layer2.1.conv1.weight at 0%
2024-05-16 20:09:44,401:INFO:layer2.1.conv1.weight: Pruned 0 / 147456 weights (0%)
2024-05-16 20:09:44,402:INFO:Pruning layer: layer2.1.conv2.weight
2024-05-16 20:09:44,402:INFO:Pruning layer: layer2.1.conv2.weight at 5%
2024-05-16 20:09:45,883:INFO:layer2.1.conv2.weight: Pruned 7296 / 147456 weights (5%)
2024-05-16 20:09:45,883:INFO:Pruning layer: layer3.0.conv1.weight
2024-05-16 20:09:45,884:INFO:Pruning layer: layer3.0.conv1.weight at 5%
2024-05-16 20:09:48,857:INFO:layer3.0.conv1.weight: Pruned 14592 / 294912 weights (5%)
2024-05-16 20:09:48,859:INFO:Pruning layer: layer3.0.conv2.weight
2024-05-16 20:09:48,859:INFO:Pruning layer: layer3.0.conv2.weight at 5%
2024-05-16 20:09:54,975:INFO:layer3.0.conv2.weight: Pruned 29440 / 589824 weights (5%)
2024-05-16 20:09:54,976:INFO:Pruning layer: layer3.1.conv1.weight
2024-05-16 20:09:54,976:INFO:Pruning layer: layer3.1.conv1.weight at 40%
2024-05-16 20:10:00,781:INFO:layer3.1.conv1.weight: Pruned 235776 / 589824 weights (40%)
2024-05-16 20:10:00,782:INFO:Pruning layer: layer3.1.conv2.weight
2024-05-16 20:10:00,782:INFO:Pruning layer: layer3.1.conv2.weight at 30%
2024-05-16 20:10:06,569:INFO:layer3.1.conv2.weight: Pruned 176896 / 589824 weights (30%)
2024-05-16 20:10:06,571:INFO:Pruning layer: layer4.0.conv1.weight
2024-05-16 20:10:06,571:INFO:Pruning layer: layer4.0.conv1.weight at 30%
2024-05-16 20:10:18,168:INFO:layer4.0.conv1.weight: Pruned 353792 / 1179648 weights (30%)
2024-05-16 20:10:18,170:INFO:Pruning layer: layer4.0.conv2.weight
2024-05-16 20:10:18,170:INFO:Pruning layer: layer4.0.conv2.weight at 40%
2024-05-16 20:10:41,962:INFO:layer4.0.conv2.weight: Pruned 943616 / 2359296 weights (40%)
2024-05-16 20:10:41,964:INFO:Pruning layer: layer4.1.conv1.weight
2024-05-16 20:10:41,964:INFO:Pruning layer: layer4.1.conv1.weight at 70%
2024-05-16 20:11:05,920:INFO:layer4.1.conv1.weight: Pruned 1571544 / 2359296 weights (70%)
2024-05-16 20:11:05,922:INFO:Pruning layer: layer4.1.conv2.weight
2024-05-16 20:11:05,922:INFO:Pruning layer: layer4.1.conv2.weight at 70%
2024-05-16 20:11:29,788:INFO:layer4.1.conv2.weight: Pruned 1571284 / 2359296 weights (70%)
2024-05-16 20:11:29,790:INFO:Total pruned weights: 4904236
2024-05-16 20:11:32,314:INFO:Epochs: 100
2024-05-16 20:11:32,314:INFO:Target layers: ['conv1.weight', 'layer1.0.conv1.weight', 'layer1.0.conv2.weight', 'layer1.1.conv1.weight', 'layer1.1.conv2.weight', 'layer2.0.conv1.weight', 'layer2.0.conv2.weight', 'layer2.1.conv1.weight', 'layer2.1.conv2.weight', 'layer3.0.conv1.weight', 'layer3.0.conv2.weight', 'layer3.1.conv1.weight', 'layer3.1.conv2.weight', 'layer4.0.conv1.weight', 'layer4.0.conv2.weight', 'layer4.1.conv1.weight', 'layer4.1.conv2.weight']
2024-05-16 20:11:32,314:INFO:Original Model: Accuracy: 76.08, Inference Time: 2.8493778705596924, FLOPs: 3316369473536.0, Non-zero Params: 11689512
2024-05-16 20:11:32,314:INFO:Pruned Model (prune_model_weights): Accuracy: 73.42, Inference Time: 2.479090929031372, FLOPs: 2144206432256.0, Non-zero Params: 6785276
2024-05-16 20:37:00,402:INFO:Fine-tuned Pruned Model (prune_model_weights): Accuracy: 76.44, Inference Time: 3.0444178581237793, FLOPs: 2144206432256.0, Non-zero Params: 6785276
