2024-05-18 08:32:21,320:INFO:Logging setup complete - logging to: ResNet18/log/final/2024-05-18-08-32-21.log
2024-05-18 08:32:21,320:INFO:Starting the program
2024-05-18 08:32:21,320:INFO:Arguments: Namespace(algorithm='prim', dataset='MNIST', epochs=100, pruning_method='prune_model_filters_by_importance', target_layers=['conv1.weight', 'layer1.0.conv1.weight', 'layer1.0.conv2.weight', 'layer1.1.conv1.weight', 'layer1.1.conv2.weight', 'layer2.0.conv1.weight', 'layer2.0.conv2.weight', 'layer2.1.conv1.weight', 'layer2.1.conv2.weight', 'layer3.0.conv1.weight', 'layer3.0.conv2.weight', 'layer3.1.conv1.weight', 'layer3.1.conv2.weight', 'layer4.0.conv1.weight', 'layer4.0.conv2.weight', 'layer4.1.conv1.weight', 'layer4.1.conv2.weight'])
2024-05-18 08:32:21,346:INFO:Dataset: MNIST
2024-05-18 08:32:26,069:INFO:Pruning layer: conv1.weight
2024-05-18 08:36:14,440:INFO:conv1.weight: Pruned 0 filters at 0%.
2024-05-18 08:36:14,441:INFO:Pruning layer: layer1.0.conv1.weight
2024-05-18 08:40:04,926:INFO:layer1.0.conv1.weight: Pruned 0 filters at 0%.
2024-05-18 08:40:04,926:INFO:Pruning layer: layer1.0.conv2.weight
2024-05-18 08:43:54,939:INFO:layer1.0.conv2.weight: Pruned 0 filters at 0%.
2024-05-18 08:43:54,939:INFO:Pruning layer: layer1.1.conv1.weight
2024-05-18 08:47:45,176:INFO:layer1.1.conv1.weight: Pruned 0 filters at 0%.
2024-05-18 08:47:45,177:INFO:Pruning layer: layer1.1.conv2.weight
2024-05-18 08:51:34,836:INFO:layer1.1.conv2.weight: Pruned 0 filters at 0%.
2024-05-18 08:51:34,836:INFO:Pruning layer: layer2.0.conv1.weight
2024-05-18 08:59:13,087:INFO:layer2.0.conv1.weight: Pruned 0 filters at 0%.
2024-05-18 08:59:13,087:INFO:Pruning layer: layer2.0.conv2.weight
2024-05-18 09:06:49,611:INFO:layer2.0.conv2.weight: Pruned 0 filters at 0%.
2024-05-18 09:06:49,611:INFO:Pruning layer: layer2.1.conv1.weight
2024-05-18 09:14:26,920:INFO:layer2.1.conv1.weight: Pruned 0 filters at 0%.
2024-05-18 09:14:26,921:INFO:Pruning layer: layer2.1.conv2.weight
2024-05-18 09:22:04,002:INFO:layer2.1.conv2.weight: Pruned 6 filters at 5%.
2024-05-18 09:22:04,002:INFO:Pruning layer: layer3.0.conv1.weight
2024-05-18 09:37:13,242:INFO:layer3.0.conv1.weight: Pruned 12 filters at 5%.
2024-05-18 09:37:13,242:INFO:Pruning layer: layer3.0.conv2.weight
2024-05-18 09:52:21,345:INFO:layer3.0.conv2.weight: Pruned 12 filters at 5%.
2024-05-18 09:52:21,345:INFO:Pruning layer: layer3.1.conv1.weight
2024-05-18 10:07:32,712:INFO:layer3.1.conv1.weight: Pruned 102 filters at 40%.
2024-05-18 10:07:32,713:INFO:Pruning layer: layer3.1.conv2.weight
2024-05-18 10:22:40,386:INFO:layer3.1.conv2.weight: Pruned 76 filters at 30%.
2024-05-18 10:22:40,387:INFO:Pruning layer: layer4.0.conv1.weight
2024-05-18 10:52:50,680:INFO:layer4.0.conv1.weight: Pruned 153 filters at 30%.
2024-05-18 10:52:50,680:INFO:Pruning layer: layer4.0.conv2.weight
2024-05-18 11:23:03,258:INFO:layer4.0.conv2.weight: Pruned 105 filters at 40%.
2024-05-18 11:23:03,258:INFO:Pruning layer: layer4.1.conv1.weight
2024-05-18 11:53:11,873:INFO:layer4.1.conv1.weight: Pruned 290 filters at 70%.
2024-05-18 11:53:11,874:INFO:Pruning layer: layer4.1.conv2.weight
2024-05-18 12:23:44,305:INFO:layer4.1.conv2.weight: Pruned 358 filters at 70%.
2024-05-18 12:23:44,306:INFO:Total pruned filters in the model: 1114
2024-05-18 12:23:48,334:INFO:Epochs: 100
2024-05-18 12:23:48,334:INFO:Target layers: ['conv1.weight', 'layer1.0.conv1.weight', 'layer1.0.conv2.weight', 'layer1.1.conv1.weight', 'layer1.1.conv2.weight', 'layer2.0.conv1.weight', 'layer2.0.conv2.weight', 'layer2.1.conv1.weight', 'layer2.1.conv2.weight', 'layer3.0.conv1.weight', 'layer3.0.conv2.weight', 'layer3.1.conv1.weight', 'layer3.1.conv2.weight', 'layer4.0.conv1.weight', 'layer4.0.conv2.weight', 'layer4.1.conv1.weight', 'layer4.1.conv2.weight']
2024-05-18 12:23:48,334:INFO:Original Model: Accuracy: 99.33, Inference Time: 3.8275351524353027, FLOPs: 3316369473536.0, Non-zero Params: 11689512
2024-05-18 12:23:48,334:INFO:Pruned Model (prune_model_filters_by_importance): Accuracy: 98.12, Inference Time: 3.894414186477661, FLOPs: 2286064320512.0, Non-zero Params: 7408680
2024-05-18 12:59:30,594:INFO:Fine-tuned Pruned Model (prune_model_filters_by_importance): Accuracy: 99.51, Inference Time: 2.6236228942871094, FLOPs: 2286064320512.0, Non-zero Params: 7408680
