2024-05-18 00:01:36,338:INFO:Logging setup complete - logging to: ResNet18/log/final/2024-05-18-00-01-36.log
2024-05-18 00:01:36,338:INFO:Starting the program
2024-05-18 00:01:36,338:INFO:Arguments: Namespace(algorithm='prim', dataset='CIFAR10', epochs=100, pruning_method='prune_model_filters_by_importance', target_layers=['conv1.weight', 'layer1.0.conv1.weight', 'layer1.0.conv2.weight', 'layer1.1.conv1.weight', 'layer1.1.conv2.weight', 'layer2.0.conv1.weight', 'layer2.0.conv2.weight', 'layer2.1.conv1.weight', 'layer2.1.conv2.weight', 'layer3.0.conv1.weight', 'layer3.0.conv2.weight', 'layer3.1.conv1.weight', 'layer3.1.conv2.weight', 'layer4.0.conv1.weight', 'layer4.0.conv2.weight', 'layer4.1.conv1.weight', 'layer4.1.conv2.weight'])
2024-05-18 00:01:38,131:INFO:Dataset: CIFAR10
2024-05-18 00:01:43,902:INFO:Pruning layer: conv1.weight
2024-05-18 00:06:13,745:INFO:conv1.weight: Pruned 0 filters at 0%.
2024-05-18 00:06:13,746:INFO:Pruning layer: layer1.0.conv1.weight
2024-05-18 00:10:08,680:INFO:layer1.0.conv1.weight: Pruned 0 filters at 0%.
2024-05-18 00:10:08,680:INFO:Pruning layer: layer1.0.conv2.weight
2024-05-18 00:13:34,129:INFO:layer1.0.conv2.weight: Pruned 0 filters at 0%.
2024-05-18 00:13:34,129:INFO:Pruning layer: layer1.1.conv1.weight
2024-05-18 00:16:59,500:INFO:layer1.1.conv1.weight: Pruned 3 filters at 5%.
2024-05-18 00:16:59,501:INFO:Pruning layer: layer1.1.conv2.weight
2024-05-18 00:20:23,177:INFO:layer1.1.conv2.weight: Pruned 3 filters at 5%.
2024-05-18 00:20:23,178:INFO:Pruning layer: layer2.0.conv1.weight
2024-05-18 00:27:08,233:INFO:layer2.0.conv1.weight: Pruned 0 filters at 0%.
2024-05-18 00:27:08,233:INFO:Pruning layer: layer2.0.conv2.weight
2024-05-18 00:33:52,561:INFO:layer2.0.conv2.weight: Pruned 0 filters at 0%.
2024-05-18 00:33:52,562:INFO:Pruning layer: layer2.1.conv1.weight
2024-05-18 00:40:37,549:INFO:layer2.1.conv1.weight: Pruned 12 filters at 10%.
2024-05-18 00:40:37,550:INFO:Pruning layer: layer2.1.conv2.weight
2024-05-18 00:47:22,515:INFO:layer2.1.conv2.weight: Pruned 12 filters at 10%.
2024-05-18 00:47:22,516:INFO:Pruning layer: layer3.0.conv1.weight
2024-05-18 01:00:51,033:INFO:layer3.0.conv1.weight: Pruned 0 filters at 0%.
2024-05-18 01:00:51,033:INFO:Pruning layer: layer3.0.conv2.weight
2024-05-18 01:14:22,982:INFO:layer3.0.conv2.weight: Pruned 0 filters at 0%.
2024-05-18 01:14:22,983:INFO:Pruning layer: layer3.1.conv1.weight
2024-05-18 01:27:47,250:INFO:layer3.1.conv1.weight: Pruned 115 filters at 45%.
2024-05-18 01:27:47,252:INFO:Pruning layer: layer3.1.conv2.weight
2024-05-18 01:41:13,885:INFO:layer3.1.conv2.weight: Pruned 89 filters at 45%.
2024-05-18 01:41:13,887:INFO:Pruning layer: layer4.0.conv1.weight
2024-05-18 02:08:05,086:INFO:layer4.0.conv1.weight: Pruned 0 filters at 0%.
2024-05-18 02:08:05,087:INFO:Pruning layer: layer4.0.conv2.weight
2024-05-18 02:34:57,935:INFO:layer4.0.conv2.weight: Pruned 0 filters at 0%.
2024-05-18 02:34:57,935:INFO:Pruning layer: layer4.1.conv1.weight
2024-05-18 03:01:52,185:INFO:layer4.1.conv1.weight: Pruned 229 filters at 80%.
2024-05-18 03:01:52,186:INFO:Pruning layer: layer4.1.conv2.weight
2024-05-18 03:28:19,699:INFO:layer4.1.conv2.weight: Pruned 102 filters at 80%.
2024-05-18 03:28:19,700:INFO:Total pruned filters in the model: 565
2024-05-18 03:28:22,859:INFO:Epochs: 100
2024-05-18 03:28:22,859:INFO:Target layers: ['conv1.weight', 'layer1.0.conv1.weight', 'layer1.0.conv2.weight', 'layer1.1.conv1.weight', 'layer1.1.conv2.weight', 'layer2.0.conv1.weight', 'layer2.0.conv2.weight', 'layer2.1.conv1.weight', 'layer2.1.conv2.weight', 'layer3.0.conv1.weight', 'layer3.0.conv2.weight', 'layer3.1.conv1.weight', 'layer3.1.conv2.weight', 'layer4.0.conv1.weight', 'layer4.0.conv2.weight', 'layer4.1.conv1.weight', 'layer4.1.conv2.weight']
2024-05-18 03:28:22,859:INFO:Original Model: Accuracy: 76.08, Inference Time: 4.3873610496521, FLOPs: 3316369473536.0, Non-zero Params: 11689512
2024-05-18 03:28:22,859:INFO:Pruned Model (prune_model_filters_by_importance): Accuracy: 73.35, Inference Time: 3.0826828479766846, FLOPs: 2728515485696.0, Non-zero Params: 9663144
2024-05-18 03:54:12,344:INFO:Fine-tuned Pruned Model (prune_model_filters_by_importance): Accuracy: 76.43, Inference Time: 3.8912739753723145, FLOPs: 2728515485696.0, Non-zero Params: 9663144
