2024-05-18 14:32:14,738:INFO:Logging setup complete - logging to: ResNet18/log/final/2024-05-18-14-32-14.log
2024-05-18 14:32:14,738:INFO:Starting the program
2024-05-18 14:32:14,738:INFO:Arguments: Namespace(algorithm='kruskal', dataset='CIFAR10', epochs=100, pruning_method='prune_model_weights', target_layers=['conv1.weight', 'layer1.0.conv1.weight', 'layer1.0.conv2.weight', 'layer1.1.conv1.weight', 'layer1.1.conv2.weight', 'layer2.0.conv1.weight', 'layer2.0.conv2.weight', 'layer2.1.conv1.weight', 'layer2.1.conv2.weight', 'layer3.0.conv1.weight', 'layer3.0.conv2.weight', 'layer3.1.conv1.weight', 'layer3.1.conv2.weight', 'layer4.0.conv1.weight', 'layer4.0.conv2.weight', 'layer4.1.conv1.weight', 'layer4.1.conv2.weight'])
2024-05-18 14:32:16,320:INFO:Dataset: CIFAR10
2024-05-18 14:32:20,895:INFO:Pruning layer: conv1.weight
2024-05-18 14:32:20,895:INFO:Pruning layer: conv1.weight at 0%
2024-05-18 14:32:21,003:INFO:conv1.weight: Pruned 0 / 9408 weights (0%)
2024-05-18 14:32:21,003:INFO:Pruning layer: layer1.0.conv1.weight
2024-05-18 14:32:21,003:INFO:Pruning layer: layer1.0.conv1.weight at 0%
2024-05-18 14:32:21,414:INFO:layer1.0.conv1.weight: Pruned 0 / 36864 weights (0%)
2024-05-18 14:32:21,415:INFO:Pruning layer: layer1.0.conv2.weight
2024-05-18 14:32:21,415:INFO:Pruning layer: layer1.0.conv2.weight at 0%
2024-05-18 14:32:21,853:INFO:layer1.0.conv2.weight: Pruned 0 / 36864 weights (0%)
2024-05-18 14:32:21,854:INFO:Pruning layer: layer1.1.conv1.weight
2024-05-18 14:32:21,854:INFO:Pruning layer: layer1.1.conv1.weight at 0%
2024-05-18 14:32:22,348:INFO:layer1.1.conv1.weight: Pruned 0 / 36864 weights (0%)
2024-05-18 14:32:22,349:INFO:Pruning layer: layer1.1.conv2.weight
2024-05-18 14:32:22,349:INFO:Pruning layer: layer1.1.conv2.weight at 0%
2024-05-18 14:32:22,762:INFO:layer1.1.conv2.weight: Pruned 0 / 36864 weights (0%)
2024-05-18 14:32:22,763:INFO:Pruning layer: layer2.0.conv1.weight
2024-05-18 14:32:22,763:INFO:Pruning layer: layer2.0.conv1.weight at 0%
2024-05-18 14:32:23,569:INFO:layer2.0.conv1.weight: Pruned 0 / 73728 weights (0%)
2024-05-18 14:32:23,570:INFO:Pruning layer: layer2.0.conv2.weight
2024-05-18 14:32:23,570:INFO:Pruning layer: layer2.0.conv2.weight at 0%
2024-05-18 14:32:25,353:INFO:layer2.0.conv2.weight: Pruned 0 / 147456 weights (0%)
2024-05-18 14:32:25,354:INFO:Pruning layer: layer2.1.conv1.weight
2024-05-18 14:32:25,354:INFO:Pruning layer: layer2.1.conv1.weight at 0%
2024-05-18 14:32:27,133:INFO:layer2.1.conv1.weight: Pruned 0 / 147456 weights (0%)
2024-05-18 14:32:27,134:INFO:Pruning layer: layer2.1.conv2.weight
2024-05-18 14:32:27,134:INFO:Pruning layer: layer2.1.conv2.weight at 0%
2024-05-18 14:32:29,037:INFO:layer2.1.conv2.weight: Pruned 0 / 147456 weights (0%)
2024-05-18 14:32:29,038:INFO:Pruning layer: layer3.0.conv1.weight
2024-05-18 14:32:29,038:INFO:Pruning layer: layer3.0.conv1.weight at 5%
2024-05-18 14:32:32,625:INFO:layer3.0.conv1.weight: Pruned 14592 / 294912 weights (5%)
2024-05-18 14:32:32,627:INFO:Pruning layer: layer3.0.conv2.weight
2024-05-18 14:32:32,627:INFO:Pruning layer: layer3.0.conv2.weight at 5%
2024-05-18 14:32:40,089:INFO:layer3.0.conv2.weight: Pruned 29440 / 589824 weights (5%)
2024-05-18 14:32:40,091:INFO:Pruning layer: layer3.1.conv1.weight
2024-05-18 14:32:40,091:INFO:Pruning layer: layer3.1.conv1.weight at 30%
2024-05-18 14:32:47,885:INFO:layer3.1.conv1.weight: Pruned 176896 / 589824 weights (30%)
2024-05-18 14:32:47,886:INFO:Pruning layer: layer3.1.conv2.weight
2024-05-18 14:32:47,886:INFO:Pruning layer: layer3.1.conv2.weight at 40%
2024-05-18 14:32:55,666:INFO:layer3.1.conv2.weight: Pruned 235776 / 589824 weights (40%)
2024-05-18 14:32:55,668:INFO:Pruning layer: layer4.0.conv1.weight
2024-05-18 14:32:55,668:INFO:Pruning layer: layer4.0.conv1.weight at 40%
2024-05-18 14:33:11,671:INFO:layer4.0.conv1.weight: Pruned 471552 / 1179648 weights (40%)
2024-05-18 14:33:11,674:INFO:Pruning layer: layer4.0.conv2.weight
2024-05-18 14:33:11,674:INFO:Pruning layer: layer4.0.conv2.weight at 40%
2024-05-18 14:33:45,973:INFO:layer4.0.conv2.weight: Pruned 943616 / 2359296 weights (40%)
2024-05-18 14:33:45,980:INFO:Pruning layer: layer4.1.conv1.weight
2024-05-18 14:33:45,980:INFO:Pruning layer: layer4.1.conv1.weight at 70%
2024-05-18 14:34:18,973:INFO:layer4.1.conv1.weight: Pruned 1571544 / 2359296 weights (70%)
2024-05-18 14:34:18,975:INFO:Pruning layer: layer4.1.conv2.weight
2024-05-18 14:34:18,975:INFO:Pruning layer: layer4.1.conv2.weight at 70%
2024-05-18 14:34:50,573:INFO:layer4.1.conv2.weight: Pruned 1571284 / 2359296 weights (70%)
2024-05-18 14:34:50,576:INFO:Total pruned weights: 5014700
2024-05-18 14:34:53,771:INFO:Epochs: 100
2024-05-18 14:34:53,771:INFO:Target layers: ['conv1.weight', 'layer1.0.conv1.weight', 'layer1.0.conv2.weight', 'layer1.1.conv1.weight', 'layer1.1.conv2.weight', 'layer2.0.conv1.weight', 'layer2.0.conv2.weight', 'layer2.1.conv1.weight', 'layer2.1.conv2.weight', 'layer3.0.conv1.weight', 'layer3.0.conv2.weight', 'layer3.1.conv1.weight', 'layer3.1.conv2.weight', 'layer4.0.conv1.weight', 'layer4.0.conv2.weight', 'layer4.1.conv1.weight', 'layer4.1.conv2.weight']
2024-05-18 14:34:53,772:INFO:Original Model: Accuracy: 76.08, Inference Time: 3.634672164916992, FLOPs: 3316369473536.0, Non-zero Params: 11689512
2024-05-18 14:34:53,772:INFO:Pruned Model (prune_model_weights): Accuracy: 73.12, Inference Time: 3.136337995529175, FLOPs: 2137501313024.0, Non-zero Params: 6674812
2024-05-18 15:03:22,390:INFO:Fine-tuned Pruned Model (prune_model_weights): Accuracy: 76.38, Inference Time: 3.130141019821167, FLOPs: 2137501313024.0, Non-zero Params: 6674812
