2024-05-16 22:02:18,563:INFO:Logging setup complete - logging to: ResNet18/log/final/2024-05-16-22-02-18.log
2024-05-16 22:02:18,564:INFO:Starting the program
2024-05-16 22:02:18,564:INFO:Arguments: Namespace(algorithm='prim', dataset='MNIST', epochs=100, pruning_method='prune_model_weights', target_layers=['conv1.weight', 'layer1.0.conv1.weight', 'layer1.0.conv2.weight', 'layer1.1.conv1.weight', 'layer1.1.conv2.weight', 'layer2.0.conv1.weight', 'layer2.0.conv2.weight', 'layer2.1.conv1.weight', 'layer2.1.conv2.weight', 'layer3.0.conv1.weight', 'layer3.0.conv2.weight', 'layer3.1.conv1.weight', 'layer3.1.conv2.weight', 'layer4.0.conv1.weight', 'layer4.0.conv2.weight', 'layer4.1.conv1.weight', 'layer4.1.conv2.weight'])
2024-05-16 22:02:18,596:INFO:Dataset: MNIST
2024-05-16 22:02:23,886:INFO:Pruning layer: conv1.weight
2024-05-16 22:02:23,886:INFO:Pruning layer: conv1.weight at 0%
2024-05-16 22:02:23,988:INFO:conv1.weight: Pruned 0 / 9408 weights (0%)
2024-05-16 22:02:23,988:INFO:Pruning layer: layer1.0.conv1.weight
2024-05-16 22:02:23,988:INFO:Pruning layer: layer1.0.conv1.weight at 0%
2024-05-16 22:02:24,373:INFO:layer1.0.conv1.weight: Pruned 0 / 36864 weights (0%)
2024-05-16 22:02:24,373:INFO:Pruning layer: layer1.0.conv2.weight
2024-05-16 22:02:24,373:INFO:Pruning layer: layer1.0.conv2.weight at 0%
2024-05-16 22:02:24,763:INFO:layer1.0.conv2.weight: Pruned 0 / 36864 weights (0%)
2024-05-16 22:02:24,763:INFO:Pruning layer: layer1.1.conv1.weight
2024-05-16 22:02:24,763:INFO:Pruning layer: layer1.1.conv1.weight at 0%
2024-05-16 22:02:25,193:INFO:layer1.1.conv1.weight: Pruned 0 / 36864 weights (0%)
2024-05-16 22:02:25,194:INFO:Pruning layer: layer1.1.conv2.weight
2024-05-16 22:02:25,194:INFO:Pruning layer: layer1.1.conv2.weight at 0%
2024-05-16 22:02:25,607:INFO:layer1.1.conv2.weight: Pruned 0 / 36864 weights (0%)
2024-05-16 22:02:25,607:INFO:Pruning layer: layer2.0.conv1.weight
2024-05-16 22:02:25,607:INFO:Pruning layer: layer2.0.conv1.weight at 0%
2024-05-16 22:02:26,488:INFO:layer2.0.conv1.weight: Pruned 0 / 73728 weights (0%)
2024-05-16 22:02:26,489:INFO:Pruning layer: layer2.0.conv2.weight
2024-05-16 22:02:26,489:INFO:Pruning layer: layer2.0.conv2.weight at 0%
2024-05-16 22:02:28,175:INFO:layer2.0.conv2.weight: Pruned 0 / 147456 weights (0%)
2024-05-16 22:02:28,176:INFO:Pruning layer: layer2.1.conv1.weight
2024-05-16 22:02:28,176:INFO:Pruning layer: layer2.1.conv1.weight at 0%
2024-05-16 22:02:29,934:INFO:layer2.1.conv1.weight: Pruned 0 / 147456 weights (0%)
2024-05-16 22:02:29,935:INFO:Pruning layer: layer2.1.conv2.weight
2024-05-16 22:02:29,935:INFO:Pruning layer: layer2.1.conv2.weight at 5%
2024-05-16 22:02:31,709:INFO:layer2.1.conv2.weight: Pruned 7296 / 147456 weights (5%)
2024-05-16 22:02:31,711:INFO:Pruning layer: layer3.0.conv1.weight
2024-05-16 22:02:31,711:INFO:Pruning layer: layer3.0.conv1.weight at 5%
2024-05-16 22:02:35,284:INFO:layer3.0.conv1.weight: Pruned 14592 / 294912 weights (5%)
2024-05-16 22:02:35,286:INFO:Pruning layer: layer3.0.conv2.weight
2024-05-16 22:02:35,286:INFO:Pruning layer: layer3.0.conv2.weight at 5%
2024-05-16 22:02:42,336:INFO:layer3.0.conv2.weight: Pruned 29440 / 589824 weights (5%)
2024-05-16 22:02:42,338:INFO:Pruning layer: layer3.1.conv1.weight
2024-05-16 22:02:42,338:INFO:Pruning layer: layer3.1.conv1.weight at 40%
2024-05-16 22:02:49,704:INFO:layer3.1.conv1.weight: Pruned 235776 / 589824 weights (40%)
2024-05-16 22:02:49,711:INFO:Pruning layer: layer3.1.conv2.weight
2024-05-16 22:02:49,711:INFO:Pruning layer: layer3.1.conv2.weight at 30%
2024-05-16 22:02:56,864:INFO:layer3.1.conv2.weight: Pruned 176896 / 589824 weights (30%)
2024-05-16 22:02:56,865:INFO:Pruning layer: layer4.0.conv1.weight
2024-05-16 22:02:56,865:INFO:Pruning layer: layer4.0.conv1.weight at 30%
2024-05-16 22:03:11,520:INFO:layer4.0.conv1.weight: Pruned 353792 / 1179648 weights (30%)
2024-05-16 22:03:11,525:INFO:Pruning layer: layer4.0.conv2.weight
2024-05-16 22:03:11,525:INFO:Pruning layer: layer4.0.conv2.weight at 40%
2024-05-16 22:03:41,792:INFO:layer4.0.conv2.weight: Pruned 943616 / 2359296 weights (40%)
2024-05-16 22:03:41,801:INFO:Pruning layer: layer4.1.conv1.weight
2024-05-16 22:03:41,802:INFO:Pruning layer: layer4.1.conv1.weight at 70%
2024-05-16 22:04:14,766:INFO:layer4.1.conv1.weight: Pruned 1568095 / 2359296 weights (70%)
2024-05-16 22:04:14,781:INFO:Pruning layer: layer4.1.conv2.weight
2024-05-16 22:04:14,781:INFO:Pruning layer: layer4.1.conv2.weight at 70%
2024-05-16 22:04:49,912:INFO:layer4.1.conv2.weight: Pruned 1567768 / 2359296 weights (70%)
2024-05-16 22:04:49,918:INFO:Total pruned weights: 4897271
2024-05-16 22:04:54,177:INFO:Epochs: 100
2024-05-16 22:04:54,177:INFO:Target layers: ['conv1.weight', 'layer1.0.conv1.weight', 'layer1.0.conv2.weight', 'layer1.1.conv1.weight', 'layer1.1.conv2.weight', 'layer2.0.conv1.weight', 'layer2.0.conv2.weight', 'layer2.1.conv1.weight', 'layer2.1.conv2.weight', 'layer3.0.conv1.weight', 'layer3.0.conv2.weight', 'layer3.1.conv1.weight', 'layer3.1.conv2.weight', 'layer4.0.conv1.weight', 'layer4.0.conv2.weight', 'layer4.1.conv1.weight', 'layer4.1.conv2.weight']
2024-05-16 22:04:54,177:INFO:Original Model: Accuracy: 99.33, Inference Time: 4.348022937774658, FLOPs: 3316369473536.0, Non-zero Params: 11689512
2024-05-16 22:04:54,177:INFO:Pruned Model (prune_model_weights): Accuracy: 99.14, Inference Time: 4.182927846908569, FLOPs: 2145779073536.0, Non-zero Params: 6792241
2024-05-16 22:43:13,884:INFO:Fine-tuned Pruned Model (prune_model_weights): Accuracy: 99.42, Inference Time: 2.589850902557373, FLOPs: 2145779073536.0, Non-zero Params: 6792241
