2024-05-06 21:01:15,328:INFO:Logging setup complete - logging to: ResNet18/log\2024-05-06-21-01-15.log
2024-05-06 21:01:15,329:INFO:Starting the program
2024-05-06 21:01:15,329:INFO:Arguments: Namespace(dataset='CIFAR10', algorithm='prim', pruning_method='prune_model_filters_by_importance', target_layers=['conv1.weight', 'layer1.0.conv1.weight', 'layer1.0.conv2.weight', 'layer1.1.conv1.weight', 'layer1.1.conv2.weight', 'layer2.0.conv1.weight', 'layer2.0.conv2.weight', 'layer2.1.conv1.weight', 'layer2.1.conv2.weight', 'layer3.0.conv1.weight', 'layer3.0.conv2.weight', 'layer3.1.conv1.weight', 'layer3.1.conv2.weight', 'layer4.0.conv1.weight', 'layer4.0.conv2.weight', 'layer4.1.conv1.weight', 'layer4.1.conv2.weight'], epochs=100)
2024-05-06 21:01:16,580:INFO:Dataset: CIFAR10
2024-05-06 21:01:21,254:INFO:Pruning layer: conv1.weight
2024-05-06 21:03:55,163:INFO:conv1.weight: Pruned 0 filters at 0%.
2024-05-06 21:03:55,163:INFO:Pruning layer: layer1.0.conv1.weight
2024-05-06 21:06:29,046:INFO:layer1.0.conv1.weight: Pruned 0 filters at 0%.
2024-05-06 21:06:29,046:INFO:Pruning layer: layer1.0.conv2.weight
2024-05-06 21:08:53,962:INFO:layer1.0.conv2.weight: Pruned 0 filters at 0%.
2024-05-06 21:08:53,962:INFO:Pruning layer: layer1.1.conv1.weight
2024-05-06 21:11:19,049:INFO:layer1.1.conv1.weight: Pruned 3 filters at 5%.
2024-05-06 21:11:19,049:INFO:Pruning layer: layer1.1.conv2.weight
2024-05-06 21:13:43,887:INFO:layer1.1.conv2.weight: Pruned 3 filters at 5%.
2024-05-06 21:13:43,887:INFO:Pruning layer: layer2.0.conv1.weight
2024-05-06 21:18:27,894:INFO:layer2.0.conv1.weight: Pruned 0 filters at 0%.
2024-05-06 21:18:27,894:INFO:Pruning layer: layer2.0.conv2.weight
2024-05-06 21:23:33,805:INFO:layer2.0.conv2.weight: Pruned 0 filters at 0%.
2024-05-06 21:23:33,805:INFO:Pruning layer: layer2.1.conv1.weight
2024-05-06 21:28:44,549:INFO:layer2.1.conv1.weight: Pruned 25 filters at 20%.
2024-05-06 21:28:44,549:INFO:Pruning layer: layer2.1.conv2.weight
2024-05-06 21:33:52,275:INFO:layer2.1.conv2.weight: Pruned 25 filters at 20%.
2024-05-06 21:33:52,275:INFO:Pruning layer: layer3.0.conv1.weight
2024-05-06 21:43:32,525:INFO:layer3.0.conv1.weight: Pruned 0 filters at 0%.
2024-05-06 21:43:32,526:INFO:Pruning layer: layer3.0.conv2.weight
2024-05-06 21:53:01,331:INFO:layer3.0.conv2.weight: Pruned 0 filters at 0%.
2024-05-06 21:53:01,331:INFO:Pruning layer: layer3.1.conv1.weight
2024-05-06 22:02:33,842:INFO:layer3.1.conv1.weight: Pruned 76 filters at 30%.
2024-05-06 22:02:33,842:INFO:Pruning layer: layer3.1.conv2.weight
2024-05-06 22:12:06,663:INFO:layer3.1.conv2.weight: Pruned 76 filters at 30%.
2024-05-06 22:12:06,663:INFO:Pruning layer: layer4.0.conv1.weight
2024-05-06 22:31:09,811:INFO:layer4.0.conv1.weight: Pruned 0 filters at 0%.
2024-05-06 22:31:09,812:INFO:Pruning layer: layer4.0.conv2.weight
2024-05-06 22:50:03,532:INFO:layer4.0.conv2.weight: Pruned 0 filters at 0%.
2024-05-06 22:50:03,532:INFO:Pruning layer: layer4.1.conv1.weight
2024-05-06 23:08:57,950:INFO:layer4.1.conv1.weight: Pruned 153 filters at 30%.
2024-05-06 23:08:57,950:INFO:Pruning layer: layer4.1.conv2.weight
2024-05-06 23:27:55,770:INFO:layer4.1.conv2.weight: Pruned 256 filters at 50%.
2024-05-06 23:27:55,770:INFO:Total pruned filters in the model: 617
2024-05-06 23:27:58,045:INFO:Epochs: 100
2024-05-06 23:27:58,045:INFO:Target layers: ['conv1.weight', 'layer1.0.conv1.weight', 'layer1.0.conv2.weight', 'layer1.1.conv1.weight', 'layer1.1.conv2.weight', 'layer2.0.conv1.weight', 'layer2.0.conv2.weight', 'layer2.1.conv1.weight', 'layer2.1.conv2.weight', 'layer3.0.conv1.weight', 'layer3.0.conv2.weight', 'layer3.1.conv1.weight', 'layer3.1.conv2.weight', 'layer4.0.conv1.weight', 'layer4.0.conv2.weight', 'layer4.1.conv1.weight', 'layer4.1.conv2.weight']
2024-05-06 23:27:58,046:INFO:Original Model: Accuracy: 76.08, Inference Time: 3.3291358947753906, FLOPs: 3316369473536.0, Non-zero Params: 11689512
2024-05-06 23:27:58,047:INFO:Pruned Model (prune_model_filters_by_importance): Accuracy: 71.02, Inference Time: 2.2201695442199707, FLOPs: 2674412109824.0, Non-zero Params: 9393576
