2024-05-06 18:31:53,650:INFO:Logging setup complete - logging to: ResNet18/log\2024-05-06-18-31-53.log
2024-05-06 18:31:53,650:INFO:Starting the program
2024-05-06 18:31:53,650:INFO:Arguments: Namespace(dataset='CIFAR10', algorithm='prim', pruning_method='prune_model_weights', target_layers=['conv1.weight', 'layer1.0.conv1.weight', 'layer1.0.conv2.weight', 'layer1.1.conv1.weight', 'layer1.1.conv2.weight', 'layer2.0.conv1.weight', 'layer2.0.conv2.weight', 'layer2.1.conv1.weight', 'layer2.1.conv2.weight', 'layer3.0.conv1.weight', 'layer3.0.conv2.weight', 'layer3.1.conv1.weight', 'layer3.1.conv2.weight', 'layer4.0.conv1.weight', 'layer4.0.conv2.weight', 'layer4.1.conv1.weight', 'layer4.1.conv2.weight'], epochs=100)
2024-05-06 18:31:54,811:INFO:Dataset: CIFAR10
2024-05-06 18:31:58,980:INFO:Pruning layer: conv1.weight
2024-05-06 18:31:58,980:INFO:Pruning layer: conv1.weight at 0%
2024-05-06 18:31:59,156:INFO:conv1.weight: Pruned 0 / 9408 weights (0%)
2024-05-06 18:31:59,157:INFO:Pruning layer: layer1.0.conv1.weight
2024-05-06 18:31:59,157:INFO:Pruning layer: layer1.0.conv1.weight at 0%
2024-05-06 18:31:59,663:INFO:layer1.0.conv1.weight: Pruned 0 / 36864 weights (0%)
2024-05-06 18:31:59,663:INFO:Pruning layer: layer1.0.conv2.weight
2024-05-06 18:31:59,663:INFO:Pruning layer: layer1.0.conv2.weight at 0%
2024-05-06 18:32:00,142:INFO:layer1.0.conv2.weight: Pruned 0 / 36864 weights (0%)
2024-05-06 18:32:00,143:INFO:Pruning layer: layer1.1.conv1.weight
2024-05-06 18:32:00,143:INFO:Pruning layer: layer1.1.conv1.weight at 5%
2024-05-06 18:32:00,628:INFO:layer1.1.conv1.weight: Pruned 1856 / 36864 weights (5%)
2024-05-06 18:32:00,629:INFO:Pruning layer: layer1.1.conv2.weight
2024-05-06 18:32:00,629:INFO:Pruning layer: layer1.1.conv2.weight at 5%
2024-05-06 18:32:01,125:INFO:layer1.1.conv2.weight: Pruned 1856 / 36864 weights (5%)
2024-05-06 18:32:01,125:INFO:Pruning layer: layer2.0.conv1.weight
2024-05-06 18:32:01,125:INFO:Pruning layer: layer2.0.conv1.weight at 0%
2024-05-06 18:32:02,110:INFO:layer2.0.conv1.weight: Pruned 0 / 73728 weights (0%)
2024-05-06 18:32:02,110:INFO:Pruning layer: layer2.0.conv2.weight
2024-05-06 18:32:02,110:INFO:Pruning layer: layer2.0.conv2.weight at 0%
2024-05-06 18:32:04,077:INFO:layer2.0.conv2.weight: Pruned 0 / 147456 weights (0%)
2024-05-06 18:32:04,078:INFO:Pruning layer: layer2.1.conv1.weight
2024-05-06 18:32:04,078:INFO:Pruning layer: layer2.1.conv1.weight at 20%
2024-05-06 18:32:06,032:INFO:layer2.1.conv1.weight: Pruned 29463 / 147456 weights (20%)
2024-05-06 18:32:06,032:INFO:Pruning layer: layer2.1.conv2.weight
2024-05-06 18:32:06,032:INFO:Pruning layer: layer2.1.conv2.weight at 20%
2024-05-06 18:32:07,949:INFO:layer2.1.conv2.weight: Pruned 29465 / 147456 weights (20%)
2024-05-06 18:32:07,950:INFO:Pruning layer: layer3.0.conv1.weight
2024-05-06 18:32:07,950:INFO:Pruning layer: layer3.0.conv1.weight at 0%
2024-05-06 18:32:11,801:INFO:layer3.0.conv1.weight: Pruned 0 / 294912 weights (0%)
2024-05-06 18:32:11,802:INFO:Pruning layer: layer3.0.conv2.weight
2024-05-06 18:32:11,802:INFO:Pruning layer: layer3.0.conv2.weight at 0%
2024-05-06 18:32:19,589:INFO:layer3.0.conv2.weight: Pruned 0 / 589824 weights (0%)
2024-05-06 18:32:19,591:INFO:Pruning layer: layer3.1.conv1.weight
2024-05-06 18:32:19,591:INFO:Pruning layer: layer3.1.conv1.weight at 30%
2024-05-06 18:32:27,400:INFO:layer3.1.conv1.weight: Pruned 176969 / 589824 weights (30%)
2024-05-06 18:32:27,402:INFO:Pruning layer: layer3.1.conv2.weight
2024-05-06 18:32:27,402:INFO:Pruning layer: layer3.1.conv2.weight at 30%
2024-05-06 18:32:35,188:INFO:layer3.1.conv2.weight: Pruned 176951 / 589824 weights (30%)
2024-05-06 18:32:35,190:INFO:Pruning layer: layer4.0.conv1.weight
2024-05-06 18:32:35,190:INFO:Pruning layer: layer4.0.conv1.weight at 0%
2024-05-06 18:32:51,652:INFO:layer4.0.conv1.weight: Pruned 0 / 1179648 weights (0%)
2024-05-06 18:32:51,654:INFO:Pruning layer: layer4.0.conv2.weight
2024-05-06 18:32:51,654:INFO:Pruning layer: layer4.0.conv2.weight at 0%
2024-05-06 18:33:23,484:INFO:layer4.0.conv2.weight: Pruned 0 / 2359296 weights (0%)
2024-05-06 18:33:23,488:INFO:Pruning layer: layer4.1.conv1.weight
2024-05-06 18:33:23,488:INFO:Pruning layer: layer4.1.conv1.weight at 30%
2024-05-06 18:33:55,522:INFO:layer4.1.conv1.weight: Pruned 707690 / 2359296 weights (30%)
2024-05-06 18:33:55,526:INFO:Pruning layer: layer4.1.conv2.weight
2024-05-06 18:33:55,526:INFO:Pruning layer: layer4.1.conv2.weight at 50%
2024-05-06 18:34:28,673:INFO:layer4.1.conv2.weight: Pruned 1179648 / 2359296 weights (50%)
2024-05-06 18:34:28,677:INFO:Total pruned weights: 2303898
2024-05-06 18:34:31,190:INFO:Epochs: 100
2024-05-06 18:34:31,190:INFO:Target layers: ['conv1.weight', 'layer1.0.conv1.weight', 'layer1.0.conv2.weight', 'layer1.1.conv1.weight', 'layer1.1.conv2.weight', 'layer2.0.conv1.weight', 'layer2.0.conv2.weight', 'layer2.1.conv1.weight', 'layer2.1.conv2.weight', 'layer3.0.conv1.weight', 'layer3.0.conv2.weight', 'layer3.1.conv1.weight', 'layer3.1.conv2.weight', 'layer4.0.conv1.weight', 'layer4.0.conv2.weight', 'layer4.1.conv1.weight', 'layer4.1.conv2.weight']
2024-05-06 18:34:31,191:INFO:Original Model: Accuracy: 76.08, Inference Time: 2.982534646987915, FLOPs: 3316369473536.0, Non-zero Params: 11689512
2024-05-06 18:34:31,191:INFO:Pruned Model (prune_model_weights): Accuracy: 72.21, Inference Time: 2.4923315048217773, FLOPs: 2670472039424.0, Non-zero Params: 9385614
