2024-05-06 18:34:33,838:INFO:Logging setup complete - logging to: ResNet18/log\2024-05-06-18-34-33.log
2024-05-06 18:34:33,838:INFO:Starting the program
2024-05-06 18:34:33,838:INFO:Arguments: Namespace(dataset='CIFAR10', algorithm='kruskal', pruning_method='prune_model_filters_by_importance', target_layers=['conv1.weight', 'layer1.0.conv1.weight', 'layer1.0.conv2.weight', 'layer1.1.conv1.weight', 'layer1.1.conv2.weight', 'layer2.0.conv1.weight', 'layer2.0.conv2.weight', 'layer2.1.conv1.weight', 'layer2.1.conv2.weight', 'layer3.0.conv1.weight', 'layer3.0.conv2.weight', 'layer3.1.conv1.weight', 'layer3.1.conv2.weight', 'layer4.0.conv1.weight', 'layer4.0.conv2.weight', 'layer4.1.conv1.weight', 'layer4.1.conv2.weight'], epochs=100)
2024-05-06 18:34:35,009:INFO:Dataset: CIFAR10
2024-05-06 18:34:39,199:INFO:Pruning layer: conv1.weight
2024-05-06 18:37:02,437:INFO:conv1.weight: Pruned 0 filters at 0%.
2024-05-06 18:37:02,437:INFO:Pruning layer: layer1.0.conv1.weight
2024-05-06 18:39:26,103:INFO:layer1.0.conv1.weight: Pruned 0 filters at 0%.
2024-05-06 18:39:26,103:INFO:Pruning layer: layer1.0.conv2.weight
2024-05-06 18:41:49,216:INFO:layer1.0.conv2.weight: Pruned 0 filters at 0%.
2024-05-06 18:41:49,216:INFO:Pruning layer: layer1.1.conv1.weight
2024-05-06 18:44:12,364:INFO:layer1.1.conv1.weight: Pruned 3 filters at 5%.
2024-05-06 18:44:12,365:INFO:Pruning layer: layer1.1.conv2.weight
2024-05-06 18:46:35,525:INFO:layer1.1.conv2.weight: Pruned 3 filters at 5%.
2024-05-06 18:46:35,525:INFO:Pruning layer: layer2.0.conv1.weight
2024-05-06 18:51:19,386:INFO:layer2.0.conv1.weight: Pruned 0 filters at 0%.
2024-05-06 18:51:19,386:INFO:Pruning layer: layer2.0.conv2.weight
2024-05-06 18:56:03,236:INFO:layer2.0.conv2.weight: Pruned 0 filters at 0%.
2024-05-06 18:56:03,236:INFO:Pruning layer: layer2.1.conv1.weight
2024-05-06 19:00:47,426:INFO:layer2.1.conv1.weight: Pruned 25 filters at 20%.
2024-05-06 19:00:47,426:INFO:Pruning layer: layer2.1.conv2.weight
2024-05-06 19:05:31,123:INFO:layer2.1.conv2.weight: Pruned 25 filters at 20%.
2024-05-06 19:05:31,123:INFO:Pruning layer: layer3.0.conv1.weight
2024-05-06 19:14:58,964:INFO:layer3.0.conv1.weight: Pruned 0 filters at 0%.
2024-05-06 19:14:58,964:INFO:Pruning layer: layer3.0.conv2.weight
2024-05-06 19:24:27,334:INFO:layer3.0.conv2.weight: Pruned 0 filters at 0%.
2024-05-06 19:24:27,334:INFO:Pruning layer: layer3.1.conv1.weight
2024-05-06 19:33:56,066:INFO:layer3.1.conv1.weight: Pruned 76 filters at 30%.
2024-05-06 19:33:56,066:INFO:Pruning layer: layer3.1.conv2.weight
2024-05-06 19:43:23,990:INFO:layer3.1.conv2.weight: Pruned 76 filters at 30%.
2024-05-06 19:43:23,990:INFO:Pruning layer: layer4.0.conv1.weight
2024-05-06 20:02:21,495:INFO:layer4.0.conv1.weight: Pruned 0 filters at 0%.
2024-05-06 20:02:21,495:INFO:Pruning layer: layer4.0.conv2.weight
2024-05-06 20:22:01,208:INFO:layer4.0.conv2.weight: Pruned 0 filters at 0%.
2024-05-06 20:22:01,209:INFO:Pruning layer: layer4.1.conv1.weight
2024-05-06 20:41:41,347:INFO:layer4.1.conv1.weight: Pruned 153 filters at 30%.
2024-05-06 20:41:41,348:INFO:Pruning layer: layer4.1.conv2.weight
2024-05-06 21:01:09,026:INFO:layer4.1.conv2.weight: Pruned 256 filters at 50%.
2024-05-06 21:01:09,026:INFO:Total pruned filters in the model: 617
2024-05-06 21:01:11,458:INFO:Epochs: 100
2024-05-06 21:01:11,458:INFO:Target layers: ['conv1.weight', 'layer1.0.conv1.weight', 'layer1.0.conv2.weight', 'layer1.1.conv1.weight', 'layer1.1.conv2.weight', 'layer2.0.conv1.weight', 'layer2.0.conv2.weight', 'layer2.1.conv1.weight', 'layer2.1.conv2.weight', 'layer3.0.conv1.weight', 'layer3.0.conv2.weight', 'layer3.1.conv1.weight', 'layer3.1.conv2.weight', 'layer4.0.conv1.weight', 'layer4.0.conv2.weight', 'layer4.1.conv1.weight', 'layer4.1.conv2.weight']
2024-05-06 21:01:11,458:INFO:Original Model: Accuracy: 76.08, Inference Time: 2.960109233856201, FLOPs: 3316369473536.0, Non-zero Params: 11689512
2024-05-06 21:01:11,459:INFO:Pruned Model (prune_model_filters_by_importance): Accuracy: 71.02, Inference Time: 2.404541015625, FLOPs: 2674412109824.0, Non-zero Params: 9393576
