2024-05-03 00:30:40,266:INFO:Logging setup complete - logging to: ResNet18/log\2024-05-03-00-30-40.log
2024-05-03 00:30:40,266:INFO:Starting the program
2024-05-03 00:30:40,266:INFO:Arguments: Namespace(dataset='CIFAR10', algorithm='kruskal', pruning_method='prune_model_filters_by_importance', target_layers=['conv1.weight', 'layer1.0.conv1.weight', 'layer1.0.conv2.weight', 'layer1.1.conv1.weight', 'layer1.1.conv2.weight', 'layer2.0.conv1.weight', 'layer2.0.conv2.weight', 'layer2.s1.conv1.weight', 'layer2.1.conv2.weight', 'layer3.0.conv1.weight', 'layer3.0.conv2.weight', 'layer3.1.conv1.weight', 'layer3.1.conv2.weight', 'layer4.0.conv1.weight', 'layer4.0.conv2.weight', 'layer4.1.conv1.weight', 'layer4.1.conv2.weight'], epochs=100)
2024-05-03 00:30:41,399:INFO:Dataset: CIFAR10
2024-05-03 00:30:45,444:INFO:Pruning layer: conv1.weight
2024-05-03 00:33:08,445:INFO:conv1.weight: Pruned 0 filters at 0%.
2024-05-03 00:33:08,445:INFO:Pruning layer: layer1.0.conv1.weight
2024-05-03 00:35:32,330:INFO:layer1.0.conv1.weight: Pruned 3 filters at 5%.
2024-05-03 00:35:32,331:INFO:Pruning layer: layer1.0.conv2.weight
2024-05-03 00:37:56,746:INFO:layer1.0.conv2.weight: Pruned 3 filters at 5%.
2024-05-03 00:37:56,746:INFO:Pruning layer: layer1.1.conv1.weight
2024-05-03 00:40:20,851:INFO:layer1.1.conv1.weight: Pruned 3 filters at 5%.
2024-05-03 00:40:20,851:INFO:Pruning layer: layer1.1.conv2.weight
2024-05-03 00:42:45,181:INFO:layer1.1.conv2.weight: Pruned 3 filters at 5%.
2024-05-03 00:42:45,181:INFO:Pruning layer: layer2.0.conv1.weight
2024-05-03 00:47:31,498:INFO:layer2.0.conv1.weight: Pruned 6 filters at 5%.
2024-05-03 00:47:31,498:INFO:Pruning layer: layer2.0.conv2.weight
2024-05-03 00:52:18,029:INFO:layer2.0.conv2.weight: Pruned 6 filters at 5%.
2024-05-03 00:52:18,029:INFO:Pruning layer: layer2.1.conv2.weight
2024-05-03 00:57:04,047:INFO:layer2.1.conv2.weight: Pruned 12 filters at 10%.
2024-05-03 00:57:04,047:INFO:Pruning layer: layer3.0.conv1.weight
2024-05-03 01:06:34,291:INFO:layer3.0.conv1.weight: Pruned 12 filters at 5%.
2024-05-03 01:06:34,291:INFO:Pruning layer: layer3.0.conv2.weight
2024-05-03 01:16:08,873:INFO:layer3.0.conv2.weight: Pruned 25 filters at 10%.
2024-05-03 01:16:08,873:INFO:Pruning layer: layer3.1.conv1.weight
2024-05-03 01:25:38,307:INFO:layer3.1.conv1.weight: Pruned 76 filters at 30%.
2024-05-03 01:25:38,307:INFO:Pruning layer: layer3.1.conv2.weight
2024-05-03 01:35:07,165:INFO:layer3.1.conv2.weight: Pruned 76 filters at 30%.
2024-05-03 01:35:07,165:INFO:Pruning layer: layer4.0.conv1.weight
2024-05-03 01:54:11,553:INFO:layer4.0.conv1.weight: Pruned 51 filters at 10%.
2024-05-03 01:54:11,553:INFO:Pruning layer: layer4.0.conv2.weight
2024-05-03 02:13:16,969:INFO:layer4.0.conv2.weight: Pruned 51 filters at 10%.
2024-05-03 02:13:16,969:INFO:Pruning layer: layer4.1.conv1.weight
2024-05-03 02:32:24,512:INFO:layer4.1.conv1.weight: Pruned 153 filters at 30%.
2024-05-03 02:32:24,512:INFO:Pruning layer: layer4.1.conv2.weight
2024-05-03 02:51:26,498:INFO:layer4.1.conv2.weight: Pruned 256 filters at 50%.
2024-05-03 02:51:26,498:INFO:Total pruned filters in the model: 736
2024-05-03 02:51:28,765:INFO:Epochs: 100
2024-05-03 02:51:28,765:INFO:Target layers: ['conv1.weight', 'layer1.0.conv1.weight', 'layer1.0.conv2.weight', 'layer1.1.conv1.weight', 'layer1.1.conv2.weight', 'layer2.0.conv1.weight', 'layer2.0.conv2.weight', 'layer2.s1.conv1.weight', 'layer2.1.conv2.weight', 'layer3.0.conv1.weight', 'layer3.0.conv2.weight', 'layer3.1.conv1.weight', 'layer3.1.conv2.weight', 'layer4.0.conv1.weight', 'layer4.0.conv2.weight', 'layer4.1.conv1.weight', 'layer4.1.conv2.weight']
2024-05-03 02:51:28,765:INFO:Original Model: Accuracy: 76.08, Inference Time: 2.910229444503784, FLOPs: 3316369473536.0, Non-zero Params: 11689512
2024-05-03 02:51:28,766:INFO:Pruned Model (prune_model_filters_by_importance): Accuracy: 70.31, Inference Time: 2.2449986934661865, FLOPs: 2604441878528.0, Non-zero Params: 8999592
